2026-03-31 15:32:08,223 | INFO | Iniciando pipeline ARMAS-GADSO
2026-03-31 15:32:08,223 | INFO | Modo: scheduled
2026-03-31 15:32:08,223 | INFO | Excel: C:\Users\fserrano\Desktop\ARMAS-GADSO-1.0\logs\.tmp_multihilo_flow_20260331_153207\worker_2_batch_1_idxs_1.xlsx
2026-03-31 15:32:15,717 | INFO | [INFO] INICIANDO SCRIPT SEL - Login Automtico
2026-03-31 15:32:15,717 | INFO | [INFO] PERSISTENT_SESSION activado - navegador se reutilizará entre grupos sin cerrarse
2026-03-31 15:32:16,692 | INFO |    -> Registros con estado 'PENDIENTE': 1
2026-03-31 15:32:16,692 | INFO |    -> Validando fecha de hoy: 31/03/2026
2026-03-31 15:32:16,695 | INFO |    -> Registros despus de filtrar por fecha: 1 (filtrados: 0)
2026-03-31 15:32:16,702 | INFO |  Registros pendientes a procesar: 1
2026-03-31 15:32:16,702 | INFO |  Procesando grupo RUC JV - Registros: 1
2026-03-31 15:32:16,702 | INFO | [INFO] Intento login 1/12 para grupo JV
2026-03-31 15:32:16,702 | INFO | [TILE] Args launch: --window-size=754,468 --window-position=776,6
2026-03-31 15:32:16,702 | INFO | [TILE] Lanzando Chromium con args: ['--disable-infobars', '--window-size=754,468', '--window-position=776,6']
2026-03-31 15:32:18,093 | INFO | [TILE] Geometría aplicada -> xy=(776,6) wh=(754,468) screen_cfg=1536x960 screen_js=1536x912 outer_js=755x470
2026-03-31 15:32:19,738 | INFO | [INFO] Pagina de login cargada
2026-03-31 15:32:20,246 | INFO | [INFO] Pestana 'Autenticacion Tradicional' seleccionada
2026-03-31 15:32:23,197 | INFO | [INFO] Credenciales llenadas para grupo JV
2026-03-31 15:32:23,198 | INFO |  OCR CAPTCHA: intento interno 1/6...
2026-03-31 15:32:25,330 | ERROR | C:\Users\fserrano\AppData\Local\Programs\Python\Python314\Lib\site-packages\torch\utils\data\dataloader.py:775: UserWarning: 'pin_memory' argument is set as true but no accelerator is found, then device pinned memory won't be used.
2026-03-31 15:32:25,330 | ERROR |   super().__init__(loader)
2026-03-31 15:32:25,473 | INFO |    -> Variante 0, Decoder greedy: 'YKRY6' -> 'YKRY6' [INFO]
2026-03-31 15:32:25,473 | INFO |    [INFO] CAPTCHA vlido -> Usando: YKRY6
2026-03-31 15:32:25,624 | INFO | [INFO] Captcha automatico: YKRY6
2026-03-31 15:32:25,625 | INFO | [INFO] Enviando login...
2026-03-31 15:32:26,331 | INFO | [INFO] Validando acceso...
2026-03-31 15:32:26,332 | INFO | [INFO] Acceso exitoso
2026-03-31 15:32:26,332 | INFO |    -> URL: https://www.sucamec.gob.pe/sel/faces/aplicacion/inicio.xhtml
2026-03-31 15:32:26,332 | INFO | [INFO] Tiempo total login: 9.63 segundos
2026-03-31 15:32:26,333 | INFO |  Navegando a CITAS -> RESERVAS DE CITAS...
2026-03-31 15:32:27,922 | INFO |     Fast-path: click directo en 'RESERVAS DE CITAS' (menuid 7_1)
2026-03-31 15:32:29,669 | INFO | [INFO] Navegacin completada (fast-path) -> URL: https://www.sucamec.gob.pe/sel/faces/aplicacion/inicio.xhtml
2026-03-31 15:32:29,670 | INFO |  Seleccionando tipo de cita: EXAMEN PARA POLGONO DE TIRO...
2026-03-31 15:32:30,106 | INFO |    [INFO] Tipo de cita seleccionado: EXAMEN PARA POLÍGONO DE TIRO
2026-03-31 15:32:30,107 | INFO | -------- JV Registro iterativo 1 (idx=1, prioridad=normal, intento=1, en_cola=0) --------
2026-03-31 15:32:31,083 | INFO |  Registro tomado desde Excel:
2026-03-31 15:32:31,083 | INFO |    - id_registro: 2
2026-03-31 15:32:31,083 | INFO |    - sede: LIMA
2026-03-31 15:32:31,083 | INFO |    - fecha: 21/04/2026
2026-03-31 15:32:31,083 | INFO |    - hora_rango: 09:00-09:15
2026-03-31 15:32:31,083 | INFO |    - tipo_operacion: RENOVACIÓN DE LICENCIA DE USO
2026-03-31 15:32:31,083 | INFO |    - doc_vigilante: 08666044
2026-03-31 15:32:31,083 | INFO |    - nro_solicitud: 043503-0
2026-03-31 15:32:31,083 | INFO |    - fecha_programacion: 31/03/2026
2026-03-31 15:32:31,083 | INFO |    - ruc: J & V Resguardo
2026-03-31 15:32:31,083 | INFO |    - prioridad: normal
2026-03-31 15:32:31,083 | INFO |    - siguiente_mismo_doc_y_fecha: False
2026-03-31 15:32:31,083 | INFO |    - indices_relacionados_excel: [1]
2026-03-31 15:32:31,083 | INFO |    - tipo_arma (excel): ['CORTA']
2026-03-31 15:32:31,083 | INFO |    - arma (excel): ['PISTOLA']
2026-03-31 15:32:31,083 | INFO |    - objetivos_arma: [('CORTA', 'PISTOLA')]
2026-03-31 15:32:31,083 | INFO |    - tipos_arma_objetivo: ['CORTA']
2026-03-31 15:32:31,092 | INFO |  Completando Reserva de Cupos con datos del Excel...
2026-03-31 15:32:31,516 | INFO |    [INFO] Sede seleccionado: LIMA
2026-03-31 15:32:32,667 | INFO |    [INFO] Fecha seleccionado: 21/04/2026
2026-03-31 15:32:32,668 | INFO |  Buscando hora en tabla: 09:00-09:15
2026-03-31 15:32:33,362 | INFO |    [INFO] Estrategia horario: vecinos inmediatos (inferior/superior)
2026-03-31 15:32:33,764 | INFO |    [INFO] Click en botn 'Limpiar' por falta de cupos
2026-03-31 15:32:34,699 | INFO | [WARNING] Error en registro idx=1: No hay cupos en horarios candidatos. Objetivo: 09:00-09:15 | Candidatos: 08:45-09:00(0), 09:15-09:30(0)
2026-03-31 15:32:34,768 | INFO |    📝 Excel actualizado: observaciones='No alcanzo cupo para horario 09:00-09:15' en 1 fila(s)
2026-03-31 15:32:34,769 | INFO | [INFO] Registro idx=1 marcado como terminal 'SIN_CUPO' tras 1 confirmaciones
2026-03-31 15:32:35,011 | INFO |    [INFO] Click en 'Limpiar' (recuperación por error)
2026-03-31 15:32:36,012 | INFO | [DEBUG] PERSISTENT_SESSION: cerrando contexto anterior para siguiente grupo
2026-03-31 15:32:36,063 | INFO |  Tiempo total del flujo: 20.35 segundos
2026-03-31 15:32:36,063 | INFO |  Resumen: OK=0 | SIN_CUPO=1 | ERROR=0
2026-03-31 15:32:36,063 | INFO | [INFO] Flujo completado.
2026-03-31 15:32:36,063 | INFO |     Duracin final del flujo: 20.35 segundos
2026-03-31 15:32:36,379 | INFO | Navegador cerrado.
2026-03-31 15:32:36,380 | INFO | Pipeline finalizado
2026-03-31 15:32:36,380 | INFO | Log disponible en: C:\Users\fserrano\Desktop\ARMAS-GADSO-1.0\logs\.tmp_multihilo_flow_20260331_153207\logs_w2\run_20260331_153208.log
