2026-04-22 00:00:05,873 | INFO | Iniciando pipeline ARMAS-GADSO
2026-04-22 00:00:05,873 | INFO | Modo: scheduled
2026-04-22 00:00:05,873 | INFO | Excel: C:\Users\fserrano\Desktop\ARMAS-GADSO-1.0\logs\.tmp_multihilo_flow_20260422_000005\worker_2_batch_2_idxs_1_5.xlsx
2026-04-22 00:00:11,878 | INFO | [INFO] INICIANDO SCRIPT SEL - Login Automtico
2026-04-22 00:00:11,878 | INFO | [INFO] PERSISTENT_SESSION activado - navegador se reutilizará entre grupos sin cerrarse
2026-04-22 00:00:13,703 | INFO |    -> Registros con estado 'PENDIENTE': 2
2026-04-22 00:00:13,703 | INFO |    -> Validando fecha de hoy: 22/04/2026
2026-04-22 00:00:13,706 | INFO |    -> Registros despus de filtrar por fecha: 2 (filtrados: 0)
2026-04-22 00:00:13,709 | INFO |  Registros pendientes a procesar: 2
2026-04-22 00:00:13,709 | INFO |  Procesando grupo RUC JV - Registros: 2
2026-04-22 00:00:13,709 | INFO | [INFO] Intento login 1/12 para grupo JV
2026-04-22 00:00:13,709 | INFO | [TILE] Args launch: --window-size=754,468 --window-position=776,6
2026-04-22 00:00:13,709 | INFO | [TILE] Lanzando Chromium con args: ['--disable-infobars', '--window-size=754,468', '--window-position=776,6']
2026-04-22 00:00:15,806 | INFO | [TILE] Geometría aplicada -> xy=(776,6) wh=(754,468) screen_cfg=1536x960 screen_js=1536x912 outer_js=755x470
2026-04-22 00:00:18,376 | INFO | [INFO] Pagina de login cargada
2026-04-22 00:00:19,356 | INFO | [INFO] Pestaña 'Autenticación Tradicional' seleccionada
2026-04-22 00:00:21,624 | INFO | [INFO] Credenciales llenadas para grupo JV
2026-04-22 00:00:21,624 | INFO |  OCR CAPTCHA: intento interno 1/6...
2026-04-22 00:00:23,823 | ERROR | C:\Users\fserrano\AppData\Local\Programs\Python\Python314\Lib\site-packages\torch\utils\data\dataloader.py:775: UserWarning: 'pin_memory' argument is set as true but no accelerator is found, then device pinned memory won't be used.
2026-04-22 00:00:23,823 | ERROR |   super().__init__(loader)
2026-04-22 00:00:23,978 | INFO |    -> Variante 0, Decoder greedy: '86AUA' -> '86AUA' [INFO]
2026-04-22 00:00:23,978 | INFO |    [INFO] CAPTCHA vlido -> Usando: 86AUA
2026-04-22 00:00:24,197 | INFO | [INFO] Captcha automatico: 86AUA
2026-04-22 00:00:24,197 | INFO | [INFO] Enviando login...
2026-04-22 00:00:24,705 | INFO | [INFO] Validando acceso...
2026-04-22 00:00:25,882 | INFO | [ERROR] Login fallo - no se detecto sesion autenticada
2026-04-22 00:00:25,883 | INFO |    -> URL actual: https://www.sucamec.gob.pe/sel/faces/login.xhtml;jsessionid=38f750a5348b60ae98b50af4ae54
2026-04-22 00:00:25,883 | INFO |    -> Error detectado: Error el captcha es incorrecto
2026-04-22 00:00:25,883 | INFO | [INFO] Tiempo validacion: 1.18 segundos
2026-04-22 00:00:25,883 | INFO | [ERROR] Intento login 1 para grupo JV fall: CAPTCHA incorrecto o credenciales inválidas
2026-04-22 00:00:25,883 | INFO |    Reintentando login...
2026-04-22 00:00:27,883 | INFO | [INFO] Intento login 2/12 para grupo JV
2026-04-22 00:00:28,488 | INFO | [TILE] Args launch: --window-size=754,468 --window-position=776,6
2026-04-22 00:00:28,488 | INFO | [TILE] Lanzando Chromium con args: ['--disable-infobars', '--window-size=754,468', '--window-position=776,6']
2026-04-22 00:00:29,471 | INFO | [TILE] Geometría aplicada -> xy=(776,6) wh=(754,468) screen_cfg=1536x960 screen_js=1536x912 outer_js=755x470
2026-04-22 00:00:30,561 | INFO | [INFO] Pagina de login cargada
2026-04-22 00:00:30,737 | INFO | [INFO] Pestaña 'Autenticación Tradicional' seleccionada
2026-04-22 00:00:32,861 | INFO | [INFO] Credenciales llenadas para grupo JV
2026-04-22 00:00:32,861 | INFO |  OCR CAPTCHA: intento interno 1/6...
2026-04-22 00:00:33,855 | INFO |    -> Variante 0, Decoder greedy: 'X7S37' -> 'X7S37' [INFO]
2026-04-22 00:00:33,855 | INFO |    [INFO] CAPTCHA vlido -> Usando: X7S37
2026-04-22 00:00:33,930 | INFO | [INFO] Captcha automatico: X7S37
2026-04-22 00:00:33,930 | INFO | [INFO] Enviando login...
2026-04-22 00:00:34,389 | INFO | [INFO] Validando acceso...
2026-04-22 00:00:34,389 | INFO | [INFO] Acceso exitoso
2026-04-22 00:00:34,389 | INFO |    -> URL: https://www.sucamec.gob.pe/sel/faces/aplicacion/inicio.xhtml
2026-04-22 00:00:34,389 | INFO | [INFO] Tiempo total login: 6.51 segundos
2026-04-22 00:00:34,389 | INFO |  Navegando a CITAS -> RESERVAS DE CITAS...
2026-04-22 00:00:35,190 | INFO |     Fast-path: click directo en 'RESERVAS DE CITAS' (menuid 7_1)
2026-04-22 00:00:36,299 | INFO | [INFO] Navegacin completada (fast-path) -> URL: https://www.sucamec.gob.pe/sel/faces/aplicacion/inicio.xhtml
2026-04-22 00:00:36,299 | INFO |  Seleccionando tipo de cita: EXAMEN PARA POLGONO DE TIRO...
2026-04-22 00:00:36,685 | INFO |    [INFO] Tipo de cita seleccionado: EXAMEN PARA POLÍGONO DE TIRO
2026-04-22 00:00:36,685 | INFO | -------- JV Registro iterativo 1 (idx=1, prioridad=alta, intento=1, en_cola=1) --------
2026-04-22 00:00:38,080 | INFO |  Registro tomado desde Excel:
2026-04-22 00:00:38,080 | INFO |    - id_registro: 2
2026-04-22 00:00:38,080 | INFO |    - sede: LIMA
2026-04-22 00:00:38,080 | INFO |    - fecha: 13/05/2026
2026-04-22 00:00:38,080 | INFO |    - hora_rango: 08:00-08:15
2026-04-22 00:00:38,080 | INFO |    - tipo_operacion: RENOVACION DE LICENCIA DE USO
2026-04-22 00:00:38,081 | INFO |    - doc_vigilante: 21260481
2026-04-22 00:00:38,081 | INFO |    - nro_solicitud: 090786-0
2026-04-22 00:00:38,081 | INFO |    - fecha_programacion: 22/04/2026
2026-04-22 00:00:38,081 | INFO |    - ruc: J & V Resguardo
2026-04-22 00:00:38,081 | INFO |    - prioridad: alta
2026-04-22 00:00:38,081 | INFO |    - siguiente_mismo_doc_y_fecha: False
2026-04-22 00:00:38,081 | INFO |    - indices_relacionados_excel: [1]
2026-04-22 00:00:38,081 | INFO |    - tipo_arma (excel): ['CORTA']
2026-04-22 00:00:38,081 | INFO |    - arma (excel): ['PISTOLA']
2026-04-22 00:00:38,081 | INFO |    - objetivos_arma: [('CORTA', 'PISTOLA')]
2026-04-22 00:00:38,081 | INFO |    - tipos_arma_objetivo: ['CORTA']
2026-04-22 00:00:38,089 | INFO |  Completando Reserva de Cupos con datos del Excel...
2026-04-22 00:00:38,448 | INFO |    [INFO] Sede seleccionado: LIMA
2026-04-22 00:00:39,597 | INFO |    [INFO] Fecha seleccionado: 13/05/2026
2026-04-22 00:00:39,597 | INFO |  Buscando hora en tabla: 08:00-08:15
2026-04-22 00:00:40,756 | INFO |    [INFO] Estrategia horario: prioridad a hora exacta del Excel
2026-04-22 00:00:41,039 | INFO |    [INFO] Hora seleccionada: 08:00-08:15 (Cupos Libres=3)
2026-04-22 00:00:41,077 | INFO |    [INFO] Click en botn 'Siguiente'
2026-04-22 00:00:41,077 | INFO |  Completando Paso 2 con datos del Excel...
2026-04-22 00:00:42,285 | INFO |    [INFO] Tipo Operacin seleccionado: RENOVACIÓN DE LICENCIA DE USO
2026-04-22 00:00:43,849 | INFO |    [INFO] Documento vigilante seleccionado: 21260481
2026-04-22 00:00:44,314 | INFO |    [INFO] Seleccione Solicitud: SI
2026-04-22 00:00:46,597 | INFO |    [INFO] Nro Solicitud seleccionado: TUPA 2022 PA3400C730 - NRO EMPOCE: 90786 - FECHA REGISTRO: 15/04/2026
2026-04-22 00:00:47,610 | INFO |  Completando tabla de tipos de arma (Fase 2)...
2026-04-22 00:00:52,914 | INFO |    [INFO] CORTA: PISTOLA
2026-04-22 00:00:53,811 | INFO |    [INFO] Click en botn 'Siguiente' de Fase 2 (botonSiguiente3)
2026-04-22 00:01:02,455 | INFO |  Completando Fase 3 (Resumen de cita)...
2026-04-22 00:01:02,460 | INFO |  OCR CAPTCHA Fase 3: intento interno 1/∞...
2026-04-22 00:01:03,559 | ERROR | C:\Users\fserrano\AppData\Local\Programs\Python\Python314\Lib\site-packages\torch\utils\data\dataloader.py:775: UserWarning: 'pin_memory' argument is set as true but no accelerator is found, then device pinned memory won't be used.
2026-04-22 00:01:03,559 | ERROR |   super().__init__(loader)
2026-04-22 00:01:03,598 | INFO |    -> Variante 0, Decoder greedy: 'F14A9' -> 'F14A9' [INFO]
2026-04-22 00:01:03,598 | INFO |    [INFO] CAPTCHA vlido -> Usando: F14A9
2026-04-22 00:01:03,655 | INFO |    [INFO] CAPTCHA Fase 3 escrito: F14A9
2026-04-22 00:01:03,906 | INFO |    [INFO] Trminos y condiciones marcados
2026-04-22 00:01:04,851 | INFO |  Paso final opcional: Generar Cita (reintento rpido)
2026-04-22 00:01:04,856 | INFO |     Intento generar cita 1/5
2026-04-22 00:01:07,527 | INFO |    [INFO] Generar Cita confirmado en 2.67s
2026-04-22 00:01:07,527 | INFO |    -> URL: https://www.sucamec.gob.pe/sel/faces/aplicacion/inicio.xhtml
2026-04-22 00:01:07,552 | INFO |    [INFO] Excel actualizado: estado='Cita Programada' en 1 fila(s)
2026-04-22 00:01:07,788 | INFO |    [INFO] Click en 'Limpiar' (fin de flujo)
2026-04-22 00:01:07,789 | INFO | -------- JV Registro iterativo 2 (idx=5, prioridad=alta, intento=1, en_cola=0) --------
2026-04-22 00:01:07,824 | INFO |  Registro tomado desde Excel:
2026-04-22 00:01:07,824 | INFO |    - id_registro: 6
2026-04-22 00:01:07,824 | INFO |    - sede: LIMA
2026-04-22 00:01:07,824 | INFO |    - fecha: 13/05/2026
2026-04-22 00:01:07,824 | INFO |    - hora_rango: 12:00-12:15
2026-04-22 00:01:07,824 | INFO |    - tipo_operacion: INICIAL DE LICENCIA DE USO
2026-04-22 00:01:07,824 | INFO |    - doc_vigilante: 44209356
2026-04-22 00:01:07,824 | INFO |    - nro_solicitud: 099012-0
2026-04-22 00:01:07,824 | INFO |    - fecha_programacion: 22/04/2026
2026-04-22 00:01:07,824 | INFO |    - ruc: J & V Resguardo
2026-04-22 00:01:07,825 | INFO |    - prioridad: alta
2026-04-22 00:01:07,825 | INFO |    - siguiente_mismo_doc_y_fecha: False
2026-04-22 00:01:07,825 | INFO |    - indices_relacionados_excel: [5]
2026-04-22 00:01:07,825 | INFO |    - tipo_arma (excel): ['CORTA']
2026-04-22 00:01:07,825 | INFO |    - arma (excel): ['PISTOLA']
2026-04-22 00:01:07,825 | INFO |    - objetivos_arma: [('CORTA', 'PISTOLA')]
2026-04-22 00:01:07,825 | INFO |    - tipos_arma_objetivo: ['CORTA']
2026-04-22 00:01:07,830 | INFO |  Completando Reserva de Cupos con datos del Excel...
2026-04-22 00:01:09,543 | INFO |    [INFO] Sede seleccionado: LIMA
2026-04-22 00:01:10,714 | INFO |    [INFO] Fecha seleccionado: 13/05/2026
2026-04-22 00:01:10,714 | INFO |  Buscando hora en tabla: 12:00-12:15
2026-04-22 00:01:11,807 | INFO |    [INFO] Estrategia horario: prioridad a hora exacta del Excel
2026-04-22 00:01:12,096 | INFO |    [INFO] Hora seleccionada: 12:00-12:15 (Cupos Libres=1)
2026-04-22 00:01:12,326 | INFO |    [INFO] Click en botn 'Siguiente'
2026-04-22 00:01:12,327 | INFO |  Completando Paso 2 con datos del Excel...
2026-04-22 00:01:13,497 | INFO |    [INFO] Tipo Operacin seleccionado: INICIAL DE LICENCIA DE USO
2026-04-22 00:01:13,497 | INFO |     Flujo INICIAL detectado: primero Tipo de Licencia, luego Documento Vigilante
2026-04-22 00:01:14,141 | INFO |    [INFO] Tipo de Licencia: SEGURIDAD PRIVADA
2026-04-22 00:01:15,619 | INFO |    [INFO] Documento vigilante seleccionado: 44209356
2026-04-22 00:01:16,060 | INFO |    [INFO] Seleccione Solicitud: SI
2026-04-22 00:01:16,060 | INFO |     Flujo INICIAL: tambin se seleccionar Nro Solicitud
2026-04-22 00:01:18,005 | INFO | [WARNING] Error en registro idx=5: No se encontró Nro Solicitud con token '99012'. Opciones: ['Seleccione', 'TUPA 2022 PA3400C585 - Nro Empoce: 90780 - Fecha registro: 20/04/2026', 'TUPA 2022 PA3400C585 - Nro Empoce: 85708 - Fecha registro: 20/04/2026', 'TUPA 2022 PA3400C585 - Nro Empoce: 98450 - Fecha registro: 14/04/2026', 'TUPA 2022 PA3400C585 - Nro Empoce: 43793 - Fecha registro: 31/03/2026', 'TUPA 2022 PA3400C585 - Nro Empoce: 17633 - Fecha registro: 23/03/2026', 'TUPA 2022 PA3400C585 - Nro Empoce: 89746 - Fecha registro: 06/03/2026', 'TUPA 2022 PA3400C585 - Nro Empoce: 89745 - Fecha registro: 06/03/2026', 'TUPA 2022 PA3400C585 - Nro Empoce: 80296 - Fecha registro: 20/02/2026', 'TUPA 2022 PA3400C585 - Nro Empoce: 92410 - Fecha registro: 11/02/2026', 'TUPA 2022 PA3400C585 - Nro Empoce: 46244 - Fecha registro: 04/09/2025', 'TUPA 2022 PA3400C585 - Nro Empoce: 22028 - Fecha registro: 11/07/2025', 'TUPA 2022 PA3400C585 - Nro Empoce: 21220 - Fecha registro: 30/05/2025', 'TUPA 2022 PA3400C585 - Nro Empoce: 62794 - Fecha registro: 29/01/2025', 'TUPA 2022 PA3400C585 - Nro Empoce: 92603 - Fecha registro: 29/01/2025']
2026-04-22 00:01:18,005 | INFO | [INFO] Registro idx=5 con causal terminal 'NRO_SOLICITUD' pendiente de confirmación (1/2). Reencolando...
2026-04-22 00:01:27,031 | INFO | -------- JV Registro iterativo 3 (idx=5, prioridad=alta, intento=2, en_cola=0) --------
2026-04-22 00:01:27,067 | INFO |  Registro tomado desde Excel:
2026-04-22 00:01:27,067 | INFO |    - id_registro: 6
2026-04-22 00:01:27,067 | INFO |    - sede: LIMA
2026-04-22 00:01:27,067 | INFO |    - fecha: 13/05/2026
2026-04-22 00:01:27,067 | INFO |    - hora_rango: 12:00-12:15
2026-04-22 00:01:27,067 | INFO |    - tipo_operacion: INICIAL DE LICENCIA DE USO
2026-04-22 00:01:27,067 | INFO |    - doc_vigilante: 44209356
2026-04-22 00:01:27,067 | INFO |    - nro_solicitud: 099012-0
2026-04-22 00:01:27,067 | INFO |    - fecha_programacion: 22/04/2026
2026-04-22 00:01:27,067 | INFO |    - ruc: J & V Resguardo
2026-04-22 00:01:27,067 | INFO |    - prioridad: alta
2026-04-22 00:01:27,067 | INFO |    - siguiente_mismo_doc_y_fecha: False
2026-04-22 00:01:27,068 | INFO |    - indices_relacionados_excel: [5]
2026-04-22 00:01:27,068 | INFO |    - tipo_arma (excel): ['CORTA']
2026-04-22 00:01:27,068 | INFO |    - arma (excel): ['PISTOLA']
2026-04-22 00:01:27,068 | INFO |    - objetivos_arma: [('CORTA', 'PISTOLA')]
2026-04-22 00:01:27,068 | INFO |    - tipos_arma_objetivo: ['CORTA']
2026-04-22 00:01:27,073 | INFO |  Completando Reserva de Cupos con datos del Excel...
2026-04-22 00:01:33,820 | INFO | 🛑 Registro idx=5 no procesado: la ventana/contexto del navegador fue cerrada.
2026-04-22 00:01:33,820 | INFO |  Ejecucin interrumpida.
2026-04-22 00:01:33,820 | INFO |    -> Motivo: Ventana del navegador cerrada durante procesamiento
2026-04-22 00:01:33,820 | INFO |     Tiempo transcurrido: 81.94 segundos
2026-04-22 00:01:33,821 | INFO |     Resumen parcial: OK=1 | SIN_CUPO=0 | ERROR=0
2026-04-22 00:01:34,226 | INFO | Navegador cerrado.
2026-04-22 00:01:34,226 | INFO | Pipeline finalizado
2026-04-22 00:01:34,226 | INFO | Log disponible en: C:\Users\fserrano\Desktop\ARMAS-GADSO-1.0\logs\.tmp_multihilo_flow_20260422_000005\logs_w2\run_20260422_000005.log
