2026-04-01 00:21:05,437 | INFO | Iniciando pipeline ARMAS-GADSO
2026-04-01 00:21:05,437 | INFO | Modo: scheduled
2026-04-01 00:21:05,438 | INFO | Excel: C:\Users\fserrano\Desktop\ARMAS-GADSO-1.0\logs\.tmp_multihilo_flow_20260401_002105\worker_1_batch_1_idxs_0.xlsx
2026-04-01 00:21:11,283 | INFO | [INFO] INICIANDO SCRIPT SEL - Login Automtico
2026-04-01 00:21:11,283 | INFO | [INFO] PERSISTENT_SESSION activado - navegador se reutilizará entre grupos sin cerrarse
2026-04-01 00:21:12,143 | INFO |    -> Registros con estado 'PENDIENTE': 1
2026-04-01 00:21:12,143 | INFO |    -> Validando fecha de hoy: 01/04/2026
2026-04-01 00:21:12,148 | INFO |    -> Registros despus de filtrar por fecha: 1 (filtrados: 0)
2026-04-01 00:21:12,153 | INFO |  Registros pendientes a procesar: 1
2026-04-01 00:21:12,153 | INFO |  Procesando grupo RUC JV - Registros: 1
2026-04-01 00:21:12,153 | INFO | [INFO] Intento login 1/12 para grupo JV
2026-04-01 00:21:12,153 | INFO | [TILE] Args launch: --window-size=754,468 --window-position=6,6
2026-04-01 00:21:12,153 | INFO | [TILE] Lanzando Chromium con args: ['--disable-infobars', '--window-size=754,468', '--window-position=6,6']
2026-04-01 00:21:13,411 | INFO | [TILE] Geometría aplicada -> xy=(6,6) wh=(754,468) screen_cfg=1536x960 screen_js=1536x912 outer_js=755x470
2026-04-01 00:21:15,586 | INFO | [INFO] Pagina de login cargada
2026-04-01 00:21:15,826 | INFO | [INFO] Pestaña 'Autenticación Tradicional' seleccionada
2026-04-01 00:21:18,797 | INFO | [INFO] Credenciales llenadas para grupo JV
2026-04-01 00:21:18,797 | INFO |  OCR CAPTCHA: intento interno 1/6...
2026-04-01 00:21:20,031 | ERROR | C:\Users\fserrano\AppData\Local\Programs\Python\Python314\Lib\site-packages\torch\utils\data\dataloader.py:775: UserWarning: 'pin_memory' argument is set as true but no accelerator is found, then device pinned memory won't be used.
2026-04-01 00:21:20,032 | ERROR |   super().__init__(loader)
2026-04-01 00:21:20,490 | INFO |    -> Variante 0, Decoder greedy: 'H2NI0' -> 'H2NI0' [INFO]
2026-04-01 00:21:20,490 | INFO |    [INFO] CAPTCHA vlido -> Usando: H2NI0
2026-04-01 00:21:20,618 | INFO | [INFO] Captcha automatico: H2NI0
2026-04-01 00:21:20,619 | INFO | [INFO] Enviando login...
2026-04-01 00:21:21,053 | INFO | [INFO] Validando acceso...
2026-04-01 00:21:22,490 | INFO | [ERROR] Login fallo - no se detecto sesion autenticada
2026-04-01 00:21:22,490 | INFO |    -> URL actual: https://www.sucamec.gob.pe/sel/faces/login.xhtml;jsessionid=77d17766e77f198c2bac48a5857a
2026-04-01 00:21:22,490 | INFO |    -> Error detectado: Error el captcha es incorrecto
2026-04-01 00:21:22,490 | INFO | [INFO] Tiempo validacion: 1.44 segundos
2026-04-01 00:21:22,490 | INFO | [ERROR] Intento login 1 para grupo JV fall: CAPTCHA incorrecto o credenciales inválidas
2026-04-01 00:21:22,490 | INFO |    Reintentando login...
2026-04-01 00:21:24,491 | INFO | [INFO] Intento login 2/12 para grupo JV
2026-04-01 00:21:24,751 | INFO | [TILE] Args launch: --window-size=754,468 --window-position=6,6
2026-04-01 00:21:24,752 | INFO | [TILE] Lanzando Chromium con args: ['--disable-infobars', '--window-size=754,468', '--window-position=6,6']
2026-04-01 00:21:25,773 | INFO | [TILE] Geometría aplicada -> xy=(6,6) wh=(754,468) screen_cfg=1536x960 screen_js=1536x912 outer_js=755x470
2026-04-01 00:21:27,230 | INFO | [INFO] Pagina de login cargada
2026-04-01 00:21:27,440 | INFO | [INFO] Pestaña 'Autenticación Tradicional' seleccionada
2026-04-01 00:21:29,531 | INFO | [INFO] Credenciales llenadas para grupo JV
2026-04-01 00:21:29,531 | INFO |  OCR CAPTCHA: intento interno 1/6...
2026-04-01 00:21:30,936 | INFO |    -> Variante 0, Decoder greedy: 'BS66A' -> 'BS66A' [INFO]
2026-04-01 00:21:30,936 | INFO |    [INFO] CAPTCHA vlido -> Usando: BS66A
2026-04-01 00:21:31,041 | INFO | [INFO] Captcha automatico: BS66A
2026-04-01 00:21:31,041 | INFO | [INFO] Enviando login...
2026-04-01 00:21:31,587 | INFO | [INFO] Validando acceso...
2026-04-01 00:21:31,587 | INFO | [INFO] Acceso exitoso
2026-04-01 00:21:31,588 | INFO |    -> URL: https://www.sucamec.gob.pe/sel/faces/aplicacion/inicio.xhtml
2026-04-01 00:21:31,588 | INFO | [INFO] Tiempo total login: 7.10 segundos
2026-04-01 00:21:31,588 | INFO |  Navegando a CITAS -> RESERVAS DE CITAS...
2026-04-01 00:21:32,902 | INFO |     Fast-path: click directo en 'RESERVAS DE CITAS' (menuid 7_1)
2026-04-01 00:21:34,508 | INFO | [INFO] Navegacin completada (fast-path) -> URL: https://www.sucamec.gob.pe/sel/faces/aplicacion/inicio.xhtml
2026-04-01 00:21:34,508 | INFO |  Seleccionando tipo de cita: EXAMEN PARA POLGONO DE TIRO...
2026-04-01 00:21:34,870 | INFO |    [INFO] Tipo de cita seleccionado: EXAMEN PARA POLÍGONO DE TIRO
2026-04-01 00:21:34,871 | INFO | -------- JV Registro iterativo 1 (idx=0, prioridad=alta, intento=1, en_cola=0) --------
2026-04-01 00:21:35,760 | INFO |  Registro tomado desde Excel:
2026-04-01 00:21:35,760 | INFO |    - id_registro: 1
2026-04-01 00:21:35,760 | INFO |    - sede: LIMA
2026-04-01 00:21:35,760 | INFO |    - fecha: 22/04/2026
2026-04-01 00:21:35,760 | INFO |    - hora_rango: 08:00-08:15
2026-04-01 00:21:35,760 | INFO |    - tipo_operacion: INICIAL DE LICENCIA DE USO
2026-04-01 00:21:35,761 | INFO |    - doc_vigilante: 09452250
2026-04-01 00:21:35,761 | INFO |    - nro_solicitud: 080000-0
2026-04-01 00:21:35,761 | INFO |    - fecha_programacion: 01/04/2026
2026-04-01 00:21:35,761 | INFO |    - ruc: J & V Resguardo
2026-04-01 00:21:35,761 | INFO |    - prioridad: alta
2026-04-01 00:21:35,761 | INFO |    - siguiente_mismo_doc_y_fecha: False
2026-04-01 00:21:35,761 | INFO |    - indices_relacionados_excel: [0]
2026-04-01 00:21:35,761 | INFO |    - tipo_arma (excel): ['CORTA']
2026-04-01 00:21:35,761 | INFO |    - arma (excel): ['REVOLVER']
2026-04-01 00:21:35,761 | INFO |    - objetivos_arma: [('CORTA', 'REVOLVER')]
2026-04-01 00:21:35,761 | INFO |    - tipos_arma_objetivo: ['CORTA']
2026-04-01 00:21:35,769 | INFO |  Completando Reserva de Cupos con datos del Excel...
2026-04-01 00:21:36,254 | INFO |    [INFO] Sede seleccionado: LIMA
2026-04-01 00:21:37,393 | INFO |    [INFO] Fecha seleccionado: 22/04/2026
2026-04-01 00:21:37,394 | INFO |  Buscando hora en tabla: 08:00-08:15
2026-04-01 00:21:38,022 | INFO |    [INFO] Estrategia horario: vecinos inmediatos (inferior/superior)
2026-04-01 00:21:38,417 | INFO |    [INFO] Click en botn 'Limpiar' por falta de cupos
2026-04-01 00:21:39,369 | INFO | [WARNING] Error en registro idx=0: No hay cupos en horarios candidatos. Objetivo: 08:00-08:15 | Candidatos: 08:00-08:15(0), 08:15-08:30(0)
2026-04-01 00:21:39,391 | INFO |    📝 Excel actualizado: observaciones='No alcanzo cupo para horario 08:00-08:15' en 1 fila(s)
2026-04-01 00:21:39,391 | INFO | [INFO] Registro idx=0 marcado como terminal 'SIN_CUPO' tras 1 confirmaciones
2026-04-01 00:21:39,636 | INFO |    [INFO] Click en 'Limpiar' (recuperación por error)
2026-04-01 00:21:40,638 | INFO | [DEBUG] PERSISTENT_SESSION: cerrando contexto anterior para siguiente grupo
2026-04-01 00:21:40,662 | INFO |  Tiempo total del flujo: 29.38 segundos
2026-04-01 00:21:40,663 | INFO |  Resumen: OK=0 | SIN_CUPO=1 | ERROR=0
2026-04-01 00:21:40,663 | INFO | [INFO] Flujo completado.
2026-04-01 00:21:40,663 | INFO |     Duracin final del flujo: 29.38 segundos
2026-04-01 00:21:40,986 | INFO | Navegador cerrado.
2026-04-01 00:21:40,986 | INFO | Pipeline finalizado
2026-04-01 00:21:40,986 | INFO | Log disponible en: C:\Users\fserrano\Desktop\ARMAS-GADSO-1.0\logs\.tmp_multihilo_flow_20260401_002105\logs_w1\run_20260401_002105.log
