2026-04-01 00:21:05,463 | INFO | Iniciando pipeline ARMAS-GADSO
2026-04-01 00:21:05,463 | INFO | Modo: scheduled
2026-04-01 00:21:05,463 | INFO | Excel: C:\Users\fserrano\Desktop\ARMAS-GADSO-1.0\logs\.tmp_multihilo_flow_20260401_002105\worker_3_batch_1_idxs_2.xlsx
2026-04-01 00:21:11,327 | INFO | [INFO] INICIANDO SCRIPT SEL - Login Automtico
2026-04-01 00:21:11,327 | INFO | [INFO] PERSISTENT_SESSION activado - navegador se reutilizará entre grupos sin cerrarse
2026-04-01 00:21:12,186 | INFO |    -> Registros con estado 'PENDIENTE': 1
2026-04-01 00:21:12,186 | INFO |    -> Validando fecha de hoy: 01/04/2026
2026-04-01 00:21:12,188 | INFO |    -> Registros despus de filtrar por fecha: 1 (filtrados: 0)
2026-04-01 00:21:12,191 | INFO |  Registros pendientes a procesar: 1
2026-04-01 00:21:12,192 | INFO |  Procesando grupo RUC JV - Registros: 1
2026-04-01 00:21:12,192 | INFO | [INFO] Intento login 1/12 para grupo JV
2026-04-01 00:21:12,192 | INFO | [TILE] Args launch: --window-size=754,468 --window-position=6,486
2026-04-01 00:21:12,192 | INFO | [TILE] Lanzando Chromium con args: ['--disable-infobars', '--window-size=754,468', '--window-position=6,486']
2026-04-01 00:21:13,575 | INFO | [TILE] Geometría aplicada -> xy=(6,486) wh=(754,468) screen_cfg=1536x960 screen_js=1536x912 outer_js=755x470
2026-04-01 00:21:15,089 | INFO | [INFO] Pagina de login cargada
2026-04-01 00:21:15,424 | INFO | [INFO] Pestaña 'Autenticación Tradicional' seleccionada
2026-04-01 00:21:17,745 | INFO | [INFO] Credenciales llenadas para grupo JV
2026-04-01 00:21:17,745 | INFO |  OCR CAPTCHA: intento interno 1/6...
2026-04-01 00:21:19,621 | ERROR | C:\Users\fserrano\AppData\Local\Programs\Python\Python314\Lib\site-packages\torch\utils\data\dataloader.py:775: UserWarning: 'pin_memory' argument is set as true but no accelerator is found, then device pinned memory won't be used.
2026-04-01 00:21:19,621 | ERROR |   super().__init__(loader)
2026-04-01 00:21:20,052 | INFO |    -> Variante 0, Decoder greedy: '28KCX' -> '28KCX' [INFO]
2026-04-01 00:21:20,052 | INFO |    [INFO] CAPTCHA vlido -> Usando: 28KCX
2026-04-01 00:21:20,126 | INFO | [INFO] Captcha automatico: 28KCX
2026-04-01 00:21:20,126 | INFO | [INFO] Enviando login...
2026-04-01 00:21:20,581 | INFO | [INFO] Validando acceso...
2026-04-01 00:21:22,237 | INFO | [ERROR] Login fallo - no se detecto sesion autenticada
2026-04-01 00:21:22,237 | INFO |    -> URL actual: https://www.sucamec.gob.pe/sel/faces/login.xhtml;jsessionid=77d174fa4fc212f87fcf55d795d3
2026-04-01 00:21:22,237 | INFO |    -> Error detectado: Error el captcha es incorrecto
2026-04-01 00:21:22,237 | INFO | [INFO] Tiempo validacion: 1.66 segundos
2026-04-01 00:21:22,237 | INFO | [ERROR] Intento login 1 para grupo JV fall: CAPTCHA incorrecto o credenciales inválidas
2026-04-01 00:21:22,237 | INFO |    Reintentando login...
2026-04-01 00:21:24,238 | INFO | [INFO] Intento login 2/12 para grupo JV
2026-04-01 00:21:24,681 | INFO | [TILE] Args launch: --window-size=754,468 --window-position=6,486
2026-04-01 00:21:24,681 | INFO | [TILE] Lanzando Chromium con args: ['--disable-infobars', '--window-size=754,468', '--window-position=6,486']
2026-04-01 00:21:25,805 | INFO | [TILE] Geometría aplicada -> xy=(6,486) wh=(754,468) screen_cfg=1536x960 screen_js=1536x912 outer_js=755x470
2026-04-01 00:21:27,283 | INFO | [INFO] Pagina de login cargada
2026-04-01 00:21:27,583 | INFO | [INFO] Pestaña 'Autenticación Tradicional' seleccionada
2026-04-01 00:21:29,742 | INFO | [INFO] Credenciales llenadas para grupo JV
2026-04-01 00:21:29,742 | INFO |  OCR CAPTCHA: intento interno 1/6...
2026-04-01 00:21:30,964 | INFO |    -> Variante 0, Decoder greedy: 'M4N2Y' -> 'M4N2Y' [INFO]
2026-04-01 00:21:30,964 | INFO |    [INFO] CAPTCHA vlido -> Usando: M4N2Y
2026-04-01 00:21:31,078 | INFO | [INFO] Captcha automatico: M4N2Y
2026-04-01 00:21:31,078 | INFO | [INFO] Enviando login...
2026-04-01 00:21:31,619 | INFO | [INFO] Validando acceso...
2026-04-01 00:21:31,619 | INFO | [INFO] Acceso exitoso
2026-04-01 00:21:31,619 | INFO |    -> URL: https://www.sucamec.gob.pe/sel/faces/aplicacion/inicio.xhtml
2026-04-01 00:21:31,619 | INFO | [INFO] Tiempo total login: 7.38 segundos
2026-04-01 00:21:31,619 | INFO |  Navegando a CITAS -> RESERVAS DE CITAS...
2026-04-01 00:21:32,633 | INFO |     Fast-path: click directo en 'RESERVAS DE CITAS' (menuid 7_1)
2026-04-01 00:21:34,606 | INFO | [INFO] Navegacin completada (fast-path) -> URL: https://www.sucamec.gob.pe/sel/faces/aplicacion/inicio.xhtml
2026-04-01 00:21:34,606 | INFO |  Seleccionando tipo de cita: EXAMEN PARA POLGONO DE TIRO...
2026-04-01 00:21:34,962 | INFO |    [INFO] Tipo de cita seleccionado: EXAMEN PARA POLÍGONO DE TIRO
2026-04-01 00:21:34,962 | INFO | -------- JV Registro iterativo 1 (idx=2, prioridad=normal, intento=1, en_cola=0) --------
2026-04-01 00:21:35,829 | INFO |  Registro tomado desde Excel:
2026-04-01 00:21:35,829 | INFO |    - id_registro: 3
2026-04-01 00:21:35,829 | INFO |    - sede: LIMA
2026-04-01 00:21:35,829 | INFO |    - fecha: 22/04/2026
2026-04-01 00:21:35,829 | INFO |    - hora_rango: 08:00-08:15
2026-04-01 00:21:35,829 | INFO |    - tipo_operacion: RENOVACIÓN DE LICENCIA DE USO
2026-04-01 00:21:35,829 | INFO |    - doc_vigilante: 60274318
2026-04-01 00:21:35,829 | INFO |    - nro_solicitud: 094587-0
2026-04-01 00:21:35,829 | INFO |    - fecha_programacion: 01/04/2026
2026-04-01 00:21:35,829 | INFO |    - ruc: J & V Resguardo
2026-04-01 00:21:35,829 | INFO |    - prioridad: normal
2026-04-01 00:21:35,829 | INFO |    - siguiente_mismo_doc_y_fecha: False
2026-04-01 00:21:35,829 | INFO |    - indices_relacionados_excel: [2]
2026-04-01 00:21:35,829 | INFO |    - tipo_arma (excel): ['CORTA']
2026-04-01 00:21:35,829 | INFO |    - arma (excel): ['REVOLVER']
2026-04-01 00:21:35,830 | INFO |    - objetivos_arma: [('CORTA', 'REVOLVER')]
2026-04-01 00:21:35,830 | INFO |    - tipos_arma_objetivo: ['CORTA']
2026-04-01 00:21:35,837 | INFO |  Completando Reserva de Cupos con datos del Excel...
2026-04-01 00:21:36,254 | INFO |    [INFO] Sede seleccionado: LIMA
2026-04-01 00:21:37,393 | INFO |    [INFO] Fecha seleccionado: 22/04/2026
2026-04-01 00:21:37,394 | INFO |  Buscando hora en tabla: 08:00-08:15
2026-04-01 00:21:38,032 | INFO |    [INFO] Estrategia horario: vecinos inmediatos (inferior/superior)
2026-04-01 00:21:38,418 | INFO |    [INFO] Click en botn 'Limpiar' por falta de cupos
2026-04-01 00:21:39,373 | INFO | [WARNING] Error en registro idx=2: No hay cupos en horarios candidatos. Objetivo: 08:00-08:15 | Candidatos: 08:00-08:15(0), 08:15-08:30(0)
2026-04-01 00:21:39,396 | INFO |    📝 Excel actualizado: observaciones='No alcanzo cupo para horario 08:00-08:15' en 1 fila(s)
2026-04-01 00:21:39,396 | INFO | [INFO] Registro idx=2 marcado como terminal 'SIN_CUPO' tras 1 confirmaciones
2026-04-01 00:21:39,636 | INFO |    [INFO] Click en 'Limpiar' (recuperación por error)
2026-04-01 00:21:40,638 | INFO | [DEBUG] PERSISTENT_SESSION: cerrando contexto anterior para siguiente grupo
2026-04-01 00:21:40,672 | INFO |  Tiempo total del flujo: 29.34 segundos
2026-04-01 00:21:40,672 | INFO |  Resumen: OK=0 | SIN_CUPO=1 | ERROR=0
2026-04-01 00:21:40,672 | INFO | [INFO] Flujo completado.
2026-04-01 00:21:40,672 | INFO |     Duracin final del flujo: 29.34 segundos
2026-04-01 00:21:41,047 | INFO | Navegador cerrado.
2026-04-01 00:21:41,047 | INFO | Pipeline finalizado
2026-04-01 00:21:41,047 | INFO | Log disponible en: C:\Users\fserrano\Desktop\ARMAS-GADSO-1.0\logs\.tmp_multihilo_flow_20260401_002105\logs_w3\run_20260401_002105.log
