2026-04-24 09:36:08,716 | INFO | Iniciando pipeline ARMAS-GADSO
2026-04-24 09:36:08,716 | INFO | Modo: scheduled
2026-04-24 09:36:08,716 | INFO | Excel: C:\Users\fserrano\Desktop\ARMAS-GADSO-1.0\logs\20260424_093600\worker_1_batch_1_idxs_0.xlsx
2026-04-24 09:36:13,316 | INFO | [INFO] INICIANDO SCRIPT SEL - Login Automtico
2026-04-24 09:36:13,316 | INFO | [INFO] PERSISTENT_SESSION activado - navegador se reutilizará entre grupos sin cerrarse
2026-04-24 09:36:13,924 | INFO |    -> Registros con estado 'PENDIENTE': 1
2026-04-24 09:36:13,924 | INFO |    -> Validando fecha de hoy: 24/04/2026
2026-04-24 09:36:13,926 | INFO |    -> Registros despus de filtrar por fecha: 1 (filtrados: 0)
2026-04-24 09:36:13,929 | INFO |  Registros pendientes a procesar: 1
2026-04-24 09:36:13,929 | INFO |  Procesando grupo RUC JV - Registros: 1
2026-04-24 09:36:13,929 | INFO | [INFO] Intento login 1/12 para grupo JV
2026-04-24 09:36:13,929 | INFO | [TILE] Args launch: --window-size=754,468 --window-position=6,6
2026-04-24 09:36:13,929 | INFO | [TILE] Lanzando Chromium con args: ['--disable-infobars', '--window-size=754,468', '--window-position=6,6']
2026-04-24 09:36:14,897 | INFO | [TILE] Geometría aplicada -> xy=(6,6) wh=(754,468) screen_cfg=1536x960 screen_js=1536x912 outer_js=755x470
2026-04-24 09:36:16,172 | INFO | [INFO] Pagina de login cargada
2026-04-24 09:36:16,428 | INFO | [INFO] Pestaña 'Autenticación Tradicional' seleccionada
2026-04-24 09:36:18,416 | INFO | [INFO] Credenciales llenadas para grupo JV
2026-04-24 09:36:18,416 | INFO |  OCR CAPTCHA: intento interno 1/6...
2026-04-24 09:36:19,529 | ERROR | C:\Users\fserrano\AppData\Local\Programs\Python\Python314\Lib\site-packages\torch\utils\data\dataloader.py:775: UserWarning: 'pin_memory' argument is set as true but no accelerator is found, then device pinned memory won't be used.
2026-04-24 09:36:19,529 | ERROR |   super().__init__(loader)
2026-04-24 09:36:19,629 | INFO |    -> Variante 0, Decoder greedy: 'XQXTM' -> 'XQXTM' [INFO]
2026-04-24 09:36:19,630 | INFO |    [INFO] CAPTCHA vlido -> Usando: XQXTM
2026-04-24 09:36:19,735 | INFO | [INFO] Captcha automatico: XQXTM
2026-04-24 09:36:19,736 | INFO | [INFO] Enviando login...
2026-04-24 09:36:20,108 | INFO | [INFO] Validando acceso...
2026-04-24 09:36:20,108 | INFO | [INFO] Acceso exitoso
2026-04-24 09:36:20,109 | INFO |    -> URL: https://www.sucamec.gob.pe/sel/faces/aplicacion/inicio.xhtml
2026-04-24 09:36:20,109 | INFO | [INFO] Tiempo total login: 6.18 segundos
2026-04-24 09:36:20,109 | INFO |  Navegando a CITAS -> RESERVAS DE CITAS...
2026-04-24 09:36:22,583 | INFO |     Fast-path: click directo en 'RESERVAS DE CITAS' (menuid 7_1)
2026-04-24 09:36:29,614 | INFO | [INFO] Navegacin completada (fast-path) -> URL: https://www.sucamec.gob.pe/sel/faces/aplicacion/inicio.xhtml
2026-04-24 09:36:29,614 | INFO |  Seleccionando tipo de cita: EXAMEN PARA POLGONO DE TIRO...
2026-04-24 09:36:29,989 | INFO |    [INFO] Tipo de cita seleccionado: EXAMEN PARA POLÍGONO DE TIRO
2026-04-24 09:36:29,990 | INFO | -------- JV Registro iterativo 1 (idx=0, prioridad=alta, intento=1, en_cola=0) --------
2026-04-24 09:36:31,893 | INFO |  Registro tomado desde Excel:
2026-04-24 09:36:31,893 | INFO |    - id_registro: 1
2026-04-24 09:36:31,893 | INFO |    - sede: LIMA
2026-04-24 09:36:31,893 | INFO |    - fecha: 15/05/2026
2026-04-24 09:36:31,893 | INFO |    - hora_rango: 12:00-12:15
2026-04-24 09:36:31,893 | INFO |    - tipo_operacion: INICIAL DE LICENCIA DE USO
2026-04-24 09:36:31,894 | INFO |    - doc_vigilante: 76023039
2026-04-24 09:36:31,894 | INFO |    - nro_solicitud: 043793-0
2026-04-24 09:36:31,894 | INFO |    - fecha_programacion: 24/04/2026
2026-04-24 09:36:31,894 | INFO |    - ruc: J & V Resguardo
2026-04-24 09:36:31,894 | INFO |    - prioridad: alta
2026-04-24 09:36:31,894 | INFO |    - siguiente_mismo_doc_y_fecha: False
2026-04-24 09:36:31,894 | INFO |    - indices_relacionados_excel: [0]
2026-04-24 09:36:31,894 | INFO |    - tipo_arma (excel): ['CORTA']
2026-04-24 09:36:31,894 | INFO |    - arma (excel): ['REVOLVER']
2026-04-24 09:36:31,894 | INFO |    - objetivos_arma: [('CORTA', 'REVOLVER')]
2026-04-24 09:36:31,894 | INFO |    - tipos_arma_objetivo: ['CORTA']
2026-04-24 09:36:31,900 | INFO |  Completando Reserva de Cupos con datos del Excel...
2026-04-24 09:36:32,280 | INFO |    [INFO] Sede seleccionado: LIMA
2026-04-24 09:36:33,389 | INFO |    [INFO] Fecha seleccionado: 15/05/2026
2026-04-24 09:36:33,389 | INFO |  Buscando hora en tabla: 12:00-12:15
2026-04-24 09:36:33,653 | INFO |    [INFO] Estrategia horario: bloque completo de mediodía (11:45-13:00)
2026-04-24 09:36:34,058 | INFO |    [INFO] Click en botn 'Limpiar' por falta de cupos
2026-04-24 09:36:35,098 | INFO | [WARNING] Error en registro idx=0: No hay cupos en horarios candidatos. Objetivo: 12:00-12:15 | Candidatos: 11:45-12:00(0), 12:00-12:15(0), 12:15-12:30(0), 12:30-12:45(0), 12:45-13:00(0)
2026-04-24 09:36:35,136 | INFO |    📝 Excel actualizado: observaciones='No alcanzo cupo para horario 12:00-12:15' en 1 fila(s)
2026-04-24 09:36:35,136 | INFO | [INFO] Registro idx=0 marcado como terminal 'SIN_CUPO' tras 1 confirmaciones
2026-04-24 09:36:44,144 | INFO | [DEBUG] PERSISTENT_SESSION: cerrando contexto anterior para siguiente grupo
2026-04-24 09:36:44,172 | INFO |  Tiempo total del flujo: 30.86 segundos
2026-04-24 09:36:44,172 | INFO |  Resumen: OK=0 | SIN_CUPO=1 | ERROR=0
2026-04-24 09:36:44,172 | INFO | [INFO] Flujo completado.
2026-04-24 09:36:44,172 | INFO |     Duracin final del flujo: 30.86 segundos
2026-04-24 09:36:44,393 | INFO | Navegador cerrado.
2026-04-24 09:36:44,393 | INFO | Pipeline finalizado
2026-04-24 09:36:44,394 | INFO | Log disponible en: C:\Users\fserrano\Desktop\ARMAS-GADSO-1.0\logs\20260424_093600\logs_w1\run_20260424_093600.log
