2026-04-01 00:21:05,482 | INFO | Iniciando pipeline ARMAS-GADSO
2026-04-01 00:21:05,482 | INFO | Modo: scheduled
2026-04-01 00:21:05,482 | INFO | Excel: C:\Users\fserrano\Desktop\ARMAS-GADSO-1.0\logs\.tmp_multihilo_flow_20260401_002105\worker_2_batch_1_idxs_1.xlsx
2026-04-01 00:21:11,541 | INFO | [INFO] INICIANDO SCRIPT SEL - Login Automtico
2026-04-01 00:21:11,541 | INFO | [INFO] PERSISTENT_SESSION activado - navegador se reutilizará entre grupos sin cerrarse
2026-04-01 00:21:12,227 | INFO |    -> Registros con estado 'PENDIENTE': 1
2026-04-01 00:21:12,228 | INFO |    -> Validando fecha de hoy: 01/04/2026
2026-04-01 00:21:12,230 | INFO |    -> Registros despus de filtrar por fecha: 1 (filtrados: 0)
2026-04-01 00:21:12,234 | INFO |  Registros pendientes a procesar: 1
2026-04-01 00:21:12,234 | INFO |  Procesando grupo RUC JV - Registros: 1
2026-04-01 00:21:12,234 | INFO | [INFO] Intento login 1/12 para grupo JV
2026-04-01 00:21:12,235 | INFO | [TILE] Args launch: --window-size=754,468 --window-position=776,6
2026-04-01 00:21:12,235 | INFO | [TILE] Lanzando Chromium con args: ['--disable-infobars', '--window-size=754,468', '--window-position=776,6']
2026-04-01 00:21:13,875 | INFO | [TILE] Geometría aplicada -> xy=(776,6) wh=(754,468) screen_cfg=1536x960 screen_js=1536x912 outer_js=755x470
2026-04-01 00:21:15,547 | INFO | [INFO] Pagina de login cargada
2026-04-01 00:21:15,813 | INFO | [INFO] Pestaña 'Autenticación Tradicional' seleccionada
2026-04-01 00:21:18,370 | INFO | [INFO] Credenciales llenadas para grupo JV
2026-04-01 00:21:18,370 | INFO |  OCR CAPTCHA: intento interno 1/6...
2026-04-01 00:21:19,947 | ERROR | C:\Users\fserrano\AppData\Local\Programs\Python\Python314\Lib\site-packages\torch\utils\data\dataloader.py:775: UserWarning: 'pin_memory' argument is set as true but no accelerator is found, then device pinned memory won't be used.
2026-04-01 00:21:19,947 | ERROR |   super().__init__(loader)
2026-04-01 00:21:20,146 | INFO |    -> Variante 0, Decoder greedy: '1TVHB' -> '1TVHB' [INFO]
2026-04-01 00:21:20,146 | INFO |    [INFO] CAPTCHA vlido -> Usando: 1TVHB
2026-04-01 00:21:20,228 | INFO | [INFO] Captcha automatico: 1TVHB
2026-04-01 00:21:20,228 | INFO | [INFO] Enviando login...
2026-04-01 00:21:20,792 | INFO | [INFO] Validando acceso...
2026-04-01 00:21:20,792 | INFO | [INFO] Acceso exitoso
2026-04-01 00:21:20,792 | INFO |    -> URL: https://www.sucamec.gob.pe/sel/faces/aplicacion/inicio.xhtml
2026-04-01 00:21:20,792 | INFO | [INFO] Tiempo total login: 8.56 segundos
2026-04-01 00:21:20,792 | INFO |  Navegando a CITAS -> RESERVAS DE CITAS...
2026-04-01 00:21:21,864 | INFO |     Fast-path: click directo en 'RESERVAS DE CITAS' (menuid 7_1)
2026-04-01 00:21:23,680 | INFO | [INFO] Navegacin completada (fast-path) -> URL: https://www.sucamec.gob.pe/sel/faces/aplicacion/inicio.xhtml
2026-04-01 00:21:23,680 | INFO |  Seleccionando tipo de cita: EXAMEN PARA POLGONO DE TIRO...
2026-04-01 00:21:24,075 | INFO |    [INFO] Tipo de cita seleccionado: EXAMEN PARA POLÍGONO DE TIRO
2026-04-01 00:21:24,076 | INFO | -------- JV Registro iterativo 1 (idx=1, prioridad=alta, intento=1, en_cola=0) --------
2026-04-01 00:21:24,961 | INFO |  Registro tomado desde Excel:
2026-04-01 00:21:24,961 | INFO |    - id_registro: 2
2026-04-01 00:21:24,961 | INFO |    - sede: LIMA
2026-04-01 00:21:24,962 | INFO |    - fecha: 22/04/2026
2026-04-01 00:21:24,962 | INFO |    - hora_rango: 09:00-09:15
2026-04-01 00:21:24,962 | INFO |    - tipo_operacion: RENOVACIÓN DE LICENCIA DE USO
2026-04-01 00:21:24,962 | INFO |    - doc_vigilante: 43440164
2026-04-01 00:21:24,962 | INFO |    - nro_solicitud: 068399-0
2026-04-01 00:21:24,962 | INFO |    - fecha_programacion: 01/04/2026
2026-04-01 00:21:24,962 | INFO |    - ruc: J & V Resguardo
2026-04-01 00:21:24,962 | INFO |    - prioridad: alta
2026-04-01 00:21:24,962 | INFO |    - siguiente_mismo_doc_y_fecha: False
2026-04-01 00:21:24,962 | INFO |    - indices_relacionados_excel: [1]
2026-04-01 00:21:24,962 | INFO |    - tipo_arma (excel): ['CORTA']
2026-04-01 00:21:24,962 | INFO |    - arma (excel): ['PISTOLA']
2026-04-01 00:21:24,963 | INFO |    - objetivos_arma: [('CORTA', 'PISTOLA')]
2026-04-01 00:21:24,963 | INFO |    - tipos_arma_objetivo: ['CORTA']
2026-04-01 00:21:24,971 | INFO |  Completando Reserva de Cupos con datos del Excel...
2026-04-01 00:21:25,477 | INFO |    [INFO] Sede seleccionado: LIMA
2026-04-01 00:21:26,652 | INFO |    [INFO] Fecha seleccionado: 22/04/2026
2026-04-01 00:21:26,652 | INFO |  Buscando hora en tabla: 09:00-09:15
2026-04-01 00:21:27,410 | INFO |    [INFO] Estrategia horario: vecinos inmediatos (inferior/superior)
2026-04-01 00:21:27,860 | INFO |    [INFO] Click en botn 'Limpiar' por falta de cupos
2026-04-01 00:21:28,823 | INFO | [WARNING] Error en registro idx=1: No hay cupos en horarios candidatos. Objetivo: 09:00-09:15 | Candidatos: 08:45-09:00(0), 09:15-09:30(0)
2026-04-01 00:21:28,855 | INFO |    📝 Excel actualizado: observaciones='No alcanzo cupo para horario 09:00-09:15' en 1 fila(s)
2026-04-01 00:21:28,855 | INFO | [INFO] Registro idx=1 marcado como terminal 'SIN_CUPO' tras 1 confirmaciones
2026-04-01 00:21:29,104 | INFO |    [INFO] Click en 'Limpiar' (recuperación por error)
2026-04-01 00:21:30,105 | INFO | [DEBUG] PERSISTENT_SESSION: cerrando contexto anterior para siguiente grupo
2026-04-01 00:21:30,143 | INFO |  Tiempo total del flujo: 18.60 segundos
2026-04-01 00:21:30,143 | INFO |  Resumen: OK=0 | SIN_CUPO=1 | ERROR=0
2026-04-01 00:21:30,144 | INFO | [INFO] Flujo completado.
2026-04-01 00:21:30,144 | INFO |     Duracin final del flujo: 18.60 segundos
2026-04-01 00:21:31,395 | INFO | Navegador cerrado.
2026-04-01 00:21:31,395 | INFO | Pipeline finalizado
2026-04-01 00:21:31,396 | INFO | Log disponible en: C:\Users\fserrano\Desktop\ARMAS-GADSO-1.0\logs\.tmp_multihilo_flow_20260401_002105\logs_w2\run_20260401_002105.log
