2026-04-17 00:00:05,873 | INFO | Iniciando pipeline ARMAS-GADSO
2026-04-17 00:00:05,873 | INFO | Modo: scheduled
2026-04-17 00:00:05,873 | INFO | Excel: C:\Users\fserrano\Desktop\ARMAS-GADSO-1.0\logs\.tmp_multihilo_flow_20260417_000005\worker_3_batch_1_idxs_2.xlsx
2026-04-17 00:00:11,094 | INFO | [INFO] INICIANDO SCRIPT SEL - Login Automtico
2026-04-17 00:00:11,094 | INFO | [INFO] PERSISTENT_SESSION activado - navegador se reutilizará entre grupos sin cerrarse
2026-04-17 00:00:13,448 | INFO |    -> Registros con estado 'PENDIENTE': 1
2026-04-17 00:00:13,448 | INFO |    -> Validando fecha de hoy: 17/04/2026
2026-04-17 00:00:13,450 | INFO |    -> Registros despus de filtrar por fecha: 1 (filtrados: 0)
2026-04-17 00:00:13,453 | INFO |  Registros pendientes a procesar: 1
2026-04-17 00:00:13,454 | INFO |  Procesando grupo RUC JV - Registros: 1
2026-04-17 00:00:13,454 | INFO | [INFO] Intento login 1/12 para grupo JV
2026-04-17 00:00:13,454 | INFO | [TILE] Args launch: --window-size=754,468 --window-position=6,486
2026-04-17 00:00:13,454 | INFO | [TILE] Lanzando Chromium con args: ['--disable-infobars', '--window-size=754,468', '--window-position=6,486']
2026-04-17 00:00:15,782 | INFO | [TILE] Geometría aplicada -> xy=(6,486) wh=(754,468) screen_cfg=1536x960 screen_js=1536x912 outer_js=755x470
2026-04-17 00:00:17,372 | INFO | [INFO] Pagina de login cargada
2026-04-17 00:00:17,714 | INFO | [INFO] Pestaña 'Autenticación Tradicional' seleccionada
2026-04-17 00:00:19,778 | INFO | [INFO] Credenciales llenadas para grupo JV
2026-04-17 00:00:19,779 | INFO |  OCR CAPTCHA: intento interno 1/6...
2026-04-17 00:00:21,651 | ERROR | C:\Users\fserrano\AppData\Local\Programs\Python\Python314\Lib\site-packages\torch\utils\data\dataloader.py:775: UserWarning: 'pin_memory' argument is set as true but no accelerator is found, then device pinned memory won't be used.
2026-04-17 00:00:21,651 | ERROR |   super().__init__(loader)
2026-04-17 00:00:21,827 | INFO |    -> Variante 0, Decoder greedy: 'KLI KD' -> 'KLIKD' [INFO]
2026-04-17 00:00:21,827 | INFO |    [INFO] CAPTCHA vlido -> Usando: KLIKD
2026-04-17 00:00:21,961 | INFO | [INFO] Captcha automatico: KLIKD
2026-04-17 00:00:21,961 | INFO | [INFO] Enviando login...
2026-04-17 00:00:22,769 | INFO | [INFO] Validando acceso...
2026-04-17 00:00:22,769 | INFO | [INFO] Acceso exitoso
2026-04-17 00:00:22,769 | INFO |    -> URL: https://www.sucamec.gob.pe/sel/faces/aplicacion/inicio.xhtml
2026-04-17 00:00:22,769 | INFO | [INFO] Tiempo total login: 9.32 segundos
2026-04-17 00:00:22,770 | INFO |  Navegando a CITAS -> RESERVAS DE CITAS...
2026-04-17 00:00:24,207 | INFO |     Fast-path: click directo en 'RESERVAS DE CITAS' (menuid 7_1)
2026-04-17 00:00:26,398 | INFO | [INFO] Navegacin completada (fast-path) -> URL: https://www.sucamec.gob.pe/sel/faces/aplicacion/inicio.xhtml
2026-04-17 00:00:26,398 | INFO |  Seleccionando tipo de cita: EXAMEN PARA POLGONO DE TIRO...
2026-04-17 00:00:26,806 | INFO |    [INFO] Tipo de cita seleccionado: EXAMEN PARA POLÍGONO DE TIRO
2026-04-17 00:00:26,806 | INFO | -------- JV Registro iterativo 1 (idx=2, prioridad=alta, intento=1, en_cola=0) --------
2026-04-17 00:00:27,686 | INFO |  Registro tomado desde Excel:
2026-04-17 00:00:27,686 | INFO |    - id_registro: 3
2026-04-17 00:00:27,687 | INFO |    - sede: LIMA
2026-04-17 00:00:27,687 | INFO |    - fecha: 08/05/2026
2026-04-17 00:00:27,687 | INFO |    - hora_rango: 11:45-12:00
2026-04-17 00:00:27,687 | INFO |    - tipo_operacion: RENOVACION DE LICENCIA DE USO
2026-04-17 00:00:27,687 | INFO |    - doc_vigilante: 45759844
2026-04-17 00:00:27,687 | INFO |    - nro_solicitud: 085709-0
2026-04-17 00:00:27,687 | INFO |    - fecha_programacion: 17/04/2026
2026-04-17 00:00:27,687 | INFO |    - ruc: J & V Resguardo
2026-04-17 00:00:27,687 | INFO |    - prioridad: alta
2026-04-17 00:00:27,687 | INFO |    - siguiente_mismo_doc_y_fecha: False
2026-04-17 00:00:27,687 | INFO |    - indices_relacionados_excel: [2]
2026-04-17 00:00:27,687 | INFO |    - tipo_arma (excel): ['CORTA']
2026-04-17 00:00:27,687 | INFO |    - arma (excel): ['PISTOLA']
2026-04-17 00:00:27,687 | INFO |    - objetivos_arma: [('CORTA', 'PISTOLA')]
2026-04-17 00:00:27,687 | INFO |    - tipos_arma_objetivo: ['CORTA']
2026-04-17 00:00:27,694 | INFO |  Completando Reserva de Cupos con datos del Excel...
2026-04-17 00:00:28,092 | INFO |    [INFO] Sede seleccionado: LIMA
2026-04-17 00:00:29,188 | INFO |    [INFO] Fecha seleccionado: 08/05/2026
2026-04-17 00:00:29,188 | INFO |  Buscando hora en tabla: 11:45-12:00
2026-04-17 00:00:29,847 | INFO |    [INFO] Estrategia horario: prioridad a hora exacta del Excel
2026-04-17 00:00:30,152 | INFO |    [INFO] Hora seleccionada: 11:45-12:00 (Cupos Libres=3)
2026-04-17 00:00:30,190 | INFO |    [INFO] Click en botn 'Siguiente'
2026-04-17 00:00:30,190 | INFO |  Completando Paso 2 con datos del Excel...
2026-04-17 00:00:31,374 | INFO |    [INFO] Tipo Operacin seleccionado: RENOVACIÓN DE LICENCIA DE USO
2026-04-17 00:00:33,540 | INFO |    [INFO] Documento vigilante seleccionado: 45759844
2026-04-17 00:00:34,247 | INFO |    [INFO] Seleccione Solicitud: SI
2026-04-17 00:00:36,529 | INFO |    [INFO] Nro Solicitud seleccionado: TUPA 2022 PA3400C730 - NRO EMPOCE: 85709 - FECHA REGISTRO: 14/04/2026
2026-04-17 00:00:37,562 | INFO |  Completando tabla de tipos de arma (Fase 2)...
2026-04-17 00:00:41,731 | INFO |    [INFO] CORTA: PISTOLA
2026-04-17 00:00:42,106 | INFO |    [INFO] Click en botn 'Siguiente' de Fase 2 (botonSiguiente3)
2026-04-17 00:00:50,886 | INFO |  Completando Fase 3 (Resumen de cita)...
2026-04-17 00:00:50,889 | INFO |  OCR CAPTCHA Fase 3: intento interno 1/∞...
2026-04-17 00:00:52,232 | ERROR | C:\Users\fserrano\AppData\Local\Programs\Python\Python314\Lib\site-packages\torch\utils\data\dataloader.py:775: UserWarning: 'pin_memory' argument is set as true but no accelerator is found, then device pinned memory won't be used.
2026-04-17 00:00:52,232 | ERROR |   super().__init__(loader)
2026-04-17 00:00:52,275 | INFO |    -> Variante 0, Decoder greedy: 'H7NSD' -> 'H7NSD' [INFO]
2026-04-17 00:00:52,275 | INFO |    [INFO] CAPTCHA vlido -> Usando: H7NSD
2026-04-17 00:00:52,329 | INFO |    [INFO] CAPTCHA Fase 3 escrito: H7NSD
2026-04-17 00:00:52,563 | INFO |    [INFO] Trminos y condiciones marcados
2026-04-17 00:00:53,547 | INFO |  Paso final opcional: Generar Cita (reintento rpido)
2026-04-17 00:00:53,551 | INFO |     Intento generar cita 1/5
2026-04-17 00:00:57,131 | INFO |    [INFO] Sin señal clara tras click en 'Generar Cita'. Aplicando ventana extra de confirmación (2.50s)...
2026-04-17 00:00:58,504 | INFO |    [INFO] Generar Cita confirmado en 4.95s
2026-04-17 00:00:58,504 | INFO |    -> URL: https://www.sucamec.gob.pe/sel/faces/aplicacion/inicio.xhtml
2026-04-17 00:00:58,525 | INFO |    [INFO] Excel actualizado: estado='Cita Programada' en 1 fila(s)
2026-04-17 00:00:58,761 | INFO |    [INFO] Click en 'Limpiar' (fin de flujo)
2026-04-17 00:00:58,761 | INFO | [DEBUG] PERSISTENT_SESSION: cerrando contexto anterior para siguiente grupo
2026-04-17 00:00:58,787 | INFO |  Tiempo total del flujo: 47.69 segundos
2026-04-17 00:00:58,787 | INFO |  Resumen: OK=1 | SIN_CUPO=0 | ERROR=0
2026-04-17 00:00:58,787 | INFO | [INFO] Flujo completado.
2026-04-17 00:00:58,788 | INFO |     Duracin final del flujo: 47.69 segundos
2026-04-17 00:00:59,093 | INFO | Navegador cerrado.
2026-04-17 00:00:59,093 | INFO | Pipeline finalizado
2026-04-17 00:00:59,093 | INFO | Log disponible en: C:\Users\fserrano\Desktop\ARMAS-GADSO-1.0\logs\.tmp_multihilo_flow_20260417_000005\logs_w3\run_20260417_000005.log
