2026-04-28 12:04:55,176 | INFO | Iniciando pipeline ARMAS-GADSO
2026-04-28 12:04:55,176 | INFO | Modo: scheduled
2026-04-28 12:04:55,176 | INFO | Excel: C:\Users\fserrano\Desktop\ARMAS-GADSO-1.0\logs\20260428_120448\worker_1_batch_1_idxs_0.xlsx
2026-04-28 12:04:55,176 | INFO | Screenshots: C:\Users\fserrano\Desktop\ARMAS-GADSO-1.0\screenshots\20260428_120448\screenshots_w1
2026-04-28 12:05:00,720 | INFO | [INFO] OCR (easyocr) cargado correctamente | langs=['en'] | gpu=False
2026-04-28 12:05:00,753 | INFO | [INFO] INICIANDO SCRIPT SEL - Login Automtico
2026-04-28 12:05:00,754 | INFO | [INFO] PERSISTENT_SESSION activado - navegador se reutilizara entre grupos sin cerrarse
2026-04-28 12:05:01,324 | INFO |    -> Registros con estado 'PENDIENTE': 1
2026-04-28 12:05:01,324 | INFO |    -> Validando fecha de hoy: 28/04/2026
2026-04-28 12:05:01,325 | INFO |    -> Registros despues de filtrar por fecha: 1 (filtrados: 0)
2026-04-28 12:05:01,328 | INFO |  Registros pendientes a procesar: 1
2026-04-28 12:05:01,328 | INFO |  Procesando grupo RUC JV - Registros: 1
2026-04-28 12:05:01,328 | INFO | [INFO] Intento login 1/12 para grupo JV
2026-04-28 12:05:01,328 | INFO | [TILE] Lanzando Chromium con args: ['--disable-infobars', '--window-size=1366,900', '--window-position=0,0']
2026-04-28 12:05:04,577 | INFO | [INFO] Pagina de login cargada
2026-04-28 12:05:04,980 | INFO | [INFO] Pestaña 'Autenticación Tradicional' seleccionada
2026-04-28 12:05:07,161 | INFO | [INFO] Credenciales llenadas para grupo JV
2026-04-28 12:05:07,161 | INFO |  OCR CAPTCHA: intento interno 1/6...
2026-04-28 12:05:08,254 | ERROR | C:\Users\fserrano\AppData\Local\Programs\Python\Python314\Lib\site-packages\torch\utils\data\dataloader.py:775: UserWarning: 'pin_memory' argument is set as true but no accelerator is found, then device pinned memory won't be used.
2026-04-28 12:05:08,254 | ERROR |   super().__init__(loader)
2026-04-28 12:05:08,295 | INFO |    -> Variante 0, Decoder greedy: '6WAY' -> '6WAY' (len=4) [WARNING]
2026-04-28 12:05:08,992 | INFO |    -> Variante 0, Decoder beamsearch: '6WAY' -> '6WAY' (len=4) [WARNING]
2026-04-28 12:05:09,406 | INFO |    -> Variante 1, Decoder greedy: '6WAY' -> '6WAY' (len=4) [WARNING]
2026-04-28 12:05:09,845 | INFO |    -> Variante 1, Decoder beamsearch: '6WAY' -> '6WAY' (len=4) [WARNING]
2026-04-28 12:05:10,919 | INFO |    -> Variante 2, Decoder greedy: '6WAY' -> '6WAY' (len=4) [WARNING]
2026-04-28 12:05:11,836 | INFO |    -> Variante 2, Decoder beamsearch: '6WAY' -> '6WAY' (len=4) [WARNING]
2026-04-28 12:05:11,836 | INFO |    [WARNING] Ninguna combinacion dio resultado -> Refrescando CAPTCHA...
2026-04-28 12:05:11,836 | INFO | -------------------------------------------
2026-04-28 12:05:12,383 | INFO |  OCR CAPTCHA: intento interno 2/6...
2026-04-28 12:05:13,494 | INFO |    -> Variante 0, Decoder greedy: 'KYTJX' -> 'KYTJX' [INFO]
2026-04-28 12:05:13,495 | INFO |    [INFO] CAPTCHA valido -> Usando: KYTJX
2026-04-28 12:05:13,581 | INFO | [INFO] Captcha automatico: KYTJX
2026-04-28 12:05:13,581 | INFO | [INFO] Enviando login...
2026-04-28 12:05:14,186 | INFO | [INFO] Validando acceso...
2026-04-28 12:05:14,186 | INFO | [INFO] Acceso exitoso
2026-04-28 12:05:14,186 | INFO |    -> URL: https://www.sucamec.gob.pe/sel/faces/aplicacion/inicio.xhtml
2026-04-28 12:05:14,186 | INFO | [INFO] Tiempo total login: 9.61 segundos
2026-04-28 12:05:14,186 | INFO |  Navegando a RESERVAS DE CITAS...
2026-04-28 12:05:17,600 | INFO |    [INFO] Menu CITAS expandido
2026-04-28 12:05:19,931 | INFO |    [INFO] Click en 'RESERVAS DE CITAS'
2026-04-28 12:05:19,931 | INFO |  Seleccionando tipo de cita: EXAMEN PARA POLIGONO DE TIRO
2026-04-28 12:05:20,416 | INFO |    [INFO] Tipo de cita seleccionado: EXAMEN PARA POLÍGONO DE TIRO
2026-04-28 12:05:20,416 | INFO | -------- JV Registro iterativo 1 (idx=0, prioridad=alta, intento=1, en_cola=0) --------
2026-04-28 12:05:20,685 | INFO |  Registro tomado desde Excel:
2026-04-28 12:05:20,685 | INFO |    - id_registro: 1
2026-04-28 12:05:20,685 | INFO |    - sede: LIMA
2026-04-28 12:05:20,685 | INFO |    - fecha: 19/05/2026
2026-04-28 12:05:20,686 | INFO |    - hora_rango: 12:00-12:15
2026-04-28 12:05:20,686 | INFO |    - tipo_operacion: RENOVACION DE LICENCIA DE USO
2026-04-28 12:05:20,686 | INFO |    - doc_vigilante: 40598949
2026-04-28 12:05:20,686 | INFO |    - nro_solicitud: 052333-0
2026-04-28 12:05:20,686 | INFO |    - fecha_programacion: 28/04/2026
2026-04-28 12:05:20,686 | INFO |    - ruc: J & V Resguardo
2026-04-28 12:05:20,686 | INFO |    - prioridad: alta
2026-04-28 12:05:20,686 | INFO |    - siguiente_mismo_doc_y_fecha: False
2026-04-28 12:05:20,686 | INFO |    - indices_relacionados_excel: [0]
2026-04-28 12:05:20,686 | INFO |    - tipo_arma (excel): ['CORTA']
2026-04-28 12:05:20,686 | INFO |    - arma (excel): ['REVOLVER']
2026-04-28 12:05:20,686 | INFO |    - objetivos_arma: [('CORTA', 'REVOLVER')]
2026-04-28 12:05:20,687 | INFO |    - tipos_arma_objetivo: ['CORTA']
2026-04-28 12:05:20,697 | INFO |  Completando Reserva de Cupos con datos del Excel...
2026-04-28 12:05:21,113 | INFO |    [INFO] Sede seleccionado: LIMA
2026-04-28 12:05:22,235 | INFO |    [INFO] Fecha seleccionado: 19/05/2026
2026-04-28 12:05:22,235 | INFO |  Buscando hora en tabla: 12:00-12:15
2026-04-28 12:05:37,667 | INFO |    [INFO] Screenshot tabla cupos: C:\Users\fserrano\Desktop\ARMAS-GADSO-1.0\screenshots\20260428_120448\screenshots_w1\step_1_reserva_cupos\20260428_120522_tabla_inicial_i1_h12_00-12_15.png
2026-04-28 12:05:37,968 | INFO |    [INFO] Estrategia horario: bloque completo de mediodia (11:45-13:00)
2026-04-28 12:05:38,095 | INFO |    [INFO] Screenshot tabla sin cupo: C:\Users\fserrano\Desktop\ARMAS-GADSO-1.0\screenshots\20260428_120448\screenshots_w1\step_1_reserva_cupos\20260428_120537_sin_cupo_candidatos_0_i1_h12_00-12_15.png
2026-04-28 12:05:38,097 | INFO |    [INFO] Correo Graph diferido [MULTIWORKER_DEFERRED] | attachments=20260428_120522_tabla_inicial_i1_h12_00-12_15.png, 20260428_120537_sin_cupo_candidatos_0_i1_h12_00-12_15.png
2026-04-28 12:05:38,507 | INFO |    [INFO] Click en boton 'Limpiar' por falta de cupos
2026-04-28 12:05:39,440 | INFO | [WARNING] Error en registro idx=0: No hay cupos en horarios candidatos. Objetivo: 12:00-12:15 | Candidatos: 11:45-12:00(0), 12:00-12:15(0), 12:15-12:30(0), 12:30-12:45(0), 12:45-13:00(0)
2026-04-28 12:05:39,468 | INFO |    [INFO] Excel actualizado: observaciones='No alcanzo cupo para horario 12:00-12:15' en 1 fila(s)
2026-04-28 12:05:39,468 | INFO | [INFO] Registro idx=0 marcado como terminal 'SIN_CUPO' tras 1 confirmaciones
2026-04-28 12:05:40,870 | INFO | [INFO] Wizard limpiado para siguiente registro (recuperacion por error)
2026-04-28 12:05:41,871 | INFO | [DEBUG] PERSISTENT_SESSION: cerrando contexto anterior para siguiente grupo
2026-04-28 12:05:41,895 | INFO |  Tiempo total del flujo: 41.14 segundos
2026-04-28 12:05:41,895 | INFO |  Resumen: OK=0 | SIN_CUPO=1 | ERROR=0
2026-04-28 12:05:41,895 | INFO | [INFO] Flujo completado.
2026-04-28 12:05:41,895 | INFO |     Duracin final del flujo: 41.14 segundos
2026-04-28 12:05:42,246 | INFO | Navegador cerrado.
2026-04-28 12:05:42,247 | INFO | Pipeline finalizado
2026-04-28 12:05:42,247 | INFO | Log disponible en: C:\Users\fserrano\Desktop\ARMAS-GADSO-1.0\logs\20260428_120448\logs_w1\run_20260428_120448.log
