2026-04-28 11:58:38,492 | INFO | Iniciando pipeline ARMAS-GADSO
2026-04-28 11:58:38,492 | INFO | Modo: scheduled
2026-04-28 11:58:38,492 | INFO | Excel: C:\Users\fserrano\Desktop\ARMAS-GADSO-1.0\data\programaciones-armas.xlsx
2026-04-28 11:58:38,492 | INFO | Screenshots: C:\Users\fserrano\Desktop\ARMAS-GADSO-1.0\screenshots\20260428_115838
2026-04-28 11:58:45,040 | INFO | [INFO] OCR (easyocr) cargado correctamente | langs=['en'] | gpu=False
2026-04-28 11:58:45,071 | INFO | [INFO] INICIANDO SCRIPT SEL - Login Automtico
2026-04-28 11:58:45,072 | INFO | [INFO] SCHEDULED_MULTIWORKER activado | workers=4 | mode=sticky
2026-04-28 11:58:45,074 | INFO | [INFO] Excel origen multihilo: C:\Users\fserrano\Desktop\ARMAS-GADSO-1.0\data\programaciones-armas.xlsx
2026-04-28 11:58:45,338 | INFO |    -> Registros con estado 'PENDIENTE': 2
2026-04-28 11:58:45,338 | INFO |    -> Validando fecha de hoy: 28/04/2026
2026-04-28 11:58:45,339 | INFO |    -> Registros despues de filtrar por fecha: 2 (filtrados: 0)
2026-04-28 11:58:45,370 | INFO |  Registro tomado desde Excel:
2026-04-28 11:58:45,370 | INFO |    - id_registro: 1
2026-04-28 11:58:45,370 | INFO |    - sede: LIMA
2026-04-28 11:58:45,370 | INFO |    - fecha: 19/05/2026
2026-04-28 11:58:45,370 | INFO |    - hora_rango: 12:00-12:15
2026-04-28 11:58:45,370 | INFO |    - tipo_operacion: RENOVACION DE LICENCIA DE USO
2026-04-28 11:58:45,371 | INFO |    - doc_vigilante: 40598949
2026-04-28 11:58:45,371 | INFO |    - nro_solicitud: 052333-0
2026-04-28 11:58:45,371 | INFO |    - fecha_programacion: 28/04/2026
2026-04-28 11:58:45,371 | INFO |    - ruc: J & V Resguardo
2026-04-28 11:58:45,371 | INFO |    - prioridad: alta
2026-04-28 11:58:45,371 | INFO |    - siguiente_mismo_doc_y_fecha: False
2026-04-28 11:58:45,371 | INFO |    - indices_relacionados_excel: [0]
2026-04-28 11:58:45,371 | INFO |    - tipo_arma (excel): ['CORTA']
2026-04-28 11:58:45,371 | INFO |    - arma (excel): ['REVOLVER']
2026-04-28 11:58:45,371 | INFO |    - objetivos_arma: [('CORTA', 'REVOLVER')]
2026-04-28 11:58:45,371 | INFO |    - tipos_arma_objetivo: ['CORTA']
2026-04-28 11:58:45,385 | INFO |  Registro tomado desde Excel:
2026-04-28 11:58:45,386 | INFO |    - id_registro: 2
2026-04-28 11:58:45,386 | INFO |    - sede: LIMA
2026-04-28 11:58:45,386 | INFO |    - fecha: 19/05/2026
2026-04-28 11:58:45,386 | INFO |    - hora_rango: 12:00-12:15
2026-04-28 11:58:45,386 | INFO |    - tipo_operacion: RENOVACION DE LICENCIA DE USO
2026-04-28 11:58:45,386 | INFO |    - doc_vigilante: 73799884
2026-04-28 11:58:45,386 | INFO |    - nro_solicitud: 037411-0
2026-04-28 11:58:45,386 | INFO |    - fecha_programacion: 28/04/2026
2026-04-28 11:58:45,386 | INFO |    - ruc: J & V Resguardo
2026-04-28 11:58:45,386 | INFO |    - prioridad: alta
2026-04-28 11:58:45,386 | INFO |    - siguiente_mismo_doc_y_fecha: False
2026-04-28 11:58:45,386 | INFO |    - indices_relacionados_excel: [1]
2026-04-28 11:58:45,387 | INFO |    - tipo_arma (excel): ['CORTA']
2026-04-28 11:58:45,387 | INFO |    - arma (excel): ['REVOLVER']
2026-04-28 11:58:45,387 | INFO |    - objetivos_arma: [('CORTA', 'REVOLVER')]
2026-04-28 11:58:45,387 | INFO |    - tipos_arma_objetivo: ['CORTA']
2026-04-28 11:58:45,387 | INFO | [INFO] Unidades multihilo a procesar: 2
2026-04-28 11:58:45,389 | INFO | [INFO][W1] Lote asignado idx=[0]
2026-04-28 11:58:45,389 | INFO | [INFO][W2] Lote asignado idx=[1]
2026-04-28 12:01:08,734 | INFO | [INFO][W1] Lote idx=[0] finalizo OK en 143.27s
2026-04-28 12:01:14,965 | INFO | [INFO][W2] Lote idx=[1] finalizo OK en 149.50s
2026-04-28 12:01:14,967 | INFO | [INFO] Conteo por worker: [1, 1, 0, 0]
2026-04-28 12:01:14,967 | INFO | [INFO] Unidades procesadas: 2/2
2026-04-28 12:01:14,967 | INFO | [INFO] Tiempo total multihilo: 149.58s
2026-04-28 12:01:14,969 | INFO | [INFO] Correo Graph consolidado preparado | sender=fserrano@liderman.com.pe | to=fserrano@liderman.com.pe | cc=tusformatos@liderman.com.pe, fserrano@liderman.com.pe | attachments=20260428_120045_sin_cupo_candidatos_0_i1_h12_00-12_15.png | casos=1 | client_id=d7a40f3a-d0c0-4360-9c49-f4ffe160badb | tenant_id=93649bc8-8277-40ea-ad16-e299bc964aa9 | secret=U6Y8...xcS3
2026-04-28 12:01:16,573 | INFO | [INFO] Correo Graph consolidado enviado [SEND_OK] | sender=fserrano@liderman.com.pe | to=fserrano@liderman.com.pe | cc=tusformatos@liderman.com.pe, fserrano@liderman.com.pe | attachments=20260428_120045_sin_cupo_candidatos_0_i1_h12_00-12_15.png | casos=1
2026-04-28 12:01:16,573 | INFO | [OK] Flujo multihilo scheduled finalizado sin fallos de proceso
2026-04-28 12:01:16,573 | INFO | Pipeline finalizado
2026-04-28 12:01:16,573 | INFO | Log disponible en: C:\Users\fserrano\Desktop\ARMAS-GADSO-1.0\logs\20260428_115838\run_20260428_115838.log
