2026-04-24 16:18:10,136 | INFO | Iniciando pipeline ARMAS-GADSO
2026-04-24 16:18:10,136 | INFO | Modo: scheduled
2026-04-24 16:18:10,136 | INFO | Excel: C:\Users\fserrano\Desktop\ARMAS-GADSO-1.0\logs\20260424_161803\worker_1_batch_1_idxs_0.xlsx
2026-04-24 16:18:10,136 | INFO | Screenshots: C:\Users\fserrano\Desktop\ARMAS-GADSO-1.0\screenshots\20260424_161803\screenshots_w1
2026-04-24 16:18:14,939 | INFO | [INFO] OCR (easyocr) cargado correctamente | langs=['en'] | gpu=False
2026-04-24 16:18:14,967 | INFO | [INFO] INICIANDO SCRIPT SEL - Login Automtico
2026-04-24 16:18:14,967 | INFO | [INFO] PERSISTENT_SESSION activado - navegador se reutilizara entre grupos sin cerrarse
2026-04-24 16:18:15,469 | INFO |    -> Registros con estado 'PENDIENTE': 1
2026-04-24 16:18:15,469 | INFO |    -> Validando fecha de hoy: 24/04/2026
2026-04-24 16:18:15,470 | INFO |    -> Registros despues de filtrar por fecha: 1 (filtrados: 0)
2026-04-24 16:18:15,472 | INFO |  Registros pendientes a procesar: 1
2026-04-24 16:18:15,472 | INFO |  Procesando grupo RUC JV - Registros: 1
2026-04-24 16:18:15,472 | INFO | [INFO] Intento login 1/12 para grupo JV
2026-04-24 16:18:15,472 | INFO | [TILE] Lanzando Chromium con args: ['--disable-infobars', '--start-maximized', '--window-size=1920,1080', '--window-position=0,0']
2026-04-24 16:18:17,505 | INFO | [INFO] Pagina de login cargada
2026-04-24 16:18:17,840 | INFO | [INFO] Pestaña 'Autenticación Tradicional' seleccionada
2026-04-24 16:18:19,894 | INFO | [INFO] Credenciales llenadas para grupo JV
2026-04-24 16:18:19,895 | INFO |  OCR CAPTCHA: intento interno 1/6...
2026-04-24 16:18:20,849 | ERROR | C:\Users\fserrano\AppData\Local\Programs\Python\Python314\Lib\site-packages\torch\utils\data\dataloader.py:775: UserWarning: 'pin_memory' argument is set as true but no accelerator is found, then device pinned memory won't be used.
2026-04-24 16:18:20,849 | ERROR |   super().__init__(loader)
2026-04-24 16:18:20,889 | INFO |    -> Variante 0, Decoder greedy: 'U8K6J' -> 'U8K6J' [INFO]
2026-04-24 16:18:20,889 | INFO |    [INFO] CAPTCHA valido -> Usando: U8K6J
2026-04-24 16:18:20,935 | INFO | [INFO] Captcha automatico: U8K6J
2026-04-24 16:18:20,935 | INFO | [INFO] Enviando login...
2026-04-24 16:18:21,295 | INFO | [INFO] Validando acceso...
2026-04-24 16:18:21,295 | INFO | [INFO] Acceso exitoso
2026-04-24 16:18:21,295 | INFO |    -> URL: https://www.sucamec.gob.pe/sel/faces/aplicacion/inicio.xhtml
2026-04-24 16:18:21,295 | INFO | [INFO] Tiempo total login: 3.79 segundos
2026-04-24 16:18:21,296 | INFO |  Navegando a RESERVAS DE CITAS...
2026-04-24 16:18:22,248 | INFO |    [INFO] Menu CITAS expandido
2026-04-24 16:18:23,565 | INFO |    [INFO] Click en 'RESERVAS DE CITAS'
2026-04-24 16:18:23,565 | INFO |  Seleccionando tipo de cita: EXAMEN PARA POLIGONO DE TIRO
2026-04-24 16:18:24,066 | INFO |    [INFO] Tipo de cita seleccionado: EXAMEN PARA POLÍGONO DE TIRO
2026-04-24 16:18:24,066 | INFO | -------- JV Registro iterativo 1 (idx=0, prioridad=alta, intento=1, en_cola=0) --------
2026-04-24 16:18:24,192 | INFO |  Registro tomado desde Excel:
2026-04-24 16:18:24,192 | INFO |    - id_registro: 1
2026-04-24 16:18:24,192 | INFO |    - sede: JEFATURA ZONAL DE JUNIN
2026-04-24 16:18:24,192 | INFO |    - fecha: 30/04/2026
2026-04-24 16:18:24,192 | INFO |    - hora_rango: 10:00-10:15
2026-04-24 16:18:24,192 | INFO |    - tipo_operacion: INICIAL DE LICENCIA DE USO
2026-04-24 16:18:24,193 | INFO |    - doc_vigilante: 74474128
2026-04-24 16:18:24,193 | INFO |    - nro_solicitud: 085093-0
2026-04-24 16:18:24,193 | INFO |    - fecha_programacion: 24/04/2026
2026-04-24 16:18:24,193 | INFO |    - ruc: J & V Resguardo
2026-04-24 16:18:24,193 | INFO |    - prioridad: alta
2026-04-24 16:18:24,193 | INFO |    - siguiente_mismo_doc_y_fecha: False
2026-04-24 16:18:24,193 | INFO |    - indices_relacionados_excel: [0]
2026-04-24 16:18:24,193 | INFO |    - tipo_arma (excel): ['CORTA']
2026-04-24 16:18:24,193 | INFO |    - arma (excel): ['REVOLVER']
2026-04-24 16:18:24,193 | INFO |    - objetivos_arma: [('CORTA', 'REVOLVER')]
2026-04-24 16:18:24,193 | INFO |    - tipos_arma_objetivo: ['CORTA']
2026-04-24 16:18:24,198 | INFO |  Completando Reserva de Cupos con datos del Excel...
2026-04-24 16:18:24,562 | INFO |    [INFO] Sede seleccionado: JEFATURA ZONAL DE JUNIN
2026-04-24 16:18:25,668 | INFO |    [INFO] Fecha seleccionado: 30/04/2026
2026-04-24 16:18:25,668 | INFO |  Buscando hora en tabla: 10:00-10:15
2026-04-24 16:18:26,031 | INFO |    [INFO] Screenshot tabla cupos: C:\Users\fserrano\Desktop\ARMAS-GADSO-1.0\screenshots\20260424_161803\screenshots_w1\step_1_reserva_cupos\20260424_161825_tabla_inicial_i1_h10_00-10_15.png
2026-04-24 16:18:26,338 | INFO |    [INFO] Estrategia horario: prioridad a hora exacta del Excel
2026-04-24 16:18:26,628 | INFO |    [INFO] Hora seleccionada: 10:00-10:15 (Cupos Libres=1)
2026-04-24 16:18:26,665 | INFO |    [INFO] Click en boton 'Siguiente'
2026-04-24 16:18:26,665 | INFO |  Completando Paso 2 con datos del Excel...
2026-04-24 16:18:27,250 | INFO |    [INFO] Tipo Operacion seleccionado: INICIAL DE LICENCIA DE USO
2026-04-24 16:18:27,250 | INFO |     Flujo INICIAL detectado: primero Tipo de Licencia, luego Documento Vigilante
2026-04-24 16:18:27,696 | INFO |    [INFO] Tipo de Licencia: SEGURIDAD PRIVADA
2026-04-24 16:18:29,204 | INFO |    [INFO] Documento vigilante seleccionado: 74474128
2026-04-24 16:18:29,641 | INFO |    [INFO] Seleccione Solicitud: SI
2026-04-24 16:18:29,641 | INFO |     Flujo INICIAL: tambien se seleccionara Nro Solicitud
2026-04-24 16:18:30,676 | INFO |    [INFO] Screenshot paso 2: C:\Users\fserrano\Desktop\ARMAS-GADSO-1.0\screenshots\20260424_161803\screenshots_w1\step_2_datos_tramite\20260424_161830_nro_solicitud_i1_h10_00-10_15.png
2026-04-24 16:18:31,664 | INFO | [WARNING] Error en registro idx=0: No se encontro Nro Solicitud con token '85093'. Opciones: ['Seleccione']
2026-04-24 16:18:31,664 | INFO | [INFO] Registro idx=0 con causal terminal 'NRO_SOLICITUD' pendiente de confirmacion (1/2). Reencolando...
2026-04-24 16:18:32,293 | INFO | [INFO] Wizard limpiado para siguiente registro (recuperacion por error)
2026-04-24 16:18:33,294 | INFO | -------- JV Registro iterativo 2 (idx=0, prioridad=alta, intento=2, en_cola=0) --------
2026-04-24 16:18:33,329 | INFO |  Registro tomado desde Excel:
2026-04-24 16:18:33,329 | INFO |    - id_registro: 1
2026-04-24 16:18:33,329 | INFO |    - sede: JEFATURA ZONAL DE JUNIN
2026-04-24 16:18:33,329 | INFO |    - fecha: 30/04/2026
2026-04-24 16:18:33,329 | INFO |    - hora_rango: 10:00-10:15
2026-04-24 16:18:33,329 | INFO |    - tipo_operacion: INICIAL DE LICENCIA DE USO
2026-04-24 16:18:33,329 | INFO |    - doc_vigilante: 74474128
2026-04-24 16:18:33,329 | INFO |    - nro_solicitud: 085093-0
2026-04-24 16:18:33,329 | INFO |    - fecha_programacion: 24/04/2026
2026-04-24 16:18:33,329 | INFO |    - ruc: J & V Resguardo
2026-04-24 16:18:33,329 | INFO |    - prioridad: alta
2026-04-24 16:18:33,329 | INFO |    - siguiente_mismo_doc_y_fecha: False
2026-04-24 16:18:33,330 | INFO |    - indices_relacionados_excel: [0]
2026-04-24 16:18:33,330 | INFO |    - tipo_arma (excel): ['CORTA']
2026-04-24 16:18:33,330 | INFO |    - arma (excel): ['REVOLVER']
2026-04-24 16:18:33,330 | INFO |    - objetivos_arma: [('CORTA', 'REVOLVER')]
2026-04-24 16:18:33,330 | INFO |    - tipos_arma_objetivo: ['CORTA']
2026-04-24 16:18:33,334 | INFO |  Completando Reserva de Cupos con datos del Excel...
2026-04-24 16:18:33,697 | INFO |    [INFO] Sede seleccionado: JEFATURA ZONAL DE JUNIN
2026-04-24 16:18:34,826 | INFO |    [INFO] Fecha seleccionado: 30/04/2026
2026-04-24 16:18:34,826 | INFO |  Buscando hora en tabla: 10:00-10:15
2026-04-24 16:18:35,197 | INFO |    [INFO] Screenshot tabla cupos: C:\Users\fserrano\Desktop\ARMAS-GADSO-1.0\screenshots\20260424_161803\screenshots_w1\step_1_reserva_cupos\20260424_161835_tabla_inicial_i1_h10_00-10_15.png
2026-04-24 16:18:35,462 | INFO |    [INFO] Estrategia horario: prioridad a hora exacta del Excel
2026-04-24 16:18:35,746 | INFO |    [INFO] Hora seleccionada: 10:00-10:15 (Cupos Libres=1)
2026-04-24 16:18:35,778 | INFO |    [INFO] Click en boton 'Siguiente'
2026-04-24 16:18:35,778 | INFO |  Completando Paso 2 con datos del Excel...
2026-04-24 16:18:36,359 | INFO |    [INFO] Tipo Operacion seleccionado: INICIAL DE LICENCIA DE USO
2026-04-24 16:18:36,359 | INFO |     Flujo INICIAL detectado: primero Tipo de Licencia, luego Documento Vigilante
2026-04-24 16:18:36,819 | INFO |    [INFO] Tipo de Licencia: SEGURIDAD PRIVADA
2026-04-24 16:18:38,356 | INFO |    [INFO] Documento vigilante seleccionado: 74474128
2026-04-24 16:18:38,810 | INFO |    [INFO] Seleccione Solicitud: SI
2026-04-24 16:18:38,810 | INFO |     Flujo INICIAL: tambien se seleccionara Nro Solicitud
2026-04-24 16:18:39,332 | INFO |    [INFO] Screenshot paso 2: C:\Users\fserrano\Desktop\ARMAS-GADSO-1.0\screenshots\20260424_161803\screenshots_w1\step_2_datos_tramite\20260424_161839_nro_solicitud_i1_h10_00-10_15.png
2026-04-24 16:18:40,290 | INFO | [WARNING] Error en registro idx=0: No se encontro Nro Solicitud con token '85093'. Opciones: ['Seleccione']
2026-04-24 16:18:40,304 | INFO |    [INFO] Excel actualizado: observaciones='No se encontró Nro Solicitud/Código de pago para token de 085093-0' en 1 fila(s)
2026-04-24 16:18:40,304 | INFO | [INFO] Registro idx=0 marcado como terminal 'NRO_SOLICITUD' tras 2 confirmaciones
2026-04-24 16:18:40,943 | INFO | [INFO] Wizard limpiado para siguiente registro (recuperacion por error)
2026-04-24 16:18:41,944 | INFO | [DEBUG] PERSISTENT_SESSION: cerrando contexto anterior para siguiente grupo
2026-04-24 16:18:41,970 | INFO |  Tiempo total del flujo: 27.00 segundos
2026-04-24 16:18:41,971 | INFO |  Resumen: OK=0 | SIN_CUPO=0 | ERROR=1
2026-04-24 16:18:41,971 | INFO | [INFO] Flujo completado.
2026-04-24 16:18:41,971 | INFO |     Duracin final del flujo: 27.00 segundos
2026-04-24 16:18:42,287 | INFO | Navegador cerrado.
2026-04-24 16:18:42,288 | INFO | Pipeline finalizado
2026-04-24 16:18:42,288 | INFO | Log disponible en: C:\Users\fserrano\Desktop\ARMAS-GADSO-1.0\logs\20260424_161803\logs_w1\run_20260424_161803.log
