2026-04-17 00:01:57,982 | INFO | Iniciando pipeline ARMAS-GADSO
2026-04-17 00:01:57,982 | INFO | Modo: scheduled
2026-04-17 00:01:57,982 | INFO | Excel: C:\Users\fserrano\Desktop\ARMAS-GADSO-1.0\logs\.tmp_multihilo_flow_20260417_000157\worker_2_batch_1_idxs_1.xlsx
2026-04-17 00:02:03,628 | INFO | [INFO] INICIANDO SCRIPT SEL - Login Automtico
2026-04-17 00:02:03,628 | INFO | [INFO] PERSISTENT_SESSION activado - navegador se reutilizará entre grupos sin cerrarse
2026-04-17 00:02:04,526 | INFO |    -> Registros con estado 'PENDIENTE': 1
2026-04-17 00:02:04,526 | INFO |    -> Validando fecha de hoy: 17/04/2026
2026-04-17 00:02:04,529 | INFO |    -> Registros despus de filtrar por fecha: 1 (filtrados: 0)
2026-04-17 00:02:04,532 | INFO |  Registros pendientes a procesar: 1
2026-04-17 00:02:04,533 | INFO |  Procesando grupo RUC JV - Registros: 1
2026-04-17 00:02:04,533 | INFO | [INFO] Intento login 1/12 para grupo JV
2026-04-17 00:02:04,533 | INFO | [TILE] Args launch: --window-size=754,468 --window-position=776,6
2026-04-17 00:02:04,533 | INFO | [TILE] Lanzando Chromium con args: ['--disable-infobars', '--window-size=754,468', '--window-position=776,6']
2026-04-17 00:02:06,021 | INFO | [TILE] Geometría aplicada -> xy=(776,6) wh=(754,468) screen_cfg=1536x960 screen_js=1536x912 outer_js=755x470
2026-04-17 00:02:07,524 | INFO | [INFO] Pagina de login cargada
2026-04-17 00:02:07,917 | INFO | [INFO] Pestaña 'Autenticación Tradicional' seleccionada
2026-04-17 00:02:10,625 | INFO | [INFO] Credenciales llenadas para grupo JV
2026-04-17 00:02:10,626 | INFO |  OCR CAPTCHA: intento interno 1/6...
2026-04-17 00:02:11,870 | ERROR | C:\Users\fserrano\AppData\Local\Programs\Python\Python314\Lib\site-packages\torch\utils\data\dataloader.py:775: UserWarning: 'pin_memory' argument is set as true but no accelerator is found, then device pinned memory won't be used.
2026-04-17 00:02:11,870 | ERROR |   super().__init__(loader)
2026-04-17 00:02:12,027 | INFO |    -> Variante 0, Decoder greedy: 'JCWYY' -> 'JCWYY' [INFO]
2026-04-17 00:02:12,027 | INFO |    [INFO] CAPTCHA vlido -> Usando: JCWYY
2026-04-17 00:02:12,099 | INFO | [INFO] Captcha automatico: JCWYY
2026-04-17 00:02:12,099 | INFO | [INFO] Enviando login...
2026-04-17 00:02:12,592 | INFO | [INFO] Validando acceso...
2026-04-17 00:02:12,592 | INFO | [INFO] Acceso exitoso
2026-04-17 00:02:12,592 | INFO |    -> URL: https://www.sucamec.gob.pe/sel/faces/aplicacion/inicio.xhtml
2026-04-17 00:02:12,593 | INFO | [INFO] Tiempo total login: 8.06 segundos
2026-04-17 00:02:12,593 | INFO |  Navegando a CITAS -> RESERVAS DE CITAS...
2026-04-17 00:02:13,839 | INFO |     Fast-path: click directo en 'RESERVAS DE CITAS' (menuid 7_1)
2026-04-17 00:02:15,549 | INFO | [INFO] Navegacin completada (fast-path) -> URL: https://www.sucamec.gob.pe/sel/faces/aplicacion/inicio.xhtml
2026-04-17 00:02:15,549 | INFO |  Seleccionando tipo de cita: EXAMEN PARA POLGONO DE TIRO...
2026-04-17 00:02:15,951 | INFO |    [INFO] Tipo de cita seleccionado: EXAMEN PARA POLÍGONO DE TIRO
2026-04-17 00:02:15,951 | INFO | -------- JV Registro iterativo 1 (idx=1, prioridad=alta, intento=1, en_cola=0) --------
2026-04-17 00:02:16,839 | INFO |  Registro tomado desde Excel:
2026-04-17 00:02:16,839 | INFO |    - id_registro: 2
2026-04-17 00:02:16,839 | INFO |    - sede: LIMA
2026-04-17 00:02:16,839 | INFO |    - fecha: 08/05/2026
2026-04-17 00:02:16,839 | INFO |    - hora_rango: 12:00-12:15
2026-04-17 00:02:16,839 | INFO |    - tipo_operacion: RENOVACION DE LICENCIA DE USO
2026-04-17 00:02:16,839 | INFO |    - doc_vigilante: 00966547
2026-04-17 00:02:16,839 | INFO |    - nro_solicitud: 098412-0
2026-04-17 00:02:16,840 | INFO |    - fecha_programacion: 17/04/2026
2026-04-17 00:02:16,840 | INFO |    - ruc: J & V Resguardo
2026-04-17 00:02:16,840 | INFO |    - prioridad: alta
2026-04-17 00:02:16,840 | INFO |    - siguiente_mismo_doc_y_fecha: False
2026-04-17 00:02:16,840 | INFO |    - indices_relacionados_excel: [1]
2026-04-17 00:02:16,840 | INFO |    - tipo_arma (excel): ['CORTA']
2026-04-17 00:02:16,840 | INFO |    - arma (excel): ['REVOLVER']
2026-04-17 00:02:16,840 | INFO |    - objetivos_arma: [('CORTA', 'REVOLVER')]
2026-04-17 00:02:16,840 | INFO |    - tipos_arma_objetivo: ['CORTA']
2026-04-17 00:02:16,852 | INFO |  Completando Reserva de Cupos con datos del Excel...
2026-04-17 00:02:17,308 | INFO |    [INFO] Sede seleccionado: LIMA
2026-04-17 00:02:18,438 | INFO |    [INFO] Fecha seleccionado: 08/05/2026
2026-04-17 00:02:18,438 | INFO |  Buscando hora en tabla: 12:00-12:15
2026-04-17 00:02:19,923 | INFO |    [INFO] Estrategia horario: prioridad a hora exacta del Excel
2026-04-17 00:02:20,224 | INFO |    [INFO] Hora seleccionada: 12:00-12:15 (Cupos Libres=2)
2026-04-17 00:02:20,510 | INFO |    [INFO] Click en botn 'Siguiente'
2026-04-17 00:02:20,510 | INFO |  Completando Paso 2 con datos del Excel...
2026-04-17 00:02:21,778 | INFO |    [INFO] Tipo Operacin seleccionado: RENOVACIÓN DE LICENCIA DE USO
2026-04-17 00:02:23,588 | INFO |    [INFO] Documento vigilante seleccionado: 00966547
2026-04-17 00:02:24,311 | INFO |    [INFO] Seleccione Solicitud: SI
2026-04-17 00:02:26,384 | INFO | [WARNING] Error en registro idx=1: No se encontró Nro Solicitud con token '98412'. Opciones: ['Seleccione', 'TUPA 2022 PA3400C730 - Nro Empoce: 90784 - Fecha registro: 16/04/2026', 'TUPA 2022 PA3400C730 - Nro Empoce: 90786 - Fecha registro: 15/04/2026', 'TUPA 2022 PA3400C730 - Nro Empoce: 90090 - Fecha registro: 06/04/2026', 'TUPA 2022 PA3400C730 - Nro Empoce: 36850 - Fecha registro: 23/03/2026', 'TUPA 2022 PA3400C730 - Nro Empoce: 31885 - Fecha registro: 26/08/2025', 'TUPA 2022 PA3400C730 - Nro Empoce: 16387 - Fecha registro: 14/07/2025', 'TUPA 2022 PA3400C730 - Nro Empoce: 31822 - Fecha registro: 28/04/2025', 'TUPA 2022 PA3400C730 - Nro Empoce: 46248 - Fecha registro: 20/03/2025']
2026-04-17 00:02:26,385 | INFO | [INFO] Registro idx=1 con causal terminal 'NRO_SOLICITUD' pendiente de confirmación (1/2). Reencolando...
2026-04-17 00:02:35,404 | INFO | -------- JV Registro iterativo 2 (idx=1, prioridad=alta, intento=2, en_cola=0) --------
2026-04-17 00:02:35,460 | INFO |  Registro tomado desde Excel:
2026-04-17 00:02:35,460 | INFO |    - id_registro: 2
2026-04-17 00:02:35,460 | INFO |    - sede: LIMA
2026-04-17 00:02:35,460 | INFO |    - fecha: 08/05/2026
2026-04-17 00:02:35,460 | INFO |    - hora_rango: 12:00-12:15
2026-04-17 00:02:35,460 | INFO |    - tipo_operacion: RENOVACION DE LICENCIA DE USO
2026-04-17 00:02:35,460 | INFO |    - doc_vigilante: 00966547
2026-04-17 00:02:35,460 | INFO |    - nro_solicitud: 098412-0
2026-04-17 00:02:35,460 | INFO |    - fecha_programacion: 17/04/2026
2026-04-17 00:02:35,460 | INFO |    - ruc: J & V Resguardo
2026-04-17 00:02:35,461 | INFO |    - prioridad: alta
2026-04-17 00:02:35,461 | INFO |    - siguiente_mismo_doc_y_fecha: False
2026-04-17 00:02:35,461 | INFO |    - indices_relacionados_excel: [1]
2026-04-17 00:02:35,461 | INFO |    - tipo_arma (excel): ['CORTA']
2026-04-17 00:02:35,461 | INFO |    - arma (excel): ['REVOLVER']
2026-04-17 00:02:35,461 | INFO |    - objetivos_arma: [('CORTA', 'REVOLVER')]
2026-04-17 00:02:35,461 | INFO |    - tipos_arma_objetivo: ['CORTA']
2026-04-17 00:02:35,467 | INFO |  Completando Reserva de Cupos con datos del Excel...
2026-04-17 00:02:48,488 | INFO | [WARNING] Error en registro idx=1: Locator.wait_for: Timeout 12000ms exceeded.
2026-04-17 00:02:48,488 | INFO | Call log:
2026-04-17 00:02:48,488 | INFO |   - waiting for locator("#tabGestion\\:creaCitaPolJurForm\\:sedeId .ui-selectonemenu-trigger") to be visible
2026-04-17 00:02:48,488 | INFO | [INFO] Error transitorio/no clasificado en idx=1. Reencolando (1/4)...
2026-04-17 00:02:57,512 | INFO | -------- JV Registro iterativo 3 (idx=1, prioridad=alta, intento=3, en_cola=0) --------
2026-04-17 00:02:57,554 | INFO |  Registro tomado desde Excel:
2026-04-17 00:02:57,554 | INFO |    - id_registro: 2
2026-04-17 00:02:57,554 | INFO |    - sede: LIMA
2026-04-17 00:02:57,554 | INFO |    - fecha: 08/05/2026
2026-04-17 00:02:57,554 | INFO |    - hora_rango: 12:00-12:15
2026-04-17 00:02:57,554 | INFO |    - tipo_operacion: RENOVACION DE LICENCIA DE USO
2026-04-17 00:02:57,554 | INFO |    - doc_vigilante: 00966547
2026-04-17 00:02:57,554 | INFO |    - nro_solicitud: 098412-0
2026-04-17 00:02:57,554 | INFO |    - fecha_programacion: 17/04/2026
2026-04-17 00:02:57,554 | INFO |    - ruc: J & V Resguardo
2026-04-17 00:02:57,554 | INFO |    - prioridad: alta
2026-04-17 00:02:57,554 | INFO |    - siguiente_mismo_doc_y_fecha: False
2026-04-17 00:02:57,554 | INFO |    - indices_relacionados_excel: [1]
2026-04-17 00:02:57,554 | INFO |    - tipo_arma (excel): ['CORTA']
2026-04-17 00:02:57,554 | INFO |    - arma (excel): ['REVOLVER']
2026-04-17 00:02:57,554 | INFO |    - objetivos_arma: [('CORTA', 'REVOLVER')]
2026-04-17 00:02:57,554 | INFO |    - tipos_arma_objetivo: ['CORTA']
2026-04-17 00:02:57,561 | INFO |  Completando Reserva de Cupos con datos del Excel...
2026-04-17 00:03:10,596 | INFO | [WARNING] Error en registro idx=1: Locator.wait_for: Timeout 12000ms exceeded.
2026-04-17 00:03:10,596 | INFO | Call log:
2026-04-17 00:03:10,596 | INFO |   - waiting for locator("#tabGestion\\:creaCitaPolJurForm\\:sedeId .ui-selectonemenu-trigger") to be visible
2026-04-17 00:03:10,596 | INFO | [INFO] Error transitorio/no clasificado en idx=1. Reencolando (2/4)...
2026-04-17 00:03:19,624 | INFO | -------- JV Registro iterativo 4 (idx=1, prioridad=alta, intento=4, en_cola=0) --------
2026-04-17 00:03:19,771 | INFO |  Registro tomado desde Excel:
2026-04-17 00:03:19,771 | INFO |    - id_registro: 2
2026-04-17 00:03:19,772 | INFO |    - sede: LIMA
2026-04-17 00:03:19,772 | INFO |    - fecha: 08/05/2026
2026-04-17 00:03:19,772 | INFO |    - hora_rango: 12:00-12:15
2026-04-17 00:03:19,773 | INFO |    - tipo_operacion: RENOVACION DE LICENCIA DE USO
2026-04-17 00:03:19,773 | INFO |    - doc_vigilante: 00966547
2026-04-17 00:03:19,773 | INFO |    - nro_solicitud: 098412-0
2026-04-17 00:03:19,773 | INFO |    - fecha_programacion: 17/04/2026
2026-04-17 00:03:19,773 | INFO |    - ruc: J & V Resguardo
2026-04-17 00:03:19,774 | INFO |    - prioridad: alta
2026-04-17 00:03:19,774 | INFO |    - siguiente_mismo_doc_y_fecha: False
2026-04-17 00:03:19,774 | INFO |    - indices_relacionados_excel: [1]
2026-04-17 00:03:19,775 | INFO |    - tipo_arma (excel): ['CORTA']
2026-04-17 00:03:19,775 | INFO |    - arma (excel): ['REVOLVER']
2026-04-17 00:03:19,775 | INFO |    - objetivos_arma: [('CORTA', 'REVOLVER')]
2026-04-17 00:03:19,776 | INFO |    - tipos_arma_objetivo: ['CORTA']
2026-04-17 00:03:19,801 | INFO |  Completando Reserva de Cupos con datos del Excel...
2026-04-17 00:03:32,902 | INFO | [WARNING] Error en registro idx=1: Locator.wait_for: Timeout 12000ms exceeded.
2026-04-17 00:03:32,903 | INFO | Call log:
2026-04-17 00:03:32,903 | INFO |   - waiting for locator("#tabGestion\\:creaCitaPolJurForm\\:sedeId .ui-selectonemenu-trigger") to be visible
2026-04-17 00:03:32,903 | INFO | [INFO] Error transitorio/no clasificado en idx=1. Reencolando (3/4)...
2026-04-17 00:03:41,927 | INFO | -------- JV Registro iterativo 5 (idx=1, prioridad=alta, intento=5, en_cola=0) --------
2026-04-17 00:03:41,996 | INFO |  Registro tomado desde Excel:
2026-04-17 00:03:41,996 | INFO |    - id_registro: 2
2026-04-17 00:03:41,996 | INFO |    - sede: LIMA
2026-04-17 00:03:41,996 | INFO |    - fecha: 08/05/2026
2026-04-17 00:03:41,996 | INFO |    - hora_rango: 12:00-12:15
2026-04-17 00:03:41,996 | INFO |    - tipo_operacion: RENOVACION DE LICENCIA DE USO
2026-04-17 00:03:41,996 | INFO |    - doc_vigilante: 00966547
2026-04-17 00:03:41,996 | INFO |    - nro_solicitud: 098412-0
2026-04-17 00:03:41,996 | INFO |    - fecha_programacion: 17/04/2026
2026-04-17 00:03:41,997 | INFO |    - ruc: J & V Resguardo
2026-04-17 00:03:41,997 | INFO |    - prioridad: alta
2026-04-17 00:03:41,997 | INFO |    - siguiente_mismo_doc_y_fecha: False
2026-04-17 00:03:41,997 | INFO |    - indices_relacionados_excel: [1]
2026-04-17 00:03:41,997 | INFO |    - tipo_arma (excel): ['CORTA']
2026-04-17 00:03:41,997 | INFO |    - arma (excel): ['REVOLVER']
2026-04-17 00:03:41,997 | INFO |    - objetivos_arma: [('CORTA', 'REVOLVER')]
2026-04-17 00:03:41,997 | INFO |    - tipos_arma_objetivo: ['CORTA']
2026-04-17 00:03:42,008 | INFO |  Completando Reserva de Cupos con datos del Excel...
2026-04-17 00:03:51,020 | INFO | 🛑 Registro idx=1 no procesado: la ventana/contexto del navegador fue cerrada.
2026-04-17 00:03:51,020 | INFO |  Ejecucin interrumpida.
2026-04-17 00:03:51,020 | INFO |    -> Motivo: Ventana del navegador cerrada durante procesamiento
2026-04-17 00:03:51,020 | INFO |     Tiempo transcurrido: 107.39 segundos
2026-04-17 00:03:51,021 | INFO |     Resumen parcial: OK=0 | SIN_CUPO=0 | ERROR=0
2026-04-17 00:03:51,417 | INFO | Navegador cerrado.
2026-04-17 00:03:51,418 | INFO | Pipeline finalizado
2026-04-17 00:03:51,418 | INFO | Log disponible en: C:\Users\fserrano\Desktop\ARMAS-GADSO-1.0\logs\.tmp_multihilo_flow_20260417_000157\logs_w2\run_20260417_000157.log
