2026-04-28 10:11:16,487 | INFO | Iniciando pipeline ARMAS-GADSO
2026-04-28 10:11:16,487 | INFO | Modo: scheduled
2026-04-28 10:11:16,488 | INFO | Excel: C:\Users\fserrano\Desktop\ARMAS-GADSO-1.0\logs\20260428_101110\worker_1_batch_1_idxs_0.xlsx
2026-04-28 10:11:16,488 | INFO | Screenshots: C:\Users\fserrano\Desktop\ARMAS-GADSO-1.0\screenshots\20260428_101110\screenshots_w1
2026-04-28 10:11:21,997 | INFO | [INFO] OCR (easyocr) cargado correctamente | langs=['en'] | gpu=False
2026-04-28 10:11:22,028 | INFO | [INFO] INICIANDO SCRIPT SEL - Login Automtico
2026-04-28 10:11:22,028 | INFO | [INFO] PERSISTENT_SESSION activado - navegador se reutilizara entre grupos sin cerrarse
2026-04-28 10:11:22,640 | INFO |    -> Registros con estado 'PENDIENTE': 1
2026-04-28 10:11:22,640 | INFO |    -> Validando fecha de hoy: 28/04/2026
2026-04-28 10:11:22,641 | INFO |    -> Registros despues de filtrar por fecha: 1 (filtrados: 0)
2026-04-28 10:11:22,643 | INFO |  Registros pendientes a procesar: 1
2026-04-28 10:11:22,643 | INFO |  Procesando grupo RUC JV - Registros: 1
2026-04-28 10:11:22,643 | INFO | [INFO] Intento login 1/12 para grupo JV
2026-04-28 10:11:22,643 | INFO | [TILE] Lanzando Chromium con args: ['--disable-infobars', '--window-size=1366,900', '--window-position=0,0']
2026-04-28 10:11:24,610 | INFO | [INFO] Pagina de login cargada
2026-04-28 10:11:25,056 | INFO | [INFO] Pestaña 'Autenticación Tradicional' seleccionada
2026-04-28 10:11:27,372 | INFO | [INFO] Credenciales llenadas para grupo JV
2026-04-28 10:11:27,372 | INFO |  OCR CAPTCHA: intento interno 1/6...
2026-04-28 10:11:28,643 | ERROR | C:\Users\fserrano\AppData\Local\Programs\Python\Python314\Lib\site-packages\torch\utils\data\dataloader.py:775: UserWarning: 'pin_memory' argument is set as true but no accelerator is found, then device pinned memory won't be used.
2026-04-28 10:11:28,643 | ERROR |   super().__init__(loader)
2026-04-28 10:11:28,747 | INFO |    -> Variante 0, Decoder greedy: 'E5 QNF' -> 'E5QNF' [INFO]
2026-04-28 10:11:28,747 | INFO |    [INFO] CAPTCHA valido -> Usando: E5QNF
2026-04-28 10:11:28,892 | INFO | [INFO] Captcha automatico: E5QNF
2026-04-28 10:11:28,893 | INFO | [INFO] Enviando login...
2026-04-28 10:11:29,431 | INFO | [INFO] Validando acceso...
2026-04-28 10:11:29,431 | INFO | [INFO] Acceso exitoso
2026-04-28 10:11:29,431 | INFO |    -> URL: https://www.sucamec.gob.pe/sel/faces/aplicacion/inicio.xhtml
2026-04-28 10:11:29,431 | INFO | [INFO] Tiempo total login: 4.82 segundos
2026-04-28 10:11:29,432 | INFO |  Navegando a RESERVAS DE CITAS...
2026-04-28 10:11:30,427 | INFO |    [INFO] Menu CITAS expandido
2026-04-28 10:11:31,627 | INFO |    [INFO] Click en 'RESERVAS DE CITAS'
2026-04-28 10:11:31,628 | INFO |  Seleccionando tipo de cita: EXAMEN PARA POLIGONO DE TIRO
2026-04-28 10:11:32,100 | INFO |    [INFO] Tipo de cita seleccionado: EXAMEN PARA POLÍGONO DE TIRO
2026-04-28 10:11:32,100 | INFO | -------- JV Registro iterativo 1 (idx=0, prioridad=alta, intento=1, en_cola=0) --------
2026-04-28 10:11:32,351 | INFO |  Registro tomado desde Excel:
2026-04-28 10:11:32,351 | INFO |    - id_registro: 1
2026-04-28 10:11:32,351 | INFO |    - sede: LIMA
2026-04-28 10:11:32,351 | INFO |    - fecha: 19/05/2026
2026-04-28 10:11:32,351 | INFO |    - hora_rango: 12:00-12:15
2026-04-28 10:11:32,351 | INFO |    - tipo_operacion: RENOVACION DE LICENCIA DE USO
2026-04-28 10:11:32,351 | INFO |    - doc_vigilante: 40598949
2026-04-28 10:11:32,351 | INFO |    - nro_solicitud: 052333-0
2026-04-28 10:11:32,352 | INFO |    - fecha_programacion: 28/04/2026
2026-04-28 10:11:32,352 | INFO |    - ruc: J & V Resguardo
2026-04-28 10:11:32,352 | INFO |    - prioridad: alta
2026-04-28 10:11:32,352 | INFO |    - siguiente_mismo_doc_y_fecha: False
2026-04-28 10:11:32,352 | INFO |    - indices_relacionados_excel: [0]
2026-04-28 10:11:32,352 | INFO |    - tipo_arma (excel): ['CORTA']
2026-04-28 10:11:32,352 | INFO |    - arma (excel): ['REVOLVER']
2026-04-28 10:11:32,352 | INFO |    - objetivos_arma: [('CORTA', 'REVOLVER')]
2026-04-28 10:11:32,352 | INFO |    - tipos_arma_objetivo: ['CORTA']
2026-04-28 10:11:32,358 | INFO |  Completando Reserva de Cupos con datos del Excel...
2026-04-28 10:11:32,943 | INFO |    [INFO] Sede seleccionado: LIMA
2026-04-28 10:11:34,077 | INFO |    [INFO] Fecha seleccionado: 19/05/2026
2026-04-28 10:11:34,077 | INFO |  Buscando hora en tabla: 12:00-12:15
2026-04-28 10:11:34,424 | INFO |    [INFO] Screenshot tabla cupos: C:\Users\fserrano\Desktop\ARMAS-GADSO-1.0\screenshots\20260428_101110\screenshots_w1\step_1_reserva_cupos\20260428_101134_tabla_inicial_i1_h12_00-12_15.png
2026-04-28 10:11:34,424 | INFO |    [INFO] Correo Graph preparado | sender=fserrano@liderman.com.pe | to=fserrano@liderman.com.pe | attachment=20260428_101134_tabla_inicial_i1_h12_00-12_15.png | client_id=d7a40f3a-d0c0-4360-9c49-f4ffe160badb | tenant_id=93649bc8-8277-40ea-ad16-e299bc964aa9 | secret=U6Y8...xcS3
2026-04-28 10:11:35,696 | INFO |    [WARNING] Fallo envio Graph [SEND_ACCESS_DENIED] (HTTP 403) | La app autentica, pero no tiene permiso efectivo para enviar. Falta Mail.Send como Application permission, admin consent o autorizacion sobre el buzon. | sender=fserrano@liderman.com.pe | to=fserrano@liderman.com.pe | attachment=20260428_101134_tabla_inicial_i1_h12_00-12_15.png
2026-04-28 10:11:35,696 | INFO |    [WARNING] Fallo envio Graph detalle bruto: {"error":{"code":"ErrorAccessDenied","message":"Access is denied. Check credentials and try again."}}
2026-04-28 10:11:36,005 | INFO |    [INFO] Estrategia horario: bloque completo de mediodia (11:45-13:00)
2026-04-28 10:11:36,130 | INFO |    [INFO] Screenshot tabla sin cupo: C:\Users\fserrano\Desktop\ARMAS-GADSO-1.0\screenshots\20260428_101110\screenshots_w1\step_1_reserva_cupos\20260428_101136_sin_cupo_candidatos_0_i1_h12_00-12_15.png
2026-04-28 10:11:36,526 | INFO |    [INFO] Click en boton 'Limpiar' por falta de cupos
2026-04-28 10:11:37,575 | INFO | [WARNING] Error en registro idx=0: No hay cupos en horarios candidatos. Objetivo: 12:00-12:15 | Candidatos: 11:45-12:00(0), 12:00-12:15(0), 12:15-12:30(0), 12:30-12:45(0), 12:45-13:00(0)
2026-04-28 10:11:37,600 | INFO |    [INFO] Excel actualizado: observaciones='No alcanzo cupo para horario 12:00-12:15' en 1 fila(s)
2026-04-28 10:11:37,600 | INFO | [INFO] Registro idx=0 marcado como terminal 'SIN_CUPO' tras 1 confirmaciones
2026-04-28 10:11:38,163 | INFO | [INFO] Wizard limpiado para siguiente registro (recuperacion por error)
2026-04-28 10:11:39,163 | INFO | [DEBUG] PERSISTENT_SESSION: cerrando contexto anterior para siguiente grupo
2026-04-28 10:11:39,190 | INFO |  Tiempo total del flujo: 17.16 segundos
2026-04-28 10:11:39,190 | INFO |  Resumen: OK=0 | SIN_CUPO=1 | ERROR=0
2026-04-28 10:11:39,190 | INFO | [INFO] Flujo completado.
2026-04-28 10:11:39,190 | INFO |     Duracin final del flujo: 17.16 segundos
2026-04-28 10:11:39,597 | INFO | Navegador cerrado.
2026-04-28 10:11:39,597 | INFO | Pipeline finalizado
2026-04-28 10:11:39,597 | INFO | Log disponible en: C:\Users\fserrano\Desktop\ARMAS-GADSO-1.0\logs\20260428_101110\logs_w1\run_20260428_101110.log
