2026-04-28 11:43:51,882 | INFO | Iniciando pipeline ARMAS-GADSO
2026-04-28 11:43:51,882 | INFO | Modo: scheduled
2026-04-28 11:43:51,882 | INFO | Excel: C:\Users\fserrano\Desktop\ARMAS-GADSO-1.0\logs\20260428_114347\worker_2_batch_1_idxs_1.xlsx
2026-04-28 11:43:51,882 | INFO | Screenshots: C:\Users\fserrano\Desktop\ARMAS-GADSO-1.0\screenshots\20260428_114347\screenshots_w2
2026-04-28 11:43:56,887 | INFO | [INFO] OCR (easyocr) cargado correctamente | langs=['en'] | gpu=False
2026-04-28 11:43:56,911 | INFO | [INFO] INICIANDO SCRIPT SEL - Login Automtico
2026-04-28 11:43:56,911 | INFO | [INFO] PERSISTENT_SESSION activado - navegador se reutilizara entre grupos sin cerrarse
2026-04-28 11:43:57,471 | INFO |    -> Registros con estado 'PENDIENTE': 1
2026-04-28 11:43:57,471 | INFO |    -> Validando fecha de hoy: 28/04/2026
2026-04-28 11:43:57,472 | INFO |    -> Registros despues de filtrar por fecha: 1 (filtrados: 0)
2026-04-28 11:43:57,475 | INFO |  Registros pendientes a procesar: 1
2026-04-28 11:43:57,475 | INFO |  Procesando grupo RUC JV - Registros: 1
2026-04-28 11:43:57,475 | INFO | [INFO] Intento login 1/12 para grupo JV
2026-04-28 11:43:57,475 | INFO | [TILE] Lanzando Chromium con args: ['--disable-infobars', '--window-size=1366,900', '--window-position=0,0']
2026-04-28 11:44:01,359 | INFO | [INFO] Pagina de login cargada
2026-04-28 11:44:01,687 | INFO | [INFO] Pestaña 'Autenticación Tradicional' seleccionada
2026-04-28 11:44:03,678 | INFO | [INFO] Credenciales llenadas para grupo JV
2026-04-28 11:44:03,678 | INFO |  OCR CAPTCHA: intento interno 1/6...
2026-04-28 11:44:04,725 | ERROR | C:\Users\fserrano\AppData\Local\Programs\Python\Python314\Lib\site-packages\torch\utils\data\dataloader.py:775: UserWarning: 'pin_memory' argument is set as true but no accelerator is found, then device pinned memory won't be used.
2026-04-28 11:44:04,725 | ERROR |   super().__init__(loader)
2026-04-28 11:44:04,775 | INFO |    -> Variante 0, Decoder greedy: 'DJL6T' -> 'DJL6T' [INFO]
2026-04-28 11:44:04,776 | INFO |    [INFO] CAPTCHA valido -> Usando: DJL6T
2026-04-28 11:44:04,838 | INFO | [INFO] Captcha automatico: DJL6T
2026-04-28 11:44:04,838 | INFO | [INFO] Enviando login...
2026-04-28 11:44:05,689 | INFO | [INFO] Validando acceso...
2026-04-28 11:44:05,689 | INFO | [INFO] Acceso exitoso
2026-04-28 11:44:05,689 | INFO |    -> URL: https://www.sucamec.gob.pe/sel/faces/aplicacion/inicio.xhtml
2026-04-28 11:44:05,690 | INFO | [INFO] Tiempo total login: 4.33 segundos
2026-04-28 11:44:05,690 | INFO |  Navegando a RESERVAS DE CITAS...
2026-04-28 11:44:08,618 | INFO |    [INFO] Menu CITAS expandido
2026-04-28 11:44:10,241 | INFO |    [INFO] Click en 'RESERVAS DE CITAS'
2026-04-28 11:44:10,241 | INFO |  Seleccionando tipo de cita: EXAMEN PARA POLIGONO DE TIRO
2026-04-28 11:44:10,712 | INFO |    [INFO] Tipo de cita seleccionado: EXAMEN PARA POLÍGONO DE TIRO
2026-04-28 11:44:10,712 | INFO | -------- JV Registro iterativo 1 (idx=1, prioridad=alta, intento=1, en_cola=0) --------
2026-04-28 11:44:11,593 | INFO |  Registro tomado desde Excel:
2026-04-28 11:44:11,593 | INFO |    - id_registro: 2
2026-04-28 11:44:11,593 | INFO |    - sede: LIMA
2026-04-28 11:44:11,593 | INFO |    - fecha: 19/05/2026
2026-04-28 11:44:11,593 | INFO |    - hora_rango: 12:00-12:15
2026-04-28 11:44:11,593 | INFO |    - tipo_operacion: RENOVACION DE LICENCIA DE USO
2026-04-28 11:44:11,593 | INFO |    - doc_vigilante: 73799884
2026-04-28 11:44:11,593 | INFO |    - nro_solicitud: 037411-0
2026-04-28 11:44:11,593 | INFO |    - fecha_programacion: 28/04/2026
2026-04-28 11:44:11,593 | INFO |    - ruc: J & V Resguardo
2026-04-28 11:44:11,593 | INFO |    - prioridad: alta
2026-04-28 11:44:11,593 | INFO |    - siguiente_mismo_doc_y_fecha: False
2026-04-28 11:44:11,593 | INFO |    - indices_relacionados_excel: [1]
2026-04-28 11:44:11,593 | INFO |    - tipo_arma (excel): ['CORTA']
2026-04-28 11:44:11,593 | INFO |    - arma (excel): ['REVOLVER']
2026-04-28 11:44:11,593 | INFO |    - objetivos_arma: [('CORTA', 'REVOLVER')]
2026-04-28 11:44:11,593 | INFO |    - tipos_arma_objetivo: ['CORTA']
2026-04-28 11:44:11,599 | INFO |  Completando Reserva de Cupos con datos del Excel...
2026-04-28 11:44:11,968 | INFO |    [INFO] Sede seleccionado: LIMA
2026-04-28 11:44:13,178 | INFO |    [INFO] Fecha seleccionado: 19/05/2026
2026-04-28 11:44:13,178 | INFO |  Buscando hora en tabla: 12:00-12:15
2026-04-28 11:44:13,507 | INFO |    [INFO] Screenshot tabla cupos: C:\Users\fserrano\Desktop\ARMAS-GADSO-1.0\screenshots\20260428_114347\screenshots_w2\step_1_reserva_cupos\20260428_114413_tabla_inicial_i1_h12_00-12_15.png
2026-04-28 11:44:13,760 | INFO |    [INFO] Estrategia horario: bloque completo de mediodia (11:45-13:00)
2026-04-28 11:44:13,876 | INFO |    [INFO] Screenshot tabla sin cupo: C:\Users\fserrano\Desktop\ARMAS-GADSO-1.0\screenshots\20260428_114347\screenshots_w2\step_1_reserva_cupos\20260428_114413_sin_cupo_candidatos_0_i1_h12_00-12_15.png
2026-04-28 11:44:13,878 | INFO |    [INFO] Correo Graph diferido [MULTIWORKER_DEFERRED] | attachments=20260428_114413_tabla_inicial_i1_h12_00-12_15.png, 20260428_114413_sin_cupo_candidatos_0_i1_h12_00-12_15.png
2026-04-28 11:44:14,276 | INFO |    [INFO] Click en boton 'Limpiar' por falta de cupos
2026-04-28 11:44:15,324 | INFO | [WARNING] Error en registro idx=1: No hay cupos en horarios candidatos. Objetivo: 12:00-12:15 | Candidatos: 11:45-12:00(0), 12:00-12:15(0), 12:15-12:30(0), 12:30-12:45(0), 12:45-13:00(0)
2026-04-28 11:44:15,339 | INFO |    [INFO] Excel actualizado: observaciones='No alcanzo cupo para horario 12:00-12:15' en 1 fila(s)
2026-04-28 11:44:15,339 | INFO | [INFO] Registro idx=1 marcado como terminal 'SIN_CUPO' tras 1 confirmaciones
2026-04-28 11:44:15,916 | INFO | [INFO] Wizard limpiado para siguiente registro (recuperacion por error)
2026-04-28 11:44:16,917 | INFO | [DEBUG] PERSISTENT_SESSION: cerrando contexto anterior para siguiente grupo
2026-04-28 11:44:16,941 | INFO |  Tiempo total del flujo: 20.03 segundos
2026-04-28 11:44:16,941 | INFO |  Resumen: OK=0 | SIN_CUPO=1 | ERROR=0
2026-04-28 11:44:16,941 | INFO | [INFO] Flujo completado.
2026-04-28 11:44:16,941 | INFO |     Duracin final del flujo: 20.03 segundos
2026-04-28 11:44:17,318 | INFO | Navegador cerrado.
2026-04-28 11:44:17,318 | INFO | Pipeline finalizado
2026-04-28 11:44:17,318 | INFO | Log disponible en: C:\Users\fserrano\Desktop\ARMAS-GADSO-1.0\logs\20260428_114347\logs_w2\run_20260428_114347.log
