2026-04-24 00:00:05,779 | INFO | Iniciando pipeline ARMAS-GADSO
2026-04-24 00:00:05,779 | INFO | Modo: scheduled
2026-04-24 00:00:05,779 | INFO | Excel: C:\Users\fserrano\Desktop\ARMAS-GADSO-1.0\logs\.tmp_multihilo_flow_20260424_000005\worker_2_batch_1_idxs_1.xlsx
2026-04-24 00:00:09,998 | INFO | [INFO] INICIANDO SCRIPT SEL - Login Automtico
2026-04-24 00:00:09,999 | INFO | [INFO] PERSISTENT_SESSION activado - navegador se reutilizará entre grupos sin cerrarse
2026-04-24 00:00:11,875 | INFO |    -> Registros con estado 'PENDIENTE': 1
2026-04-24 00:00:11,875 | INFO |    -> Validando fecha de hoy: 24/04/2026
2026-04-24 00:00:11,878 | INFO |    -> Registros despus de filtrar por fecha: 1 (filtrados: 0)
2026-04-24 00:00:11,881 | INFO |  Registros pendientes a procesar: 1
2026-04-24 00:00:11,881 | INFO |  Procesando grupo RUC JV - Registros: 1
2026-04-24 00:00:11,881 | INFO | [INFO] Intento login 1/12 para grupo JV
2026-04-24 00:00:11,881 | INFO | [TILE] Args launch: --window-size=754,468 --window-position=776,6
2026-04-24 00:00:11,881 | INFO | [TILE] Lanzando Chromium con args: ['--disable-infobars', '--window-size=754,468', '--window-position=776,6']
2026-04-24 00:00:13,410 | INFO | [TILE] Geometría aplicada -> xy=(776,6) wh=(754,468) screen_cfg=1536x960 screen_js=1536x912 outer_js=755x470
2026-04-24 00:00:14,672 | INFO | [INFO] Pagina de login cargada
2026-04-24 00:00:15,010 | INFO | [INFO] Pestaña 'Autenticación Tradicional' seleccionada
2026-04-24 00:00:17,221 | INFO | [INFO] Credenciales llenadas para grupo JV
2026-04-24 00:00:17,222 | INFO |  OCR CAPTCHA: intento interno 1/6...
2026-04-24 00:00:18,502 | ERROR | C:\Users\fserrano\AppData\Local\Programs\Python\Python314\Lib\site-packages\torch\utils\data\dataloader.py:775: UserWarning: 'pin_memory' argument is set as true but no accelerator is found, then device pinned memory won't be used.
2026-04-24 00:00:18,502 | ERROR |   super().__init__(loader)
2026-04-24 00:00:18,613 | INFO |    -> Variante 0, Decoder greedy: 'RNXUF' -> 'RNXUF' [INFO]
2026-04-24 00:00:18,613 | INFO |    [INFO] CAPTCHA vlido -> Usando: RNXUF
2026-04-24 00:00:18,686 | INFO | [INFO] Captcha automatico: RNXUF
2026-04-24 00:00:18,686 | INFO | [INFO] Enviando login...
2026-04-24 00:00:19,245 | INFO | [INFO] Validando acceso...
2026-04-24 00:00:19,245 | INFO | [INFO] Acceso exitoso
2026-04-24 00:00:19,246 | INFO |    -> URL: https://www.sucamec.gob.pe/sel/faces/aplicacion/inicio.xhtml
2026-04-24 00:00:19,246 | INFO | [INFO] Tiempo total login: 7.36 segundos
2026-04-24 00:00:19,246 | INFO |  Navegando a CITAS -> RESERVAS DE CITAS...
2026-04-24 00:00:19,586 | INFO |     Fast-path: click directo en 'RESERVAS DE CITAS' (menuid 7_1)
2026-04-24 00:00:20,948 | INFO | [INFO] Navegacin completada (fast-path) -> URL: https://www.sucamec.gob.pe/sel/faces/aplicacion/inicio.xhtml
2026-04-24 00:00:20,949 | INFO |  Seleccionando tipo de cita: EXAMEN PARA POLGONO DE TIRO...
2026-04-24 00:00:21,303 | INFO |    [INFO] Tipo de cita seleccionado: EXAMEN PARA POLÍGONO DE TIRO
2026-04-24 00:00:21,303 | INFO | -------- JV Registro iterativo 1 (idx=1, prioridad=alta, intento=1, en_cola=0) --------
2026-04-24 00:00:21,389 | INFO |  Registro tomado desde Excel:
2026-04-24 00:00:21,389 | INFO |    - id_registro: 2
2026-04-24 00:00:21,389 | INFO |    - sede: LIMA
2026-04-24 00:00:21,389 | INFO |    - fecha: 15/05/2026
2026-04-24 00:00:21,389 | INFO |    - hora_rango: 12:00-12:15
2026-04-24 00:00:21,389 | INFO |    - tipo_operacion: RENOVACIÓN DE LICENCIA DE USO
2026-04-24 00:00:21,390 | INFO |    - doc_vigilante: 47694399
2026-04-24 00:00:21,390 | INFO |    - nro_solicitud: 099008-0
2026-04-24 00:00:21,390 | INFO |    - fecha_programacion: 24/04/2026
2026-04-24 00:00:21,390 | INFO |    - ruc: J & V Resguardo
2026-04-24 00:00:21,390 | INFO |    - prioridad: alta
2026-04-24 00:00:21,390 | INFO |    - siguiente_mismo_doc_y_fecha: False
2026-04-24 00:00:21,390 | INFO |    - indices_relacionados_excel: [1]
2026-04-24 00:00:21,390 | INFO |    - tipo_arma (excel): ['CORTA']
2026-04-24 00:00:21,390 | INFO |    - arma (excel): ['REVOLVER']
2026-04-24 00:00:21,390 | INFO |    - objetivos_arma: [('CORTA', 'REVOLVER')]
2026-04-24 00:00:21,390 | INFO |    - tipos_arma_objetivo: ['CORTA']
2026-04-24 00:00:21,398 | INFO |  Completando Reserva de Cupos con datos del Excel...
2026-04-24 00:00:21,785 | INFO |    [INFO] Sede seleccionado: LIMA
2026-04-24 00:00:22,896 | INFO |    [INFO] Fecha seleccionado: 15/05/2026
2026-04-24 00:00:22,896 | INFO |  Buscando hora en tabla: 12:00-12:15
2026-04-24 00:00:23,174 | INFO |    [INFO] Estrategia horario: bloque completo de mediodía (11:45-13:00)
2026-04-24 00:00:23,549 | INFO |    [INFO] Click en botn 'Limpiar' por falta de cupos
2026-04-24 00:00:24,573 | INFO | [WARNING] Error en registro idx=1: No hay cupos en horarios candidatos. Objetivo: 12:00-12:15 | Candidatos: 11:45-12:00(0), 12:00-12:15(0), 12:15-12:30(0), 12:30-12:45(0), 12:45-13:00(0)
2026-04-24 00:00:24,588 | INFO |    📝 Excel actualizado: observaciones='No alcanzo cupo para horario 12:00-12:15' en 1 fila(s)
2026-04-24 00:00:24,589 | INFO | [INFO] Registro idx=1 marcado como terminal 'SIN_CUPO' tras 1 confirmaciones
2026-04-24 00:00:24,820 | INFO |    [INFO] Click en 'Limpiar' (recuperación por error)
2026-04-24 00:00:25,821 | INFO | [DEBUG] PERSISTENT_SESSION: cerrando contexto anterior para siguiente grupo
2026-04-24 00:00:25,863 | INFO |  Tiempo total del flujo: 15.86 segundos
2026-04-24 00:00:25,864 | INFO |  Resumen: OK=0 | SIN_CUPO=1 | ERROR=0
2026-04-24 00:00:25,864 | INFO | [INFO] Flujo completado.
2026-04-24 00:00:25,864 | INFO |     Duracin final del flujo: 15.86 segundos
2026-04-24 00:00:26,229 | INFO | Navegador cerrado.
2026-04-24 00:00:26,229 | INFO | Pipeline finalizado
2026-04-24 00:00:26,230 | INFO | Log disponible en: C:\Users\fserrano\Desktop\ARMAS-GADSO-1.0\logs\.tmp_multihilo_flow_20260424_000005\logs_w2\run_20260424_000005.log
