2026-04-24 09:42:02,580 | INFO | Iniciando pipeline ARMAS-GADSO
2026-04-24 09:42:02,580 | INFO | Modo: scheduled
2026-04-24 09:42:02,580 | INFO | Excel: C:\Users\fserrano\Desktop\ARMAS-GADSO-1.0\data\programaciones-armas.xlsx
2026-04-24 09:42:02,580 | INFO | Screenshots: C:\Users\fserrano\Desktop\ARMAS-GADSO-1.0\screenshots\20260424_094202
2026-04-24 09:42:08,299 | INFO | [INFO] INICIANDO SCRIPT SEL - Login Automtico
2026-04-24 09:42:08,299 | INFO | [INFO] SCHEDULED_MULTIWORKER activado | workers=4 | mode=sticky
2026-04-24 09:42:08,302 | INFO | [INFO] Excel origen multihilo: C:\Users\fserrano\Desktop\ARMAS-GADSO-1.0\data\programaciones-armas.xlsx
2026-04-24 09:42:08,517 | INFO |    -> Registros con estado 'PENDIENTE': 2
2026-04-24 09:42:08,518 | INFO |    -> Validando fecha de hoy: 24/04/2026
2026-04-24 09:42:08,520 | INFO |    -> Registros despus de filtrar por fecha: 2 (filtrados: 0)
2026-04-24 09:42:08,550 | INFO |  Registro tomado desde Excel:
2026-04-24 09:42:08,550 | INFO |    - id_registro: 1
2026-04-24 09:42:08,550 | INFO |    - sede: LIMA
2026-04-24 09:42:08,550 | INFO |    - fecha: 15/05/2026
2026-04-24 09:42:08,550 | INFO |    - hora_rango: 12:00-12:15
2026-04-24 09:42:08,550 | INFO |    - tipo_operacion: INICIAL DE LICENCIA DE USO
2026-04-24 09:42:08,550 | INFO |    - doc_vigilante: 76023039
2026-04-24 09:42:08,550 | INFO |    - nro_solicitud: 043793-0
2026-04-24 09:42:08,551 | INFO |    - fecha_programacion: 24/04/2026
2026-04-24 09:42:08,551 | INFO |    - ruc: J & V Resguardo
2026-04-24 09:42:08,551 | INFO |    - prioridad: alta
2026-04-24 09:42:08,551 | INFO |    - siguiente_mismo_doc_y_fecha: False
2026-04-24 09:42:08,551 | INFO |    - indices_relacionados_excel: [0]
2026-04-24 09:42:08,551 | INFO |    - tipo_arma (excel): ['CORTA']
2026-04-24 09:42:08,551 | INFO |    - arma (excel): ['REVOLVER']
2026-04-24 09:42:08,551 | INFO |    - objetivos_arma: [('CORTA', 'REVOLVER')]
2026-04-24 09:42:08,551 | INFO |    - tipos_arma_objetivo: ['CORTA']
2026-04-24 09:42:08,567 | INFO |  Registro tomado desde Excel:
2026-04-24 09:42:08,567 | INFO |    - id_registro: 2
2026-04-24 09:42:08,568 | INFO |    - sede: LIMA
2026-04-24 09:42:08,568 | INFO |    - fecha: 15/05/2026
2026-04-24 09:42:08,568 | INFO |    - hora_rango: 12:00-12:15
2026-04-24 09:42:08,568 | INFO |    - tipo_operacion: RENOVACIÓN DE LICENCIA DE USO
2026-04-24 09:42:08,568 | INFO |    - doc_vigilante: 47694399
2026-04-24 09:42:08,568 | INFO |    - nro_solicitud: 099008-0
2026-04-24 09:42:08,568 | INFO |    - fecha_programacion: 24/04/2026
2026-04-24 09:42:08,568 | INFO |    - ruc: J & V Resguardo
2026-04-24 09:42:08,568 | INFO |    - prioridad: alta
2026-04-24 09:42:08,568 | INFO |    - siguiente_mismo_doc_y_fecha: False
2026-04-24 09:42:08,568 | INFO |    - indices_relacionados_excel: [1]
2026-04-24 09:42:08,568 | INFO |    - tipo_arma (excel): ['CORTA']
2026-04-24 09:42:08,568 | INFO |    - arma (excel): ['REVOLVER']
2026-04-24 09:42:08,568 | INFO |    - objetivos_arma: [('CORTA', 'REVOLVER')]
2026-04-24 09:42:08,568 | INFO |    - tipos_arma_objetivo: ['CORTA']
2026-04-24 09:42:08,568 | INFO | [INFO] Unidades multihilo a procesar: 2
2026-04-24 09:42:08,570 | INFO | [INFO][W1] Lote asignado idx=[0]
2026-04-24 09:42:08,570 | INFO | [INFO][W2] Lote asignado idx=[1]
2026-04-24 09:42:30,132 | INFO | [INFO][W2] Lote idx=[1] finalizo OK en 21.52s
2026-04-24 09:42:37,832 | INFO | [INFO][W1] Lote idx=[0] finalizo OK en 29.22s
2026-04-24 09:42:37,833 | INFO | [INFO] Conteo por worker: [1, 1, 0, 0]
2026-04-24 09:42:37,834 | INFO | [INFO] Unidades procesadas: 2/2
2026-04-24 09:42:37,834 | INFO | [INFO] Tiempo total multihilo: 29.26s
2026-04-24 09:42:37,834 | INFO | [OK] Flujo multihilo scheduled finalizado sin fallos de proceso
2026-04-24 09:42:37,834 | INFO | Pipeline finalizado
2026-04-24 09:42:37,834 | INFO | Log disponible en: C:\Users\fserrano\Desktop\ARMAS-GADSO-1.0\logs\20260424_094202\run_20260424_094202.log
