2026-04-28 10:38:09,136 | INFO | Iniciando pipeline ARMAS-GADSO
2026-04-28 10:38:09,137 | INFO | Modo: scheduled
2026-04-28 10:38:09,137 | INFO | Excel: C:\Users\fserrano\Desktop\ARMAS-GADSO-1.0\data\programaciones-armas.xlsx
2026-04-28 10:38:09,137 | INFO | Screenshots: C:\Users\fserrano\Desktop\ARMAS-GADSO-1.0\screenshots\20260428_103809
2026-04-28 10:38:13,353 | INFO | [INFO] OCR (easyocr) cargado correctamente | langs=['en'] | gpu=False
2026-04-28 10:38:13,373 | INFO | [INFO] INICIANDO SCRIPT SEL - Login Automtico
2026-04-28 10:38:13,373 | INFO | [INFO] SCHEDULED_MULTIWORKER activado | workers=4 | mode=sticky
2026-04-28 10:38:13,375 | INFO | [INFO] Excel origen multihilo: C:\Users\fserrano\Desktop\ARMAS-GADSO-1.0\data\programaciones-armas.xlsx
2026-04-28 10:38:13,538 | INFO |    -> Registros con estado 'PENDIENTE': 2
2026-04-28 10:38:13,538 | INFO |    -> Validando fecha de hoy: 28/04/2026
2026-04-28 10:38:13,539 | INFO |    -> Registros despues de filtrar por fecha: 2 (filtrados: 0)
2026-04-28 10:38:13,556 | INFO |  Registro tomado desde Excel:
2026-04-28 10:38:13,556 | INFO |    - id_registro: 1
2026-04-28 10:38:13,556 | INFO |    - sede: LIMA
2026-04-28 10:38:13,556 | INFO |    - fecha: 19/05/2026
2026-04-28 10:38:13,556 | INFO |    - hora_rango: 12:00-12:15
2026-04-28 10:38:13,556 | INFO |    - tipo_operacion: RENOVACION DE LICENCIA DE USO
2026-04-28 10:38:13,556 | INFO |    - doc_vigilante: 40598949
2026-04-28 10:38:13,556 | INFO |    - nro_solicitud: 052333-0
2026-04-28 10:38:13,556 | INFO |    - fecha_programacion: 28/04/2026
2026-04-28 10:38:13,556 | INFO |    - ruc: J & V Resguardo
2026-04-28 10:38:13,556 | INFO |    - prioridad: alta
2026-04-28 10:38:13,557 | INFO |    - siguiente_mismo_doc_y_fecha: False
2026-04-28 10:38:13,557 | INFO |    - indices_relacionados_excel: [0]
2026-04-28 10:38:13,557 | INFO |    - tipo_arma (excel): ['CORTA']
2026-04-28 10:38:13,557 | INFO |    - arma (excel): ['REVOLVER']
2026-04-28 10:38:13,557 | INFO |    - objetivos_arma: [('CORTA', 'REVOLVER')]
2026-04-28 10:38:13,557 | INFO |    - tipos_arma_objetivo: ['CORTA']
2026-04-28 10:38:13,563 | INFO |  Registro tomado desde Excel:
2026-04-28 10:38:13,563 | INFO |    - id_registro: 2
2026-04-28 10:38:13,563 | INFO |    - sede: LIMA
2026-04-28 10:38:13,563 | INFO |    - fecha: 19/05/2026
2026-04-28 10:38:13,563 | INFO |    - hora_rango: 12:00-12:15
2026-04-28 10:38:13,563 | INFO |    - tipo_operacion: RENOVACION DE LICENCIA DE USO
2026-04-28 10:38:13,563 | INFO |    - doc_vigilante: 73799884
2026-04-28 10:38:13,563 | INFO |    - nro_solicitud: 037411-0
2026-04-28 10:38:13,563 | INFO |    - fecha_programacion: 28/04/2026
2026-04-28 10:38:13,563 | INFO |    - ruc: J & V Resguardo
2026-04-28 10:38:13,563 | INFO |    - prioridad: alta
2026-04-28 10:38:13,563 | INFO |    - siguiente_mismo_doc_y_fecha: False
2026-04-28 10:38:13,563 | INFO |    - indices_relacionados_excel: [1]
2026-04-28 10:38:13,563 | INFO |    - tipo_arma (excel): ['CORTA']
2026-04-28 10:38:13,563 | INFO |    - arma (excel): ['REVOLVER']
2026-04-28 10:38:13,563 | INFO |    - objetivos_arma: [('CORTA', 'REVOLVER')]
2026-04-28 10:38:13,563 | INFO |    - tipos_arma_objetivo: ['CORTA']
2026-04-28 10:38:13,564 | INFO | [INFO] Unidades multihilo a procesar: 2
2026-04-28 10:38:13,564 | INFO | [INFO][W1] Lote asignado idx=[0]
2026-04-28 10:38:13,565 | INFO | [INFO][W2] Lote asignado idx=[1]
2026-04-28 10:38:37,937 | INFO | [INFO][W1] Lote idx=[0] finalizo OK en 24.34s
2026-04-28 10:38:38,102 | INFO | [INFO][W2] Lote idx=[1] finalizo OK en 24.51s
2026-04-28 10:38:38,103 | INFO | [INFO] Conteo por worker: [1, 1, 0, 0]
2026-04-28 10:38:38,103 | INFO | [INFO] Unidades procesadas: 2/2
2026-04-28 10:38:38,103 | INFO | [INFO] Tiempo total multihilo: 24.54s
2026-04-28 10:38:38,103 | INFO | [OK] Flujo multihilo scheduled finalizado sin fallos de proceso
2026-04-28 10:38:38,103 | INFO | Pipeline finalizado
2026-04-28 10:38:38,103 | INFO | Log disponible en: C:\Users\fserrano\Desktop\ARMAS-GADSO-1.0\logs\20260428_103809\run_20260428_103809.log
