2026-04-28 11:58:45,615 | INFO | Iniciando pipeline ARMAS-GADSO
2026-04-28 11:58:45,616 | INFO | Modo: scheduled
2026-04-28 11:58:45,617 | INFO | Excel: C:\Users\fserrano\Desktop\ARMAS-GADSO-1.0\logs\20260428_115838\worker_1_batch_1_idxs_0.xlsx
2026-04-28 11:58:45,617 | INFO | Screenshots: C:\Users\fserrano\Desktop\ARMAS-GADSO-1.0\screenshots\20260428_115838\screenshots_w1
2026-04-28 11:58:53,991 | INFO | [INFO] OCR (easyocr) cargado correctamente | langs=['en'] | gpu=False
2026-04-28 11:58:54,028 | INFO | [INFO] INICIANDO SCRIPT SEL - Login Automtico
2026-04-28 11:58:54,029 | INFO | [INFO] PERSISTENT_SESSION activado - navegador se reutilizara entre grupos sin cerrarse
2026-04-28 11:58:54,846 | INFO |    -> Registros con estado 'PENDIENTE': 1
2026-04-28 11:58:54,846 | INFO |    -> Validando fecha de hoy: 28/04/2026
2026-04-28 11:58:54,847 | INFO |    -> Registros despues de filtrar por fecha: 1 (filtrados: 0)
2026-04-28 11:58:54,853 | INFO |  Registros pendientes a procesar: 1
2026-04-28 11:58:54,853 | INFO |  Procesando grupo RUC JV - Registros: 1
2026-04-28 11:58:54,853 | INFO | [INFO] Intento login 1/12 para grupo JV
2026-04-28 11:58:54,854 | INFO | [TILE] Lanzando Chromium con args: ['--disable-infobars', '--window-size=1366,900', '--window-position=0,0']
2026-04-28 11:58:59,463 | INFO | [INFO] Pagina de login cargada
2026-04-28 11:59:00,063 | INFO | [INFO] Pestaña 'Autenticación Tradicional' seleccionada
2026-04-28 11:59:03,151 | INFO | [INFO] Credenciales llenadas para grupo JV
2026-04-28 11:59:03,152 | INFO |  OCR CAPTCHA: intento interno 1/6...
2026-04-28 11:59:05,524 | ERROR | C:\Users\fserrano\AppData\Local\Programs\Python\Python314\Lib\site-packages\torch\utils\data\dataloader.py:775: UserWarning: 'pin_memory' argument is set as true but no accelerator is found, then device pinned memory won't be used.
2026-04-28 11:59:05,525 | ERROR |   super().__init__(loader)
2026-04-28 11:59:05,707 | INFO |    -> Variante 0, Decoder greedy: 'HGT7S' -> 'HGT7S' [INFO]
2026-04-28 11:59:05,707 | INFO |    [INFO] CAPTCHA valido -> Usando: HGT7S
2026-04-28 11:59:06,045 | INFO | [INFO] Captcha automatico: HGT7S
2026-04-28 11:59:06,045 | INFO | [INFO] Enviando login...
2026-04-28 11:59:06,644 | INFO | [INFO] Validando acceso...
2026-04-28 11:59:06,644 | INFO | [INFO] Acceso exitoso
2026-04-28 11:59:06,644 | INFO |    -> URL: https://www.sucamec.gob.pe/sel/faces/aplicacion/inicio.xhtml
2026-04-28 11:59:06,645 | INFO | [INFO] Tiempo total login: 7.18 segundos
2026-04-28 11:59:06,645 | INFO |  Navegando a RESERVAS DE CITAS...
2026-04-28 11:59:18,664 | INFO | [ERROR] Intento login 1 para grupo JV fallo: Locator.wait_for: Timeout 12000ms exceeded.
2026-04-28 11:59:18,664 | INFO | Call log:
2026-04-28 11:59:18,664 | INFO |   - waiting for locator("#j_idt11\\:menuPrincipal .ui-panelmenu-header:has(a:text-is(\"CITAS\"))").first to be visible
2026-04-28 11:59:18,664 | INFO |    Reintentando login...
2026-04-28 11:59:20,665 | INFO | [INFO] Intento login 2/12 para grupo JV
2026-04-28 11:59:21,104 | INFO | [TILE] Lanzando Chromium con args: ['--disable-infobars', '--window-size=1366,900', '--window-position=0,0']
2026-04-28 11:59:25,862 | INFO | [INFO] Pagina de login cargada
2026-04-28 11:59:26,238 | INFO | [INFO] Pestaña 'Autenticación Tradicional' seleccionada
2026-04-28 11:59:28,581 | INFO | [INFO] Credenciales llenadas para grupo JV
2026-04-28 11:59:28,582 | INFO |  OCR CAPTCHA: intento interno 1/6...
2026-04-28 11:59:30,239 | INFO |    -> Variante 0, Decoder greedy: 'LDW7F' -> 'LDW7F' [INFO]
2026-04-28 11:59:30,239 | INFO |    [INFO] CAPTCHA valido -> Usando: LDW7F
2026-04-28 11:59:30,315 | INFO | [INFO] Captcha automatico: LDW7F
2026-04-28 11:59:30,315 | INFO | [INFO] Enviando login...
2026-04-28 11:59:30,743 | INFO | [INFO] Validando acceso...
2026-04-28 11:59:30,743 | INFO | [INFO] Acceso exitoso
2026-04-28 11:59:30,744 | INFO |    -> URL: https://www.sucamec.gob.pe/sel/faces/aplicacion/inicio.xhtml
2026-04-28 11:59:30,744 | INFO | [INFO] Tiempo total login: 4.88 segundos
2026-04-28 11:59:30,744 | INFO |  Navegando a RESERVAS DE CITAS...
2026-04-28 11:59:41,001 | INFO |    [INFO] Menu CITAS expandido
2026-04-28 11:59:44,067 | INFO |    [INFO] Click en 'RESERVAS DE CITAS'
2026-04-28 11:59:44,067 | INFO |  Seleccionando tipo de cita: EXAMEN PARA POLIGONO DE TIRO
2026-04-28 11:59:47,479 | INFO |    [INFO] Tipo de cita seleccionado: EXAMEN PARA POLÍGONO DE TIRO
2026-04-28 11:59:47,479 | INFO | -------- JV Registro iterativo 1 (idx=0, prioridad=alta, intento=1, en_cola=0) --------
2026-04-28 11:59:47,769 | INFO |  Registro tomado desde Excel:
2026-04-28 11:59:47,769 | INFO |    - id_registro: 1
2026-04-28 11:59:47,769 | INFO |    - sede: LIMA
2026-04-28 11:59:47,769 | INFO |    - fecha: 19/05/2026
2026-04-28 11:59:47,769 | INFO |    - hora_rango: 12:00-12:15
2026-04-28 11:59:47,769 | INFO |    - tipo_operacion: RENOVACION DE LICENCIA DE USO
2026-04-28 11:59:47,769 | INFO |    - doc_vigilante: 40598949
2026-04-28 11:59:47,770 | INFO |    - nro_solicitud: 052333-0
2026-04-28 11:59:47,770 | INFO |    - fecha_programacion: 28/04/2026
2026-04-28 11:59:47,770 | INFO |    - ruc: J & V Resguardo
2026-04-28 11:59:47,770 | INFO |    - prioridad: alta
2026-04-28 11:59:47,770 | INFO |    - siguiente_mismo_doc_y_fecha: False
2026-04-28 11:59:47,770 | INFO |    - indices_relacionados_excel: [0]
2026-04-28 11:59:47,770 | INFO |    - tipo_arma (excel): ['CORTA']
2026-04-28 11:59:47,770 | INFO |    - arma (excel): ['REVOLVER']
2026-04-28 11:59:47,770 | INFO |    - objetivos_arma: [('CORTA', 'REVOLVER')]
2026-04-28 11:59:47,770 | INFO |    - tipos_arma_objetivo: ['CORTA']
2026-04-28 11:59:47,786 | INFO |  Completando Reserva de Cupos con datos del Excel...
2026-04-28 11:59:48,349 | INFO |    [INFO] Sede seleccionado: LIMA
2026-04-28 11:59:49,565 | INFO |    [INFO] Fecha seleccionado: 19/05/2026
2026-04-28 11:59:49,566 | INFO |  Buscando hora en tabla: 12:00-12:15
2026-04-28 12:00:20,537 | INFO |    [WARNING] No se pudo capturar screenshot de tabla cupos: Locator.screenshot: Timeout 29987ms exceeded.
2026-04-28 12:00:20,537 | INFO | Call log:
2026-04-28 12:00:20,537 | INFO |   - taking element screenshot
2026-04-28 12:00:20,537 | INFO |   - waiting for fonts to load...
2026-04-28 12:00:21,012 | INFO |    [INFO] Estrategia horario: bloque completo de mediodia (11:45-13:00)
2026-04-28 12:00:51,049 | INFO |    [WARNING] No se pudo capturar screenshot de tabla sin cupo: Locator.screenshot: Timeout 29993ms exceeded.
2026-04-28 12:00:51,050 | INFO | Call log:
2026-04-28 12:00:51,050 | INFO |   - taking element screenshot
2026-04-28 12:00:51,050 | INFO |   - waiting for fonts to load...
2026-04-28 12:00:51,050 | INFO |    [WARNING] Correo Graph omitido [NO_ATTACHMENTS]: no hay capturas disponibles para adjuntar
2026-04-28 12:00:51,457 | INFO |    [INFO] Click en boton 'Limpiar' por falta de cupos
2026-04-28 12:00:52,453 | INFO | [WARNING] Error en registro idx=0: No hay cupos en horarios candidatos. Objetivo: 12:00-12:15 | Candidatos: 11:45-12:00(0), 12:00-12:15(0), 12:15-12:30(0), 12:30-12:45(0), 12:45-13:00(0)
2026-04-28 12:00:52,514 | INFO |    [INFO] Excel actualizado: observaciones='No alcanzo cupo para horario 12:00-12:15' en 1 fila(s)
2026-04-28 12:00:52,514 | INFO | [INFO] Registro idx=0 marcado como terminal 'SIN_CUPO' tras 1 confirmaciones
2026-04-28 12:01:06,575 | INFO | [DEBUG] PERSISTENT_SESSION: cerrando contexto anterior para siguiente grupo
2026-04-28 12:01:06,613 | INFO |  Tiempo total del flujo: 132.58 segundos
2026-04-28 12:01:06,613 | INFO |  Resumen: OK=0 | SIN_CUPO=1 | ERROR=0
2026-04-28 12:01:06,613 | INFO | [INFO] Flujo completado.
2026-04-28 12:01:06,613 | INFO |     Duracin final del flujo: 132.58 segundos
2026-04-28 12:01:07,110 | INFO | Navegador cerrado.
2026-04-28 12:01:07,111 | INFO | Pipeline finalizado
2026-04-28 12:01:07,112 | INFO | Log disponible en: C:\Users\fserrano\Desktop\ARMAS-GADSO-1.0\logs\20260428_115838\logs_w1\run_20260428_115838.log
