2026-04-28 10:25:47,500 | INFO | Iniciando pipeline ARMAS-GADSO
2026-04-28 10:25:47,501 | INFO | Modo: scheduled
2026-04-28 10:25:47,501 | INFO | Excel: C:\Users\fserrano\Desktop\ARMAS-GADSO-1.0\logs\20260428_102540\worker_1_batch_1_idxs_0.xlsx
2026-04-28 10:25:47,501 | INFO | Screenshots: C:\Users\fserrano\Desktop\ARMAS-GADSO-1.0\screenshots\20260428_102540\screenshots_w1
2026-04-28 10:25:53,204 | INFO | [INFO] OCR (easyocr) cargado correctamente | langs=['en'] | gpu=False
2026-04-28 10:25:53,235 | INFO | [INFO] INICIANDO SCRIPT SEL - Login Automtico
2026-04-28 10:25:53,236 | INFO | [INFO] PERSISTENT_SESSION activado - navegador se reutilizara entre grupos sin cerrarse
2026-04-28 10:25:53,909 | INFO |    -> Registros con estado 'PENDIENTE': 1
2026-04-28 10:25:53,909 | INFO |    -> Validando fecha de hoy: 28/04/2026
2026-04-28 10:25:53,910 | INFO |    -> Registros despues de filtrar por fecha: 1 (filtrados: 0)
2026-04-28 10:25:53,916 | INFO |  Registros pendientes a procesar: 1
2026-04-28 10:25:53,916 | INFO |  Procesando grupo RUC JV - Registros: 1
2026-04-28 10:25:53,916 | INFO | [INFO] Intento login 1/12 para grupo JV
2026-04-28 10:25:53,916 | INFO | [TILE] Lanzando Chromium con args: ['--disable-infobars', '--window-size=1366,900', '--window-position=0,0']
2026-04-28 10:26:00,192 | INFO | [INFO] Pagina de login cargada
2026-04-28 10:26:00,291 | INFO | [INFO] Pestaña 'Autenticación Tradicional' seleccionada
2026-04-28 10:26:02,300 | INFO | [INFO] Credenciales llenadas para grupo JV
2026-04-28 10:26:02,300 | INFO |  OCR CAPTCHA: intento interno 1/6...
2026-04-28 10:26:03,083 | ERROR | C:\Users\fserrano\AppData\Local\Programs\Python\Python314\Lib\site-packages\torch\utils\data\dataloader.py:775: UserWarning: 'pin_memory' argument is set as true but no accelerator is found, then device pinned memory won't be used.
2026-04-28 10:26:03,083 | ERROR |   super().__init__(loader)
2026-04-28 10:26:03,130 | INFO |    -> Variante 0, Decoder greedy: 'X8LPY' -> 'X8LPY' [INFO]
2026-04-28 10:26:03,130 | INFO |    [INFO] CAPTCHA valido -> Usando: X8LPY
2026-04-28 10:26:03,205 | INFO | [INFO] Captcha automatico: X8LPY
2026-04-28 10:26:03,205 | INFO | [INFO] Enviando login...
2026-04-28 10:26:03,470 | INFO | [INFO] Validando acceso...
2026-04-28 10:26:03,470 | INFO | [INFO] Acceso exitoso
2026-04-28 10:26:03,470 | INFO |    -> URL: https://www.sucamec.gob.pe/sel/faces/aplicacion/inicio.xhtml
2026-04-28 10:26:03,471 | INFO | [INFO] Tiempo total login: 3.28 segundos
2026-04-28 10:26:03,471 | INFO |  Navegando a RESERVAS DE CITAS...
2026-04-28 10:26:09,254 | INFO |  Ejecucin interrumpida.
2026-04-28 10:26:09,254 | INFO |    -> Motivo:
2026-04-28 10:26:09,254 | INFO |     Tiempo transcurrido: 16.02 segundos
2026-04-28 10:26:09,254 | INFO |     Resumen parcial: OK=0 | SIN_CUPO=0 | ERROR=0
2026-04-28 10:26:09,527 | INFO | Navegador cerrado.
2026-04-28 10:26:09,527 | INFO | Pipeline finalizado
2026-04-28 10:26:09,527 | INFO | Log disponible en: C:\Users\fserrano\Desktop\ARMAS-GADSO-1.0\logs\20260428_102540\logs_w1\run_20260428_102540.log
