2026-04-24 16:23:48,020 | INFO | Iniciando pipeline ARMAS-GADSO
2026-04-24 16:23:48,021 | INFO | Modo: scheduled
2026-04-24 16:23:48,021 | INFO | Excel: C:\Users\fserrano\Desktop\ARMAS-GADSO-1.0\data\programaciones-armas.xlsx
2026-04-24 16:23:48,021 | INFO | Screenshots: C:\Users\fserrano\Desktop\ARMAS-GADSO-1.0\screenshots\20260424_162347
2026-04-24 16:23:54,375 | INFO | [INFO] OCR (easyocr) cargado correctamente | langs=['en'] | gpu=False
2026-04-24 16:23:54,393 | INFO | [INFO] INICIANDO SCRIPT SEL - Login Automtico
2026-04-24 16:23:54,394 | INFO | [INFO] SCHEDULED_MULTIWORKER activado | workers=4 | mode=sticky
2026-04-24 16:23:54,394 | INFO | [INFO] Excel origen multihilo: C:\Users\fserrano\Desktop\ARMAS-GADSO-1.0\data\programaciones-armas.xlsx
2026-04-24 16:23:54,594 | INFO |    -> Registros con estado 'PENDIENTE': 1
2026-04-24 16:23:54,594 | INFO |    -> Validando fecha de hoy: 24/04/2026
2026-04-24 16:23:54,595 | INFO |    -> Registros despues de filtrar por fecha: 1 (filtrados: 0)
2026-04-24 16:23:54,612 | INFO |  Registro tomado desde Excel:
2026-04-24 16:23:54,613 | INFO |    - id_registro: 1
2026-04-24 16:23:54,613 | INFO |    - sede: JEFATURA ZONAL DE JUNIN
2026-04-24 16:23:54,613 | INFO |    - fecha: 30/04/2026
2026-04-24 16:23:54,613 | INFO |    - hora_rango: 10:00-10:15
2026-04-24 16:23:54,613 | INFO |    - tipo_operacion: INICIAL DE LICENCIA DE USO
2026-04-24 16:23:54,613 | INFO |    - doc_vigilante: 74474128
2026-04-24 16:23:54,613 | INFO |    - nro_solicitud: 085093-0
2026-04-24 16:23:54,613 | INFO |    - fecha_programacion: 24/04/2026
2026-04-24 16:23:54,613 | INFO |    - ruc: J & V Resguardo
2026-04-24 16:23:54,613 | INFO |    - prioridad: alta
2026-04-24 16:23:54,613 | INFO |    - siguiente_mismo_doc_y_fecha: False
2026-04-24 16:23:54,613 | INFO |    - indices_relacionados_excel: [0]
2026-04-24 16:23:54,613 | INFO |    - tipo_arma (excel): ['CORTA']
2026-04-24 16:23:54,613 | INFO |    - arma (excel): ['REVOLVER']
2026-04-24 16:23:54,613 | INFO |    - objetivos_arma: [('CORTA', 'REVOLVER')]
2026-04-24 16:23:54,614 | INFO |    - tipos_arma_objetivo: ['CORTA']
2026-04-24 16:23:54,614 | INFO | [INFO] Unidades multihilo a procesar: 1
2026-04-24 16:23:54,615 | INFO | [INFO][W1] Lote asignado idx=[0]
2026-04-24 16:24:32,691 | INFO | [INFO][W1] Lote idx=[0] finalizo OK en 38.04s
2026-04-24 16:24:32,692 | INFO | [INFO] Conteo por worker: [1, 0, 0, 0]
2026-04-24 16:24:32,692 | INFO | [INFO] Unidades procesadas: 1/1
2026-04-24 16:24:32,692 | INFO | [INFO] Tiempo total multihilo: 38.08s
2026-04-24 16:24:32,692 | INFO | [OK] Flujo multihilo scheduled finalizado sin fallos de proceso
2026-04-24 16:24:32,692 | INFO | Pipeline finalizado
2026-04-24 16:24:32,692 | INFO | Log disponible en: C:\Users\fserrano\Desktop\ARMAS-GADSO-1.0\logs\20260424_162347\run_20260424_162347.log
