2026-04-28 10:13:40,477 | INFO | Iniciando pipeline ARMAS-GADSO
2026-04-28 10:13:40,477 | INFO | Modo: scheduled
2026-04-28 10:13:40,477 | INFO | Excel: C:\Users\fserrano\Desktop\ARMAS-GADSO-1.0\logs\20260428_101334\worker_1_batch_1_idxs_0.xlsx
2026-04-28 10:13:40,477 | INFO | Screenshots: C:\Users\fserrano\Desktop\ARMAS-GADSO-1.0\screenshots\20260428_101334\screenshots_w1
2026-04-28 10:13:46,251 | INFO | [INFO] OCR (easyocr) cargado correctamente | langs=['en'] | gpu=False
2026-04-28 10:13:46,281 | INFO | [INFO] INICIANDO SCRIPT SEL - Login Automtico
2026-04-28 10:13:46,281 | INFO | [INFO] PERSISTENT_SESSION activado - navegador se reutilizara entre grupos sin cerrarse
2026-04-28 10:13:46,955 | INFO |    -> Registros con estado 'PENDIENTE': 1
2026-04-28 10:13:46,955 | INFO |    -> Validando fecha de hoy: 28/04/2026
2026-04-28 10:13:46,956 | INFO |    -> Registros despues de filtrar por fecha: 1 (filtrados: 0)
2026-04-28 10:13:46,960 | INFO |  Registros pendientes a procesar: 1
2026-04-28 10:13:46,961 | INFO |  Procesando grupo RUC JV - Registros: 1
2026-04-28 10:13:46,961 | INFO | [INFO] Intento login 1/12 para grupo JV
2026-04-28 10:13:46,961 | INFO | [TILE] Lanzando Chromium con args: ['--disable-infobars', '--window-size=1366,900', '--window-position=0,0']
2026-04-28 10:13:48,844 | INFO | [INFO] Pagina de login cargada
2026-04-28 10:13:49,265 | INFO | [INFO] Pestaña 'Autenticación Tradicional' seleccionada
2026-04-28 10:13:51,396 | INFO | [INFO] Credenciales llenadas para grupo JV
2026-04-28 10:13:51,396 | INFO |  OCR CAPTCHA: intento interno 1/6...
2026-04-28 10:13:52,432 | ERROR | C:\Users\fserrano\AppData\Local\Programs\Python\Python314\Lib\site-packages\torch\utils\data\dataloader.py:775: UserWarning: 'pin_memory' argument is set as true but no accelerator is found, then device pinned memory won't be used.
2026-04-28 10:13:52,432 | ERROR |   super().__init__(loader)
2026-04-28 10:13:52,490 | INFO |    -> Variante 0, Decoder greedy: 'XE326' -> 'XE326' [INFO]
2026-04-28 10:13:52,490 | INFO |    [INFO] CAPTCHA valido -> Usando: XE326
2026-04-28 10:13:54,367 | INFO | [INFO] Captcha automatico: XE326
2026-04-28 10:13:54,367 | INFO | [INFO] Enviando login...
2026-04-28 10:13:56,746 | INFO | [INFO] Validando acceso...
2026-04-28 10:13:57,479 | INFO | [ERROR] Login fallo - no se detecto sesion autenticada
2026-04-28 10:13:57,479 | INFO |    -> URL actual: https://www.sucamec.gob.pe/sel/faces/login.xhtml;jsessionid=4a753fe7eec09b8224d9c7c2743b
2026-04-28 10:13:57,479 | INFO |    -> Error detectado: Error el captcha es incorrecto
2026-04-28 10:13:57,479 | INFO | [INFO] Tiempo validacion: 0.73 segundos
2026-04-28 10:13:57,479 | INFO | [ERROR] Intento login 1 para grupo JV fallo: CAPTCHA incorrecto o credenciales invalidas
2026-04-28 10:13:57,479 | INFO |    Reintentando login...
2026-04-28 10:13:59,484 | INFO | [INFO] Intento login 2/12 para grupo JV
2026-04-28 10:13:59,771 | INFO | [TILE] Lanzando Chromium con args: ['--disable-infobars', '--window-size=1366,900', '--window-position=0,0']
2026-04-28 10:14:01,866 | INFO | [INFO] Pagina de login cargada
2026-04-28 10:14:02,163 | INFO | [INFO] Pestaña 'Autenticación Tradicional' seleccionada
2026-04-28 10:14:04,199 | INFO | [INFO] Credenciales llenadas para grupo JV
2026-04-28 10:14:04,199 | INFO |  OCR CAPTCHA: intento interno 1/6...
2026-04-28 10:14:05,279 | INFO |    -> Variante 0, Decoder greedy: 'DJYSW' -> 'DJYSW' [INFO]
2026-04-28 10:14:05,280 | INFO |    [INFO] CAPTCHA valido -> Usando: DJYSW
2026-04-28 10:14:05,346 | INFO | [INFO] Captcha automatico: DJYSW
2026-04-28 10:14:05,346 | INFO | [INFO] Enviando login...
2026-04-28 10:14:05,674 | INFO | [INFO] Validando acceso...
2026-04-28 10:14:05,674 | INFO | [INFO] Acceso exitoso
2026-04-28 10:14:05,674 | INFO |    -> URL: https://www.sucamec.gob.pe/sel/faces/aplicacion/inicio.xhtml
2026-04-28 10:14:05,674 | INFO | [INFO] Tiempo total login: 3.81 segundos
2026-04-28 10:14:05,675 | INFO |  Navegando a RESERVAS DE CITAS...
2026-04-28 10:14:07,644 | INFO |    [INFO] Menu CITAS expandido
2026-04-28 10:14:08,962 | INFO |    [INFO] Click en 'RESERVAS DE CITAS'
2026-04-28 10:14:08,963 | INFO |  Seleccionando tipo de cita: EXAMEN PARA POLIGONO DE TIRO
2026-04-28 10:14:09,501 | INFO |    [INFO] Tipo de cita seleccionado: EXAMEN PARA POLÍGONO DE TIRO
2026-04-28 10:14:09,501 | INFO | -------- JV Registro iterativo 1 (idx=0, prioridad=alta, intento=1, en_cola=0) --------
2026-04-28 10:14:09,576 | INFO |  Registro tomado desde Excel:
2026-04-28 10:14:09,576 | INFO |    - id_registro: 1
2026-04-28 10:14:09,576 | INFO |    - sede: LIMA
2026-04-28 10:14:09,576 | INFO |    - fecha: 19/05/2026
2026-04-28 10:14:09,577 | INFO |    - hora_rango: 12:00-12:15
2026-04-28 10:14:09,577 | INFO |    - tipo_operacion: RENOVACION DE LICENCIA DE USO
2026-04-28 10:14:09,577 | INFO |    - doc_vigilante: 40598949
2026-04-28 10:14:09,577 | INFO |    - nro_solicitud: 052333-0
2026-04-28 10:14:09,577 | INFO |    - fecha_programacion: 28/04/2026
2026-04-28 10:14:09,577 | INFO |    - ruc: J & V Resguardo
2026-04-28 10:14:09,577 | INFO |    - prioridad: alta
2026-04-28 10:14:09,577 | INFO |    - siguiente_mismo_doc_y_fecha: False
2026-04-28 10:14:09,577 | INFO |    - indices_relacionados_excel: [0]
2026-04-28 10:14:09,577 | INFO |    - tipo_arma (excel): ['CORTA']
2026-04-28 10:14:09,577 | INFO |    - arma (excel): ['REVOLVER']
2026-04-28 10:14:09,577 | INFO |    - objetivos_arma: [('CORTA', 'REVOLVER')]
2026-04-28 10:14:09,577 | INFO |    - tipos_arma_objetivo: ['CORTA']
2026-04-28 10:14:09,597 | INFO |  Completando Reserva de Cupos con datos del Excel...
2026-04-28 10:14:10,214 | INFO |    [INFO] Sede seleccionado: LIMA
2026-04-28 10:14:11,378 | INFO |    [INFO] Fecha seleccionado: 19/05/2026
2026-04-28 10:14:11,378 | INFO |  Buscando hora en tabla: 12:00-12:15
2026-04-28 10:14:16,744 | INFO |    [INFO] Screenshot tabla cupos: C:\Users\fserrano\Desktop\ARMAS-GADSO-1.0\screenshots\20260428_101334\screenshots_w1\step_1_reserva_cupos\20260428_101411_tabla_inicial_i1_h12_00-12_15.png
2026-04-28 10:14:16,745 | INFO |    [INFO] Correo Graph preparado | sender=fserrano@liderman.com.pe | to=fserrano@liderman.com.pe | attachment=20260428_101411_tabla_inicial_i1_h12_00-12_15.png | client_id=d7a40f3a-d0c0-4360-9c49-f4ffe160badb | tenant_id=93649bc8-8277-40ea-ad16-e299bc964aa9 | secret=U6Y8...xcS3
2026-04-28 10:14:18,010 | INFO |    [WARNING] Fallo envio Graph [SEND_ACCESS_DENIED] (HTTP 403) | La app autentica, pero no tiene permiso efectivo para enviar. Falta Mail.Send como Application permission, admin consent o autorizacion sobre el buzon. | sender=fserrano@liderman.com.pe | to=fserrano@liderman.com.pe | attachment=20260428_101411_tabla_inicial_i1_h12_00-12_15.png
2026-04-28 10:14:18,010 | INFO |    [WARNING] Fallo envio Graph detalle bruto: {"error":{"code":"ErrorAccessDenied","message":"Access is denied. Check credentials and try again."}}
2026-04-28 10:14:18,304 | INFO |    [INFO] Estrategia horario: bloque completo de mediodia (11:45-13:00)
2026-04-28 10:14:18,443 | INFO |    [INFO] Screenshot tabla sin cupo: C:\Users\fserrano\Desktop\ARMAS-GADSO-1.0\screenshots\20260428_101334\screenshots_w1\step_1_reserva_cupos\20260428_101418_sin_cupo_candidatos_0_i1_h12_00-12_15.png
2026-04-28 10:14:18,862 | INFO |    [INFO] Click en boton 'Limpiar' por falta de cupos
2026-04-28 10:14:19,836 | INFO | [WARNING] Error en registro idx=0: No hay cupos en horarios candidatos. Objetivo: 12:00-12:15 | Candidatos: 11:45-12:00(0), 12:00-12:15(0), 12:15-12:30(0), 12:30-12:45(0), 12:45-13:00(0)
2026-04-28 10:14:19,911 | INFO |    [INFO] Excel actualizado: observaciones='No alcanzo cupo para horario 12:00-12:15' en 1 fila(s)
2026-04-28 10:14:19,911 | INFO | [INFO] Registro idx=0 marcado como terminal 'SIN_CUPO' tras 1 confirmaciones
2026-04-28 10:14:20,512 | INFO | [INFO] Wizard limpiado para siguiente registro (recuperacion por error)
2026-04-28 10:14:21,515 | INFO | [DEBUG] PERSISTENT_SESSION: cerrando contexto anterior para siguiente grupo
2026-04-28 10:14:21,550 | INFO |  Tiempo total del flujo: 35.27 segundos
2026-04-28 10:14:21,550 | INFO |  Resumen: OK=0 | SIN_CUPO=1 | ERROR=0
2026-04-28 10:14:21,550 | INFO | [INFO] Flujo completado.
2026-04-28 10:14:21,550 | INFO |     Duracin final del flujo: 35.27 segundos
2026-04-28 10:14:21,824 | INFO | Navegador cerrado.
2026-04-28 10:14:21,825 | INFO | Pipeline finalizado
2026-04-28 10:14:21,825 | INFO | Log disponible en: C:\Users\fserrano\Desktop\ARMAS-GADSO-1.0\logs\20260428_101334\logs_w1\run_20260428_101334.log
