2026-04-28 11:31:16,738 | INFO | Iniciando pipeline ARMAS-GADSO
2026-04-28 11:31:16,739 | INFO | Modo: scheduled
2026-04-28 11:31:16,739 | INFO | Excel: C:\Users\fserrano\Desktop\ARMAS-GADSO-1.0\logs\20260428_113101\worker_2_batch_1_idxs_1.xlsx
2026-04-28 11:31:16,739 | INFO | Screenshots: C:\Users\fserrano\Desktop\ARMAS-GADSO-1.0\screenshots\20260428_113101\screenshots_w2
2026-04-28 11:31:22,048 | INFO | [INFO] OCR (easyocr) cargado correctamente | langs=['en'] | gpu=False
2026-04-28 11:31:22,079 | INFO | [INFO] INICIANDO SCRIPT SEL - Login Automtico
2026-04-28 11:31:22,079 | INFO | [INFO] PERSISTENT_SESSION activado - navegador se reutilizara entre grupos sin cerrarse
2026-04-28 11:31:23,649 | INFO |    -> Registros con estado 'PENDIENTE': 1
2026-04-28 11:31:23,649 | INFO |    -> Validando fecha de hoy: 28/04/2026
2026-04-28 11:31:23,650 | INFO |    -> Registros despues de filtrar por fecha: 1 (filtrados: 0)
2026-04-28 11:31:23,655 | INFO |  Registros pendientes a procesar: 1
2026-04-28 11:31:23,655 | INFO |  Procesando grupo RUC JV - Registros: 1
2026-04-28 11:31:23,655 | INFO | [INFO] Intento login 1/12 para grupo JV
2026-04-28 11:31:23,655 | INFO | [TILE] Lanzando Chromium con args: ['--disable-infobars', '--window-size=1366,900', '--window-position=0,0']
2026-04-28 11:31:25,801 | INFO | [INFO] Pagina de login cargada
2026-04-28 11:31:26,224 | INFO | [INFO] Pestaña 'Autenticación Tradicional' seleccionada
2026-04-28 11:31:28,319 | INFO | [INFO] Credenciales llenadas para grupo JV
2026-04-28 11:31:28,319 | INFO |  OCR CAPTCHA: intento interno 1/6...
2026-04-28 11:31:29,748 | ERROR | C:\Users\fserrano\AppData\Local\Programs\Python\Python314\Lib\site-packages\torch\utils\data\dataloader.py:775: UserWarning: 'pin_memory' argument is set as true but no accelerator is found, then device pinned memory won't be used.
2026-04-28 11:31:29,748 | ERROR |   super().__init__(loader)
2026-04-28 11:31:29,847 | INFO |    -> Variante 0, Decoder greedy: 'S6WAR' -> 'S6WAR' [INFO]
2026-04-28 11:31:29,847 | INFO |    [INFO] CAPTCHA valido -> Usando: S6WAR
2026-04-28 11:31:29,944 | INFO | [INFO] Captcha automatico: S6WAR
2026-04-28 11:31:29,944 | INFO | [INFO] Enviando login...
2026-04-28 11:31:30,398 | INFO | [INFO] Validando acceso...
2026-04-28 11:31:30,399 | INFO | [INFO] Acceso exitoso
2026-04-28 11:31:30,399 | INFO |    -> URL: https://www.sucamec.gob.pe/sel/faces/aplicacion/inicio.xhtml
2026-04-28 11:31:30,399 | INFO | [INFO] Tiempo total login: 4.60 segundos
2026-04-28 11:31:30,399 | INFO |  Navegando a RESERVAS DE CITAS...
2026-04-28 11:31:31,279 | INFO |    [INFO] Menu CITAS expandido
2026-04-28 11:31:32,646 | INFO |    [INFO] Click en 'RESERVAS DE CITAS'
2026-04-28 11:31:32,646 | INFO |  Seleccionando tipo de cita: EXAMEN PARA POLIGONO DE TIRO
2026-04-28 11:31:33,122 | INFO |    [INFO] Tipo de cita seleccionado: EXAMEN PARA POLÍGONO DE TIRO
2026-04-28 11:31:33,122 | INFO | -------- JV Registro iterativo 1 (idx=1, prioridad=alta, intento=1, en_cola=0) --------
2026-04-28 11:31:33,281 | INFO |  Registro tomado desde Excel:
2026-04-28 11:31:33,281 | INFO |    - id_registro: 2
2026-04-28 11:31:33,281 | INFO |    - sede: LIMA
2026-04-28 11:31:33,281 | INFO |    - fecha: 19/05/2026
2026-04-28 11:31:33,281 | INFO |    - hora_rango: 12:00-12:15
2026-04-28 11:31:33,281 | INFO |    - tipo_operacion: RENOVACION DE LICENCIA DE USO
2026-04-28 11:31:33,281 | INFO |    - doc_vigilante: 73799884
2026-04-28 11:31:33,281 | INFO |    - nro_solicitud: 037411-0
2026-04-28 11:31:33,281 | INFO |    - fecha_programacion: 28/04/2026
2026-04-28 11:31:33,281 | INFO |    - ruc: J & V Resguardo
2026-04-28 11:31:33,281 | INFO |    - prioridad: alta
2026-04-28 11:31:33,281 | INFO |    - siguiente_mismo_doc_y_fecha: False
2026-04-28 11:31:33,282 | INFO |    - indices_relacionados_excel: [1]
2026-04-28 11:31:33,282 | INFO |    - tipo_arma (excel): ['CORTA']
2026-04-28 11:31:33,282 | INFO |    - arma (excel): ['REVOLVER']
2026-04-28 11:31:33,282 | INFO |    - objetivos_arma: [('CORTA', 'REVOLVER')]
2026-04-28 11:31:33,282 | INFO |    - tipos_arma_objetivo: ['CORTA']
2026-04-28 11:31:33,291 | INFO |  Completando Reserva de Cupos con datos del Excel...
2026-04-28 11:31:33,860 | INFO |    [INFO] Sede seleccionado: LIMA
2026-04-28 11:31:34,964 | INFO |    [INFO] Fecha seleccionado: 19/05/2026
2026-04-28 11:31:34,965 | INFO |  Buscando hora en tabla: 12:00-12:15
2026-04-28 11:31:35,938 | INFO |    [INFO] Screenshot tabla cupos: C:\Users\fserrano\Desktop\ARMAS-GADSO-1.0\screenshots\20260428_113101\screenshots_w2\step_1_reserva_cupos\20260428_113135_tabla_inicial_i1_h12_00-12_15.png
2026-04-28 11:31:36,250 | INFO |    [INFO] Estrategia horario: bloque completo de mediodia (11:45-13:00)
2026-04-28 11:31:36,385 | INFO |    [INFO] Screenshot tabla sin cupo: C:\Users\fserrano\Desktop\ARMAS-GADSO-1.0\screenshots\20260428_113101\screenshots_w2\step_1_reserva_cupos\20260428_113136_sin_cupo_candidatos_0_i1_h12_00-12_15.png
2026-04-28 11:31:36,387 | INFO |    [INFO] Correo Graph diferido [MULTIWORKER_DEFERRED] | attachments=20260428_113135_tabla_inicial_i1_h12_00-12_15.png, 20260428_113136_sin_cupo_candidatos_0_i1_h12_00-12_15.png
2026-04-28 11:31:36,785 | INFO |    [INFO] Click en boton 'Limpiar' por falta de cupos
2026-04-28 11:31:37,694 | INFO | [WARNING] Error en registro idx=1: No hay cupos en horarios candidatos. Objetivo: 12:00-12:15 | Candidatos: 11:45-12:00(0), 12:00-12:15(0), 12:15-12:30(0), 12:30-12:45(0), 12:45-13:00(0)
2026-04-28 11:31:37,711 | INFO |    [INFO] Excel actualizado: observaciones='No alcanzo cupo para horario 12:00-12:15' en 1 fila(s)
2026-04-28 11:31:37,711 | INFO | [INFO] Registro idx=1 marcado como terminal 'SIN_CUPO' tras 1 confirmaciones
2026-04-28 11:31:38,484 | INFO | [INFO] Wizard limpiado para siguiente registro (recuperacion por error)
2026-04-28 11:31:39,485 | INFO | [DEBUG] PERSISTENT_SESSION: cerrando contexto anterior para siguiente grupo
2026-04-28 11:31:39,510 | INFO |  Tiempo total del flujo: 17.43 segundos
2026-04-28 11:31:39,511 | INFO |  Resumen: OK=0 | SIN_CUPO=1 | ERROR=0
2026-04-28 11:31:39,511 | INFO | [INFO] Flujo completado.
2026-04-28 11:31:39,511 | INFO |     Duracin final del flujo: 17.43 segundos
2026-04-28 11:31:39,781 | INFO | Navegador cerrado.
2026-04-28 11:31:39,781 | INFO | Pipeline finalizado
2026-04-28 11:31:39,781 | INFO | Log disponible en: C:\Users\fserrano\Desktop\ARMAS-GADSO-1.0\logs\20260428_113101\logs_w2\run_20260428_113101.log
