2026-04-28 12:20:15,612 | INFO | Iniciando pipeline ARMAS-GADSO
2026-04-28 12:20:15,613 | INFO | Modo: scheduled
2026-04-28 12:20:15,613 | INFO | Excel: C:\Users\fserrano\Desktop\ARMAS-GADSO-1.0\logs\20260428_122010\worker_2_batch_1_idxs_1.xlsx
2026-04-28 12:20:15,613 | INFO | Screenshots: C:\Users\fserrano\Desktop\ARMAS-GADSO-1.0\screenshots\20260428_122010\screenshots_w2
2026-04-28 12:20:20,565 | INFO | [INFO] OCR (easyocr) cargado correctamente | langs=['en'] | gpu=False
2026-04-28 12:20:20,598 | INFO | [INFO] INICIANDO SCRIPT SEL - Login Automtico
2026-04-28 12:20:20,599 | INFO | [INFO] PERSISTENT_SESSION activado - navegador se reutilizara entre grupos sin cerrarse
2026-04-28 12:20:21,171 | INFO |    -> Registros con estado 'PENDIENTE': 1
2026-04-28 12:20:21,171 | INFO |    -> Validando fecha de hoy: 28/04/2026
2026-04-28 12:20:21,171 | INFO |    -> Registros despues de filtrar por fecha: 1 (filtrados: 0)
2026-04-28 12:20:21,174 | INFO |  Registros pendientes a procesar: 1
2026-04-28 12:20:21,174 | INFO |  Procesando grupo RUC JV - Registros: 1
2026-04-28 12:20:21,174 | INFO | [INFO] Intento login 1/12 para grupo JV
2026-04-28 12:20:21,174 | INFO | [TILE] Lanzando Chromium con args: ['--disable-infobars', '--window-size=1366,900', '--window-position=0,0']
2026-04-28 12:20:23,513 | INFO | [INFO] Pagina de login cargada
2026-04-28 12:20:23,915 | INFO | [INFO] Pestaña 'Autenticación Tradicional' seleccionada
2026-04-28 12:20:26,015 | INFO | [INFO] Credenciales llenadas para grupo JV
2026-04-28 12:20:26,015 | INFO |  OCR CAPTCHA: intento interno 1/6...
2026-04-28 12:20:27,337 | ERROR | C:\Users\fserrano\AppData\Local\Programs\Python\Python314\Lib\site-packages\torch\utils\data\dataloader.py:775: UserWarning: 'pin_memory' argument is set as true but no accelerator is found, then device pinned memory won't be used.
2026-04-28 12:20:27,337 | ERROR |   super().__init__(loader)
2026-04-28 12:20:27,521 | INFO |    -> Variante 0, Decoder greedy: 'F PR1B' -> 'FPR1B' [INFO]
2026-04-28 12:20:27,521 | INFO |    [INFO] CAPTCHA valido -> Usando: FPR1B
2026-04-28 12:20:27,600 | INFO | [INFO] Captcha automatico: FPR1B
2026-04-28 12:20:27,600 | INFO | [INFO] Enviando login...
2026-04-28 12:20:28,064 | INFO | [INFO] Validando acceso...
2026-04-28 12:20:28,065 | INFO | [INFO] Acceso exitoso
2026-04-28 12:20:28,065 | INFO |    -> URL: https://www.sucamec.gob.pe/sel/faces/aplicacion/inicio.xhtml
2026-04-28 12:20:28,065 | INFO | [INFO] Tiempo total login: 4.55 segundos
2026-04-28 12:20:28,065 | INFO |  Navegando a RESERVAS DE CITAS...
2026-04-28 12:20:28,945 | INFO |    [INFO] Menu CITAS expandido
2026-04-28 12:20:30,206 | INFO |    [INFO] Click en 'RESERVAS DE CITAS'
2026-04-28 12:20:30,207 | INFO |  Seleccionando tipo de cita: EXAMEN PARA POLIGONO DE TIRO
2026-04-28 12:20:30,672 | INFO |    [INFO] Tipo de cita seleccionado: EXAMEN PARA POLÍGONO DE TIRO
2026-04-28 12:20:30,672 | INFO | -------- JV Registro iterativo 1 (idx=1, prioridad=alta, intento=1, en_cola=0) --------
2026-04-28 12:20:30,933 | INFO |  Registro tomado desde Excel:
2026-04-28 12:20:30,933 | INFO |    - id_registro: 2
2026-04-28 12:20:30,933 | INFO |    - sede: LIMA
2026-04-28 12:20:30,933 | INFO |    - fecha: 19/05/2026
2026-04-28 12:20:30,934 | INFO |    - hora_rango: 12:00-12:15
2026-04-28 12:20:30,934 | INFO |    - tipo_operacion: RENOVACION DE LICENCIA DE USO
2026-04-28 12:20:30,934 | INFO |    - doc_vigilante: 73799884
2026-04-28 12:20:30,934 | INFO |    - nro_solicitud: 037411-0
2026-04-28 12:20:30,934 | INFO |    - fecha_programacion: 28/04/2026
2026-04-28 12:20:30,934 | INFO |    - ruc: J & V Resguardo
2026-04-28 12:20:30,934 | INFO |    - prioridad: alta
2026-04-28 12:20:30,934 | INFO |    - siguiente_mismo_doc_y_fecha: False
2026-04-28 12:20:30,934 | INFO |    - indices_relacionados_excel: [1]
2026-04-28 12:20:30,934 | INFO |    - tipo_arma (excel): ['CORTA']
2026-04-28 12:20:30,934 | INFO |    - arma (excel): ['REVOLVER']
2026-04-28 12:20:30,934 | INFO |    - objetivos_arma: [('CORTA', 'REVOLVER')]
2026-04-28 12:20:30,934 | INFO |    - tipos_arma_objetivo: ['CORTA']
2026-04-28 12:20:30,943 | INFO |  Completando Reserva de Cupos con datos del Excel...
2026-04-28 12:20:31,388 | INFO |    [INFO] Sede seleccionado: LIMA
2026-04-28 12:20:32,512 | INFO |    [INFO] Fecha seleccionado: 19/05/2026
2026-04-28 12:20:32,512 | INFO |  Buscando hora en tabla: 12:00-12:15
2026-04-28 12:20:32,910 | INFO |    [INFO] Screenshot tabla cupos: C:\Users\fserrano\Desktop\ARMAS-GADSO-1.0\screenshots\20260428_122010\screenshots_w2\step_1_reserva_cupos\20260428_122032_tabla_inicial_i1_h12_00-12_15.png
2026-04-28 12:20:33,315 | INFO |    [INFO] Estrategia horario: bloque completo de mediodia (11:45-13:00)
2026-04-28 12:20:33,452 | INFO |    [INFO] Screenshot tabla sin cupo: C:\Users\fserrano\Desktop\ARMAS-GADSO-1.0\screenshots\20260428_122010\screenshots_w2\step_1_reserva_cupos\20260428_122033_sin_cupo_candidatos_0_i1_h12_00-12_15.png
2026-04-28 12:20:33,453 | INFO |    [INFO] Correo Graph diferido [MULTIWORKER_DEFERRED] | attachments=20260428_122032_tabla_inicial_i1_h12_00-12_15.png, 20260428_122033_sin_cupo_candidatos_0_i1_h12_00-12_15.png
2026-04-28 12:20:33,857 | INFO |    [INFO] Click en boton 'Limpiar' por falta de cupos
2026-04-28 12:20:34,785 | INFO | [WARNING] Error en registro idx=1: No hay cupos en horarios candidatos. Objetivo: 12:00-12:15 | Candidatos: 11:45-12:00(0), 12:00-12:15(0), 12:15-12:30(0), 12:30-12:45(0), 12:45-13:00(0)
2026-04-28 12:20:34,802 | INFO |    [INFO] Excel actualizado: observaciones='No alcanzo cupo para horario 12:00-12:15' en 1 fila(s)
2026-04-28 12:20:34,802 | INFO | [INFO] Registro idx=1 marcado como terminal 'SIN_CUPO' tras 1 confirmaciones
2026-04-28 12:20:35,355 | INFO | [INFO] Wizard limpiado para siguiente registro (recuperacion por error)
2026-04-28 12:20:36,356 | INFO | [DEBUG] PERSISTENT_SESSION: cerrando contexto anterior para siguiente grupo
2026-04-28 12:20:36,402 | INFO |  Tiempo total del flujo: 15.80 segundos
2026-04-28 12:20:36,403 | INFO |  Resumen: OK=0 | SIN_CUPO=1 | ERROR=0
2026-04-28 12:20:36,403 | INFO | [INFO] Flujo completado.
2026-04-28 12:20:36,403 | INFO |     Duracin final del flujo: 15.80 segundos
2026-04-28 12:20:36,769 | INFO | Navegador cerrado.
2026-04-28 12:20:36,769 | INFO | Pipeline finalizado
2026-04-28 12:20:36,769 | INFO | Log disponible en: C:\Users\fserrano\Desktop\ARMAS-GADSO-1.0\logs\20260428_122010\logs_w2\run_20260428_122010.log
