2026-04-14 00:00:07,091 | INFO | Iniciando pipeline ARMAS-GADSO
2026-04-14 00:00:07,091 | INFO | Modo: scheduled
2026-04-14 00:00:07,091 | INFO | Excel: C:\Users\fserrano\Desktop\ARMAS-GADSO-1.0\logs\.tmp_multihilo_flow_20260414_000006\worker_2_batch_1_idxs_2.xlsx
2026-04-14 00:00:12,898 | INFO | [INFO] INICIANDO SCRIPT SEL - Login Automtico
2026-04-14 00:00:12,898 | INFO | [INFO] PERSISTENT_SESSION activado - navegador se reutilizará entre grupos sin cerrarse
2026-04-14 00:00:13,539 | INFO |    -> Registros con estado 'PENDIENTE': 2
2026-04-14 00:00:13,540 | INFO |    -> Validando fecha de hoy: 14/04/2026
2026-04-14 00:00:13,542 | INFO |    -> Registros despus de filtrar por fecha: 2 (filtrados: 0)
2026-04-14 00:00:13,545 | INFO |  Registros pendientes a procesar: 1
2026-04-14 00:00:13,545 | INFO |  Procesando grupo RUC JV - Registros: 1
2026-04-14 00:00:13,545 | INFO | [INFO] Intento login 1/12 para grupo JV
2026-04-14 00:00:13,546 | INFO | [TILE] Args launch: --window-size=754,468 --window-position=776,6
2026-04-14 00:00:13,546 | INFO | [TILE] Lanzando Chromium con args: ['--disable-infobars', '--window-size=754,468', '--window-position=776,6']
2026-04-14 00:00:14,587 | INFO | [TILE] Geometría aplicada -> xy=(776,6) wh=(754,468) screen_cfg=1536x960 screen_js=1536x912 outer_js=755x470
2026-04-14 00:00:15,894 | INFO | [INFO] Pagina de login cargada
2026-04-14 00:00:16,211 | INFO | [INFO] Pestaña 'Autenticación Tradicional' seleccionada
2026-04-14 00:00:18,776 | INFO | [INFO] Credenciales llenadas para grupo JV
2026-04-14 00:00:18,777 | INFO |  OCR CAPTCHA: intento interno 1/6...
2026-04-14 00:00:19,853 | ERROR | C:\Users\fserrano\AppData\Local\Programs\Python\Python314\Lib\site-packages\torch\utils\data\dataloader.py:775: UserWarning: 'pin_memory' argument is set as true but no accelerator is found, then device pinned memory won't be used.
2026-04-14 00:00:19,853 | ERROR |   super().__init__(loader)
2026-04-14 00:00:19,947 | INFO |    -> Variante 0, Decoder greedy: 'SQUS2' -> 'SQUS2' [INFO]
2026-04-14 00:00:19,948 | INFO |    [INFO] CAPTCHA vlido -> Usando: SQUS2
2026-04-14 00:00:20,002 | INFO | [INFO] Captcha automatico: SQUS2
2026-04-14 00:00:20,002 | INFO | [INFO] Enviando login...
2026-04-14 00:00:20,442 | INFO | [INFO] Validando acceso...
2026-04-14 00:00:20,442 | INFO | [INFO] Acceso exitoso
2026-04-14 00:00:20,443 | INFO |    -> URL: https://www.sucamec.gob.pe/sel/faces/aplicacion/inicio.xhtml
2026-04-14 00:00:20,443 | INFO | [INFO] Tiempo total login: 6.90 segundos
2026-04-14 00:00:20,443 | INFO |  Navegando a CITAS -> RESERVAS DE CITAS...
2026-04-14 00:00:21,004 | INFO |     Fast-path: click directo en 'RESERVAS DE CITAS' (menuid 7_1)
2026-04-14 00:00:22,798 | INFO | [INFO] Navegacin completada (fast-path) -> URL: https://www.sucamec.gob.pe/sel/faces/aplicacion/inicio.xhtml
2026-04-14 00:00:22,798 | INFO |  Seleccionando tipo de cita: EXAMEN PARA POLGONO DE TIRO...
2026-04-14 00:00:23,207 | INFO |    [INFO] Tipo de cita seleccionado: EXAMEN PARA POLÍGONO DE TIRO
2026-04-14 00:00:23,207 | INFO | -------- JV Registro iterativo 1 (idx=2, prioridad=alta, intento=1, en_cola=0) --------
2026-04-14 00:00:24,606 | INFO |  Registro tomado desde Excel:
2026-04-14 00:00:24,606 | INFO |    - id_registro: 3
2026-04-14 00:00:24,606 | INFO |    - sede: LIMA
2026-04-14 00:00:24,606 | INFO |    - fecha: 06/05/2026
2026-04-14 00:00:24,606 | INFO |    - hora_rango: 12:15-12:30
2026-04-14 00:00:24,606 | INFO |    - tipo_operacion: INICIAL DE LICENCIA DE USO
2026-04-14 00:00:24,606 | INFO |    - doc_vigilante: 47535091
2026-04-14 00:00:24,606 | INFO |    - nro_solicitud: 100153-0
2026-04-14 00:00:24,606 | INFO |    - fecha_programacion: 14/04/2026
2026-04-14 00:00:24,606 | INFO |    - ruc: J & V Resguardo
2026-04-14 00:00:24,607 | INFO |    - prioridad: alta
2026-04-14 00:00:24,607 | INFO |    - siguiente_mismo_doc_y_fecha: True
2026-04-14 00:00:24,607 | INFO |    - indices_relacionados_excel: [2, 3]
2026-04-14 00:00:24,607 | INFO |    - tipo_arma (excel): ['CORTA', 'LARGA']
2026-04-14 00:00:24,607 | INFO |    - arma (excel): ['REVOLVER', 'ESCOPETA']
2026-04-14 00:00:24,607 | INFO |    - objetivos_arma: [('CORTA', 'REVOLVER'), ('LARGA', 'ESCOPETA')]
2026-04-14 00:00:24,607 | INFO |    - tipos_arma_objetivo: ['CORTA', 'LARGA']
2026-04-14 00:00:24,616 | INFO |  Completando Reserva de Cupos con datos del Excel...
2026-04-14 00:00:25,000 | INFO |    [INFO] Sede seleccionado: LIMA
2026-04-14 00:00:26,860 | INFO | [WARNING] Error en registro idx=2: Fecha '06/05/2026' no disponible en combo. Opciones actuales: ['Seleccione Fecha', '14/04/2026', '15/04/2026', '16/04/2026', '17/04/2026', '20/04/2026', '21/04/2026', '22/04/2026', '23/04/2026', '24/04/2026', '27/04/2026', '28/04/2026', '29/04/2026', '30/04/2026', '04/05/2026', '05/05/2026']
2026-04-14 00:00:26,860 | INFO | [INFO] Registro idx=2 con causal terminal 'FECHA_NO_DISPONIBLE' pendiente de confirmación (1/2). Reencolando...
2026-04-14 00:00:27,095 | INFO |    [INFO] Click en 'Limpiar' (recuperación por error)
2026-04-14 00:00:28,095 | INFO | -------- JV Registro iterativo 2 (idx=2, prioridad=alta, intento=2, en_cola=0) --------
2026-04-14 00:00:28,135 | INFO |  Registro tomado desde Excel:
2026-04-14 00:00:28,136 | INFO |    - id_registro: 3
2026-04-14 00:00:28,136 | INFO |    - sede: LIMA
2026-04-14 00:00:28,136 | INFO |    - fecha: 06/05/2026
2026-04-14 00:00:28,136 | INFO |    - hora_rango: 12:15-12:30
2026-04-14 00:00:28,136 | INFO |    - tipo_operacion: INICIAL DE LICENCIA DE USO
2026-04-14 00:00:28,136 | INFO |    - doc_vigilante: 47535091
2026-04-14 00:00:28,136 | INFO |    - nro_solicitud: 100153-0
2026-04-14 00:00:28,136 | INFO |    - fecha_programacion: 14/04/2026
2026-04-14 00:00:28,136 | INFO |    - ruc: J & V Resguardo
2026-04-14 00:00:28,136 | INFO |    - prioridad: alta
2026-04-14 00:00:28,136 | INFO |    - siguiente_mismo_doc_y_fecha: True
2026-04-14 00:00:28,136 | INFO |    - indices_relacionados_excel: [2, 3]
2026-04-14 00:00:28,136 | INFO |    - tipo_arma (excel): ['CORTA', 'LARGA']
2026-04-14 00:00:28,136 | INFO |    - arma (excel): ['REVOLVER', 'ESCOPETA']
2026-04-14 00:00:28,136 | INFO |    - objetivos_arma: [('CORTA', 'REVOLVER'), ('LARGA', 'ESCOPETA')]
2026-04-14 00:00:28,136 | INFO |    - tipos_arma_objetivo: ['CORTA', 'LARGA']
2026-04-14 00:00:28,142 | INFO |  Completando Reserva de Cupos con datos del Excel...
2026-04-14 00:00:28,496 | INFO |    [INFO] Sede seleccionado: LIMA
2026-04-14 00:00:30,307 | INFO | [WARNING] Error en registro idx=2: Fecha '06/05/2026' no disponible en combo. Opciones actuales: ['Seleccione Fecha', '14/04/2026', '15/04/2026', '16/04/2026', '17/04/2026', '20/04/2026', '21/04/2026', '22/04/2026', '23/04/2026', '24/04/2026', '27/04/2026', '28/04/2026', '29/04/2026', '30/04/2026', '04/05/2026', '05/05/2026']
2026-04-14 00:00:30,335 | INFO |    📝 Excel actualizado: observaciones='Fecha no disponible en combo de Reserva de Cupos: 06/05/2026' en 2 fila(s)
2026-04-14 00:00:30,335 | INFO | [INFO] Registro idx=2 marcado como terminal 'FECHA_NO_DISPONIBLE' tras 2 confirmaciones
2026-04-14 00:00:30,564 | INFO |    [INFO] Click en 'Limpiar' (recuperación por error)
2026-04-14 00:00:31,565 | INFO | [DEBUG] PERSISTENT_SESSION: cerrando contexto anterior para siguiente grupo
2026-04-14 00:00:31,590 | INFO |  Tiempo total del flujo: 18.69 segundos
2026-04-14 00:00:31,590 | INFO |  Resumen: OK=0 | SIN_CUPO=0 | ERROR=1
2026-04-14 00:00:31,591 | INFO | [INFO] Flujo completado.
2026-04-14 00:00:31,591 | INFO |     Duracin final del flujo: 18.69 segundos
2026-04-14 00:00:31,907 | INFO | Navegador cerrado.
2026-04-14 00:00:31,908 | INFO | Pipeline finalizado
2026-04-14 00:00:31,908 | INFO | Log disponible en: C:\Users\fserrano\Desktop\ARMAS-GADSO-1.0\logs\.tmp_multihilo_flow_20260414_000006\logs_w2\run_20260414_000007.log
