2026-04-01 00:16:48,486 | INFO | Iniciando pipeline ARMAS-GADSO
2026-04-01 00:16:48,486 | INFO | Modo: scheduled
2026-04-01 00:16:48,486 | INFO | Excel: C:\Users\fserrano\Desktop\ARMAS-GADSO-1.0\logs\.tmp_multihilo_flow_20260401_001648\worker_4_batch_1_idxs_3.xlsx
2026-04-01 00:16:54,549 | INFO | [INFO] INICIANDO SCRIPT SEL - Login Automtico
2026-04-01 00:16:54,549 | INFO | [INFO] PERSISTENT_SESSION activado - navegador se reutilizará entre grupos sin cerrarse
2026-04-01 00:16:55,310 | INFO |    -> Registros con estado 'PENDIENTE': 1
2026-04-01 00:16:55,310 | INFO |    -> Validando fecha de hoy: 01/04/2026
2026-04-01 00:16:55,311 | INFO |    -> Registros despus de filtrar por fecha: 1 (filtrados: 0)
2026-04-01 00:16:55,315 | INFO |  Registros pendientes a procesar: 1
2026-04-01 00:16:55,315 | INFO |  Procesando grupo RUC JV - Registros: 1
2026-04-01 00:16:55,315 | INFO | [INFO] Intento login 1/12 para grupo JV
2026-04-01 00:16:55,315 | INFO | [TILE] Args launch: --window-size=754,468 --window-position=776,486
2026-04-01 00:16:55,315 | INFO | [TILE] Lanzando Chromium con args: ['--disable-infobars', '--window-size=754,468', '--window-position=776,486']
2026-04-01 00:16:56,860 | INFO | [TILE] Geometría aplicada -> xy=(776,486) wh=(754,468) screen_cfg=1536x960 screen_js=1536x912 outer_js=755x470
2026-04-01 00:16:58,230 | INFO | [INFO] Pagina de login cargada
2026-04-01 00:16:58,488 | INFO | [INFO] Pestaña 'Autenticación Tradicional' seleccionada
2026-04-01 00:17:01,307 | INFO | [INFO] Credenciales llenadas para grupo JV
2026-04-01 00:17:01,308 | INFO |  OCR CAPTCHA: intento interno 1/6...
2026-04-01 00:17:02,666 | ERROR | C:\Users\fserrano\AppData\Local\Programs\Python\Python314\Lib\site-packages\torch\utils\data\dataloader.py:775: UserWarning: 'pin_memory' argument is set as true but no accelerator is found, then device pinned memory won't be used.
2026-04-01 00:17:02,667 | ERROR |   super().__init__(loader)
2026-04-01 00:17:02,807 | INFO |    -> Variante 0, Decoder greedy: '8PX3TE' -> '8PX3TE' (len=6) [WARNING]
2026-04-01 00:17:03,478 | INFO |    -> Variante 0, Decoder beamsearch: '8X3TE' -> '8X3TE' [INFO]
2026-04-01 00:17:03,479 | INFO |    [INFO] CAPTCHA vlido -> Usando: 8X3TE
2026-04-01 00:17:03,540 | INFO | [INFO] Captcha automatico: 8X3TE
2026-04-01 00:17:03,540 | INFO | [INFO] Enviando login...
2026-04-01 00:17:04,155 | INFO | [INFO] Validando acceso...
2026-04-01 00:17:04,155 | INFO | [INFO] Acceso exitoso
2026-04-01 00:17:04,156 | INFO |    -> URL: https://www.sucamec.gob.pe/sel/faces/aplicacion/inicio.xhtml
2026-04-01 00:17:04,156 | INFO | [INFO] Tiempo total login: 8.84 segundos
2026-04-01 00:17:04,156 | INFO |  Navegando a CITAS -> RESERVAS DE CITAS...
2026-04-01 00:17:05,217 | INFO |     Fast-path: click directo en 'RESERVAS DE CITAS' (menuid 7_1)
2026-04-01 00:17:07,199 | INFO | [INFO] Navegacin completada (fast-path) -> URL: https://www.sucamec.gob.pe/sel/faces/aplicacion/inicio.xhtml
2026-04-01 00:17:07,199 | INFO |  Seleccionando tipo de cita: EXAMEN PARA POLGONO DE TIRO...
2026-04-01 00:17:07,567 | INFO |    [INFO] Tipo de cita seleccionado: EXAMEN PARA POLÍGONO DE TIRO
2026-04-01 00:17:07,568 | INFO | -------- JV Registro iterativo 1 (idx=3, prioridad=normal, intento=1, en_cola=0) --------
2026-04-01 00:17:08,469 | INFO |  Registro tomado desde Excel:
2026-04-01 00:17:08,469 | INFO |    - id_registro: 4
2026-04-01 00:17:08,469 | INFO |    - sede: LIMA
2026-04-01 00:17:08,469 | INFO |    - fecha: 22/04/2026
2026-04-01 00:17:08,469 | INFO |    - hora_rango: 09:00-09:15
2026-04-01 00:17:08,470 | INFO |    - tipo_operacion: RENOVACIÓN DE LICENCIA DE USO
2026-04-01 00:17:08,470 | INFO |    - doc_vigilante: 75151780
2026-04-01 00:17:08,470 | INFO |    - nro_solicitud: 052332-0
2026-04-01 00:17:08,470 | INFO |    - fecha_programacion: 01/04/2026
2026-04-01 00:17:08,470 | INFO |    - ruc: J & V Resguardo
2026-04-01 00:17:08,470 | INFO |    - prioridad: normal
2026-04-01 00:17:08,470 | INFO |    - siguiente_mismo_doc_y_fecha: False
2026-04-01 00:17:08,470 | INFO |    - indices_relacionados_excel: [3]
2026-04-01 00:17:08,470 | INFO |    - tipo_arma (excel): ['CORTA']
2026-04-01 00:17:08,470 | INFO |    - arma (excel): ['REVOLVER']
2026-04-01 00:17:08,470 | INFO |    - objetivos_arma: [('CORTA', 'REVOLVER')]
2026-04-01 00:17:08,470 | INFO |    - tipos_arma_objetivo: ['CORTA']
2026-04-01 00:17:08,480 | INFO |  Completando Reserva de Cupos con datos del Excel...
2026-04-01 00:17:08,852 | INFO |    [INFO] Sede seleccionado: LIMA
2026-04-01 00:17:10,009 | INFO |    [INFO] Fecha seleccionado: 22/04/2026
2026-04-01 00:17:10,009 | INFO |  Buscando hora en tabla: 09:00-09:15
2026-04-01 00:17:10,654 | INFO |    [INFO] Estrategia horario: vecinos inmediatos (inferior/superior)
2026-04-01 00:17:11,041 | INFO |    [INFO] Click en botn 'Limpiar' por falta de cupos
2026-04-01 00:17:12,050 | INFO | [WARNING] Error en registro idx=3: No hay cupos en horarios candidatos. Objetivo: 09:00-09:15 | Candidatos: 08:45-09:00(0), 09:15-09:30(0)
2026-04-01 00:17:12,073 | INFO |    📝 Excel actualizado: observaciones='No alcanzo cupo para horario 09:00-09:15' en 1 fila(s)
2026-04-01 00:17:12,073 | INFO | [INFO] Registro idx=3 marcado como terminal 'SIN_CUPO' tras 1 confirmaciones
2026-04-01 00:17:12,343 | INFO |    [INFO] Click en 'Limpiar' (recuperación por error)
2026-04-01 00:17:13,344 | INFO | [DEBUG] PERSISTENT_SESSION: cerrando contexto anterior para siguiente grupo
2026-04-01 00:17:13,372 | INFO |  Tiempo total del flujo: 18.82 segundos
2026-04-01 00:17:13,372 | INFO |  Resumen: OK=0 | SIN_CUPO=1 | ERROR=0
2026-04-01 00:17:13,372 | INFO | [INFO] Flujo completado.
2026-04-01 00:17:13,372 | INFO |     Duracin final del flujo: 18.82 segundos
2026-04-01 00:17:13,724 | INFO | Navegador cerrado.
2026-04-01 00:17:13,725 | INFO | Pipeline finalizado
2026-04-01 00:17:13,725 | INFO | Log disponible en: C:\Users\fserrano\Desktop\ARMAS-GADSO-1.0\logs\.tmp_multihilo_flow_20260401_001648\logs_w4\run_20260401_001648.log
