2026-04-23 00:00:30,859 | INFO | Iniciando pipeline ARMAS-GADSO
2026-04-23 00:00:30,859 | INFO | Modo: scheduled
2026-04-23 00:00:30,859 | INFO | Excel: C:\Users\fserrano\Desktop\ARMAS-GADSO-1.0\logs\.tmp_multihilo_flow_20260423_000030\worker_3_batch_1_idxs_2.xlsx
2026-04-23 00:00:37,267 | INFO | [INFO] INICIANDO SCRIPT SEL - Login Automtico
2026-04-23 00:00:37,268 | INFO | [INFO] PERSISTENT_SESSION activado - navegador se reutilizará entre grupos sin cerrarse
2026-04-23 00:00:39,514 | INFO |    -> Registros con estado 'PENDIENTE': 1
2026-04-23 00:00:39,514 | INFO |    -> Validando fecha de hoy: 23/04/2026
2026-04-23 00:00:39,518 | INFO |    -> Registros despus de filtrar por fecha: 1 (filtrados: 0)
2026-04-23 00:00:39,526 | INFO |  Registros pendientes a procesar: 1
2026-04-23 00:00:39,526 | INFO |  Procesando grupo RUC JV - Registros: 1
2026-04-23 00:00:39,526 | INFO | [INFO] Intento login 1/12 para grupo JV
2026-04-23 00:00:39,526 | INFO | [TILE] Args launch: --window-size=754,468 --window-position=6,486
2026-04-23 00:00:39,526 | INFO | [TILE] Lanzando Chromium con args: ['--disable-infobars', '--window-size=754,468', '--window-position=6,486']
2026-04-23 00:00:42,064 | INFO | [TILE] Geometría aplicada -> xy=(6,486) wh=(754,468) screen_cfg=1536x960 screen_js=1536x912 outer_js=755x470
2026-04-23 00:00:44,487 | INFO | [INFO] Pagina de login cargada
2026-04-23 00:00:45,050 | INFO | [INFO] Pestaña 'Autenticación Tradicional' seleccionada
2026-04-23 00:00:47,662 | INFO | [INFO] Credenciales llenadas para grupo JV
2026-04-23 00:00:47,663 | INFO |  OCR CAPTCHA: intento interno 1/6...
2026-04-23 00:00:49,804 | ERROR | C:\Users\fserrano\AppData\Local\Programs\Python\Python314\Lib\site-packages\torch\utils\data\dataloader.py:775: UserWarning: 'pin_memory' argument is set as true but no accelerator is found, then device pinned memory won't be used.
2026-04-23 00:00:49,805 | ERROR |   super().__init__(loader)
2026-04-23 00:00:49,968 | INFO |    -> Variante 0, Decoder greedy: 'U4LGV' -> 'U4LGV' [INFO]
2026-04-23 00:00:49,968 | INFO |    [INFO] CAPTCHA vlido -> Usando: U4LGV
2026-04-23 00:00:50,408 | INFO | [INFO] Captcha automatico: U4LGV
2026-04-23 00:00:50,408 | INFO | [INFO] Enviando login...
2026-04-23 00:00:51,638 | INFO | [INFO] Validando acceso...
2026-04-23 00:00:51,638 | INFO | [INFO] Acceso exitoso
2026-04-23 00:00:51,638 | INFO |    -> URL: https://www.sucamec.gob.pe/sel/faces/aplicacion/inicio.xhtml
2026-04-23 00:00:51,638 | INFO | [INFO] Tiempo total login: 12.11 segundos
2026-04-23 00:00:51,639 | INFO |  Navegando a CITAS -> RESERVAS DE CITAS...
2026-04-23 00:00:52,999 | INFO |     Fast-path: click directo en 'RESERVAS DE CITAS' (menuid 7_1)
2026-04-23 00:00:55,561 | INFO | [INFO] Navegacin completada (fast-path) -> URL: https://www.sucamec.gob.pe/sel/faces/aplicacion/inicio.xhtml
2026-04-23 00:00:55,561 | INFO |  Seleccionando tipo de cita: EXAMEN PARA POLGONO DE TIRO...
2026-04-23 00:00:55,941 | INFO |    [INFO] Tipo de cita seleccionado: EXAMEN PARA POLÍGONO DE TIRO
2026-04-23 00:00:55,941 | INFO | -------- JV Registro iterativo 1 (idx=2, prioridad=alta, intento=1, en_cola=0) --------
2026-04-23 00:00:59,408 | INFO |  Registro tomado desde Excel:
2026-04-23 00:00:59,408 | INFO |    - id_registro: 3
2026-04-23 00:00:59,408 | INFO |    - sede: LIMA
2026-04-23 00:00:59,408 | INFO |    - fecha: 14/05/2026
2026-04-23 00:00:59,408 | INFO |    - hora_rango: 12:00-12:15
2026-04-23 00:00:59,408 | INFO |    - tipo_operacion: INICIAL DE LICENCIA DE USO
2026-04-23 00:00:59,408 | INFO |    - doc_vigilante: 44209356
2026-04-23 00:00:59,408 | INFO |    - nro_solicitud: 099012-0
2026-04-23 00:00:59,408 | INFO |    - fecha_programacion: 23/04/2026
2026-04-23 00:00:59,408 | INFO |    - ruc: J & V Resguardo
2026-04-23 00:00:59,409 | INFO |    - prioridad: alta
2026-04-23 00:00:59,409 | INFO |    - siguiente_mismo_doc_y_fecha: False
2026-04-23 00:00:59,409 | INFO |    - indices_relacionados_excel: [2]
2026-04-23 00:00:59,409 | INFO |    - tipo_arma (excel): ['CORTA']
2026-04-23 00:00:59,409 | INFO |    - arma (excel): ['PISTOLA']
2026-04-23 00:00:59,409 | INFO |    - objetivos_arma: [('CORTA', 'PISTOLA')]
2026-04-23 00:00:59,409 | INFO |    - tipos_arma_objetivo: ['CORTA']
2026-04-23 00:00:59,419 | INFO |  Completando Reserva de Cupos con datos del Excel...
2026-04-23 00:00:59,802 | INFO |    [INFO] Sede seleccionado: LIMA
2026-04-23 00:01:02,257 | INFO |    [INFO] Fecha seleccionado: 14/05/2026
2026-04-23 00:01:02,257 | INFO |  Buscando hora en tabla: 12:00-12:15
2026-04-23 00:01:04,069 | INFO |    [INFO] Estrategia horario: prioridad a hora exacta del Excel
2026-04-23 00:01:04,366 | INFO |    [INFO] Hora seleccionada: 12:00-12:15 (Cupos Libres=3)
2026-04-23 00:01:04,490 | INFO |    [INFO] Click en botn 'Siguiente'
2026-04-23 00:01:04,490 | INFO |  Completando Paso 2 con datos del Excel...
2026-04-23 00:01:05,685 | INFO |    [INFO] Tipo Operacin seleccionado: INICIAL DE LICENCIA DE USO
2026-04-23 00:01:05,685 | INFO |     Flujo INICIAL detectado: primero Tipo de Licencia, luego Documento Vigilante
2026-04-23 00:01:06,996 | INFO |    [INFO] Tipo de Licencia: SEGURIDAD PRIVADA
2026-04-23 00:01:11,475 | INFO | [WARNING] Error en registro idx=2: No se confirmó el documento vigilante. Esperado contiene '44209356' | Actual ''
2026-04-23 00:01:11,475 | INFO | [INFO] Registro idx=2 con causal terminal 'DOC_VIGILANTE' pendiente de confirmación (1/2). Reencolando...
2026-04-23 00:01:11,693 | INFO |    [INFO] Click en 'Limpiar' (recuperación por error)
2026-04-23 00:01:12,693 | INFO | -------- JV Registro iterativo 2 (idx=2, prioridad=alta, intento=2, en_cola=0) --------
2026-04-23 00:01:12,762 | INFO |  Registro tomado desde Excel:
2026-04-23 00:01:12,763 | INFO |    - id_registro: 3
2026-04-23 00:01:12,763 | INFO |    - sede: LIMA
2026-04-23 00:01:12,763 | INFO |    - fecha: 14/05/2026
2026-04-23 00:01:12,763 | INFO |    - hora_rango: 12:00-12:15
2026-04-23 00:01:12,763 | INFO |    - tipo_operacion: INICIAL DE LICENCIA DE USO
2026-04-23 00:01:12,763 | INFO |    - doc_vigilante: 44209356
2026-04-23 00:01:12,763 | INFO |    - nro_solicitud: 099012-0
2026-04-23 00:01:12,763 | INFO |    - fecha_programacion: 23/04/2026
2026-04-23 00:01:12,763 | INFO |    - ruc: J & V Resguardo
2026-04-23 00:01:12,763 | INFO |    - prioridad: alta
2026-04-23 00:01:12,763 | INFO |    - siguiente_mismo_doc_y_fecha: False
2026-04-23 00:01:12,763 | INFO |    - indices_relacionados_excel: [2]
2026-04-23 00:01:12,763 | INFO |    - tipo_arma (excel): ['CORTA']
2026-04-23 00:01:12,763 | INFO |    - arma (excel): ['PISTOLA']
2026-04-23 00:01:12,763 | INFO |    - objetivos_arma: [('CORTA', 'PISTOLA')]
2026-04-23 00:01:12,763 | INFO |    - tipos_arma_objetivo: ['CORTA']
2026-04-23 00:01:12,771 | INFO |  Completando Reserva de Cupos con datos del Excel...
2026-04-23 00:01:13,222 | INFO |    [INFO] Sede seleccionado: LIMA
2026-04-23 00:01:14,357 | INFO |    [INFO] Fecha seleccionado: 14/05/2026
2026-04-23 00:01:14,357 | INFO |  Buscando hora en tabla: 12:00-12:15
2026-04-23 00:01:15,636 | INFO |    [INFO] Estrategia horario: prioridad a hora exacta del Excel
2026-04-23 00:01:15,940 | INFO |    [INFO] Hora seleccionada: 12:00-12:15 (Cupos Libres=2)
2026-04-23 00:01:16,321 | INFO |    [INFO] Click en botn 'Siguiente'
2026-04-23 00:01:16,321 | INFO |  Completando Paso 2 con datos del Excel...
2026-04-23 00:01:17,523 | INFO |    [INFO] Tipo Operacin seleccionado: INICIAL DE LICENCIA DE USO
2026-04-23 00:01:17,523 | INFO |     Flujo INICIAL detectado: primero Tipo de Licencia, luego Documento Vigilante
2026-04-23 00:01:18,300 | INFO |    [INFO] Tipo de Licencia: SEGURIDAD PRIVADA
2026-04-23 00:01:19,844 | INFO |    [INFO] Documento vigilante seleccionado: 44209356
2026-04-23 00:01:20,624 | INFO |    [INFO] Seleccione Solicitud: SI
2026-04-23 00:01:20,624 | INFO |     Flujo INICIAL: tambin se seleccionar Nro Solicitud
2026-04-23 00:01:23,415 | INFO |    [INFO] Nro Solicitud seleccionado: TUPA 2022 PA3400C585 - NRO EMPOCE: 99012 - FECHA REGISTRO: 21/04/2026
2026-04-23 00:01:24,406 | INFO |  Completando tabla de tipos de arma (Fase 2)...
2026-04-23 00:01:29,199 | INFO |    [INFO] CORTA: PISTOLA
2026-04-23 00:01:29,265 | INFO |    [INFO] Click en botn 'Siguiente' de Fase 2 (botonSiguiente3)
2026-04-23 00:01:35,980 | INFO |  Completando Fase 3 (Resumen de cita)...
2026-04-23 00:01:35,990 | INFO |  OCR CAPTCHA Fase 3: intento interno 1/∞...
2026-04-23 00:01:37,201 | ERROR | C:\Users\fserrano\AppData\Local\Programs\Python\Python314\Lib\site-packages\torch\utils\data\dataloader.py:775: UserWarning: 'pin_memory' argument is set as true but no accelerator is found, then device pinned memory won't be used.
2026-04-23 00:01:37,201 | ERROR |   super().__init__(loader)
2026-04-23 00:01:37,244 | INFO |    -> Variante 0, Decoder greedy: 'EXBLF' -> 'EXBLF' [INFO]
2026-04-23 00:01:37,244 | INFO |    [INFO] CAPTCHA vlido -> Usando: EXBLF
2026-04-23 00:01:37,289 | INFO |    [INFO] CAPTCHA Fase 3 escrito: EXBLF
2026-04-23 00:01:37,521 | INFO |    [INFO] Trminos y condiciones marcados
2026-04-23 00:01:38,500 | INFO |  Paso final opcional: Generar Cita (reintento rpido)
2026-04-23 00:01:38,506 | INFO |     Intento generar cita 1/5
2026-04-23 00:01:40,016 | INFO |    [INFO] Generar Cita confirmado en 1.51s
2026-04-23 00:01:40,017 | INFO |    -> URL: https://www.sucamec.gob.pe/sel/faces/aplicacion/inicio.xhtml
2026-04-23 00:01:40,051 | INFO |    [INFO] Excel actualizado: estado='Cita Programada' en 1 fila(s)
2026-04-23 00:01:40,294 | INFO |    [INFO] Click en 'Limpiar' (fin de flujo)
2026-04-23 00:01:40,294 | INFO | [DEBUG] PERSISTENT_SESSION: cerrando contexto anterior para siguiente grupo
2026-04-23 00:01:40,322 | INFO |  Tiempo total del flujo: 63.05 segundos
2026-04-23 00:01:40,322 | INFO |  Resumen: OK=1 | SIN_CUPO=0 | ERROR=0
2026-04-23 00:01:40,322 | INFO | [INFO] Flujo completado.
2026-04-23 00:01:40,322 | INFO |     Duracin final del flujo: 63.05 segundos
2026-04-23 00:01:40,570 | INFO | Navegador cerrado.
2026-04-23 00:01:40,570 | INFO | Pipeline finalizado
2026-04-23 00:01:40,570 | INFO | Log disponible en: C:\Users\fserrano\Desktop\ARMAS-GADSO-1.0\logs\.tmp_multihilo_flow_20260423_000030\logs_w3\run_20260423_000030.log
