2026-04-28 10:22:55,356 | INFO | Iniciando pipeline ARMAS-GADSO
2026-04-28 10:22:55,356 | INFO | Modo: scheduled
2026-04-28 10:22:55,356 | INFO | Excel: C:\Users\fserrano\Desktop\ARMAS-GADSO-1.0\logs\20260428_102250\worker_2_batch_1_idxs_1.xlsx
2026-04-28 10:22:55,356 | INFO | Screenshots: C:\Users\fserrano\Desktop\ARMAS-GADSO-1.0\screenshots\20260428_102250\screenshots_w2
2026-04-28 10:22:59,820 | INFO | [INFO] OCR (easyocr) cargado correctamente | langs=['en'] | gpu=False
2026-04-28 10:22:59,846 | INFO | [INFO] INICIANDO SCRIPT SEL - Login Automtico
2026-04-28 10:22:59,846 | INFO | [INFO] PERSISTENT_SESSION activado - navegador se reutilizara entre grupos sin cerrarse
2026-04-28 10:23:00,538 | INFO |    -> Registros con estado 'PENDIENTE': 1
2026-04-28 10:23:00,538 | INFO |    -> Validando fecha de hoy: 28/04/2026
2026-04-28 10:23:00,539 | INFO |    -> Registros despues de filtrar por fecha: 1 (filtrados: 0)
2026-04-28 10:23:00,544 | INFO |  Registros pendientes a procesar: 1
2026-04-28 10:23:00,544 | INFO |  Procesando grupo RUC JV - Registros: 1
2026-04-28 10:23:00,544 | INFO | [INFO] Intento login 1/12 para grupo JV
2026-04-28 10:23:00,544 | INFO | [TILE] Lanzando Chromium con args: ['--disable-infobars', '--window-size=1366,900', '--window-position=0,0']
2026-04-28 10:23:08,640 | INFO | [INFO] Pagina de login cargada
2026-04-28 10:23:08,760 | INFO | [INFO] Pestaña 'Autenticación Tradicional' seleccionada
2026-04-28 10:23:10,774 | INFO | [INFO] Credenciales llenadas para grupo JV
2026-04-28 10:23:10,774 | INFO |  OCR CAPTCHA: intento interno 1/6...
2026-04-28 10:23:11,538 | ERROR | C:\Users\fserrano\AppData\Local\Programs\Python\Python314\Lib\site-packages\torch\utils\data\dataloader.py:775: UserWarning: 'pin_memory' argument is set as true but no accelerator is found, then device pinned memory won't be used.
2026-04-28 10:23:11,538 | ERROR |   super().__init__(loader)
2026-04-28 10:23:11,571 | INFO |    -> Variante 0, Decoder greedy: 'ASK9C' -> 'ASK9C' [INFO]
2026-04-28 10:23:11,571 | INFO |    [INFO] CAPTCHA valido -> Usando: ASK9C
2026-04-28 10:23:11,641 | INFO | [INFO] Captcha automatico: ASK9C
2026-04-28 10:23:11,641 | INFO | [INFO] Enviando login...
2026-04-28 10:23:11,881 | INFO | [INFO] Validando acceso...
2026-04-28 10:23:11,881 | INFO | [INFO] Acceso exitoso
2026-04-28 10:23:11,881 | INFO |    -> URL: https://www.sucamec.gob.pe/sel/faces/aplicacion/inicio.xhtml
2026-04-28 10:23:11,881 | INFO | [INFO] Tiempo total login: 3.24 segundos
2026-04-28 10:23:11,881 | INFO |  Navegando a RESERVAS DE CITAS...
2026-04-28 10:23:20,992 | INFO |    [INFO] Menu CITAS expandido
2026-04-28 10:23:23,501 | INFO |    [INFO] Click en 'RESERVAS DE CITAS'
2026-04-28 10:23:23,501 | INFO |  Seleccionando tipo de cita: EXAMEN PARA POLIGONO DE TIRO
2026-04-28 10:23:23,962 | INFO |    [INFO] Tipo de cita seleccionado: EXAMEN PARA POLÍGONO DE TIRO
2026-04-28 10:23:23,962 | INFO | -------- JV Registro iterativo 1 (idx=1, prioridad=alta, intento=1, en_cola=0) --------
2026-04-28 10:23:24,208 | INFO |  Registro tomado desde Excel:
2026-04-28 10:23:24,208 | INFO |    - id_registro: 2
2026-04-28 10:23:24,208 | INFO |    - sede: LIMA
2026-04-28 10:23:24,208 | INFO |    - fecha: 19/05/2026
2026-04-28 10:23:24,208 | INFO |    - hora_rango: 12:00-12:15
2026-04-28 10:23:24,208 | INFO |    - tipo_operacion: RENOVACION DE LICENCIA DE USO
2026-04-28 10:23:24,208 | INFO |    - doc_vigilante: 73799884
2026-04-28 10:23:24,208 | INFO |    - nro_solicitud: 037411-0
2026-04-28 10:23:24,208 | INFO |    - fecha_programacion: 28/04/2026
2026-04-28 10:23:24,208 | INFO |    - ruc: J & V Resguardo
2026-04-28 10:23:24,208 | INFO |    - prioridad: alta
2026-04-28 10:23:24,208 | INFO |    - siguiente_mismo_doc_y_fecha: False
2026-04-28 10:23:24,208 | INFO |    - indices_relacionados_excel: [1]
2026-04-28 10:23:24,208 | INFO |    - tipo_arma (excel): ['CORTA']
2026-04-28 10:23:24,208 | INFO |    - arma (excel): ['REVOLVER']
2026-04-28 10:23:24,208 | INFO |    - objetivos_arma: [('CORTA', 'REVOLVER')]
2026-04-28 10:23:24,208 | INFO |    - tipos_arma_objetivo: ['CORTA']
2026-04-28 10:23:24,213 | INFO |  Completando Reserva de Cupos con datos del Excel...
2026-04-28 10:23:24,665 | INFO |    [INFO] Sede seleccionado: LIMA
2026-04-28 10:23:25,772 | INFO |    [INFO] Fecha seleccionado: 19/05/2026
2026-04-28 10:23:25,773 | INFO |  Buscando hora en tabla: 12:00-12:15
2026-04-28 10:23:56,636 | INFO |    [WARNING] No se pudo capturar screenshot de tabla cupos: Locator.screenshot: Timeout 29997ms exceeded.
2026-04-28 10:23:56,636 | INFO | Call log:
2026-04-28 10:23:56,636 | INFO |   - taking element screenshot
2026-04-28 10:23:56,636 | INFO |   - waiting for fonts to load...
2026-04-28 10:23:56,871 | INFO |    [INFO] Estrategia horario: bloque completo de mediodia (11:45-13:00)
2026-04-28 10:24:16,965 | INFO |    [INFO] Screenshot tabla sin cupo: C:\Users\fserrano\Desktop\ARMAS-GADSO-1.0\screenshots\20260428_102250\screenshots_w2\step_1_reserva_cupos\20260428_102356_sin_cupo_candidatos_0_i1_h12_00-12_15.png
2026-04-28 10:24:17,375 | INFO |    [INFO] Click en boton 'Limpiar' por falta de cupos
2026-04-28 10:24:18,413 | INFO | [WARNING] Error en registro idx=1: No hay cupos en horarios candidatos. Objetivo: 12:00-12:15 | Candidatos: 11:45-12:00(0), 12:00-12:15(0), 12:15-12:30(0), 12:30-12:45(0), 12:45-13:00(0)
2026-04-28 10:24:18,435 | INFO |    [INFO] Excel actualizado: observaciones='No alcanzo cupo para horario 12:00-12:15' en 1 fila(s)
2026-04-28 10:24:18,435 | INFO | [INFO] Registro idx=1 marcado como terminal 'SIN_CUPO' tras 1 confirmaciones
2026-04-28 10:24:18,983 | INFO | [INFO] Wizard limpiado para siguiente registro (recuperacion por error)
2026-04-28 10:24:19,984 | INFO | [DEBUG] PERSISTENT_SESSION: cerrando contexto anterior para siguiente grupo
2026-04-28 10:24:19,995 | INFO |  Tiempo total del flujo: 80.15 segundos
2026-04-28 10:24:19,996 | INFO |  Resumen: OK=0 | SIN_CUPO=1 | ERROR=0
2026-04-28 10:24:19,996 | INFO | [INFO] Flujo completado.
2026-04-28 10:24:19,996 | INFO |     Duracin final del flujo: 80.15 segundos
2026-04-28 10:24:20,054 | INFO | Navegador cerrado.
2026-04-28 10:24:20,054 | INFO | Pipeline finalizado
2026-04-28 10:24:20,054 | INFO | Log disponible en: C:\Users\fserrano\Desktop\ARMAS-GADSO-1.0\logs\20260428_102250\logs_w2\run_20260428_102250.log
