2026-04-24 16:45:24,635 | INFO | Iniciando pipeline ARMAS-GADSO
2026-04-24 16:45:24,635 | INFO | Modo: scheduled
2026-04-24 16:45:24,635 | INFO | Excel: C:\Users\fserrano\Desktop\ARMAS-GADSO-1.0\logs\20260424_164520\worker_1_batch_1_idxs_0.xlsx
2026-04-24 16:45:24,635 | INFO | Screenshots: C:\Users\fserrano\Desktop\ARMAS-GADSO-1.0\screenshots\20260424_164520\screenshots_w1
2026-04-24 16:45:28,782 | INFO | [INFO] OCR (easyocr) cargado correctamente | langs=['en'] | gpu=False
2026-04-24 16:45:28,800 | INFO | [INFO] INICIANDO SCRIPT SEL - Login Automtico
2026-04-24 16:45:28,801 | INFO | [INFO] PERSISTENT_SESSION activado - navegador se reutilizara entre grupos sin cerrarse
2026-04-24 16:45:29,312 | INFO |    -> Registros con estado 'PENDIENTE': 1
2026-04-24 16:45:29,312 | INFO |    -> Validando fecha de hoy: 24/04/2026
2026-04-24 16:45:29,312 | INFO |    -> Registros despues de filtrar por fecha: 1 (filtrados: 0)
2026-04-24 16:45:29,315 | INFO |  Registros pendientes a procesar: 1
2026-04-24 16:45:29,315 | INFO |  Procesando grupo RUC JV - Registros: 1
2026-04-24 16:45:29,315 | INFO | [INFO] Intento login 1/12 para grupo JV
2026-04-24 16:45:29,315 | INFO | [TILE] Lanzando Chromium con args: ['--disable-infobars', '--window-size=1366,900', '--window-position=0,0']
2026-04-24 16:45:31,434 | INFO | [INFO] Pagina de login cargada
2026-04-24 16:45:31,693 | INFO | [INFO] Pestaña 'Autenticación Tradicional' seleccionada
2026-04-24 16:45:33,680 | INFO | [INFO] Credenciales llenadas para grupo JV
2026-04-24 16:45:33,681 | INFO |  OCR CAPTCHA: intento interno 1/6...
2026-04-24 16:45:34,645 | ERROR | C:\Users\fserrano\AppData\Local\Programs\Python\Python314\Lib\site-packages\torch\utils\data\dataloader.py:775: UserWarning: 'pin_memory' argument is set as true but no accelerator is found, then device pinned memory won't be used.
2026-04-24 16:45:34,646 | ERROR |   super().__init__(loader)
2026-04-24 16:45:34,694 | INFO |    -> Variante 0, Decoder greedy: 'HR23Z' -> 'HR23Z' [INFO]
2026-04-24 16:45:34,694 | INFO |    [INFO] CAPTCHA valido -> Usando: HR23Z
2026-04-24 16:45:34,754 | INFO | [INFO] Captcha automatico: HR23Z
2026-04-24 16:45:34,754 | INFO | [INFO] Enviando login...
2026-04-24 16:45:35,767 | INFO | [INFO] Validando acceso...
2026-04-24 16:45:35,767 | INFO | [INFO] Acceso exitoso
2026-04-24 16:45:35,767 | INFO |    -> URL: https://www.sucamec.gob.pe/sel/faces/aplicacion/inicio.xhtml
2026-04-24 16:45:35,767 | INFO | [INFO] Tiempo total login: 4.33 segundos
2026-04-24 16:45:35,767 | INFO |  Navegando a RESERVAS DE CITAS...
2026-04-24 16:45:40,231 | INFO |    [INFO] Menu CITAS expandido
2026-04-24 16:45:41,670 | INFO |    [INFO] Click en 'RESERVAS DE CITAS'
2026-04-24 16:45:41,671 | INFO |  Seleccionando tipo de cita: EXAMEN PARA POLIGONO DE TIRO
2026-04-24 16:45:42,122 | INFO |    [INFO] Tipo de cita seleccionado: EXAMEN PARA POLÍGONO DE TIRO
2026-04-24 16:45:42,122 | INFO | -------- JV Registro iterativo 1 (idx=0, prioridad=alta, intento=1, en_cola=0) --------
2026-04-24 16:45:42,235 | INFO |  Registro tomado desde Excel:
2026-04-24 16:45:42,235 | INFO |    - id_registro: 1
2026-04-24 16:45:42,235 | INFO |    - sede: JEFATURA ZONAL DE ICA
2026-04-24 16:45:42,235 | INFO |    - fecha: 30/04/2026
2026-04-24 16:45:42,235 | INFO |    - hora_rango: 10:00-10:15
2026-04-24 16:45:42,235 | INFO |    - tipo_operacion: RENOVACION DE LICENCIA DE USO
2026-04-24 16:45:42,236 | INFO |    - doc_vigilante: 60389562
2026-04-24 16:45:42,236 | INFO |    - nro_solicitud: 085704-0
2026-04-24 16:45:42,236 | INFO |    - fecha_programacion: 24/04/2026
2026-04-24 16:45:42,236 | INFO |    - ruc: J & V Resguardo
2026-04-24 16:45:42,236 | INFO |    - prioridad: alta
2026-04-24 16:45:42,236 | INFO |    - siguiente_mismo_doc_y_fecha: False
2026-04-24 16:45:42,236 | INFO |    - indices_relacionados_excel: [0]
2026-04-24 16:45:42,236 | INFO |    - tipo_arma (excel): ['CORTA']
2026-04-24 16:45:42,236 | INFO |    - arma (excel): ['REVOLVER']
2026-04-24 16:45:42,236 | INFO |    - objetivos_arma: [('CORTA', 'REVOLVER')]
2026-04-24 16:45:42,236 | INFO |    - tipos_arma_objetivo: ['CORTA']
2026-04-24 16:45:42,243 | INFO |  Completando Reserva de Cupos con datos del Excel...
2026-04-24 16:45:42,612 | INFO |    [INFO] Sede seleccionado: JEFATURA ZONAL DE ICA
2026-04-24 16:45:44,535 | INFO |    [INFO] Fecha seleccionado: 30/04/2026
2026-04-24 16:45:44,535 | INFO |  Buscando hora en tabla: 10:00-10:15
2026-04-24 16:45:54,295 | INFO |    [INFO] Screenshot tabla cupos: C:\Users\fserrano\Desktop\ARMAS-GADSO-1.0\screenshots\20260424_164520\screenshots_w1\step_1_reserva_cupos\20260424_164544_tabla_inicial_i1_h10_00-10_15.png
2026-04-24 16:45:54,608 | INFO |    [INFO] Estrategia horario: prioridad a hora exacta del Excel
2026-04-24 16:45:54,933 | INFO |    [INFO] Hora seleccionada: 10:00-10:15 (Cupos Libres=2)
2026-04-24 16:45:54,978 | INFO |    [INFO] Click en boton 'Siguiente'
2026-04-24 16:45:54,979 | INFO |  Completando Paso 2 con datos del Excel...
2026-04-24 16:45:55,590 | INFO |    [INFO] Tipo Operacion seleccionado: RENOVACIÓN DE LICENCIA DE USO
2026-04-24 16:45:57,108 | INFO |    [INFO] Documento vigilante seleccionado: 60389562
2026-04-24 16:45:57,571 | INFO |    [INFO] Seleccione Solicitud: SI
2026-04-24 16:45:58,819 | INFO |    [INFO] Nro Solicitud seleccionado: TUPA 2022 PA3400C730 - NRO EMPOCE: 85704 - FECHA REGISTRO: 09/04/2026
2026-04-24 16:45:59,831 | INFO |  Completando tabla de tipos de arma (Fase 2)...
2026-04-24 16:46:01,942 | INFO |    [INFO] CORTA: REVOLVER
2026-04-24 16:46:01,976 | INFO |    [INFO] Click en boton 'Siguiente' de Fase 2 (botonSiguiente3)
2026-04-24 16:46:04,136 | INFO | Registro idx=0 no procesado: la ventana/contexto del navegador fue cerrada.
2026-04-24 16:46:04,136 | INFO |  Ejecucin interrumpida.
2026-04-24 16:46:04,137 | INFO |    -> Motivo: Ventana del navegador cerrada durante procesamiento
2026-04-24 16:46:04,137 | INFO |     Tiempo transcurrido: 35.34 segundos
2026-04-24 16:46:04,137 | INFO |     Resumen parcial: OK=0 | SIN_CUPO=0 | ERROR=0
2026-04-24 16:46:04,561 | INFO | Navegador cerrado.
2026-04-24 16:46:04,561 | INFO | Pipeline finalizado
2026-04-24 16:46:04,562 | INFO | Log disponible en: C:\Users\fserrano\Desktop\ARMAS-GADSO-1.0\logs\20260424_164520\logs_w1\run_20260424_164520.log
