2026-04-24 16:35:19,870 | INFO | Iniciando pipeline ARMAS-GADSO
2026-04-24 16:35:19,870 | INFO | Modo: scheduled
2026-04-24 16:35:19,870 | INFO | Excel: C:\Users\fserrano\Desktop\ARMAS-GADSO-1.0\logs\20260424_163513\worker_1_batch_1_idxs_0.xlsx
2026-04-24 16:35:19,870 | INFO | Screenshots: C:\Users\fserrano\Desktop\ARMAS-GADSO-1.0\screenshots\20260424_163513\screenshots_w1
2026-04-24 16:35:24,143 | INFO | [INFO] OCR (easyocr) cargado correctamente | langs=['en'] | gpu=False
2026-04-24 16:35:24,160 | INFO | [INFO] INICIANDO SCRIPT SEL - Login Automtico
2026-04-24 16:35:24,160 | INFO | [INFO] PERSISTENT_SESSION activado - navegador se reutilizara entre grupos sin cerrarse
2026-04-24 16:35:24,687 | INFO |    -> Registros con estado 'PENDIENTE': 1
2026-04-24 16:35:24,687 | INFO |    -> Validando fecha de hoy: 24/04/2026
2026-04-24 16:35:24,687 | INFO |    -> Registros despues de filtrar por fecha: 1 (filtrados: 0)
2026-04-24 16:35:24,690 | INFO |  Registros pendientes a procesar: 1
2026-04-24 16:35:24,690 | INFO |  Procesando grupo RUC JV - Registros: 1
2026-04-24 16:35:24,690 | INFO | [INFO] Intento login 1/12 para grupo JV
2026-04-24 16:35:24,690 | INFO | [TILE] Lanzando Chromium con args: ['--disable-infobars', '--window-size=1366,900', '--window-position=0,0']
2026-04-24 16:35:26,253 | INFO | [INFO] Pagina de login cargada
2026-04-24 16:35:26,647 | INFO | [INFO] Pestaña 'Autenticación Tradicional' seleccionada
2026-04-24 16:35:28,712 | INFO | [INFO] Credenciales llenadas para grupo JV
2026-04-24 16:35:28,712 | INFO |  OCR CAPTCHA: intento interno 1/6...
2026-04-24 16:35:29,814 | ERROR | C:\Users\fserrano\AppData\Local\Programs\Python\Python314\Lib\site-packages\torch\utils\data\dataloader.py:775: UserWarning: 'pin_memory' argument is set as true but no accelerator is found, then device pinned memory won't be used.
2026-04-24 16:35:29,815 | ERROR |   super().__init__(loader)
2026-04-24 16:35:29,881 | INFO |    -> Variante 0, Decoder greedy: 'QW6GC' -> 'QW6GC' [INFO]
2026-04-24 16:35:29,881 | INFO |    [INFO] CAPTCHA valido -> Usando: QW6GC
2026-04-24 16:35:29,937 | INFO | [INFO] Captcha automatico: QW6GC
2026-04-24 16:35:29,937 | INFO | [INFO] Enviando login...
2026-04-24 16:35:30,420 | INFO | [INFO] Validando acceso...
2026-04-24 16:35:30,420 | INFO | [INFO] Acceso exitoso
2026-04-24 16:35:30,421 | INFO |    -> URL: https://www.sucamec.gob.pe/sel/faces/aplicacion/inicio.xhtml
2026-04-24 16:35:30,421 | INFO | [INFO] Tiempo total login: 4.17 segundos
2026-04-24 16:35:30,421 | INFO |  Navegando a RESERVAS DE CITAS...
2026-04-24 16:35:31,321 | INFO |    [INFO] Menu CITAS expandido
2026-04-24 16:35:32,636 | INFO |    [INFO] Click en 'RESERVAS DE CITAS'
2026-04-24 16:35:32,637 | INFO |  Seleccionando tipo de cita: EXAMEN PARA POLIGONO DE TIRO
2026-04-24 16:35:33,096 | INFO |    [INFO] Tipo de cita seleccionado: EXAMEN PARA POLÍGONO DE TIRO
2026-04-24 16:35:33,096 | INFO | -------- JV Registro iterativo 1 (idx=0, prioridad=alta, intento=1, en_cola=0) --------
2026-04-24 16:35:33,244 | INFO |  Registro tomado desde Excel:
2026-04-24 16:35:33,244 | INFO |    - id_registro: 1
2026-04-24 16:35:33,244 | INFO |    - sede: JEFATURA ZONAL DE JUNIN
2026-04-24 16:35:33,244 | INFO |    - fecha: 30/04/2026
2026-04-24 16:35:33,244 | INFO |    - hora_rango: 10:00-10:15
2026-04-24 16:35:33,244 | INFO |    - tipo_operacion: INICIAL DE LICENCIA DE USO
2026-04-24 16:35:33,245 | INFO |    - doc_vigilante: 74474128
2026-04-24 16:35:33,245 | INFO |    - nro_solicitud: 085093-0
2026-04-24 16:35:33,245 | INFO |    - fecha_programacion: 24/04/2026
2026-04-24 16:35:33,245 | INFO |    - ruc: J & V Resguardo
2026-04-24 16:35:33,245 | INFO |    - prioridad: alta
2026-04-24 16:35:33,245 | INFO |    - siguiente_mismo_doc_y_fecha: False
2026-04-24 16:35:33,245 | INFO |    - indices_relacionados_excel: [0]
2026-04-24 16:35:33,245 | INFO |    - tipo_arma (excel): ['CORTA']
2026-04-24 16:35:33,245 | INFO |    - arma (excel): ['REVOLVER']
2026-04-24 16:35:33,245 | INFO |    - objetivos_arma: [('CORTA', 'REVOLVER')]
2026-04-24 16:35:33,245 | INFO |    - tipos_arma_objetivo: ['CORTA']
2026-04-24 16:35:33,252 | INFO |  Completando Reserva de Cupos con datos del Excel...
2026-04-24 16:35:33,845 | INFO |    [INFO] Sede seleccionado: JEFATURA ZONAL DE JUNIN
2026-04-24 16:35:34,959 | INFO |    [INFO] Fecha seleccionado: 30/04/2026
2026-04-24 16:35:34,959 | INFO |  Buscando hora en tabla: 10:00-10:15
2026-04-24 16:35:35,307 | INFO |    [INFO] Screenshot tabla cupos: C:\Users\fserrano\Desktop\ARMAS-GADSO-1.0\screenshots\20260424_163513\screenshots_w1\step_1_reserva_cupos\20260424_163535_tabla_inicial_i1_h10_00-10_15.png
2026-04-24 16:35:35,637 | INFO |    [INFO] Estrategia horario: prioridad a hora exacta del Excel
2026-04-24 16:35:35,943 | INFO |    [INFO] Hora seleccionada: 10:00-10:15 (Cupos Libres=1)
2026-04-24 16:35:35,985 | INFO |    [INFO] Click en boton 'Siguiente'
2026-04-24 16:35:35,985 | INFO |  Completando Paso 2 con datos del Excel...
2026-04-24 16:35:36,558 | INFO |    [INFO] Tipo Operacion seleccionado: INICIAL DE LICENCIA DE USO
2026-04-24 16:35:36,558 | INFO |     Flujo INICIAL detectado: primero Tipo de Licencia, luego Documento Vigilante
2026-04-24 16:35:37,036 | INFO |    [INFO] Tipo de Licencia: SEGURIDAD PRIVADA
2026-04-24 16:35:38,542 | INFO |    [INFO] Documento vigilante seleccionado: 74474128
2026-04-24 16:35:38,995 | INFO |    [INFO] Seleccione Solicitud: SI
2026-04-24 16:35:38,995 | INFO |     Flujo INICIAL: tambien se seleccionara Nro Solicitud
2026-04-24 16:35:41,216 | INFO |    [INFO] Screenshot paso 2: C:\Users\fserrano\Desktop\ARMAS-GADSO-1.0\screenshots\20260424_163513\screenshots_w1\step_2_datos_tramite\20260424_163539_nro_solicitud_i1_h10_00-10_15.png
2026-04-24 16:35:42,180 | INFO | [WARNING] Error en registro idx=0: No se encontro Nro Solicitud con token '85093'. Opciones: ['Seleccione']
2026-04-24 16:35:42,180 | INFO | [INFO] Registro idx=0 con causal terminal 'NRO_SOLICITUD' pendiente de confirmacion (1/2). Reencolando...
2026-04-24 16:35:42,847 | INFO | [INFO] Wizard limpiado para siguiente registro (recuperacion por error)
2026-04-24 16:35:43,848 | INFO | -------- JV Registro iterativo 2 (idx=0, prioridad=alta, intento=2, en_cola=0) --------
2026-04-24 16:35:43,886 | INFO |  Registro tomado desde Excel:
2026-04-24 16:35:43,886 | INFO |    - id_registro: 1
2026-04-24 16:35:43,886 | INFO |    - sede: JEFATURA ZONAL DE JUNIN
2026-04-24 16:35:43,886 | INFO |    - fecha: 30/04/2026
2026-04-24 16:35:43,886 | INFO |    - hora_rango: 10:00-10:15
2026-04-24 16:35:43,886 | INFO |    - tipo_operacion: INICIAL DE LICENCIA DE USO
2026-04-24 16:35:43,886 | INFO |    - doc_vigilante: 74474128
2026-04-24 16:35:43,886 | INFO |    - nro_solicitud: 085093-0
2026-04-24 16:35:43,886 | INFO |    - fecha_programacion: 24/04/2026
2026-04-24 16:35:43,886 | INFO |    - ruc: J & V Resguardo
2026-04-24 16:35:43,886 | INFO |    - prioridad: alta
2026-04-24 16:35:43,886 | INFO |    - siguiente_mismo_doc_y_fecha: False
2026-04-24 16:35:43,886 | INFO |    - indices_relacionados_excel: [0]
2026-04-24 16:35:43,886 | INFO |    - tipo_arma (excel): ['CORTA']
2026-04-24 16:35:43,886 | INFO |    - arma (excel): ['REVOLVER']
2026-04-24 16:35:43,886 | INFO |    - objetivos_arma: [('CORTA', 'REVOLVER')]
2026-04-24 16:35:43,886 | INFO |    - tipos_arma_objetivo: ['CORTA']
2026-04-24 16:35:43,892 | INFO |  Completando Reserva de Cupos con datos del Excel...
2026-04-24 16:35:44,249 | INFO |    [INFO] Sede seleccionado: JEFATURA ZONAL DE JUNIN
2026-04-24 16:35:45,406 | INFO |    [INFO] Fecha seleccionado: 30/04/2026
2026-04-24 16:35:45,406 | INFO |  Buscando hora en tabla: 10:00-10:15
2026-04-24 16:35:45,790 | INFO |    [INFO] Screenshot tabla cupos: C:\Users\fserrano\Desktop\ARMAS-GADSO-1.0\screenshots\20260424_163513\screenshots_w1\step_1_reserva_cupos\20260424_163545_tabla_inicial_i1_h10_00-10_15.png
2026-04-24 16:35:46,029 | INFO |    [INFO] Estrategia horario: prioridad a hora exacta del Excel
2026-04-24 16:35:46,317 | INFO |    [INFO] Hora seleccionada: 10:00-10:15 (Cupos Libres=1)
2026-04-24 16:35:46,349 | INFO |    [INFO] Click en boton 'Siguiente'
2026-04-24 16:35:46,349 | INFO |  Completando Paso 2 con datos del Excel...
2026-04-24 16:35:46,934 | INFO |    [INFO] Tipo Operacion seleccionado: INICIAL DE LICENCIA DE USO
2026-04-24 16:35:46,935 | INFO |     Flujo INICIAL detectado: primero Tipo de Licencia, luego Documento Vigilante
2026-04-24 16:35:47,385 | INFO |    [INFO] Tipo de Licencia: SEGURIDAD PRIVADA
2026-04-24 16:35:48,905 | INFO |    [INFO] Documento vigilante seleccionado: 74474128
2026-04-24 16:35:49,362 | INFO |    [INFO] Seleccione Solicitud: SI
2026-04-24 16:35:49,362 | INFO |     Flujo INICIAL: tambien se seleccionara Nro Solicitud
2026-04-24 16:35:51,593 | INFO |    [INFO] Screenshot paso 2: C:\Users\fserrano\Desktop\ARMAS-GADSO-1.0\screenshots\20260424_163513\screenshots_w1\step_2_datos_tramite\20260424_163550_nro_solicitud_i1_h10_00-10_15.png
2026-04-24 16:35:52,576 | INFO | [WARNING] Error en registro idx=0: No se encontro Nro Solicitud con token '85093'. Opciones: ['Seleccione']
2026-04-24 16:35:52,593 | INFO |    [INFO] Excel actualizado: observaciones='No se encontró Nro Solicitud/Código de pago para token de 085093-0' en 1 fila(s)
2026-04-24 16:35:52,593 | INFO | [INFO] Registro idx=0 marcado como terminal 'NRO_SOLICITUD' tras 2 confirmaciones
2026-04-24 16:35:53,144 | INFO | [INFO] Wizard limpiado para siguiente registro (recuperacion por error)
2026-04-24 16:35:54,145 | INFO | [DEBUG] PERSISTENT_SESSION: cerrando contexto anterior para siguiente grupo
2026-04-24 16:35:54,171 | INFO |  Tiempo total del flujo: 30.01 segundos
2026-04-24 16:35:54,171 | INFO |  Resumen: OK=0 | SIN_CUPO=0 | ERROR=1
2026-04-24 16:35:54,171 | INFO | [INFO] Flujo completado.
2026-04-24 16:35:54,171 | INFO |     Duracin final del flujo: 30.01 segundos
2026-04-24 16:35:54,597 | INFO | Navegador cerrado.
2026-04-24 16:35:54,597 | INFO | Pipeline finalizado
2026-04-24 16:35:54,597 | INFO | Log disponible en: C:\Users\fserrano\Desktop\ARMAS-GADSO-1.0\logs\20260424_163513\logs_w1\run_20260424_163513.log
