2026-04-17 00:01:58,000 | INFO | Iniciando pipeline ARMAS-GADSO
2026-04-17 00:01:58,001 | INFO | Modo: scheduled
2026-04-17 00:01:58,001 | INFO | Excel: C:\Users\fserrano\Desktop\ARMAS-GADSO-1.0\logs\.tmp_multihilo_flow_20260417_000157\worker_1_batch_1_idxs_0.xlsx
2026-04-17 00:02:03,667 | INFO | [INFO] INICIANDO SCRIPT SEL - Login Automtico
2026-04-17 00:02:03,667 | INFO | [INFO] PERSISTENT_SESSION activado - navegador se reutilizará entre grupos sin cerrarse
2026-04-17 00:02:04,528 | INFO |    -> Registros con estado 'PENDIENTE': 1
2026-04-17 00:02:04,528 | INFO |    -> Validando fecha de hoy: 17/04/2026
2026-04-17 00:02:04,530 | INFO |    -> Registros despus de filtrar por fecha: 1 (filtrados: 0)
2026-04-17 00:02:04,534 | INFO |  Registros pendientes a procesar: 1
2026-04-17 00:02:04,534 | INFO |  Procesando grupo RUC JV - Registros: 1
2026-04-17 00:02:04,534 | INFO | [INFO] Intento login 1/12 para grupo JV
2026-04-17 00:02:04,534 | INFO | [TILE] Args launch: --window-size=754,468 --window-position=6,6
2026-04-17 00:02:04,534 | INFO | [TILE] Lanzando Chromium con args: ['--disable-infobars', '--window-size=754,468', '--window-position=6,6']
2026-04-17 00:02:05,984 | INFO | [TILE] Geometría aplicada -> xy=(6,6) wh=(754,468) screen_cfg=1536x960 screen_js=1536x912 outer_js=755x470
2026-04-17 00:02:07,366 | INFO | [INFO] Pagina de login cargada
2026-04-17 00:02:07,586 | INFO | [INFO] Pestaña 'Autenticación Tradicional' seleccionada
2026-04-17 00:02:09,860 | INFO | [INFO] Credenciales llenadas para grupo JV
2026-04-17 00:02:09,860 | INFO |  OCR CAPTCHA: intento interno 1/6...
2026-04-17 00:02:10,950 | ERROR | C:\Users\fserrano\AppData\Local\Programs\Python\Python314\Lib\site-packages\torch\utils\data\dataloader.py:775: UserWarning: 'pin_memory' argument is set as true but no accelerator is found, then device pinned memory won't be used.
2026-04-17 00:02:10,950 | ERROR |   super().__init__(loader)
2026-04-17 00:02:11,718 | INFO |    -> Variante 0, Decoder greedy: '29UPJ' -> '29UPJ' [INFO]
2026-04-17 00:02:11,718 | INFO |    [INFO] CAPTCHA vlido -> Usando: 29UPJ
2026-04-17 00:02:11,854 | INFO | [INFO] Captcha automatico: 29UPJ
2026-04-17 00:02:11,855 | INFO | [INFO] Enviando login...
2026-04-17 00:02:12,216 | INFO | [INFO] Validando acceso...
2026-04-17 00:02:12,721 | INFO | [ERROR] Login fallo - no se detecto sesion autenticada
2026-04-17 00:02:12,721 | INFO |    -> URL actual: https://www.sucamec.gob.pe/sel/faces/login.xhtml;jsessionid=9d1590e7e4b99b4da71d191f8180
2026-04-17 00:02:12,721 | INFO |    -> Error detectado: Error el captcha es incorrecto
2026-04-17 00:02:12,722 | INFO | [INFO] Tiempo validacion: 0.50 segundos
2026-04-17 00:02:12,722 | INFO | [ERROR] Intento login 1 para grupo JV fall: CAPTCHA incorrecto o credenciales inválidas
2026-04-17 00:02:12,722 | INFO |    Reintentando login...
2026-04-17 00:02:14,722 | INFO | [INFO] Intento login 2/12 para grupo JV
2026-04-17 00:02:15,062 | INFO | [TILE] Args launch: --window-size=754,468 --window-position=6,6
2026-04-17 00:02:15,063 | INFO | [TILE] Lanzando Chromium con args: ['--disable-infobars', '--window-size=754,468', '--window-position=6,6']
2026-04-17 00:02:15,740 | INFO | [TILE] Geometría aplicada -> xy=(6,6) wh=(754,468) screen_cfg=1536x960 screen_js=1536x912 outer_js=755x470
2026-04-17 00:02:16,524 | INFO | [INFO] Pagina de login cargada
2026-04-17 00:02:16,724 | INFO | [INFO] Pestaña 'Autenticación Tradicional' seleccionada
2026-04-17 00:02:18,904 | INFO | [INFO] Credenciales llenadas para grupo JV
2026-04-17 00:02:18,904 | INFO |  OCR CAPTCHA: intento interno 1/6...
2026-04-17 00:02:19,872 | INFO |    -> Variante 0, Decoder greedy: '3753Q' -> '3753Q' [INFO]
2026-04-17 00:02:19,872 | INFO |    [INFO] CAPTCHA vlido -> Usando: 3753Q
2026-04-17 00:02:19,931 | INFO | [INFO] Captcha automatico: 3753Q
2026-04-17 00:02:19,932 | INFO | [INFO] Enviando login...
2026-04-17 00:02:20,370 | INFO | [INFO] Validando acceso...
2026-04-17 00:02:20,371 | INFO | [INFO] Acceso exitoso
2026-04-17 00:02:20,371 | INFO |    -> URL: https://www.sucamec.gob.pe/sel/faces/aplicacion/inicio.xhtml
2026-04-17 00:02:20,371 | INFO | [INFO] Tiempo total login: 5.65 segundos
2026-04-17 00:02:20,371 | INFO |  Navegando a CITAS -> RESERVAS DE CITAS...
2026-04-17 00:02:21,289 | INFO |     Fast-path: click directo en 'RESERVAS DE CITAS' (menuid 7_1)
2026-04-17 00:02:22,675 | INFO | [INFO] Navegacin completada (fast-path) -> URL: https://www.sucamec.gob.pe/sel/faces/aplicacion/inicio.xhtml
2026-04-17 00:02:22,675 | INFO |  Seleccionando tipo de cita: EXAMEN PARA POLGONO DE TIRO...
2026-04-17 00:02:23,079 | INFO |    [INFO] Tipo de cita seleccionado: EXAMEN PARA POLÍGONO DE TIRO
2026-04-17 00:02:23,079 | INFO | -------- JV Registro iterativo 1 (idx=0, prioridad=alta, intento=1, en_cola=0) --------
2026-04-17 00:02:24,000 | INFO |  Registro tomado desde Excel:
2026-04-17 00:02:24,000 | INFO |    - id_registro: 1
2026-04-17 00:02:24,000 | INFO |    - sede: LIMA
2026-04-17 00:02:24,000 | INFO |    - fecha: 08/05/2026
2026-04-17 00:02:24,001 | INFO |    - hora_rango: 12:00-12:15
2026-04-17 00:02:24,001 | INFO |    - tipo_operacion: INICIAL DE LICENCIA DE USO
2026-04-17 00:02:24,001 | INFO |    - doc_vigilante: 76023039
2026-04-17 00:02:24,001 | INFO |    - nro_solicitud: 043793-0
2026-04-17 00:02:24,001 | INFO |    - fecha_programacion: 17/04/2026
2026-04-17 00:02:24,001 | INFO |    - ruc: J & V Resguardo
2026-04-17 00:02:24,001 | INFO |    - prioridad: alta
2026-04-17 00:02:24,001 | INFO |    - siguiente_mismo_doc_y_fecha: False
2026-04-17 00:02:24,001 | INFO |    - indices_relacionados_excel: [0]
2026-04-17 00:02:24,001 | INFO |    - tipo_arma (excel): ['CORTA']
2026-04-17 00:02:24,001 | INFO |    - arma (excel): ['REVOLVER']
2026-04-17 00:02:24,001 | INFO |    - objetivos_arma: [('CORTA', 'REVOLVER')]
2026-04-17 00:02:24,001 | INFO |    - tipos_arma_objetivo: ['CORTA']
2026-04-17 00:02:24,008 | INFO |  Completando Reserva de Cupos con datos del Excel...
2026-04-17 00:02:24,535 | INFO |    [INFO] Sede seleccionado: LIMA
2026-04-17 00:02:25,756 | INFO |    [INFO] Fecha seleccionado: 08/05/2026
2026-04-17 00:02:25,756 | INFO |  Buscando hora en tabla: 12:00-12:15
2026-04-17 00:02:26,504 | INFO |    [INFO] Estrategia horario: prioridad a hora exacta del Excel
2026-04-17 00:02:26,831 | INFO |    [INFO] Hora seleccionada: 12:00-12:15 (Cupos Libres=2)
2026-04-17 00:02:26,907 | INFO |    [INFO] Click en botn 'Siguiente'
2026-04-17 00:02:26,907 | INFO |  Completando Paso 2 con datos del Excel...
2026-04-17 00:02:28,100 | INFO |    [INFO] Tipo Operacin seleccionado: INICIAL DE LICENCIA DE USO
2026-04-17 00:02:28,100 | INFO |     Flujo INICIAL detectado: primero Tipo de Licencia, luego Documento Vigilante
2026-04-17 00:02:28,632 | INFO |    [INFO] Tipo de Licencia: SEGURIDAD PRIVADA
2026-04-17 00:02:30,145 | INFO |    [INFO] Documento vigilante seleccionado: 76023039
2026-04-17 00:02:30,800 | INFO |    [INFO] Seleccione Solicitud: SI
2026-04-17 00:02:30,800 | INFO |     Flujo INICIAL: tambin se seleccionar Nro Solicitud
2026-04-17 00:02:32,598 | INFO |    [INFO] Nro Solicitud seleccionado: TUPA 2022 PA3400C585 - NRO EMPOCE: 43793 - FECHA REGISTRO: 31/03/2026
2026-04-17 00:02:33,611 | INFO |  Completando tabla de tipos de arma (Fase 2)...
2026-04-17 00:02:35,718 | INFO |    [INFO] CORTA: REVOLVER
2026-04-17 00:02:35,754 | INFO |    [INFO] Click en botn 'Siguiente' de Fase 2 (botonSiguiente3)
2026-04-17 00:02:40,804 | INFO |  Completando Fase 3 (Resumen de cita)...
2026-04-17 00:02:40,807 | INFO |  OCR CAPTCHA Fase 3: intento interno 1/∞...
2026-04-17 00:02:41,865 | ERROR | C:\Users\fserrano\AppData\Local\Programs\Python\Python314\Lib\site-packages\torch\utils\data\dataloader.py:775: UserWarning: 'pin_memory' argument is set as true but no accelerator is found, then device pinned memory won't be used.
2026-04-17 00:02:41,866 | ERROR |   super().__init__(loader)
2026-04-17 00:02:41,906 | INFO |    -> Variante 0, Decoder greedy: 'W4PMS' -> 'W4PMS' [INFO]
2026-04-17 00:02:41,907 | INFO |    [INFO] CAPTCHA vlido -> Usando: W4PMS
2026-04-17 00:02:41,954 | INFO |    [INFO] CAPTCHA Fase 3 escrito: W4PMS
2026-04-17 00:02:42,195 | INFO |    [INFO] Trminos y condiciones marcados
2026-04-17 00:02:43,165 | INFO |  Paso final opcional: Generar Cita (reintento rpido)
2026-04-17 00:02:43,171 | INFO |     Intento generar cita 1/5
2026-04-17 00:02:46,732 | INFO |    [INFO] Sin señal clara tras click en 'Generar Cita'. Aplicando ventana extra de confirmación (2.50s)...
2026-04-17 00:02:49,259 | INFO |    [WARNING] Mensaje detectado: La persona con documento 76023039 debe tener una cuenta SEL activa. Los administrados involucrados en un procedimiento administrativo tramitado ante la SUCAMEC deben cumplir con dicho requerimiento según la DIRECTIVA Nº 21-2017-SUCAMEC
2026-04-17 00:02:49,259 | INFO |     Validacin final: 6.09s
2026-04-17 00:02:50,209 | INFO | [WARNING] Error en registro idx=0: No se pudo confirmar la generación de cita de forma robusta (sin seales claras de xito y sin captcha incorrecto explícito)
2026-04-17 00:02:50,209 | INFO | [INFO] Error transitorio/no clasificado en idx=0. Reencolando (1/4)...
2026-04-17 00:02:50,426 | INFO |    [INFO] Click en 'Limpiar' (recuperación por error)
2026-04-17 00:02:51,427 | INFO | -------- JV Registro iterativo 2 (idx=0, prioridad=alta, intento=2, en_cola=0) --------
2026-04-17 00:02:51,472 | INFO |  Registro tomado desde Excel:
2026-04-17 00:02:51,473 | INFO |    - id_registro: 1
2026-04-17 00:02:51,473 | INFO |    - sede: LIMA
2026-04-17 00:02:51,473 | INFO |    - fecha: 08/05/2026
2026-04-17 00:02:51,473 | INFO |    - hora_rango: 12:00-12:15
2026-04-17 00:02:51,473 | INFO |    - tipo_operacion: INICIAL DE LICENCIA DE USO
2026-04-17 00:02:51,473 | INFO |    - doc_vigilante: 76023039
2026-04-17 00:02:51,473 | INFO |    - nro_solicitud: 043793-0
2026-04-17 00:02:51,473 | INFO |    - fecha_programacion: 17/04/2026
2026-04-17 00:02:51,473 | INFO |    - ruc: J & V Resguardo
2026-04-17 00:02:51,473 | INFO |    - prioridad: alta
2026-04-17 00:02:51,473 | INFO |    - siguiente_mismo_doc_y_fecha: False
2026-04-17 00:02:51,473 | INFO |    - indices_relacionados_excel: [0]
2026-04-17 00:02:51,473 | INFO |    - tipo_arma (excel): ['CORTA']
2026-04-17 00:02:51,473 | INFO |    - arma (excel): ['REVOLVER']
2026-04-17 00:02:51,473 | INFO |    - objetivos_arma: [('CORTA', 'REVOLVER')]
2026-04-17 00:02:51,474 | INFO |    - tipos_arma_objetivo: ['CORTA']
2026-04-17 00:02:51,481 | INFO |  Completando Reserva de Cupos con datos del Excel...
2026-04-17 00:02:51,869 | INFO |    [INFO] Sede seleccionado: LIMA
2026-04-17 00:02:52,964 | INFO |    [INFO] Fecha seleccionado: 08/05/2026
2026-04-17 00:02:52,964 | INFO |  Buscando hora en tabla: 12:00-12:15
2026-04-17 00:02:53,710 | INFO |    [INFO] Estrategia horario: prioridad a hora exacta del Excel
2026-04-17 00:02:54,031 | INFO |    [INFO] Hora seleccionada: 12:00-12:15 (Cupos Libres=1)
2026-04-17 00:02:54,051 | INFO |    [INFO] Click en botn 'Siguiente'
2026-04-17 00:02:54,051 | INFO |  Completando Paso 2 con datos del Excel...
2026-04-17 00:02:55,243 | INFO |    [INFO] Tipo Operacin seleccionado: INICIAL DE LICENCIA DE USO
2026-04-17 00:02:55,243 | INFO |     Flujo INICIAL detectado: primero Tipo de Licencia, luego Documento Vigilante
2026-04-17 00:02:55,728 | INFO |    [INFO] Tipo de Licencia: SEGURIDAD PRIVADA
2026-04-17 00:02:57,249 | INFO |    [INFO] Documento vigilante seleccionado: 76023039
2026-04-17 00:02:57,697 | INFO |    [INFO] Seleccione Solicitud: SI
2026-04-17 00:02:57,697 | INFO |     Flujo INICIAL: tambin se seleccionar Nro Solicitud
2026-04-17 00:02:58,962 | INFO |    [INFO] Nro Solicitud seleccionado: TUPA 2022 PA3400C585 - NRO EMPOCE: 43793 - FECHA REGISTRO: 31/03/2026
2026-04-17 00:02:59,915 | INFO |  Completando tabla de tipos de arma (Fase 2)...
2026-04-17 00:03:02,628 | INFO |    [INFO] CORTA: REVOLVER
2026-04-17 00:03:02,686 | INFO |    [INFO] Click en botn 'Siguiente' de Fase 2 (botonSiguiente3)
2026-04-17 00:03:08,705 | INFO |  Completando Fase 3 (Resumen de cita)...
2026-04-17 00:03:08,715 | INFO |  OCR CAPTCHA Fase 3: intento interno 1/∞...
2026-04-17 00:03:10,237 | ERROR | C:\Users\fserrano\AppData\Local\Programs\Python\Python314\Lib\site-packages\torch\utils\data\dataloader.py:775: UserWarning: 'pin_memory' argument is set as true but no accelerator is found, then device pinned memory won't be used.
2026-04-17 00:03:10,237 | ERROR |   super().__init__(loader)
2026-04-17 00:03:10,309 | INFO |    -> Variante 0, Decoder greedy: 'QR9LN' -> 'QR9LN' [INFO]
2026-04-17 00:03:10,309 | INFO |    [INFO] CAPTCHA vlido -> Usando: QR9LN
2026-04-17 00:03:10,366 | INFO |    [INFO] CAPTCHA Fase 3 escrito: QR9LN
2026-04-17 00:03:10,612 | INFO |    [INFO] Trminos y condiciones marcados
2026-04-17 00:03:11,568 | INFO |  Paso final opcional: Generar Cita (reintento rpido)
2026-04-17 00:03:11,578 | INFO |     Intento generar cita 1/5
2026-04-17 00:03:15,247 | INFO |    [INFO] Sin señal clara tras click en 'Generar Cita'. Aplicando ventana extra de confirmación (2.50s)...
2026-04-17 00:03:17,894 | INFO |     Validacin final: 6.32s
2026-04-17 00:03:18,894 | INFO | [WARNING] Error en registro idx=0: No se pudo confirmar la generación de cita de forma robusta (sin seales claras de xito y sin captcha incorrecto explícito)
2026-04-17 00:03:18,894 | INFO | [INFO] Error transitorio/no clasificado en idx=0. Reencolando (2/4)...
2026-04-17 00:03:19,133 | INFO |    [INFO] Click en 'Limpiar' (recuperación por error)
2026-04-17 00:03:20,134 | INFO | -------- JV Registro iterativo 3 (idx=0, prioridad=alta, intento=3, en_cola=0) --------
2026-04-17 00:03:20,249 | INFO |  Registro tomado desde Excel:
2026-04-17 00:03:20,249 | INFO |    - id_registro: 1
2026-04-17 00:03:20,249 | INFO |    - sede: LIMA
2026-04-17 00:03:20,249 | INFO |    - fecha: 08/05/2026
2026-04-17 00:03:20,250 | INFO |    - hora_rango: 12:00-12:15
2026-04-17 00:03:20,250 | INFO |    - tipo_operacion: INICIAL DE LICENCIA DE USO
2026-04-17 00:03:20,250 | INFO |    - doc_vigilante: 76023039
2026-04-17 00:03:20,250 | INFO |    - nro_solicitud: 043793-0
2026-04-17 00:03:20,250 | INFO |    - fecha_programacion: 17/04/2026
2026-04-17 00:03:20,250 | INFO |    - ruc: J & V Resguardo
2026-04-17 00:03:20,251 | INFO |    - prioridad: alta
2026-04-17 00:03:20,251 | INFO |    - siguiente_mismo_doc_y_fecha: False
2026-04-17 00:03:20,251 | INFO |    - indices_relacionados_excel: [0]
2026-04-17 00:03:20,251 | INFO |    - tipo_arma (excel): ['CORTA']
2026-04-17 00:03:20,251 | INFO |    - arma (excel): ['REVOLVER']
2026-04-17 00:03:20,251 | INFO |    - objetivos_arma: [('CORTA', 'REVOLVER')]
2026-04-17 00:03:20,252 | INFO |    - tipos_arma_objetivo: ['CORTA']
2026-04-17 00:03:20,264 | INFO |  Completando Reserva de Cupos con datos del Excel...
2026-04-17 00:03:20,764 | INFO |    [INFO] Sede seleccionado: LIMA
2026-04-17 00:03:21,994 | INFO |    [INFO] Fecha seleccionado: 08/05/2026
2026-04-17 00:03:21,995 | INFO |  Buscando hora en tabla: 12:00-12:15
2026-04-17 00:03:22,841 | INFO |    [INFO] Estrategia horario: bloque completo de mediodía (11:45-13:00)
2026-04-17 00:03:22,842 | INFO |    [INFO] Reasignación adaptativa de hora: 12:00-12:15 -> 12:45-13:00 (Cupos=2)
2026-04-17 00:03:23,152 | INFO |    [INFO] Hora seleccionada: 12:45-13:00 (Cupos Libres=2)
2026-04-17 00:03:23,254 | INFO |    [INFO] Click en botn 'Siguiente'
2026-04-17 00:03:23,254 | INFO |  Completando Paso 2 con datos del Excel...
2026-04-17 00:03:24,525 | INFO |    [INFO] Tipo Operacin seleccionado: INICIAL DE LICENCIA DE USO
2026-04-17 00:03:24,525 | INFO |     Flujo INICIAL detectado: primero Tipo de Licencia, luego Documento Vigilante
2026-04-17 00:03:25,867 | INFO |    [INFO] Tipo de Licencia: SEGURIDAD PRIVADA
2026-04-17 00:03:27,446 | INFO |    [INFO] Documento vigilante seleccionado: 76023039
2026-04-17 00:03:27,963 | INFO |    [INFO] Seleccione Solicitud: SI
2026-04-17 00:03:27,963 | INFO |     Flujo INICIAL: tambin se seleccionar Nro Solicitud
2026-04-17 00:03:29,334 | INFO |    [INFO] Nro Solicitud seleccionado: TUPA 2022 PA3400C585 - NRO EMPOCE: 43793 - FECHA REGISTRO: 31/03/2026
2026-04-17 00:03:30,377 | INFO |  Completando tabla de tipos de arma (Fase 2)...
2026-04-17 00:03:33,087 | INFO |    [INFO] CORTA: REVOLVER
2026-04-17 00:03:33,183 | INFO |    [INFO] Click en botn 'Siguiente' de Fase 2 (botonSiguiente3)
2026-04-17 00:03:39,194 | INFO |  Completando Fase 3 (Resumen de cita)...
2026-04-17 00:03:39,211 | INFO |  OCR CAPTCHA Fase 3: intento interno 1/∞...
2026-04-17 00:03:40,488 | ERROR | C:\Users\fserrano\AppData\Local\Programs\Python\Python314\Lib\site-packages\torch\utils\data\dataloader.py:775: UserWarning: 'pin_memory' argument is set as true but no accelerator is found, then device pinned memory won't be used.
2026-04-17 00:03:40,488 | ERROR |   super().__init__(loader)
2026-04-17 00:03:40,553 | INFO |    -> Variante 0, Decoder greedy: 'RC37C' -> 'RC37C' [INFO]
2026-04-17 00:03:40,553 | INFO |    [INFO] CAPTCHA vlido -> Usando: RC37C
2026-04-17 00:03:40,611 | INFO |    [INFO] CAPTCHA Fase 3 escrito: RC37C
2026-04-17 00:03:40,862 | INFO |    [INFO] Trminos y condiciones marcados
2026-04-17 00:03:41,843 | INFO |  Paso final opcional: Generar Cita (reintento rpido)
2026-04-17 00:03:41,854 | INFO |     Intento generar cita 1/5
2026-04-17 00:03:45,564 | INFO |    [INFO] Sin señal clara tras click en 'Generar Cita'. Aplicando ventana extra de confirmación (2.50s)...
2026-04-17 00:03:48,113 | INFO |     Validacin final: 6.26s
2026-04-17 00:03:49,103 | INFO | [WARNING] Error en registro idx=0: No se pudo confirmar la generación de cita de forma robusta (sin seales claras de xito y sin captcha incorrecto explícito)
2026-04-17 00:03:49,103 | INFO | [INFO] Error transitorio/no clasificado en idx=0. Reencolando (3/4)...
2026-04-17 00:03:49,358 | INFO |    [INFO] Click en 'Limpiar' (recuperación por error)
2026-04-17 00:03:50,359 | INFO | -------- JV Registro iterativo 4 (idx=0, prioridad=alta, intento=4, en_cola=0) --------
2026-04-17 00:03:50,446 | INFO |  Registro tomado desde Excel:
2026-04-17 00:03:50,446 | INFO |    - id_registro: 1
2026-04-17 00:03:50,446 | INFO |    - sede: LIMA
2026-04-17 00:03:50,446 | INFO |    - fecha: 08/05/2026
2026-04-17 00:03:50,446 | INFO |    - hora_rango: 12:00-12:15
2026-04-17 00:03:50,446 | INFO |    - tipo_operacion: INICIAL DE LICENCIA DE USO
2026-04-17 00:03:50,446 | INFO |    - doc_vigilante: 76023039
2026-04-17 00:03:50,446 | INFO |    - nro_solicitud: 043793-0
2026-04-17 00:03:50,447 | INFO |    - fecha_programacion: 17/04/2026
2026-04-17 00:03:50,447 | INFO |    - ruc: J & V Resguardo
2026-04-17 00:03:50,447 | INFO |    - prioridad: alta
2026-04-17 00:03:50,447 | INFO |    - siguiente_mismo_doc_y_fecha: False
2026-04-17 00:03:50,447 | INFO |    - indices_relacionados_excel: [0]
2026-04-17 00:03:50,447 | INFO |    - tipo_arma (excel): ['CORTA']
2026-04-17 00:03:50,447 | INFO |    - arma (excel): ['REVOLVER']
2026-04-17 00:03:50,447 | INFO |    - objetivos_arma: [('CORTA', 'REVOLVER')]
2026-04-17 00:03:50,448 | INFO |    - tipos_arma_objetivo: ['CORTA']
2026-04-17 00:03:50,458 | INFO |  Completando Reserva de Cupos con datos del Excel...
2026-04-17 00:03:50,876 | INFO |    [INFO] Sede seleccionado: LIMA
2026-04-17 00:03:52,225 | INFO |    [INFO] Fecha seleccionado: 08/05/2026
2026-04-17 00:03:52,226 | INFO |  Buscando hora en tabla: 12:00-12:15
2026-04-17 00:03:53,355 | INFO |    [INFO] Estrategia horario: bloque completo de mediodía (11:45-13:00)
2026-04-17 00:03:53,355 | INFO |    [INFO] Reasignación adaptativa de hora: 12:00-12:15 -> 12:45-13:00 (Cupos=1)
2026-04-17 00:03:53,672 | INFO |    [INFO] Hora seleccionada: 12:45-13:00 (Cupos Libres=1)
2026-04-17 00:03:53,777 | INFO |    [INFO] Click en botn 'Siguiente'
2026-04-17 00:03:53,777 | INFO |  Completando Paso 2 con datos del Excel...
2026-04-17 00:03:54,494 | INFO |    [INFO] Tipo Operacin seleccionado: INICIAL DE LICENCIA DE USO
2026-04-17 00:03:54,495 | INFO |     Flujo INICIAL detectado: primero Tipo de Licencia, luego Documento Vigilante
2026-04-17 00:03:54,966 | INFO |    [INFO] Tipo de Licencia: SEGURIDAD PRIVADA
2026-04-17 00:03:56,462 | INFO |    [INFO] Documento vigilante seleccionado: 76023039
2026-04-17 00:03:56,931 | INFO |    [INFO] Seleccione Solicitud: SI
2026-04-17 00:03:56,931 | INFO |     Flujo INICIAL: tambin se seleccionar Nro Solicitud
2026-04-17 00:03:58,765 | INFO |    [INFO] Nro Solicitud seleccionado: TUPA 2022 PA3400C585 - NRO EMPOCE: 43793 - FECHA REGISTRO: 31/03/2026
2026-04-17 00:03:59,692 | INFO |  Completando tabla de tipos de arma (Fase 2)...
2026-04-17 00:04:02,877 | INFO |    [INFO] CORTA: REVOLVER
2026-04-17 00:04:02,916 | INFO |    [INFO] Click en botn 'Siguiente' de Fase 2 (botonSiguiente3)
2026-04-17 00:04:08,676 | INFO |  Completando Fase 3 (Resumen de cita)...
2026-04-17 00:04:08,684 | INFO |  OCR CAPTCHA Fase 3: intento interno 1/∞...
2026-04-17 00:04:09,866 | ERROR | C:\Users\fserrano\AppData\Local\Programs\Python\Python314\Lib\site-packages\torch\utils\data\dataloader.py:775: UserWarning: 'pin_memory' argument is set as true but no accelerator is found, then device pinned memory won't be used.
2026-04-17 00:04:09,866 | ERROR |   super().__init__(loader)
2026-04-17 00:04:09,929 | INFO |    -> Variante 0, Decoder greedy: 'LV48Q' -> 'LV48Q' [INFO]
2026-04-17 00:04:09,930 | INFO |    [INFO] CAPTCHA vlido -> Usando: LV48Q
2026-04-17 00:04:09,988 | INFO |    [INFO] CAPTCHA Fase 3 escrito: LV48Q
2026-04-17 00:04:10,232 | INFO |    [INFO] Trminos y condiciones marcados
2026-04-17 00:04:11,331 | INFO |  Paso final opcional: Generar Cita (reintento rpido)
2026-04-17 00:04:11,339 | INFO |     Intento generar cita 1/5
2026-04-17 00:04:14,906 | INFO |    [INFO] Sin señal clara tras click en 'Generar Cita'. Aplicando ventana extra de confirmación (2.50s)...
2026-04-17 00:04:17,426 | INFO |    [WARNING] Mensaje detectado: La persona con documento 76023039 debe tener una cuenta SEL activa. Los administrados involucrados en un procedimiento administrativo tramitado ante la SUCAMEC deben cumplir con dicho requerimiento según la DIRECTIVA Nº 21-2017-SUCAMEC
2026-04-17 00:04:17,426 | INFO |     Validacin final: 6.09s
2026-04-17 00:04:18,371 | INFO | [WARNING] Error en registro idx=0: No se pudo confirmar la generación de cita de forma robusta (sin seales claras de xito y sin captcha incorrecto explícito)
2026-04-17 00:04:18,419 | INFO |    📝 Excel actualizado: observaciones='Error no mapeado persistente tras 4 intentos (hora=12:45-13:00, token=043793-0): No se pudo confirmar la generación de cita de forma robusta (sin seales claras de xito y sin captcha incorrecto explícito)' en 1 fila(s)
2026-04-17 00:04:18,419 | INFO | [INFO] Registro idx=0 marcado con error no mapeado tras 4 intentos
2026-04-17 00:04:18,671 | INFO |    [INFO] Click en 'Limpiar' (recuperación por error)
2026-04-17 00:04:19,672 | INFO | [DEBUG] PERSISTENT_SESSION: cerrando contexto anterior para siguiente grupo
2026-04-17 00:04:19,845 | INFO |  Tiempo total del flujo: 136.18 segundos
2026-04-17 00:04:19,846 | INFO |  Resumen: OK=0 | SIN_CUPO=0 | ERROR=1
2026-04-17 00:04:19,846 | INFO | [INFO] Flujo completado.
2026-04-17 00:04:19,846 | INFO |     Duracin final del flujo: 136.18 segundos
2026-04-17 00:04:20,173 | INFO | Navegador cerrado.
2026-04-17 00:04:20,174 | INFO | Pipeline finalizado
2026-04-17 00:04:20,174 | INFO | Log disponible en: C:\Users\fserrano\Desktop\ARMAS-GADSO-1.0\logs\.tmp_multihilo_flow_20260417_000157\logs_w1\run_20260417_000158.log
