2026-04-28 10:35:52,485 | INFO | Iniciando pipeline ARMAS-GADSO
2026-04-28 10:35:52,486 | INFO | Modo: scheduled
2026-04-28 10:35:52,486 | INFO | Excel: C:\Users\fserrano\Desktop\ARMAS-GADSO-1.0\logs\20260428_103547\worker_2_batch_1_idxs_1.xlsx
2026-04-28 10:35:52,486 | INFO | Screenshots: C:\Users\fserrano\Desktop\ARMAS-GADSO-1.0\screenshots\20260428_103547\screenshots_w2
2026-04-28 10:35:57,668 | INFO | [INFO] OCR (easyocr) cargado correctamente | langs=['en'] | gpu=False
2026-04-28 10:35:57,695 | INFO | [INFO] INICIANDO SCRIPT SEL - Login Automtico
2026-04-28 10:35:57,695 | INFO | [INFO] PERSISTENT_SESSION activado - navegador se reutilizara entre grupos sin cerrarse
2026-04-28 10:35:58,274 | INFO |    -> Registros con estado 'PENDIENTE': 1
2026-04-28 10:35:58,274 | INFO |    -> Validando fecha de hoy: 28/04/2026
2026-04-28 10:35:58,275 | INFO |    -> Registros despues de filtrar por fecha: 1 (filtrados: 0)
2026-04-28 10:35:58,277 | INFO |  Registros pendientes a procesar: 1
2026-04-28 10:35:58,277 | INFO |  Procesando grupo RUC JV - Registros: 1
2026-04-28 10:35:58,277 | INFO | [INFO] Intento login 1/12 para grupo JV
2026-04-28 10:35:58,277 | INFO | [TILE] Lanzando Chromium con args: ['--disable-infobars', '--window-size=1366,900', '--window-position=0,0']
2026-04-28 10:36:00,953 | INFO | [INFO] Pagina de login cargada
2026-04-28 10:36:01,241 | INFO | [INFO] Pestaña 'Autenticación Tradicional' seleccionada
2026-04-28 10:36:03,411 | INFO | [INFO] Credenciales llenadas para grupo JV
2026-04-28 10:36:03,411 | INFO |  OCR CAPTCHA: intento interno 1/6...
2026-04-28 10:36:04,396 | ERROR | C:\Users\fserrano\AppData\Local\Programs\Python\Python314\Lib\site-packages\torch\utils\data\dataloader.py:775: UserWarning: 'pin_memory' argument is set as true but no accelerator is found, then device pinned memory won't be used.
2026-04-28 10:36:04,396 | ERROR |   super().__init__(loader)
2026-04-28 10:36:04,448 | INFO |    -> Variante 0, Decoder greedy: 'SLW5I' -> 'SLW5I' [INFO]
2026-04-28 10:36:04,448 | INFO |    [INFO] CAPTCHA valido -> Usando: SLW5I
2026-04-28 10:36:04,508 | INFO | [INFO] Captcha automatico: SLW5I
2026-04-28 10:36:04,508 | INFO | [INFO] Enviando login...
2026-04-28 10:36:04,940 | INFO | [INFO] Validando acceso...
2026-04-28 10:36:04,940 | INFO | [INFO] Acceso exitoso
2026-04-28 10:36:04,941 | INFO |    -> URL: https://www.sucamec.gob.pe/sel/faces/aplicacion/inicio.xhtml
2026-04-28 10:36:04,941 | INFO | [INFO] Tiempo total login: 3.99 segundos
2026-04-28 10:36:04,941 | INFO |  Navegando a RESERVAS DE CITAS...
2026-04-28 10:36:10,440 | INFO |    [INFO] Menu CITAS expandido
2026-04-28 10:36:11,767 | INFO |    [INFO] Click en 'RESERVAS DE CITAS'
2026-04-28 10:36:11,767 | INFO |  Seleccionando tipo de cita: EXAMEN PARA POLIGONO DE TIRO
2026-04-28 10:36:12,234 | INFO |    [INFO] Tipo de cita seleccionado: EXAMEN PARA POLÍGONO DE TIRO
2026-04-28 10:36:12,234 | INFO | -------- JV Registro iterativo 1 (idx=1, prioridad=alta, intento=1, en_cola=0) --------
2026-04-28 10:36:12,478 | INFO |  Registro tomado desde Excel:
2026-04-28 10:36:12,478 | INFO |    - id_registro: 2
2026-04-28 10:36:12,478 | INFO |    - sede: LIMA
2026-04-28 10:36:12,478 | INFO |    - fecha: 19/05/2026
2026-04-28 10:36:12,478 | INFO |    - hora_rango: 12:00-12:15
2026-04-28 10:36:12,478 | INFO |    - tipo_operacion: RENOVACION DE LICENCIA DE USO
2026-04-28 10:36:12,478 | INFO |    - doc_vigilante: 73799884
2026-04-28 10:36:12,478 | INFO |    - nro_solicitud: 037411-0
2026-04-28 10:36:12,478 | INFO |    - fecha_programacion: 28/04/2026
2026-04-28 10:36:12,478 | INFO |    - ruc: J & V Resguardo
2026-04-28 10:36:12,478 | INFO |    - prioridad: alta
2026-04-28 10:36:12,478 | INFO |    - siguiente_mismo_doc_y_fecha: False
2026-04-28 10:36:12,478 | INFO |    - indices_relacionados_excel: [1]
2026-04-28 10:36:12,478 | INFO |    - tipo_arma (excel): ['CORTA']
2026-04-28 10:36:12,478 | INFO |    - arma (excel): ['REVOLVER']
2026-04-28 10:36:12,478 | INFO |    - objetivos_arma: [('CORTA', 'REVOLVER')]
2026-04-28 10:36:12,478 | INFO |    - tipos_arma_objetivo: ['CORTA']
2026-04-28 10:36:12,485 | INFO |  Completando Reserva de Cupos con datos del Excel...
2026-04-28 10:36:12,954 | INFO |    [INFO] Sede seleccionado: LIMA
2026-04-28 10:36:14,117 | INFO |    [INFO] Fecha seleccionado: 19/05/2026
2026-04-28 10:36:14,117 | INFO |  Buscando hora en tabla: 12:00-12:15
2026-04-28 10:36:24,205 | INFO |    [INFO] Screenshot tabla cupos: C:\Users\fserrano\Desktop\ARMAS-GADSO-1.0\screenshots\20260428_103547\screenshots_w2\step_1_reserva_cupos\20260428_103614_tabla_inicial_i1_h12_00-12_15.png
2026-04-28 10:36:24,206 | INFO |    [INFO] Correo Graph preparado | sender=fserrano@liderman.com.pe | to=fserrano@liderman.com.pe | attachment=20260428_103614_tabla_inicial_i1_h12_00-12_15.png | client_id=d7a40f3a-d0c0-4360-9c49-f4ffe160badb | tenant_id=93649bc8-8277-40ea-ad16-e299bc964aa9 | secret=U6Y8...xcS3
2026-04-28 10:36:25,721 | INFO |    [INFO] Correo Graph enviado [SEND_OK] | sender=fserrano@liderman.com.pe | to=fserrano@liderman.com.pe | attachment=20260428_103614_tabla_inicial_i1_h12_00-12_15.png
2026-04-28 10:36:26,071 | INFO |    [INFO] Estrategia horario: bloque completo de mediodia (11:45-13:00)
2026-04-28 10:36:26,202 | INFO |    [INFO] Screenshot tabla sin cupo: C:\Users\fserrano\Desktop\ARMAS-GADSO-1.0\screenshots\20260428_103547\screenshots_w2\step_1_reserva_cupos\20260428_103626_sin_cupo_candidatos_0_i1_h12_00-12_15.png
2026-04-28 10:36:26,598 | INFO |    [INFO] Click en boton 'Limpiar' por falta de cupos
2026-04-28 10:36:27,582 | INFO | [WARNING] Error en registro idx=1: No hay cupos en horarios candidatos. Objetivo: 12:00-12:15 | Candidatos: 11:45-12:00(0), 12:00-12:15(0), 12:15-12:30(0), 12:30-12:45(0), 12:45-13:00(0)
2026-04-28 10:36:27,612 | INFO |    [INFO] Excel actualizado: observaciones='No alcanzo cupo para horario 12:00-12:15' en 1 fila(s)
2026-04-28 10:36:27,612 | INFO | [INFO] Registro idx=1 marcado como terminal 'SIN_CUPO' tras 1 confirmaciones
2026-04-28 10:36:28,259 | INFO | [INFO] Wizard limpiado para siguiente registro (recuperacion por error)
2026-04-28 10:36:29,260 | INFO | [DEBUG] PERSISTENT_SESSION: cerrando contexto anterior para siguiente grupo
2026-04-28 10:36:29,282 | INFO |  Tiempo total del flujo: 31.59 segundos
2026-04-28 10:36:29,282 | INFO |  Resumen: OK=0 | SIN_CUPO=1 | ERROR=0
2026-04-28 10:36:29,282 | INFO | [INFO] Flujo completado.
2026-04-28 10:36:29,282 | INFO |     Duracin final del flujo: 31.59 segundos
2026-04-28 10:36:29,684 | INFO | Navegador cerrado.
2026-04-28 10:36:29,684 | INFO | Pipeline finalizado
2026-04-28 10:36:29,684 | INFO | Log disponible en: C:\Users\fserrano\Desktop\ARMAS-GADSO-1.0\logs\20260428_103547\logs_w2\run_20260428_103547.log
