2026-04-16 00:00:06,109 | INFO | Iniciando pipeline ARMAS-GADSO
2026-04-16 00:00:06,109 | INFO | Modo: scheduled
2026-04-16 00:00:06,109 | INFO | Excel: C:\Users\fserrano\Desktop\ARMAS-GADSO-1.0\logs\.tmp_multihilo_flow_20260416_000005\worker_1_batch_1_idxs_0.xlsx
2026-04-16 00:00:11,930 | INFO | [INFO] INICIANDO SCRIPT SEL - Login Automtico
2026-04-16 00:00:11,930 | INFO | [INFO] PERSISTENT_SESSION activado - navegador se reutilizará entre grupos sin cerrarse
2026-04-16 00:00:13,288 | INFO |    -> Registros con estado 'PENDIENTE': 1
2026-04-16 00:00:13,288 | INFO |    -> Validando fecha de hoy: 16/04/2026
2026-04-16 00:00:13,291 | INFO |    -> Registros despus de filtrar por fecha: 1 (filtrados: 0)
2026-04-16 00:00:13,294 | INFO |  Registros pendientes a procesar: 1
2026-04-16 00:00:13,294 | INFO |  Procesando grupo RUC JV - Registros: 1
2026-04-16 00:00:13,294 | INFO | [INFO] Intento login 1/12 para grupo JV
2026-04-16 00:00:13,294 | INFO | [TILE] Args launch: --window-size=754,468 --window-position=6,6
2026-04-16 00:00:13,294 | INFO | [TILE] Lanzando Chromium con args: ['--disable-infobars', '--window-size=754,468', '--window-position=6,6']
2026-04-16 00:00:15,816 | INFO | [TILE] Geometría aplicada -> xy=(6,6) wh=(754,468) screen_cfg=1536x960 screen_js=1536x912 outer_js=755x470
2026-04-16 00:00:17,352 | INFO | [INFO] Pagina de login cargada
2026-04-16 00:00:17,587 | INFO | [INFO] Pestaña 'Autenticación Tradicional' seleccionada
2026-04-16 00:00:20,142 | INFO | [INFO] Credenciales llenadas para grupo JV
2026-04-16 00:00:20,144 | INFO |  OCR CAPTCHA: intento interno 1/6...
2026-04-16 00:00:21,949 | ERROR | C:\Users\fserrano\AppData\Local\Programs\Python\Python314\Lib\site-packages\torch\utils\data\dataloader.py:775: UserWarning: 'pin_memory' argument is set as true but no accelerator is found, then device pinned memory won't be used.
2026-04-16 00:00:21,949 | ERROR |   super().__init__(loader)
2026-04-16 00:00:22,673 | INFO |    -> Variante 0, Decoder greedy: 'CPCAZ' -> 'CPCAZ' [INFO]
2026-04-16 00:00:22,673 | INFO |    [INFO] CAPTCHA vlido -> Usando: CPCAZ
2026-04-16 00:00:22,824 | INFO | [INFO] Captcha automatico: CPCAZ
2026-04-16 00:00:22,824 | INFO | [INFO] Enviando login...
2026-04-16 00:00:23,570 | INFO | [INFO] Validando acceso...
2026-04-16 00:00:23,570 | INFO | [INFO] Acceso exitoso
2026-04-16 00:00:23,570 | INFO |    -> URL: https://www.sucamec.gob.pe/sel/faces/aplicacion/inicio.xhtml
2026-04-16 00:00:23,570 | INFO | [INFO] Tiempo total login: 10.28 segundos
2026-04-16 00:00:23,571 | INFO |  Navegando a CITAS -> RESERVAS DE CITAS...
2026-04-16 00:00:24,678 | INFO |     Fast-path: click directo en 'RESERVAS DE CITAS' (menuid 7_1)
2026-04-16 00:00:26,902 | INFO | [INFO] Navegacin completada (fast-path) -> URL: https://www.sucamec.gob.pe/sel/faces/aplicacion/inicio.xhtml
2026-04-16 00:00:26,903 | INFO |  Seleccionando tipo de cita: EXAMEN PARA POLGONO DE TIRO...
2026-04-16 00:00:27,261 | INFO |    [INFO] Tipo de cita seleccionado: EXAMEN PARA POLÍGONO DE TIRO
2026-04-16 00:00:27,262 | INFO | -------- JV Registro iterativo 1 (idx=0, prioridad=alta, intento=1, en_cola=0) --------
2026-04-16 00:00:28,778 | INFO |  Registro tomado desde Excel:
2026-04-16 00:00:28,778 | INFO |    - id_registro: 1
2026-04-16 00:00:28,778 | INFO |    - sede: LIMA
2026-04-16 00:00:28,778 | INFO |    - fecha: 07/05/2026
2026-04-16 00:00:28,778 | INFO |    - hora_rango: 12:00-12:15
2026-04-16 00:00:28,778 | INFO |    - tipo_operacion: RENOVACION DE LICENCIA DE USO
2026-04-16 00:00:28,778 | INFO |    - doc_vigilante: 45429407
2026-04-16 00:00:28,778 | INFO |    - nro_solicitud: 098411-0
2026-04-16 00:00:28,778 | INFO |    - fecha_programacion: 16/04/2026
2026-04-16 00:00:28,778 | INFO |    - ruc: J & V Resguardo
2026-04-16 00:00:28,778 | INFO |    - prioridad: alta
2026-04-16 00:00:28,778 | INFO |    - siguiente_mismo_doc_y_fecha: False
2026-04-16 00:00:28,778 | INFO |    - indices_relacionados_excel: [0]
2026-04-16 00:00:28,778 | INFO |    - tipo_arma (excel): ['CORTA']
2026-04-16 00:00:28,778 | INFO |    - arma (excel): ['REVOLVER']
2026-04-16 00:00:28,778 | INFO |    - objetivos_arma: [('CORTA', 'REVOLVER')]
2026-04-16 00:00:28,778 | INFO |    - tipos_arma_objetivo: ['CORTA']
2026-04-16 00:00:28,784 | INFO |  Completando Reserva de Cupos con datos del Excel...
2026-04-16 00:00:29,159 | INFO |    [INFO] Sede seleccionado: LIMA
2026-04-16 00:00:30,250 | INFO |    [INFO] Fecha seleccionado: 07/05/2026
2026-04-16 00:00:30,250 | INFO |  Buscando hora en tabla: 12:00-12:15
2026-04-16 00:00:30,975 | INFO |    [INFO] Estrategia horario: prioridad a hora exacta del Excel
2026-04-16 00:00:31,274 | INFO |    [INFO] Hora seleccionada: 12:00-12:15 (Cupos Libres=3)
2026-04-16 00:00:31,342 | INFO |    [INFO] Click en botn 'Siguiente'
2026-04-16 00:00:31,342 | INFO |  Completando Paso 2 con datos del Excel...
2026-04-16 00:00:32,018 | INFO |    [INFO] Tipo Operacin seleccionado: RENOVACIÓN DE LICENCIA DE USO
2026-04-16 00:00:33,585 | INFO |    [INFO] Documento vigilante seleccionado: 45429407
2026-04-16 00:00:34,116 | INFO |    [INFO] Seleccione Solicitud: SI
2026-04-16 00:00:35,903 | INFO |    [INFO] Nro Solicitud seleccionado: TUPA 2022 PA3400C730 - NRO EMPOCE: 98411 - FECHA REGISTRO: 09/04/2026
2026-04-16 00:00:36,874 | INFO |  Completando tabla de tipos de arma (Fase 2)...
2026-04-16 00:00:40,661 | INFO |    [INFO] CORTA: REVOLVER
2026-04-16 00:00:40,707 | INFO |    [INFO] Click en botn 'Siguiente' de Fase 2 (botonSiguiente3)
2026-04-16 00:00:51,065 | INFO |  Completando Fase 3 (Resumen de cita)...
2026-04-16 00:00:51,069 | INFO |  OCR CAPTCHA Fase 3: intento interno 1/∞...
2026-04-16 00:00:52,317 | ERROR | C:\Users\fserrano\AppData\Local\Programs\Python\Python314\Lib\site-packages\torch\utils\data\dataloader.py:775: UserWarning: 'pin_memory' argument is set as true but no accelerator is found, then device pinned memory won't be used.
2026-04-16 00:00:52,317 | ERROR |   super().__init__(loader)
2026-04-16 00:00:52,358 | INFO |    -> Variante 0, Decoder greedy: 'BXF52' -> 'BXF52' [INFO]
2026-04-16 00:00:52,359 | INFO |    [INFO] CAPTCHA vlido -> Usando: BXF52
2026-04-16 00:00:52,414 | INFO |    [INFO] CAPTCHA Fase 3 escrito: BXF52
2026-04-16 00:00:52,648 | INFO |    [INFO] Trminos y condiciones marcados
2026-04-16 00:00:53,582 | INFO |  Paso final opcional: Generar Cita (reintento rpido)
2026-04-16 00:00:53,592 | INFO |     Intento generar cita 1/5
2026-04-16 00:00:56,193 | INFO |     Validacin final: 2.60s
2026-04-16 00:00:57,142 | INFO | [WARNING] Error en registro idx=0: No se pudo confirmar la generación de cita de forma robusta (sin seales claras de xito y sin captcha incorrecto explícito)
2026-04-16 00:00:57,142 | INFO | [INFO] Error transitorio/no clasificado en idx=0. Reencolando (1/4)...
2026-04-16 00:00:57,362 | INFO |    [INFO] Click en 'Limpiar' (recuperación por error)
2026-04-16 00:00:58,363 | INFO | -------- JV Registro iterativo 2 (idx=0, prioridad=alta, intento=2, en_cola=0) --------
2026-04-16 00:00:58,422 | INFO |  Registro tomado desde Excel:
2026-04-16 00:00:58,423 | INFO |    - id_registro: 1
2026-04-16 00:00:58,423 | INFO |    - sede: LIMA
2026-04-16 00:00:58,423 | INFO |    - fecha: 07/05/2026
2026-04-16 00:00:58,423 | INFO |    - hora_rango: 12:00-12:15
2026-04-16 00:00:58,423 | INFO |    - tipo_operacion: RENOVACION DE LICENCIA DE USO
2026-04-16 00:00:58,423 | INFO |    - doc_vigilante: 45429407
2026-04-16 00:00:58,423 | INFO |    - nro_solicitud: 098411-0
2026-04-16 00:00:58,423 | INFO |    - fecha_programacion: 16/04/2026
2026-04-16 00:00:58,423 | INFO |    - ruc: J & V Resguardo
2026-04-16 00:00:58,423 | INFO |    - prioridad: alta
2026-04-16 00:00:58,423 | INFO |    - siguiente_mismo_doc_y_fecha: False
2026-04-16 00:00:58,423 | INFO |    - indices_relacionados_excel: [0]
2026-04-16 00:00:58,423 | INFO |    - tipo_arma (excel): ['CORTA']
2026-04-16 00:00:58,424 | INFO |    - arma (excel): ['REVOLVER']
2026-04-16 00:00:58,424 | INFO |    - objetivos_arma: [('CORTA', 'REVOLVER')]
2026-04-16 00:00:58,424 | INFO |    - tipos_arma_objetivo: ['CORTA']
2026-04-16 00:00:58,431 | INFO |  Completando Reserva de Cupos con datos del Excel...
2026-04-16 00:00:58,868 | INFO |    [INFO] Sede seleccionado: LIMA
2026-04-16 00:00:59,964 | INFO |    [INFO] Fecha seleccionado: 07/05/2026
2026-04-16 00:00:59,964 | INFO |  Buscando hora en tabla: 12:00-12:15
2026-04-16 00:01:01,071 | INFO |    [INFO] Estrategia horario: prioridad a hora exacta del Excel
2026-04-16 00:01:01,370 | INFO |    [INFO] Hora seleccionada: 12:00-12:15 (Cupos Libres=3)
2026-04-16 00:01:01,622 | INFO |    [INFO] Click en botn 'Siguiente'
2026-04-16 00:01:01,622 | INFO |  Completando Paso 2 con datos del Excel...
2026-04-16 00:01:02,830 | INFO |    [INFO] Tipo Operacin seleccionado: RENOVACIÓN DE LICENCIA DE USO
2026-04-16 00:01:05,152 | INFO |    [INFO] Documento vigilante seleccionado: 45429407
2026-04-16 00:01:05,647 | INFO |    [INFO] Seleccione Solicitud: SI
2026-04-16 00:01:07,393 | INFO |    [INFO] Nro Solicitud seleccionado: TUPA 2022 PA3400C730 - NRO EMPOCE: 98411 - FECHA REGISTRO: 09/04/2026
2026-04-16 00:01:08,348 | INFO |  Completando tabla de tipos de arma (Fase 2)...
2026-04-16 00:01:13,106 | INFO |    [INFO] CORTA: REVOLVER
2026-04-16 00:01:13,136 | INFO |    [INFO] Click en botn 'Siguiente' de Fase 2 (botonSiguiente3)
2026-04-16 00:01:19,574 | INFO |  Completando Fase 3 (Resumen de cita)...
2026-04-16 00:01:19,578 | INFO |  OCR CAPTCHA Fase 3: intento interno 1/∞...
2026-04-16 00:01:20,645 | ERROR | C:\Users\fserrano\AppData\Local\Programs\Python\Python314\Lib\site-packages\torch\utils\data\dataloader.py:775: UserWarning: 'pin_memory' argument is set as true but no accelerator is found, then device pinned memory won't be used.
2026-04-16 00:01:20,645 | ERROR |   super().__init__(loader)
2026-04-16 00:01:20,680 | INFO |    -> Variante 0, Decoder greedy: 'CMN75' -> 'CMN75' [INFO]
2026-04-16 00:01:20,680 | INFO |    [INFO] CAPTCHA vlido -> Usando: CMN75
2026-04-16 00:01:20,726 | INFO |    [INFO] CAPTCHA Fase 3 escrito: CMN75
2026-04-16 00:01:20,963 | INFO |    [INFO] Trminos y condiciones marcados
2026-04-16 00:01:21,882 | INFO |  Paso final opcional: Generar Cita (reintento rpido)
2026-04-16 00:01:21,886 | INFO |     Intento generar cita 1/5
2026-04-16 00:01:24,542 | INFO |     Validacin final: 2.66s
2026-04-16 00:01:25,465 | INFO | [WARNING] Error en registro idx=0: No se pudo confirmar la generación de cita de forma robusta (sin seales claras de xito y sin captcha incorrecto explícito)
2026-04-16 00:01:25,465 | INFO | [INFO] Error transitorio/no clasificado en idx=0. Reencolando (2/4)...
2026-04-16 00:01:25,678 | INFO |    [INFO] Click en 'Limpiar' (recuperación por error)
2026-04-16 00:01:26,678 | INFO | -------- JV Registro iterativo 3 (idx=0, prioridad=alta, intento=3, en_cola=0) --------
2026-04-16 00:01:26,713 | INFO |  Registro tomado desde Excel:
2026-04-16 00:01:26,714 | INFO |    - id_registro: 1
2026-04-16 00:01:26,714 | INFO |    - sede: LIMA
2026-04-16 00:01:26,714 | INFO |    - fecha: 07/05/2026
2026-04-16 00:01:26,714 | INFO |    - hora_rango: 12:00-12:15
2026-04-16 00:01:26,714 | INFO |    - tipo_operacion: RENOVACION DE LICENCIA DE USO
2026-04-16 00:01:26,714 | INFO |    - doc_vigilante: 45429407
2026-04-16 00:01:26,714 | INFO |    - nro_solicitud: 098411-0
2026-04-16 00:01:26,715 | INFO |    - fecha_programacion: 16/04/2026
2026-04-16 00:01:26,715 | INFO |    - ruc: J & V Resguardo
2026-04-16 00:01:26,715 | INFO |    - prioridad: alta
2026-04-16 00:01:26,715 | INFO |    - siguiente_mismo_doc_y_fecha: False
2026-04-16 00:01:26,715 | INFO |    - indices_relacionados_excel: [0]
2026-04-16 00:01:26,715 | INFO |    - tipo_arma (excel): ['CORTA']
2026-04-16 00:01:26,715 | INFO |    - arma (excel): ['REVOLVER']
2026-04-16 00:01:26,715 | INFO |    - objetivos_arma: [('CORTA', 'REVOLVER')]
2026-04-16 00:01:26,715 | INFO |    - tipos_arma_objetivo: ['CORTA']
2026-04-16 00:01:26,722 | INFO |  Completando Reserva de Cupos con datos del Excel...
2026-04-16 00:01:27,077 | INFO |    [INFO] Sede seleccionado: LIMA
2026-04-16 00:01:28,180 | INFO |    [INFO] Fecha seleccionado: 07/05/2026
2026-04-16 00:01:28,180 | INFO |  Buscando hora en tabla: 12:00-12:15
2026-04-16 00:01:29,271 | INFO |    [INFO] Estrategia horario: prioridad a hora exacta del Excel
2026-04-16 00:01:29,563 | INFO |    [INFO] Hora seleccionada: 12:00-12:15 (Cupos Libres=3)
2026-04-16 00:01:29,620 | INFO |    [INFO] Click en botn 'Siguiente'
2026-04-16 00:01:29,620 | INFO |  Completando Paso 2 con datos del Excel...
2026-04-16 00:01:30,790 | INFO |    [INFO] Tipo Operacin seleccionado: RENOVACIÓN DE LICENCIA DE USO
2026-04-16 00:01:32,476 | INFO |    [INFO] Documento vigilante seleccionado: 45429407
2026-04-16 00:01:33,138 | INFO |    [INFO] Seleccione Solicitud: SI
2026-04-16 00:01:34,869 | INFO |    [INFO] Nro Solicitud seleccionado: TUPA 2022 PA3400C730 - NRO EMPOCE: 98411 - FECHA REGISTRO: 09/04/2026
2026-04-16 00:01:35,796 | INFO |  Completando tabla de tipos de arma (Fase 2)...
2026-04-16 00:01:38,936 | INFO |    [INFO] CORTA: REVOLVER
2026-04-16 00:01:39,186 | INFO |    [INFO] Click en botn 'Siguiente' de Fase 2 (botonSiguiente3)
2026-04-16 00:01:46,377 | INFO |  Completando Fase 3 (Resumen de cita)...
2026-04-16 00:01:46,381 | INFO |  OCR CAPTCHA Fase 3: intento interno 1/∞...
2026-04-16 00:01:47,420 | ERROR | C:\Users\fserrano\AppData\Local\Programs\Python\Python314\Lib\site-packages\torch\utils\data\dataloader.py:775: UserWarning: 'pin_memory' argument is set as true but no accelerator is found, then device pinned memory won't be used.
2026-04-16 00:01:47,420 | ERROR |   super().__init__(loader)
2026-04-16 00:01:47,447 | INFO |    -> Variante 0, Decoder greedy: 'Y2FZV' -> 'Y2FZV' [INFO]
2026-04-16 00:01:47,447 | INFO |    [INFO] CAPTCHA vlido -> Usando: Y2FZV
2026-04-16 00:01:47,491 | INFO |    [INFO] CAPTCHA Fase 3 escrito: Y2FZV
2026-04-16 00:01:47,729 | INFO |    [INFO] Trminos y condiciones marcados
2026-04-16 00:01:48,694 | INFO |  Paso final opcional: Generar Cita (reintento rpido)
2026-04-16 00:01:48,697 | INFO |     Intento generar cita 1/5
2026-04-16 00:01:50,850 | INFO |    [INFO] Generar Cita confirmado en 2.15s
2026-04-16 00:01:50,850 | INFO |    -> URL: https://www.sucamec.gob.pe/sel/faces/aplicacion/inicio.xhtml
2026-04-16 00:01:50,875 | INFO |    [INFO] Excel actualizado: estado='Cita Programada' en 1 fila(s)
2026-04-16 00:01:51,105 | INFO |    [INFO] Click en 'Limpiar' (fin de flujo)
2026-04-16 00:01:51,105 | INFO | [DEBUG] PERSISTENT_SESSION: cerrando contexto anterior para siguiente grupo
2026-04-16 00:01:51,160 | INFO |  Tiempo total del flujo: 99.23 segundos
2026-04-16 00:01:51,160 | INFO |  Resumen: OK=1 | SIN_CUPO=0 | ERROR=0
2026-04-16 00:01:51,160 | INFO | [INFO] Flujo completado.
2026-04-16 00:01:51,160 | INFO |     Duracin final del flujo: 99.23 segundos
2026-04-16 00:01:51,725 | INFO | Navegador cerrado.
2026-04-16 00:01:51,725 | INFO | Pipeline finalizado
2026-04-16 00:01:51,725 | INFO | Log disponible en: C:\Users\fserrano\Desktop\ARMAS-GADSO-1.0\logs\.tmp_multihilo_flow_20260416_000005\logs_w1\run_20260416_000006.log
