2026-04-24 16:12:27,500 | INFO | Iniciando pipeline ARMAS-GADSO
2026-04-24 16:12:27,500 | INFO | Modo: scheduled
2026-04-24 16:12:27,500 | INFO | Excel: C:\Users\fserrano\Desktop\ARMAS-GADSO-1.0\logs\20260424_161221\worker_1_batch_1_idxs_0.xlsx
2026-04-24 16:12:27,501 | INFO | Screenshots: C:\Users\fserrano\Desktop\ARMAS-GADSO-1.0\screenshots\20260424_161221\screenshots_w1
2026-04-24 16:12:32,438 | INFO | [INFO] OCR (easyocr) cargado correctamente | langs=['en'] | gpu=False
2026-04-24 16:12:32,459 | INFO | [INFO] INICIANDO SCRIPT SEL - Login Automtico
2026-04-24 16:12:32,459 | INFO | [INFO] PERSISTENT_SESSION activado - navegador se reutilizara entre grupos sin cerrarse
2026-04-24 16:12:33,098 | INFO |    -> Registros con estado 'PENDIENTE': 1
2026-04-24 16:12:33,099 | INFO |    -> Validando fecha de hoy: 24/04/2026
2026-04-24 16:12:33,099 | INFO |    -> Registros despues de filtrar por fecha: 1 (filtrados: 0)
2026-04-24 16:12:33,104 | INFO |  Registros pendientes a procesar: 1
2026-04-24 16:12:33,104 | INFO |  Procesando grupo RUC JV - Registros: 1
2026-04-24 16:12:33,104 | INFO | [INFO] Intento login 1/12 para grupo JV
2026-04-24 16:12:33,104 | INFO | [TILE] Lanzando Chromium con args: ['--disable-infobars', '--start-maximized', '--window-size=1920,1080', '--window-position=0,0']
2026-04-24 16:12:35,238 | INFO | [INFO] Pagina de login cargada
2026-04-24 16:12:35,586 | INFO | [INFO] Pestaña 'Autenticación Tradicional' seleccionada
2026-04-24 16:12:37,692 | INFO | [INFO] Credenciales llenadas para grupo JV
2026-04-24 16:12:37,693 | INFO |  OCR CAPTCHA: intento interno 1/6...
2026-04-24 16:12:39,005 | ERROR | C:\Users\fserrano\AppData\Local\Programs\Python\Python314\Lib\site-packages\torch\utils\data\dataloader.py:775: UserWarning: 'pin_memory' argument is set as true but no accelerator is found, then device pinned memory won't be used.
2026-04-24 16:12:39,006 | ERROR |   super().__init__(loader)
2026-04-24 16:12:39,119 | INFO |    -> Variante 0, Decoder greedy: 'BECRK' -> 'BECRK' [INFO]
2026-04-24 16:12:39,119 | INFO |    [INFO] CAPTCHA valido -> Usando: BECRK
2026-04-24 16:12:39,254 | INFO | [INFO] Captcha automatico: BECRK
2026-04-24 16:12:39,254 | INFO | [INFO] Enviando login...
2026-04-24 16:12:39,611 | INFO | [INFO] Validando acceso...
2026-04-24 16:12:39,611 | INFO | [INFO] Acceso exitoso
2026-04-24 16:12:39,612 | INFO |    -> URL: https://www.sucamec.gob.pe/sel/faces/aplicacion/inicio.xhtml
2026-04-24 16:12:39,612 | INFO | [INFO] Tiempo total login: 4.37 segundos
2026-04-24 16:12:39,612 | INFO |  Navegando a RESERVAS DE CITAS...
2026-04-24 16:12:40,792 | INFO |    [INFO] Menu CITAS expandido
2026-04-24 16:12:42,155 | INFO |    [INFO] Click en 'RESERVAS DE CITAS'
2026-04-24 16:12:42,155 | INFO |  Seleccionando tipo de cita: EXAMEN PARA POLIGONO DE TIRO
2026-04-24 16:12:42,669 | INFO |    [INFO] Tipo de cita seleccionado: EXAMEN PARA POLÍGONO DE TIRO
2026-04-24 16:12:42,670 | INFO | -------- JV Registro iterativo 1 (idx=0, prioridad=alta, intento=1, en_cola=0) --------
2026-04-24 16:12:42,824 | INFO |  Registro tomado desde Excel:
2026-04-24 16:12:42,824 | INFO |    - id_registro: 1
2026-04-24 16:12:42,824 | INFO |    - sede: JEFATURA ZONAL DE JUNIN
2026-04-24 16:12:42,824 | INFO |    - fecha: 30/04/2026
2026-04-24 16:12:42,824 | INFO |    - hora_rango: 10:00-10:15
2026-04-24 16:12:42,824 | INFO |    - tipo_operacion: INICIAL DE LICENCIA DE USO
2026-04-24 16:12:42,824 | INFO |    - doc_vigilante: 74474128
2026-04-24 16:12:42,824 | INFO |    - nro_solicitud: 085093-0
2026-04-24 16:12:42,824 | INFO |    - fecha_programacion: 24/04/2026
2026-04-24 16:12:42,825 | INFO |    - ruc: J & V Resguardo
2026-04-24 16:12:42,825 | INFO |    - prioridad: alta
2026-04-24 16:12:42,825 | INFO |    - siguiente_mismo_doc_y_fecha: False
2026-04-24 16:12:42,825 | INFO |    - indices_relacionados_excel: [0]
2026-04-24 16:12:42,825 | INFO |    - tipo_arma (excel): ['CORTA']
2026-04-24 16:12:42,825 | INFO |    - arma (excel): ['REVOLVER']
2026-04-24 16:12:42,825 | INFO |    - objetivos_arma: [('CORTA', 'REVOLVER')]
2026-04-24 16:12:42,825 | INFO |    - tipos_arma_objetivo: ['CORTA']
2026-04-24 16:12:42,836 | INFO |  Completando Reserva de Cupos con datos del Excel...
2026-04-24 16:12:43,348 | INFO |    [INFO] Sede seleccionado: JEFATURA ZONAL DE JUNIN
2026-04-24 16:12:44,448 | INFO |    [INFO] Fecha seleccionado: 30/04/2026
2026-04-24 16:12:44,448 | INFO |  Buscando hora en tabla: 10:00-10:15
2026-04-24 16:12:45,092 | INFO |    [INFO] Estrategia horario: prioridad a hora exacta del Excel
2026-04-24 16:12:45,385 | INFO |    [INFO] Hora seleccionada: 10:00-10:15 (Cupos Libres=1)
2026-04-24 16:12:45,421 | INFO |    [INFO] Click en boton 'Siguiente'
2026-04-24 16:12:45,421 | INFO |  Completando Paso 2 con datos del Excel...
2026-04-24 16:12:46,019 | INFO |    [INFO] Tipo Operacion seleccionado: INICIAL DE LICENCIA DE USO
2026-04-24 16:12:46,020 | INFO |     Flujo INICIAL detectado: primero Tipo de Licencia, luego Documento Vigilante
2026-04-24 16:12:46,466 | INFO |    [INFO] Tipo de Licencia: SEGURIDAD PRIVADA
2026-04-24 16:12:47,976 | INFO |    [INFO] Documento vigilante seleccionado: 74474128
2026-04-24 16:12:48,415 | INFO |    [INFO] Seleccione Solicitud: SI
2026-04-24 16:12:48,415 | INFO |     Flujo INICIAL: tambien se seleccionara Nro Solicitud
2026-04-24 16:12:48,920 | INFO |    [INFO] Screenshot paso 2: C:\Users\fserrano\Desktop\ARMAS-GADSO-1.0\screenshots\20260424_161221\screenshots_w1\step_2_datos_tramite\20260424_161248_nro_solicitud_i1_h10_00-10_15.png
2026-04-24 16:12:49,926 | INFO | [WARNING] Error en registro idx=0: No se encontro Nro Solicitud con token '85093'. Opciones: ['Seleccione']
2026-04-24 16:12:49,926 | INFO | [INFO] Registro idx=0 con causal terminal 'NRO_SOLICITUD' pendiente de confirmacion (1/2). Reencolando...
2026-04-24 16:12:50,516 | INFO | [INFO] Wizard limpiado para siguiente registro (recuperacion por error)
2026-04-24 16:12:51,517 | INFO | -------- JV Registro iterativo 2 (idx=0, prioridad=alta, intento=2, en_cola=0) --------
2026-04-24 16:12:51,571 | INFO |  Registro tomado desde Excel:
2026-04-24 16:12:51,572 | INFO |    - id_registro: 1
2026-04-24 16:12:51,572 | INFO |    - sede: JEFATURA ZONAL DE JUNIN
2026-04-24 16:12:51,572 | INFO |    - fecha: 30/04/2026
2026-04-24 16:12:51,572 | INFO |    - hora_rango: 10:00-10:15
2026-04-24 16:12:51,572 | INFO |    - tipo_operacion: INICIAL DE LICENCIA DE USO
2026-04-24 16:12:51,572 | INFO |    - doc_vigilante: 74474128
2026-04-24 16:12:51,572 | INFO |    - nro_solicitud: 085093-0
2026-04-24 16:12:51,572 | INFO |    - fecha_programacion: 24/04/2026
2026-04-24 16:12:51,572 | INFO |    - ruc: J & V Resguardo
2026-04-24 16:12:51,572 | INFO |    - prioridad: alta
2026-04-24 16:12:51,572 | INFO |    - siguiente_mismo_doc_y_fecha: False
2026-04-24 16:12:51,572 | INFO |    - indices_relacionados_excel: [0]
2026-04-24 16:12:51,572 | INFO |    - tipo_arma (excel): ['CORTA']
2026-04-24 16:12:51,572 | INFO |    - arma (excel): ['REVOLVER']
2026-04-24 16:12:51,572 | INFO |    - objetivos_arma: [('CORTA', 'REVOLVER')]
2026-04-24 16:12:51,572 | INFO |    - tipos_arma_objetivo: ['CORTA']
2026-04-24 16:12:51,580 | INFO |  Completando Reserva de Cupos con datos del Excel...
2026-04-24 16:12:51,973 | INFO |    [INFO] Sede seleccionado: JEFATURA ZONAL DE JUNIN
2026-04-24 16:12:53,144 | INFO |    [INFO] Fecha seleccionado: 30/04/2026
2026-04-24 16:12:53,144 | INFO |  Buscando hora en tabla: 10:00-10:15
2026-04-24 16:12:53,622 | INFO |    [INFO] Estrategia horario: prioridad a hora exacta del Excel
2026-04-24 16:12:53,940 | INFO |    [INFO] Hora seleccionada: 10:00-10:15 (Cupos Libres=1)
2026-04-24 16:12:53,973 | INFO |    [INFO] Click en boton 'Siguiente'
2026-04-24 16:12:53,973 | INFO |  Completando Paso 2 con datos del Excel...
2026-04-24 16:12:54,580 | INFO |    [INFO] Tipo Operacion seleccionado: INICIAL DE LICENCIA DE USO
2026-04-24 16:12:54,580 | INFO |     Flujo INICIAL detectado: primero Tipo de Licencia, luego Documento Vigilante
2026-04-24 16:12:55,032 | INFO |    [INFO] Tipo de Licencia: SEGURIDAD PRIVADA
2026-04-24 16:12:56,578 | INFO |    [INFO] Documento vigilante seleccionado: 74474128
2026-04-24 16:12:57,017 | INFO |    [INFO] Seleccione Solicitud: SI
2026-04-24 16:12:57,017 | INFO |     Flujo INICIAL: tambien se seleccionara Nro Solicitud
2026-04-24 16:12:58,037 | INFO |    [INFO] Screenshot paso 2: C:\Users\fserrano\Desktop\ARMAS-GADSO-1.0\screenshots\20260424_161221\screenshots_w1\step_2_datos_tramite\20260424_161257_nro_solicitud_i1_h10_00-10_15.png
2026-04-24 16:12:59,051 | INFO | [WARNING] Error en registro idx=0: No se encontro Nro Solicitud con token '85093'. Opciones: ['Seleccione']
2026-04-24 16:12:59,075 | INFO |    [INFO] Excel actualizado: observaciones='No se encontró Nro Solicitud/Código de pago para token de 085093-0' en 1 fila(s)
2026-04-24 16:12:59,075 | INFO | [INFO] Registro idx=0 marcado como terminal 'NRO_SOLICITUD' tras 2 confirmaciones
2026-04-24 16:12:59,706 | INFO | [INFO] Wizard limpiado para siguiente registro (recuperacion por error)
2026-04-24 16:13:00,707 | INFO | [DEBUG] PERSISTENT_SESSION: cerrando contexto anterior para siguiente grupo
2026-04-24 16:13:00,738 | INFO |  Tiempo total del flujo: 28.28 segundos
2026-04-24 16:13:00,738 | INFO |  Resumen: OK=0 | SIN_CUPO=0 | ERROR=1
2026-04-24 16:13:00,738 | INFO | [INFO] Flujo completado.
2026-04-24 16:13:00,739 | INFO |     Duracin final del flujo: 28.28 segundos
2026-04-24 16:13:01,167 | INFO | Navegador cerrado.
2026-04-24 16:13:01,168 | INFO | Pipeline finalizado
2026-04-24 16:13:01,168 | INFO | Log disponible en: C:\Users\fserrano\Desktop\ARMAS-GADSO-1.0\logs\20260424_161221\logs_w1\run_20260424_161221.log
