2026-04-15 00:00:06,844 | INFO | Iniciando pipeline ARMAS-GADSO
2026-04-15 00:00:06,844 | INFO | Modo: scheduled
2026-04-15 00:00:06,845 | INFO | Excel: C:\Users\fserrano\Desktop\ARMAS-GADSO-1.0\logs\.tmp_multihilo_flow_20260415_000006\worker_3_batch_1_idxs_2.xlsx
2026-04-15 00:00:12,289 | INFO | [INFO] INICIANDO SCRIPT SEL - Login Automtico
2026-04-15 00:00:12,289 | INFO | [INFO] PERSISTENT_SESSION activado - navegador se reutilizará entre grupos sin cerrarse
2026-04-15 00:00:16,033 | INFO |    -> Registros con estado 'PENDIENTE': 1
2026-04-15 00:00:16,033 | INFO |    -> Validando fecha de hoy: 15/04/2026
2026-04-15 00:00:16,036 | INFO |    -> Registros despus de filtrar por fecha: 1 (filtrados: 0)
2026-04-15 00:00:16,040 | INFO |  Registros pendientes a procesar: 1
2026-04-15 00:00:16,040 | INFO |  Procesando grupo RUC JV - Registros: 1
2026-04-15 00:00:16,040 | INFO | [INFO] Intento login 1/12 para grupo JV
2026-04-15 00:00:16,040 | INFO | [TILE] Args launch: --window-size=754,468 --window-position=6,486
2026-04-15 00:00:16,040 | INFO | [TILE] Lanzando Chromium con args: ['--disable-infobars', '--window-size=754,468', '--window-position=6,486']
2026-04-15 00:00:18,038 | INFO | [TILE] Geometría aplicada -> xy=(6,486) wh=(754,468) screen_cfg=1536x960 screen_js=1536x912 outer_js=755x470
2026-04-15 00:00:20,848 | INFO | [INFO] Pagina de login cargada
2026-04-15 00:00:21,214 | INFO | [INFO] Pestaña 'Autenticación Tradicional' seleccionada
2026-04-15 00:00:24,570 | INFO | [INFO] Credenciales llenadas para grupo JV
2026-04-15 00:00:24,572 | INFO |  OCR CAPTCHA: intento interno 1/6...
2026-04-15 00:00:29,781 | ERROR | C:\Users\fserrano\AppData\Local\Programs\Python\Python314\Lib\site-packages\torch\utils\data\dataloader.py:775: UserWarning: 'pin_memory' argument is set as true but no accelerator is found, then device pinned memory won't be used.
2026-04-15 00:00:29,781 | ERROR |   super().__init__(loader)
2026-04-15 00:00:30,783 | INFO |    -> Variante 0, Decoder greedy: 'UDW1X' -> 'UDW1X' [INFO]
2026-04-15 00:00:30,783 | INFO |    [INFO] CAPTCHA vlido -> Usando: UDW1X
2026-04-15 00:00:30,983 | INFO | [INFO] Captcha automatico: UDW1X
2026-04-15 00:00:30,983 | INFO | [INFO] Enviando login...
2026-04-15 00:00:31,689 | INFO | [INFO] Validando acceso...
2026-04-15 00:00:31,690 | INFO | [INFO] Acceso exitoso
2026-04-15 00:00:31,690 | INFO |    -> URL: https://www.sucamec.gob.pe/sel/faces/aplicacion/inicio.xhtml
2026-04-15 00:00:31,690 | INFO | [INFO] Tiempo total login: 15.65 segundos
2026-04-15 00:00:31,691 | INFO |  Navegando a CITAS -> RESERVAS DE CITAS...
2026-04-15 00:00:33,571 | INFO |     Fast-path: click directo en 'RESERVAS DE CITAS' (menuid 7_1)
2026-04-15 00:00:35,259 | INFO | [INFO] Navegacin completada (fast-path) -> URL: https://www.sucamec.gob.pe/sel/faces/aplicacion/inicio.xhtml
2026-04-15 00:00:35,259 | INFO |  Seleccionando tipo de cita: EXAMEN PARA POLGONO DE TIRO...
2026-04-15 00:00:35,626 | INFO |    [INFO] Tipo de cita seleccionado: EXAMEN PARA POLÍGONO DE TIRO
2026-04-15 00:00:35,627 | INFO | -------- JV Registro iterativo 1 (idx=2, prioridad=baja, intento=1, en_cola=0) --------
2026-04-15 00:00:37,173 | INFO |  Registro tomado desde Excel:
2026-04-15 00:00:37,173 | INFO |    - id_registro: 3
2026-04-15 00:00:37,173 | INFO |    - sede: LIMA
2026-04-15 00:00:37,173 | INFO |    - fecha: 06/05/2026
2026-04-15 00:00:37,173 | INFO |    - hora_rango: 12:00-12:15
2026-04-15 00:00:37,173 | INFO |    - tipo_operacion: INICIAL DE LICENCIA DE USO
2026-04-15 00:00:37,174 | INFO |    - doc_vigilante: 40692889
2026-04-15 00:00:37,174 | INFO |    - nro_solicitud: 090459-0
2026-04-15 00:00:37,174 | INFO |    - fecha_programacion: 15/04/2026
2026-04-15 00:00:37,174 | INFO |    - ruc: J & V Resguardo
2026-04-15 00:00:37,174 | INFO |    - prioridad: baja
2026-04-15 00:00:37,174 | INFO |    - siguiente_mismo_doc_y_fecha: False
2026-04-15 00:00:37,174 | INFO |    - indices_relacionados_excel: [2]
2026-04-15 00:00:37,174 | INFO |    - tipo_arma (excel): ['CORTA']
2026-04-15 00:00:37,174 | INFO |    - arma (excel): ['REVOLVER']
2026-04-15 00:00:37,174 | INFO |    - objetivos_arma: [('CORTA', 'REVOLVER')]
2026-04-15 00:00:37,174 | INFO |    - tipos_arma_objetivo: ['CORTA']
2026-04-15 00:00:37,181 | INFO |  Completando Reserva de Cupos con datos del Excel...
2026-04-15 00:00:37,694 | INFO |    [INFO] Sede seleccionado: LIMA
2026-04-15 00:00:38,846 | INFO |    [INFO] Fecha seleccionado: 06/05/2026
2026-04-15 00:00:38,846 | INFO |  Buscando hora en tabla: 12:00-12:15
2026-04-15 00:00:40,787 | INFO |    [INFO] Estrategia horario: prioridad a hora exacta del Excel
2026-04-15 00:00:41,090 | INFO |    [INFO] Hora seleccionada: 12:00-12:15 (Cupos Libres=3)
2026-04-15 00:00:41,206 | INFO |    [INFO] Click en botn 'Siguiente'
2026-04-15 00:00:41,207 | INFO |  Completando Paso 2 con datos del Excel...
2026-04-15 00:00:42,428 | INFO |    [INFO] Tipo Operacin seleccionado: INICIAL DE LICENCIA DE USO
2026-04-15 00:00:42,428 | INFO |     Flujo INICIAL detectado: primero Tipo de Licencia, luego Documento Vigilante
2026-04-15 00:00:43,102 | INFO |    [INFO] Tipo de Licencia: SEGURIDAD PRIVADA
2026-04-15 00:00:44,986 | INFO |    [INFO] Documento vigilante seleccionado: 40692889
2026-04-15 00:00:45,809 | INFO |    [INFO] Seleccione Solicitud: SI
2026-04-15 00:00:45,810 | INFO |     Flujo INICIAL: tambin se seleccionar Nro Solicitud
2026-04-15 00:00:49,124 | INFO |    [INFO] Nro Solicitud seleccionado: TUPA 2022 PA3400C585 - NRO EMPOCE: 90459 - FECHA REGISTRO: 14/04/2026
2026-04-15 00:00:50,189 | INFO |  Completando tabla de tipos de arma (Fase 2)...
2026-04-15 00:00:54,493 | INFO |    [INFO] CORTA: REVOLVER
2026-04-15 00:00:54,552 | INFO |    [INFO] Click en botn 'Siguiente' de Fase 2 (botonSiguiente3)
2026-04-15 00:01:01,899 | INFO |  Completando Fase 3 (Resumen de cita)...
2026-04-15 00:01:01,905 | INFO |  OCR CAPTCHA Fase 3: intento interno 1/∞...
2026-04-15 00:01:03,154 | ERROR | C:\Users\fserrano\AppData\Local\Programs\Python\Python314\Lib\site-packages\torch\utils\data\dataloader.py:775: UserWarning: 'pin_memory' argument is set as true but no accelerator is found, then device pinned memory won't be used.
2026-04-15 00:01:03,154 | ERROR |   super().__init__(loader)
2026-04-15 00:01:03,203 | INFO |    -> Variante 0, Decoder greedy: 'V6EDA' -> 'V6EDA' [INFO]
2026-04-15 00:01:03,203 | INFO |    [INFO] CAPTCHA vlido -> Usando: V6EDA
2026-04-15 00:01:03,575 | INFO |    [INFO] CAPTCHA Fase 3 escrito: V6EDA
2026-04-15 00:01:03,977 | INFO |    [INFO] Trminos y condiciones marcados
2026-04-15 00:01:04,967 | INFO |  Paso final opcional: Generar Cita (reintento rpido)
2026-04-15 00:01:04,978 | INFO |     Intento generar cita 1/5
2026-04-15 00:01:06,125 | INFO |    [INFO] Generar Cita confirmado en 1.15s
2026-04-15 00:01:06,125 | INFO |    -> URL: https://www.sucamec.gob.pe/sel/faces/aplicacion/inicio.xhtml
2026-04-15 00:01:06,195 | INFO |    [INFO] Excel actualizado: estado='Cita Programada' en 1 fila(s)
2026-04-15 00:01:06,435 | INFO |    [INFO] Click en 'Limpiar' (fin de flujo)
2026-04-15 00:01:06,435 | INFO | [DEBUG] PERSISTENT_SESSION: cerrando contexto anterior para siguiente grupo
2026-04-15 00:01:06,715 | INFO |  Tiempo total del flujo: 54.43 segundos
2026-04-15 00:01:06,715 | INFO |  Resumen: OK=1 | SIN_CUPO=0 | ERROR=0
2026-04-15 00:01:06,715 | INFO | [INFO] Flujo completado.
2026-04-15 00:01:06,715 | INFO |     Duracin final del flujo: 54.43 segundos
2026-04-15 00:01:07,415 | INFO | Navegador cerrado.
2026-04-15 00:01:07,415 | INFO | Pipeline finalizado
2026-04-15 00:01:07,415 | INFO | Log disponible en: C:\Users\fserrano\Desktop\ARMAS-GADSO-1.0\logs\.tmp_multihilo_flow_20260415_000006\logs_w3\run_20260415_000006.log
