2026-04-23 00:00:30,838 | INFO | Iniciando pipeline ARMAS-GADSO
2026-04-23 00:00:30,838 | INFO | Modo: scheduled
2026-04-23 00:00:30,838 | INFO | Excel: C:\Users\fserrano\Desktop\ARMAS-GADSO-1.0\logs\.tmp_multihilo_flow_20260423_000030\worker_4_batch_1_idxs_3.xlsx
2026-04-23 00:00:37,255 | INFO | [INFO] INICIANDO SCRIPT SEL - Login Automtico
2026-04-23 00:00:37,255 | INFO | [INFO] PERSISTENT_SESSION activado - navegador se reutilizará entre grupos sin cerrarse
2026-04-23 00:00:39,514 | INFO |    -> Registros con estado 'PENDIENTE': 1
2026-04-23 00:00:39,514 | INFO |    -> Validando fecha de hoy: 23/04/2026
2026-04-23 00:00:39,517 | INFO |    -> Registros despus de filtrar por fecha: 1 (filtrados: 0)
2026-04-23 00:00:39,524 | INFO |  Registros pendientes a procesar: 1
2026-04-23 00:00:39,524 | INFO |  Procesando grupo RUC JV - Registros: 1
2026-04-23 00:00:39,524 | INFO | [INFO] Intento login 1/12 para grupo JV
2026-04-23 00:00:39,524 | INFO | [TILE] Args launch: --window-size=754,468 --window-position=776,486
2026-04-23 00:00:39,524 | INFO | [TILE] Lanzando Chromium con args: ['--disable-infobars', '--window-size=754,468', '--window-position=776,486']
2026-04-23 00:00:42,064 | INFO | [TILE] Geometría aplicada -> xy=(776,486) wh=(754,468) screen_cfg=1536x960 screen_js=1536x912 outer_js=755x470
2026-04-23 00:00:44,320 | INFO | [INFO] Pagina de login cargada
2026-04-23 00:00:44,811 | INFO | [INFO] Pestaña 'Autenticación Tradicional' seleccionada
2026-04-23 00:00:47,838 | INFO | [INFO] Credenciales llenadas para grupo JV
2026-04-23 00:00:47,839 | INFO |  OCR CAPTCHA: intento interno 1/6...
2026-04-23 00:00:49,813 | ERROR | C:\Users\fserrano\AppData\Local\Programs\Python\Python314\Lib\site-packages\torch\utils\data\dataloader.py:775: UserWarning: 'pin_memory' argument is set as true but no accelerator is found, then device pinned memory won't be used.
2026-04-23 00:00:49,813 | ERROR |   super().__init__(loader)
2026-04-23 00:00:49,965 | INFO |    -> Variante 0, Decoder greedy: '8VXXC' -> '8VXXC' [INFO]
2026-04-23 00:00:49,965 | INFO |    [INFO] CAPTCHA vlido -> Usando: 8VXXC
2026-04-23 00:00:50,437 | INFO | [INFO] Captcha automatico: 8VXXC
2026-04-23 00:00:50,438 | INFO | [INFO] Enviando login...
2026-04-23 00:00:51,699 | INFO | [INFO] Validando acceso...
2026-04-23 00:00:51,700 | INFO | [INFO] Acceso exitoso
2026-04-23 00:00:51,700 | INFO |    -> URL: https://www.sucamec.gob.pe/sel/faces/aplicacion/inicio.xhtml
2026-04-23 00:00:51,700 | INFO | [INFO] Tiempo total login: 12.18 segundos
2026-04-23 00:00:51,700 | INFO |  Navegando a CITAS -> RESERVAS DE CITAS...
2026-04-23 00:00:53,069 | INFO |     Fast-path: click directo en 'RESERVAS DE CITAS' (menuid 7_1)
2026-04-23 00:00:55,857 | INFO | [INFO] Navegacin completada (fast-path) -> URL: https://www.sucamec.gob.pe/sel/faces/aplicacion/inicio.xhtml
2026-04-23 00:00:55,857 | INFO |  Seleccionando tipo de cita: EXAMEN PARA POLGONO DE TIRO...
2026-04-23 00:00:56,223 | INFO |    [INFO] Tipo de cita seleccionado: EXAMEN PARA POLÍGONO DE TIRO
2026-04-23 00:00:56,223 | INFO | -------- JV Registro iterativo 1 (idx=3, prioridad=alta, intento=1, en_cola=0) --------
2026-04-23 00:00:59,700 | INFO |  Registro tomado desde Excel:
2026-04-23 00:00:59,700 | INFO |    - id_registro: 4
2026-04-23 00:00:59,701 | INFO |    - sede: LIMA
2026-04-23 00:00:59,701 | INFO |    - fecha: 14/05/2026
2026-04-23 00:00:59,701 | INFO |    - hora_rango: 12:00-12:15
2026-04-23 00:00:59,701 | INFO |    - tipo_operacion: INICIAL DE LICENCIA DE USO
2026-04-23 00:00:59,701 | INFO |    - doc_vigilante: 41515540
2026-04-23 00:00:59,701 | INFO |    - nro_solicitud: 090780-0
2026-04-23 00:00:59,701 | INFO |    - fecha_programacion: 23/04/2026
2026-04-23 00:00:59,701 | INFO |    - ruc: J & V Resguardo
2026-04-23 00:00:59,701 | INFO |    - prioridad: alta
2026-04-23 00:00:59,701 | INFO |    - siguiente_mismo_doc_y_fecha: False
2026-04-23 00:00:59,701 | INFO |    - indices_relacionados_excel: [3]
2026-04-23 00:00:59,701 | INFO |    - tipo_arma (excel): ['CORTA']
2026-04-23 00:00:59,701 | INFO |    - arma (excel): ['REVOLVER']
2026-04-23 00:00:59,701 | INFO |    - objetivos_arma: [('CORTA', 'REVOLVER')]
2026-04-23 00:00:59,701 | INFO |    - tipos_arma_objetivo: ['CORTA']
2026-04-23 00:00:59,708 | INFO |  Completando Reserva de Cupos con datos del Excel...
2026-04-23 00:01:00,099 | INFO |    [INFO] Sede seleccionado: LIMA
2026-04-23 00:01:02,582 | INFO |    [INFO] Fecha seleccionado: 14/05/2026
2026-04-23 00:01:02,582 | INFO |  Buscando hora en tabla: 12:00-12:15
2026-04-23 00:01:03,864 | INFO |    [INFO] Estrategia horario: prioridad a hora exacta del Excel
2026-04-23 00:01:04,174 | INFO |    [INFO] Hora seleccionada: 12:00-12:15 (Cupos Libres=3)
2026-04-23 00:01:04,421 | INFO |    [INFO] Click en botn 'Siguiente'
2026-04-23 00:01:04,421 | INFO |  Completando Paso 2 con datos del Excel...
2026-04-23 00:01:05,603 | INFO |    [INFO] Tipo Operacin seleccionado: INICIAL DE LICENCIA DE USO
2026-04-23 00:01:05,603 | INFO |     Flujo INICIAL detectado: primero Tipo de Licencia, luego Documento Vigilante
2026-04-23 00:01:06,380 | INFO |    [INFO] Tipo de Licencia: SEGURIDAD PRIVADA
2026-04-23 00:01:08,579 | INFO |    [INFO] Documento vigilante seleccionado: 41515540
2026-04-23 00:01:09,217 | INFO |    [INFO] Seleccione Solicitud: SI
2026-04-23 00:01:09,217 | INFO |     Flujo INICIAL: tambin se seleccionar Nro Solicitud
2026-04-23 00:01:12,536 | INFO |    [INFO] Nro Solicitud seleccionado: TUPA 2022 PA3400C585 - NRO EMPOCE: 90780 - FECHA REGISTRO: 20/04/2026
2026-04-23 00:01:13,446 | INFO |  Completando tabla de tipos de arma (Fase 2)...
2026-04-23 00:01:20,289 | INFO |    [INFO] CORTA: REVOLVER
2026-04-23 00:01:20,522 | INFO |    [INFO] Click en botn 'Siguiente' de Fase 2 (botonSiguiente3)
2026-04-23 00:01:29,695 | INFO |  Completando Fase 3 (Resumen de cita)...
2026-04-23 00:01:29,705 | INFO |  OCR CAPTCHA Fase 3: intento interno 1/∞...
2026-04-23 00:01:30,987 | ERROR | C:\Users\fserrano\AppData\Local\Programs\Python\Python314\Lib\site-packages\torch\utils\data\dataloader.py:775: UserWarning: 'pin_memory' argument is set as true but no accelerator is found, then device pinned memory won't be used.
2026-04-23 00:01:30,987 | ERROR |   super().__init__(loader)
2026-04-23 00:01:31,031 | INFO |    -> Variante 0, Decoder greedy: '4FE94' -> '4FE94' [INFO]
2026-04-23 00:01:31,032 | INFO |    [INFO] CAPTCHA vlido -> Usando: 4FE94
2026-04-23 00:01:31,097 | INFO |    [INFO] CAPTCHA Fase 3 escrito: 4FE94
2026-04-23 00:01:31,345 | INFO |    [INFO] Trminos y condiciones marcados
2026-04-23 00:01:32,324 | INFO |  Paso final opcional: Generar Cita (reintento rpido)
2026-04-23 00:01:32,329 | INFO |     Intento generar cita 1/5
2026-04-23 00:01:33,795 | INFO |    [INFO] Generar Cita confirmado en 1.47s
2026-04-23 00:01:33,795 | INFO |    -> URL: https://www.sucamec.gob.pe/sel/faces/aplicacion/inicio.xhtml
2026-04-23 00:01:33,828 | INFO |    [INFO] Excel actualizado: estado='Cita Programada' en 1 fila(s)
2026-04-23 00:01:34,071 | INFO |    [INFO] Click en 'Limpiar' (fin de flujo)
2026-04-23 00:01:34,071 | INFO | [DEBUG] PERSISTENT_SESSION: cerrando contexto anterior para siguiente grupo
2026-04-23 00:01:34,129 | INFO |  Tiempo total del flujo: 56.87 segundos
2026-04-23 00:01:34,129 | INFO |  Resumen: OK=1 | SIN_CUPO=0 | ERROR=0
2026-04-23 00:01:34,129 | INFO | [INFO] Flujo completado.
2026-04-23 00:01:34,129 | INFO |     Duracin final del flujo: 56.87 segundos
2026-04-23 00:01:34,495 | INFO | Navegador cerrado.
2026-04-23 00:01:34,495 | INFO | Pipeline finalizado
2026-04-23 00:01:34,495 | INFO | Log disponible en: C:\Users\fserrano\Desktop\ARMAS-GADSO-1.0\logs\.tmp_multihilo_flow_20260423_000030\logs_w4\run_20260423_000030.log
