2026-04-01 00:14:16,536 | INFO | Iniciando pipeline ARMAS-GADSO
2026-04-01 00:14:16,537 | INFO | Modo: scheduled
2026-04-01 00:14:16,537 | INFO | Excel: C:\Users\fserrano\Desktop\ARMAS-GADSO-1.0\logs\.tmp_multihilo_flow_20260401_001416\worker_1_batch_1_idxs_0.xlsx
2026-04-01 00:14:22,579 | INFO | [INFO] INICIANDO SCRIPT SEL - Login Automtico
2026-04-01 00:14:22,579 | INFO | [INFO] PERSISTENT_SESSION activado - navegador se reutilizará entre grupos sin cerrarse
2026-04-01 00:14:23,366 | INFO |    -> Registros con estado 'PENDIENTE': 1
2026-04-01 00:14:23,366 | INFO |    -> Validando fecha de hoy: 01/04/2026
2026-04-01 00:14:23,370 | INFO |    -> Registros despus de filtrar por fecha: 1 (filtrados: 0)
2026-04-01 00:14:23,377 | INFO |  Registros pendientes a procesar: 1
2026-04-01 00:14:23,377 | INFO |  Procesando grupo RUC JV - Registros: 1
2026-04-01 00:14:23,377 | INFO | [INFO] Intento login 1/12 para grupo JV
2026-04-01 00:14:23,377 | INFO | [TILE] Args launch: --window-size=754,468 --window-position=6,6
2026-04-01 00:14:23,377 | INFO | [TILE] Lanzando Chromium con args: ['--disable-infobars', '--window-size=754,468', '--window-position=6,6']
2026-04-01 00:14:24,497 | INFO | [TILE] Geometría aplicada -> xy=(6,6) wh=(754,468) screen_cfg=1536x960 screen_js=1536x912 outer_js=755x470
2026-04-01 00:14:56,020 | INFO | [INFO] Pagina de login cargada
2026-04-01 00:15:04,030 | INFO | [ERROR] Intento login 1 para grupo JV fall: Locator.wait_for: Timeout 8000ms exceeded.
2026-04-01 00:15:04,030 | INFO | Call log:
2026-04-01 00:15:04,030 | INFO |   - waiting for locator("a[href=\"#tabViewLogin:j_idt33\"]") to be visible
2026-04-01 00:15:04,030 | INFO |    Reintentando login...
2026-04-01 00:15:06,031 | INFO | [INFO] Intento login 2/12 para grupo JV
2026-04-01 00:15:06,378 | INFO | [TILE] Args launch: --window-size=754,468 --window-position=6,6
2026-04-01 00:15:06,378 | INFO | [TILE] Lanzando Chromium con args: ['--disable-infobars', '--window-size=754,468', '--window-position=6,6']
2026-04-01 00:15:07,355 | INFO | [TILE] Geometría aplicada -> xy=(6,6) wh=(754,468) screen_cfg=1536x960 screen_js=1536x912 outer_js=755x470
2026-04-01 00:15:11,177 | INFO |  Ejecucin interrumpida.
2026-04-01 00:15:11,178 | INFO |    -> Motivo:
2026-04-01 00:15:11,178 | INFO |     Tiempo transcurrido: 48.60 segundos
2026-04-01 00:15:11,178 | INFO |     Resumen parcial: OK=0 | SIN_CUPO=0 | ERROR=0
2026-04-01 00:15:16,756 | INFO | Log disponible en: C:\Users\fserrano\Desktop\ARMAS-GADSO-1.0\logs\.tmp_multihilo_flow_20260401_001416\logs_w1\run_20260401_001416.log
