2026-04-22 00:00:05,871 | INFO | Iniciando pipeline ARMAS-GADSO
2026-04-22 00:00:05,872 | INFO | Modo: scheduled
2026-04-22 00:00:05,872 | INFO | Excel: C:\Users\fserrano\Desktop\ARMAS-GADSO-1.0\logs\.tmp_multihilo_flow_20260422_000005\worker_3_batch_1_idxs_2.xlsx
2026-04-22 00:00:11,878 | INFO | [INFO] INICIANDO SCRIPT SEL - Login Automtico
2026-04-22 00:00:11,878 | INFO | [INFO] PERSISTENT_SESSION activado - navegador se reutilizará entre grupos sin cerrarse
2026-04-22 00:00:13,704 | INFO |    -> Registros con estado 'PENDIENTE': 1
2026-04-22 00:00:13,705 | INFO |    -> Validando fecha de hoy: 22/04/2026
2026-04-22 00:00:13,707 | INFO |    -> Registros despus de filtrar por fecha: 1 (filtrados: 0)
2026-04-22 00:00:13,711 | INFO |  Registros pendientes a procesar: 1
2026-04-22 00:00:13,711 | INFO |  Procesando grupo RUC JV - Registros: 1
2026-04-22 00:00:13,711 | INFO | [INFO] Intento login 1/12 para grupo JV
2026-04-22 00:00:13,711 | INFO | [TILE] Args launch: --window-size=754,468 --window-position=6,486
2026-04-22 00:00:13,711 | INFO | [TILE] Lanzando Chromium con args: ['--disable-infobars', '--window-size=754,468', '--window-position=6,486']
2026-04-22 00:00:15,734 | INFO | [TILE] Geometría aplicada -> xy=(6,486) wh=(754,468) screen_cfg=1536x960 screen_js=1536x912 outer_js=755x470
2026-04-22 00:00:17,478 | INFO | [INFO] Pagina de login cargada
2026-04-22 00:00:19,141 | INFO | [INFO] Pestaña 'Autenticación Tradicional' seleccionada
2026-04-22 00:00:21,311 | INFO | [INFO] Credenciales llenadas para grupo JV
2026-04-22 00:00:21,311 | INFO |  OCR CAPTCHA: intento interno 1/6...
2026-04-22 00:00:23,835 | ERROR | C:\Users\fserrano\AppData\Local\Programs\Python\Python314\Lib\site-packages\torch\utils\data\dataloader.py:775: UserWarning: 'pin_memory' argument is set as true but no accelerator is found, then device pinned memory won't be used.
2026-04-22 00:00:23,835 | ERROR |   super().__init__(loader)
2026-04-22 00:00:24,006 | INFO |    -> Variante 0, Decoder greedy: 'AI PWZ' -> 'AIPWZ' [INFO]
2026-04-22 00:00:24,006 | INFO |    [INFO] CAPTCHA vlido -> Usando: AIPWZ
2026-04-22 00:00:24,400 | INFO | [INFO] Captcha automatico: AIPWZ
2026-04-22 00:00:24,400 | INFO | [INFO] Enviando login...
2026-04-22 00:00:24,882 | INFO | [INFO] Validando acceso...
2026-04-22 00:00:24,882 | INFO | [INFO] Acceso exitoso
2026-04-22 00:00:24,882 | INFO |    -> URL: https://www.sucamec.gob.pe/sel/faces/aplicacion/inicio.xhtml
2026-04-22 00:00:24,883 | INFO | [INFO] Tiempo total login: 11.17 segundos
2026-04-22 00:00:24,883 | INFO |  Navegando a CITAS -> RESERVAS DE CITAS...
2026-04-22 00:00:25,647 | INFO |     Fast-path: click directo en 'RESERVAS DE CITAS' (menuid 7_1)
2026-04-22 00:00:27,824 | INFO | [INFO] Navegacin completada (fast-path) -> URL: https://www.sucamec.gob.pe/sel/faces/aplicacion/inicio.xhtml
2026-04-22 00:00:27,824 | INFO |  Seleccionando tipo de cita: EXAMEN PARA POLGONO DE TIRO...
2026-04-22 00:00:28,250 | INFO |    [INFO] Tipo de cita seleccionado: EXAMEN PARA POLÍGONO DE TIRO
2026-04-22 00:00:28,250 | INFO | -------- JV Registro iterativo 1 (idx=2, prioridad=alta, intento=1, en_cola=0) --------
2026-04-22 00:00:29,186 | INFO |  Registro tomado desde Excel:
2026-04-22 00:00:29,187 | INFO |    - id_registro: 3
2026-04-22 00:00:29,187 | INFO |    - sede: LIMA
2026-04-22 00:00:29,187 | INFO |    - fecha: 13/05/2026
2026-04-22 00:00:29,187 | INFO |    - hora_rango: 12:00-12:15
2026-04-22 00:00:29,187 | INFO |    - tipo_operacion: RENOVACION DE LICENCIA DE USO
2026-04-22 00:00:29,187 | INFO |    - doc_vigilante: 76980518
2026-04-22 00:00:29,187 | INFO |    - nro_solicitud: 064139-0
2026-04-22 00:00:29,187 | INFO |    - fecha_programacion: 22/04/2026
2026-04-22 00:00:29,187 | INFO |    - ruc: J & V Resguardo
2026-04-22 00:00:29,187 | INFO |    - prioridad: alta
2026-04-22 00:00:29,187 | INFO |    - siguiente_mismo_doc_y_fecha: False
2026-04-22 00:00:29,187 | INFO |    - indices_relacionados_excel: [2]
2026-04-22 00:00:29,188 | INFO |    - tipo_arma (excel): ['CORTA']
2026-04-22 00:00:29,188 | INFO |    - arma (excel): ['REVOLVER']
2026-04-22 00:00:29,188 | INFO |    - objetivos_arma: [('CORTA', 'REVOLVER')]
2026-04-22 00:00:29,188 | INFO |    - tipos_arma_objetivo: ['CORTA']
2026-04-22 00:00:29,195 | INFO |  Completando Reserva de Cupos con datos del Excel...
2026-04-22 00:00:29,575 | INFO |    [INFO] Sede seleccionado: LIMA
2026-04-22 00:00:30,706 | INFO |    [INFO] Fecha seleccionado: 13/05/2026
2026-04-22 00:00:30,706 | INFO |  Buscando hora en tabla: 12:00-12:15
2026-04-22 00:00:31,625 | INFO |    [INFO] Estrategia horario: prioridad a hora exacta del Excel
2026-04-22 00:00:31,934 | INFO |    [INFO] Hora seleccionada: 12:00-12:15 (Cupos Libres=3)
2026-04-22 00:00:32,056 | INFO |    [INFO] Click en botn 'Siguiente'
2026-04-22 00:00:32,056 | INFO |  Completando Paso 2 con datos del Excel...
2026-04-22 00:00:32,780 | INFO |    [INFO] Tipo Operacin seleccionado: RENOVACIÓN DE LICENCIA DE USO
2026-04-22 00:00:34,379 | INFO |    [INFO] Documento vigilante seleccionado: 76980518
2026-04-22 00:00:35,183 | INFO |    [INFO] Seleccione Solicitud: SI
2026-04-22 00:00:37,465 | INFO |    [INFO] Nro Solicitud seleccionado: TUPA 2022 PA3400C730 - NRO EMPOCE: 64139 - FECHA REGISTRO: 20/04/2026
2026-04-22 00:00:38,492 | INFO |  Completando tabla de tipos de arma (Fase 2)...
2026-04-22 00:00:43,765 | INFO |    [INFO] CORTA: REVOLVER
2026-04-22 00:00:43,796 | INFO |    [INFO] Click en botn 'Siguiente' de Fase 2 (botonSiguiente3)
2026-04-22 00:00:53,575 | INFO |  Completando Fase 3 (Resumen de cita)...
2026-04-22 00:00:53,580 | INFO |  OCR CAPTCHA Fase 3: intento interno 1/∞...
2026-04-22 00:00:55,056 | ERROR | C:\Users\fserrano\AppData\Local\Programs\Python\Python314\Lib\site-packages\torch\utils\data\dataloader.py:775: UserWarning: 'pin_memory' argument is set as true but no accelerator is found, then device pinned memory won't be used.
2026-04-22 00:00:55,056 | ERROR |   super().__init__(loader)
2026-04-22 00:00:55,581 | INFO |    -> Variante 0, Decoder greedy: '8UM4 Y' -> '8UM4Y' [INFO]
2026-04-22 00:00:55,582 | INFO |    [INFO] CAPTCHA vlido -> Usando: 8UM4Y
2026-04-22 00:00:55,700 | INFO |    [INFO] CAPTCHA Fase 3 escrito: 8UM4Y
2026-04-22 00:00:55,955 | INFO |    [INFO] Trminos y condiciones marcados
2026-04-22 00:00:56,939 | INFO |  Paso final opcional: Generar Cita (reintento rpido)
2026-04-22 00:00:56,945 | INFO |     Intento generar cita 1/5
2026-04-22 00:00:58,278 | INFO |    [INFO] Generar Cita confirmado en 1.33s
2026-04-22 00:00:58,278 | INFO |    -> URL: https://www.sucamec.gob.pe/sel/faces/aplicacion/inicio.xhtml
2026-04-22 00:00:58,307 | INFO |    [INFO] Excel actualizado: estado='Cita Programada' en 1 fila(s)
2026-04-22 00:00:58,554 | INFO |    [INFO] Click en 'Limpiar' (fin de flujo)
2026-04-22 00:00:58,554 | INFO | [DEBUG] PERSISTENT_SESSION: cerrando contexto anterior para siguiente grupo
2026-04-22 00:00:58,582 | INFO |  Tiempo total del flujo: 46.70 segundos
2026-04-22 00:00:58,582 | INFO |  Resumen: OK=1 | SIN_CUPO=0 | ERROR=0
2026-04-22 00:00:58,582 | INFO | [INFO] Flujo completado.
2026-04-22 00:00:58,582 | INFO |     Duracin final del flujo: 46.70 segundos
2026-04-22 00:00:58,866 | INFO | Navegador cerrado.
2026-04-22 00:00:58,866 | INFO | Pipeline finalizado
2026-04-22 00:00:58,866 | INFO | Log disponible en: C:\Users\fserrano\Desktop\ARMAS-GADSO-1.0\logs\.tmp_multihilo_flow_20260422_000005\logs_w3\run_20260422_000005.log
