2026-04-28 11:51:43,038 | INFO | Iniciando pipeline ARMAS-GADSO
2026-04-28 11:51:43,038 | INFO | Modo: scheduled
2026-04-28 11:51:43,038 | INFO | Excel: C:\Users\fserrano\Desktop\ARMAS-GADSO-1.0\logs\20260428_115136\worker_1_batch_1_idxs_0.xlsx
2026-04-28 11:51:43,038 | INFO | Screenshots: C:\Users\fserrano\Desktop\ARMAS-GADSO-1.0\screenshots\20260428_115136\screenshots_w1
2026-04-28 11:51:48,443 | INFO | [INFO] OCR (easyocr) cargado correctamente | langs=['en'] | gpu=False
2026-04-28 11:51:48,474 | INFO | [INFO] INICIANDO SCRIPT SEL - Login Automtico
2026-04-28 11:51:48,474 | INFO | [INFO] PERSISTENT_SESSION activado - navegador se reutilizara entre grupos sin cerrarse
2026-04-28 11:51:49,175 | INFO |    -> Registros con estado 'PENDIENTE': 1
2026-04-28 11:51:49,176 | INFO |    -> Validando fecha de hoy: 28/04/2026
2026-04-28 11:51:49,176 | INFO |    -> Registros despues de filtrar por fecha: 1 (filtrados: 0)
2026-04-28 11:51:49,182 | INFO |  Registros pendientes a procesar: 1
2026-04-28 11:51:49,182 | INFO |  Procesando grupo RUC JV - Registros: 1
2026-04-28 11:51:49,182 | INFO | [INFO] Intento login 1/12 para grupo JV
2026-04-28 11:51:49,182 | INFO | [TILE] Lanzando Chromium con args: ['--disable-infobars', '--window-size=1366,900', '--window-position=0,0']
2026-04-28 11:51:54,137 | INFO | [INFO] Pagina de login cargada
2026-04-28 11:51:54,445 | INFO | [INFO] Pestaña 'Autenticación Tradicional' seleccionada
2026-04-28 11:51:56,791 | INFO | [INFO] Credenciales llenadas para grupo JV
2026-04-28 11:51:56,791 | INFO |  OCR CAPTCHA: intento interno 1/6...
2026-04-28 11:51:58,274 | ERROR | C:\Users\fserrano\AppData\Local\Programs\Python\Python314\Lib\site-packages\torch\utils\data\dataloader.py:775: UserWarning: 'pin_memory' argument is set as true but no accelerator is found, then device pinned memory won't be used.
2026-04-28 11:51:58,274 | ERROR |   super().__init__(loader)
2026-04-28 11:51:58,362 | INFO |    -> Variante 0, Decoder greedy: 'J688T' -> 'J688T' [INFO]
2026-04-28 11:51:58,362 | INFO |    [INFO] CAPTCHA valido -> Usando: J688T
2026-04-28 11:51:58,435 | INFO | [INFO] Captcha automatico: J688T
2026-04-28 11:51:58,435 | INFO | [INFO] Enviando login...
2026-04-28 11:51:59,534 | INFO | [INFO] Validando acceso...
2026-04-28 11:51:59,534 | INFO | [INFO] Acceso exitoso
2026-04-28 11:51:59,535 | INFO |    -> URL: https://www.sucamec.gob.pe/sel/faces/aplicacion/inicio.xhtml
2026-04-28 11:51:59,535 | INFO | [INFO] Tiempo total login: 5.40 segundos
2026-04-28 11:51:59,535 | INFO |  Navegando a RESERVAS DE CITAS...
2026-04-28 11:52:01,469 | INFO |    [INFO] Menu CITAS expandido
2026-04-28 11:52:02,889 | INFO |    [INFO] Click en 'RESERVAS DE CITAS'
2026-04-28 11:52:02,889 | INFO |  Seleccionando tipo de cita: EXAMEN PARA POLIGONO DE TIRO
2026-04-28 11:52:04,218 | INFO |    [INFO] Tipo de cita seleccionado: EXAMEN PARA POLÍGONO DE TIRO
2026-04-28 11:52:04,218 | INFO | -------- JV Registro iterativo 1 (idx=0, prioridad=alta, intento=1, en_cola=0) --------
2026-04-28 11:52:04,361 | INFO |  Registro tomado desde Excel:
2026-04-28 11:52:04,361 | INFO |    - id_registro: 1
2026-04-28 11:52:04,361 | INFO |    - sede: LIMA
2026-04-28 11:52:04,361 | INFO |    - fecha: 19/05/2026
2026-04-28 11:52:04,362 | INFO |    - hora_rango: 12:00-12:15
2026-04-28 11:52:04,362 | INFO |    - tipo_operacion: RENOVACION DE LICENCIA DE USO
2026-04-28 11:52:04,362 | INFO |    - doc_vigilante: 40598949
2026-04-28 11:52:04,362 | INFO |    - nro_solicitud: 052333-0
2026-04-28 11:52:04,362 | INFO |    - fecha_programacion: 28/04/2026
2026-04-28 11:52:04,362 | INFO |    - ruc: J & V Resguardo
2026-04-28 11:52:04,362 | INFO |    - prioridad: alta
2026-04-28 11:52:04,362 | INFO |    - siguiente_mismo_doc_y_fecha: False
2026-04-28 11:52:04,362 | INFO |    - indices_relacionados_excel: [0]
2026-04-28 11:52:04,362 | INFO |    - tipo_arma (excel): ['CORTA']
2026-04-28 11:52:04,362 | INFO |    - arma (excel): ['REVOLVER']
2026-04-28 11:52:04,362 | INFO |    - objetivos_arma: [('CORTA', 'REVOLVER')]
2026-04-28 11:52:04,362 | INFO |    - tipos_arma_objetivo: ['CORTA']
2026-04-28 11:52:04,370 | INFO |  Completando Reserva de Cupos con datos del Excel...
2026-04-28 11:52:04,745 | INFO |    [INFO] Sede seleccionado: LIMA
2026-04-28 11:52:05,884 | INFO |    [INFO] Fecha seleccionado: 19/05/2026
2026-04-28 11:52:05,884 | INFO |  Buscando hora en tabla: 12:00-12:15
2026-04-28 11:52:26,622 | INFO |    [INFO] Screenshot tabla cupos: C:\Users\fserrano\Desktop\ARMAS-GADSO-1.0\screenshots\20260428_115136\screenshots_w1\step_1_reserva_cupos\20260428_115206_tabla_inicial_i1_h12_00-12_15.png
2026-04-28 11:52:26,886 | INFO |    [INFO] Estrategia horario: bloque completo de mediodia (11:45-13:00)
2026-04-28 11:52:27,008 | INFO |    [INFO] Screenshot tabla sin cupo: C:\Users\fserrano\Desktop\ARMAS-GADSO-1.0\screenshots\20260428_115136\screenshots_w1\step_1_reserva_cupos\20260428_115226_sin_cupo_candidatos_0_i1_h12_00-12_15.png
2026-04-28 11:52:27,010 | INFO |    [INFO] Correo Graph diferido [MULTIWORKER_DEFERRED] | attachments=20260428_115206_tabla_inicial_i1_h12_00-12_15.png, 20260428_115226_sin_cupo_candidatos_0_i1_h12_00-12_15.png
2026-04-28 11:52:27,410 | INFO |    [INFO] Click en boton 'Limpiar' por falta de cupos
2026-04-28 11:52:28,330 | INFO | [WARNING] Error en registro idx=0: No hay cupos en horarios candidatos. Objetivo: 12:00-12:15 | Candidatos: 11:45-12:00(0), 12:00-12:15(0), 12:15-12:30(0), 12:30-12:45(0), 12:45-13:00(0)
2026-04-28 11:52:28,356 | INFO |    [INFO] Excel actualizado: observaciones='No alcanzo cupo para horario 12:00-12:15' en 1 fila(s)
2026-04-28 11:52:28,356 | INFO | [INFO] Registro idx=0 marcado como terminal 'SIN_CUPO' tras 1 confirmaciones
2026-04-28 11:52:28,907 | INFO | [INFO] Wizard limpiado para siguiente registro (recuperacion por error)
2026-04-28 11:52:29,908 | INFO | [DEBUG] PERSISTENT_SESSION: cerrando contexto anterior para siguiente grupo
2026-04-28 11:52:29,936 | INFO |  Tiempo total del flujo: 41.46 segundos
2026-04-28 11:52:29,937 | INFO |  Resumen: OK=0 | SIN_CUPO=1 | ERROR=0
2026-04-28 11:52:29,937 | INFO | [INFO] Flujo completado.
2026-04-28 11:52:29,937 | INFO |     Duracin final del flujo: 41.46 segundos
2026-04-28 11:52:30,231 | INFO | Navegador cerrado.
2026-04-28 11:52:30,232 | INFO | Pipeline finalizado
2026-04-28 11:52:30,232 | INFO | Log disponible en: C:\Users\fserrano\Desktop\ARMAS-GADSO-1.0\logs\20260428_115136\logs_w1\run_20260428_115136.log
