2026-04-28 10:31:54,043 | INFO | Iniciando pipeline ARMAS-GADSO
2026-04-28 10:31:54,044 | INFO | Modo: scheduled
2026-04-28 10:31:54,044 | INFO | Excel: C:\Users\fserrano\Desktop\ARMAS-GADSO-1.0\logs\20260428_103149\worker_2_batch_1_idxs_1.xlsx
2026-04-28 10:31:54,044 | INFO | Screenshots: C:\Users\fserrano\Desktop\ARMAS-GADSO-1.0\screenshots\20260428_103149\screenshots_w2
2026-04-28 10:31:58,651 | INFO | [INFO] OCR (easyocr) cargado correctamente | langs=['en'] | gpu=False
2026-04-28 10:31:58,678 | INFO | [INFO] INICIANDO SCRIPT SEL - Login Automtico
2026-04-28 10:31:58,678 | INFO | [INFO] PERSISTENT_SESSION activado - navegador se reutilizara entre grupos sin cerrarse
2026-04-28 10:31:59,424 | INFO |    -> Registros con estado 'PENDIENTE': 1
2026-04-28 10:31:59,424 | INFO |    -> Validando fecha de hoy: 28/04/2026
2026-04-28 10:31:59,425 | INFO |    -> Registros despues de filtrar por fecha: 1 (filtrados: 0)
2026-04-28 10:31:59,431 | INFO |  Registros pendientes a procesar: 1
2026-04-28 10:31:59,432 | INFO |  Procesando grupo RUC JV - Registros: 1
2026-04-28 10:31:59,432 | INFO | [INFO] Intento login 1/12 para grupo JV
2026-04-28 10:31:59,432 | INFO | [TILE] Lanzando Chromium con args: ['--disable-infobars', '--window-size=1366,900', '--window-position=0,0']
2026-04-28 10:32:06,800 | INFO | [INFO] Pagina de login cargada
2026-04-28 10:32:07,205 | INFO | [INFO] Pestaña 'Autenticación Tradicional' seleccionada
2026-04-28 10:32:09,281 | INFO | [INFO] Credenciales llenadas para grupo JV
2026-04-28 10:32:09,282 | INFO |  OCR CAPTCHA: intento interno 1/6...
2026-04-28 10:32:10,384 | ERROR | C:\Users\fserrano\AppData\Local\Programs\Python\Python314\Lib\site-packages\torch\utils\data\dataloader.py:775: UserWarning: 'pin_memory' argument is set as true but no accelerator is found, then device pinned memory won't be used.
2026-04-28 10:32:10,384 | ERROR |   super().__init__(loader)
2026-04-28 10:32:10,438 | INFO |    -> Variante 0, Decoder greedy: 'YEGR8' -> 'YEGR8' [INFO]
2026-04-28 10:32:10,438 | INFO |    [INFO] CAPTCHA valido -> Usando: YEGR8
2026-04-28 10:32:10,491 | INFO | [INFO] Captcha automatico: YEGR8
2026-04-28 10:32:10,491 | INFO | [INFO] Enviando login...
2026-04-28 10:32:11,180 | INFO | [INFO] Validando acceso...
2026-04-28 10:32:11,180 | INFO | [INFO] Acceso exitoso
2026-04-28 10:32:11,180 | INFO |    -> URL: https://www.sucamec.gob.pe/sel/faces/aplicacion/inicio.xhtml
2026-04-28 10:32:11,180 | INFO | [INFO] Tiempo total login: 4.38 segundos
2026-04-28 10:32:11,180 | INFO |  Navegando a RESERVAS DE CITAS...
2026-04-28 10:32:20,265 | INFO |    [INFO] Menu CITAS expandido
2026-04-28 10:32:22,521 | INFO |    [INFO] Click en 'RESERVAS DE CITAS'
2026-04-28 10:32:22,521 | INFO |  Seleccionando tipo de cita: EXAMEN PARA POLIGONO DE TIRO
2026-04-28 10:32:23,286 | INFO |    [INFO] Tipo de cita seleccionado: EXAMEN PARA POLÍGONO DE TIRO
2026-04-28 10:32:23,286 | INFO | -------- JV Registro iterativo 1 (idx=1, prioridad=alta, intento=1, en_cola=0) --------
2026-04-28 10:32:23,540 | INFO |  Registro tomado desde Excel:
2026-04-28 10:32:23,540 | INFO |    - id_registro: 2
2026-04-28 10:32:23,540 | INFO |    - sede: LIMA
2026-04-28 10:32:23,540 | INFO |    - fecha: 19/05/2026
2026-04-28 10:32:23,540 | INFO |    - hora_rango: 12:00-12:15
2026-04-28 10:32:23,541 | INFO |    - tipo_operacion: RENOVACION DE LICENCIA DE USO
2026-04-28 10:32:23,541 | INFO |    - doc_vigilante: 73799884
2026-04-28 10:32:23,541 | INFO |    - nro_solicitud: 037411-0
2026-04-28 10:32:23,541 | INFO |    - fecha_programacion: 28/04/2026
2026-04-28 10:32:23,541 | INFO |    - ruc: J & V Resguardo
2026-04-28 10:32:23,541 | INFO |    - prioridad: alta
2026-04-28 10:32:23,541 | INFO |    - siguiente_mismo_doc_y_fecha: False
2026-04-28 10:32:23,541 | INFO |    - indices_relacionados_excel: [1]
2026-04-28 10:32:23,541 | INFO |    - tipo_arma (excel): ['CORTA']
2026-04-28 10:32:23,542 | INFO |    - arma (excel): ['REVOLVER']
2026-04-28 10:32:23,542 | INFO |    - objetivos_arma: [('CORTA', 'REVOLVER')]
2026-04-28 10:32:23,542 | INFO |    - tipos_arma_objetivo: ['CORTA']
2026-04-28 10:32:23,550 | INFO |  Completando Reserva de Cupos con datos del Excel...
2026-04-28 10:32:24,117 | INFO |    [INFO] Sede seleccionado: LIMA
2026-04-28 10:32:25,254 | INFO |    [INFO] Fecha seleccionado: 19/05/2026
2026-04-28 10:32:25,254 | INFO |  Buscando hora en tabla: 12:00-12:15
2026-04-28 10:32:55,486 | INFO |    [WARNING] No se pudo capturar screenshot de tabla cupos: Locator.screenshot: Timeout 29995ms exceeded.
2026-04-28 10:32:55,486 | INFO | Call log:
2026-04-28 10:32:55,486 | INFO |   - taking element screenshot
2026-04-28 10:32:55,486 | INFO |   - waiting for fonts to load...
2026-04-28 10:32:55,852 | INFO |    [INFO] Estrategia horario: bloque completo de mediodia (11:45-13:00)
2026-04-28 10:33:12,839 | INFO |    [WARNING] No se pudo capturar screenshot de tabla sin cupo: Locator.screenshot: Target page, context or browser has been closed
2026-04-28 10:33:12,839 | INFO | Call log:
2026-04-28 10:33:12,839 | INFO |   - taking element screenshot
2026-04-28 10:33:12,840 | INFO |   - waiting for fonts to load...
2026-04-28 10:33:12,843 | INFO | Registro idx=1 no procesado: la ventana/contexto del navegador fue cerrada.
2026-04-28 10:33:12,843 | INFO |  Ejecucin interrumpida.
2026-04-28 10:33:12,843 | INFO |    -> Motivo: Ventana del navegador cerrada durante procesamiento
2026-04-28 10:33:12,843 | INFO |     Tiempo transcurrido: 74.16 segundos
2026-04-28 10:33:12,843 | INFO |     Resumen parcial: OK=0 | SIN_CUPO=0 | ERROR=0
2026-04-28 10:33:13,158 | INFO | Navegador cerrado.
2026-04-28 10:33:13,158 | INFO | Pipeline finalizado
2026-04-28 10:33:13,158 | INFO | Log disponible en: C:\Users\fserrano\Desktop\ARMAS-GADSO-1.0\logs\20260428_103149\logs_w2\run_20260428_103149.log
