2026-04-24 16:46:14,304 | INFO | Iniciando pipeline ARMAS-GADSO
2026-04-24 16:46:14,304 | INFO | Modo: scheduled
2026-04-24 16:46:14,304 | INFO | Excel: C:\Users\fserrano\Desktop\ARMAS-GADSO-1.0\logs\20260424_164608\worker_1_batch_1_idxs_0.xlsx
2026-04-24 16:46:14,305 | INFO | Screenshots: C:\Users\fserrano\Desktop\ARMAS-GADSO-1.0\screenshots\20260424_164608\screenshots_w1
2026-04-24 16:46:20,493 | INFO | [INFO] OCR (easyocr) cargado correctamente | langs=['en'] | gpu=False
2026-04-24 16:46:20,521 | INFO | [INFO] INICIANDO SCRIPT SEL - Login Automtico
2026-04-24 16:46:20,521 | INFO | [INFO] PERSISTENT_SESSION activado - navegador se reutilizara entre grupos sin cerrarse
2026-04-24 16:46:21,186 | INFO |    -> Registros con estado 'PENDIENTE': 1
2026-04-24 16:46:21,186 | INFO |    -> Validando fecha de hoy: 24/04/2026
2026-04-24 16:46:21,187 | INFO |    -> Registros despues de filtrar por fecha: 1 (filtrados: 0)
2026-04-24 16:46:21,192 | INFO |  Registros pendientes a procesar: 1
2026-04-24 16:46:21,192 | INFO |  Procesando grupo RUC JV - Registros: 1
2026-04-24 16:46:21,192 | INFO | [INFO] Intento login 1/12 para grupo JV
2026-04-24 16:46:21,192 | INFO | [TILE] Lanzando Chromium con args: ['--disable-infobars', '--window-size=1366,900', '--window-position=0,0']
2026-04-24 16:46:24,724 | INFO | [INFO] Pagina de login cargada
2026-04-24 16:46:25,047 | INFO | [INFO] Pestaña 'Autenticación Tradicional' seleccionada
2026-04-24 16:46:27,075 | INFO | [INFO] Credenciales llenadas para grupo JV
2026-04-24 16:46:27,075 | INFO |  OCR CAPTCHA: intento interno 1/6...
2026-04-24 16:46:28,051 | ERROR | C:\Users\fserrano\AppData\Local\Programs\Python\Python314\Lib\site-packages\torch\utils\data\dataloader.py:775: UserWarning: 'pin_memory' argument is set as true but no accelerator is found, then device pinned memory won't be used.
2026-04-24 16:46:28,051 | ERROR |   super().__init__(loader)
2026-04-24 16:46:28,127 | INFO |    -> Variante 0, Decoder greedy: 'HRXHG' -> 'HRXHG' [INFO]
2026-04-24 16:46:28,127 | INFO |    [INFO] CAPTCHA valido -> Usando: HRXHG
2026-04-24 16:46:28,258 | INFO | [INFO] Captcha automatico: HRXHG
2026-04-24 16:46:28,258 | INFO | [INFO] Enviando login...
2026-04-24 16:46:28,556 | INFO | [INFO] Validando acceso...
2026-04-24 16:46:28,556 | INFO | [INFO] Acceso exitoso
2026-04-24 16:46:28,556 | INFO |    -> URL: https://www.sucamec.gob.pe/sel/faces/aplicacion/inicio.xhtml
2026-04-24 16:46:28,556 | INFO | [INFO] Tiempo total login: 3.83 segundos
2026-04-24 16:46:28,556 | INFO |  Navegando a RESERVAS DE CITAS...
2026-04-24 16:46:29,965 | INFO |    [INFO] Menu CITAS expandido
2026-04-24 16:46:31,218 | INFO |    [INFO] Click en 'RESERVAS DE CITAS'
2026-04-24 16:46:31,218 | INFO |  Seleccionando tipo de cita: EXAMEN PARA POLIGONO DE TIRO
2026-04-24 16:46:31,689 | INFO |    [INFO] Tipo de cita seleccionado: EXAMEN PARA POLÍGONO DE TIRO
2026-04-24 16:46:31,689 | INFO | -------- JV Registro iterativo 1 (idx=0, prioridad=alta, intento=1, en_cola=0) --------
2026-04-24 16:46:31,936 | INFO |  Registro tomado desde Excel:
2026-04-24 16:46:31,936 | INFO |    - id_registro: 1
2026-04-24 16:46:31,936 | INFO |    - sede: JEFATURA ZONAL DE ICA
2026-04-24 16:46:31,936 | INFO |    - fecha: 30/04/2026
2026-04-24 16:46:31,936 | INFO |    - hora_rango: 10:00-10:15
2026-04-24 16:46:31,937 | INFO |    - tipo_operacion: RENOVACION DE LICENCIA DE USO
2026-04-24 16:46:31,937 | INFO |    - doc_vigilante: 60389562
2026-04-24 16:46:31,937 | INFO |    - nro_solicitud: 085704-0
2026-04-24 16:46:31,937 | INFO |    - fecha_programacion: 24/04/2026
2026-04-24 16:46:31,937 | INFO |    - ruc: J & V Resguardo
2026-04-24 16:46:31,937 | INFO |    - prioridad: alta
2026-04-24 16:46:31,937 | INFO |    - siguiente_mismo_doc_y_fecha: False
2026-04-24 16:46:31,937 | INFO |    - indices_relacionados_excel: [0]
2026-04-24 16:46:31,937 | INFO |    - tipo_arma (excel): ['CORTA']
2026-04-24 16:46:31,937 | INFO |    - arma (excel): ['REVOLVER']
2026-04-24 16:46:31,937 | INFO |    - objetivos_arma: [('CORTA', 'REVOLVER')]
2026-04-24 16:46:31,937 | INFO |    - tipos_arma_objetivo: ['CORTA']
2026-04-24 16:46:31,943 | INFO |  Completando Reserva de Cupos con datos del Excel...
2026-04-24 16:46:32,408 | INFO |    [INFO] Sede seleccionado: JEFATURA ZONAL DE ICA
2026-04-24 16:46:33,542 | INFO |    [INFO] Fecha seleccionado: 30/04/2026
2026-04-24 16:46:33,542 | INFO |  Buscando hora en tabla: 10:00-10:15
2026-04-24 16:46:33,772 | INFO |    [INFO] Screenshot tabla cupos: C:\Users\fserrano\Desktop\ARMAS-GADSO-1.0\screenshots\20260424_164608\screenshots_w1\step_1_reserva_cupos\20260424_164633_tabla_inicial_i1_h10_00-10_15.png
2026-04-24 16:46:33,992 | INFO |    [INFO] Estrategia horario: prioridad a hora exacta del Excel
2026-04-24 16:46:34,308 | INFO |    [INFO] Hora seleccionada: 10:00-10:15 (Cupos Libres=2)
2026-04-24 16:46:34,361 | INFO |    [INFO] Click en boton 'Siguiente'
2026-04-24 16:46:34,362 | INFO |  Completando Paso 2 con datos del Excel...
2026-04-24 16:46:34,941 | INFO |    [INFO] Tipo Operacion seleccionado: RENOVACIÓN DE LICENCIA DE USO
2026-04-24 16:46:36,457 | INFO |    [INFO] Documento vigilante seleccionado: 60389562
2026-04-24 16:46:36,905 | INFO |    [INFO] Seleccione Solicitud: SI
2026-04-24 16:46:38,156 | INFO |    [INFO] Nro Solicitud seleccionado: TUPA 2022 PA3400C730 - NRO EMPOCE: 85704 - FECHA REGISTRO: 09/04/2026
2026-04-24 16:46:39,183 | INFO |  Completando tabla de tipos de arma (Fase 2)...
2026-04-24 16:46:41,334 | INFO |    [INFO] CORTA: REVOLVER
2026-04-24 16:46:41,358 | INFO |    [INFO] Click en boton 'Siguiente' de Fase 2 (botonSiguiente3)
2026-04-24 16:46:46,896 | INFO |  Completando Fase 3 (Resumen de cita)...
2026-04-24 16:46:46,903 | INFO |  OCR CAPTCHA Fase 3: intento interno 1/inf...
2026-04-24 16:46:48,008 | ERROR | C:\Users\fserrano\AppData\Local\Programs\Python\Python314\Lib\site-packages\torch\utils\data\dataloader.py:775: UserWarning: 'pin_memory' argument is set as true but no accelerator is found, then device pinned memory won't be used.
2026-04-24 16:46:48,008 | ERROR |   super().__init__(loader)
2026-04-24 16:46:48,072 | INFO |    -> Variante 0, Decoder greedy: 'BEU8 M' -> 'BEU8M' [INFO]
2026-04-24 16:46:48,073 | INFO |    [INFO] CAPTCHA valido -> Usando: BEU8M
2026-04-24 16:46:48,133 | INFO |    [INFO] CAPTCHA Fase 3 escrito: BEU8M
2026-04-24 16:46:48,374 | INFO |    [INFO] Terminos y condiciones marcados
2026-04-24 16:46:49,332 | INFO |  Paso final opcional: Generar Cita (reintento rapido)
2026-04-24 16:46:49,337 | INFO |     Intento generar cita 1/5
2026-04-24 16:46:50,476 | INFO |    [INFO] Generar Cita confirmado en 1.14s
2026-04-24 16:46:50,476 | INFO |    -> URL: https://www.sucamec.gob.pe/sel/faces/aplicacion/inicio.xhtml
2026-04-24 16:46:50,610 | INFO |    [INFO] Screenshot confirmacion cita: C:\Users\fserrano\Desktop\ARMAS-GADSO-1.0\screenshots\20260424_164608\screenshots_w1\step_4_confirmacion\20260424_164650_cita_generada_i1_h10_00-10_15.png
2026-04-24 16:46:50,631 | INFO |    [INFO] Excel actualizado: estado='Cita Programada' en 1 fila(s)
2026-04-24 16:46:51,342 | INFO | [INFO] Wizard limpiado para siguiente registro (fin de flujo)
2026-04-24 16:46:51,342 | INFO | [DEBUG] PERSISTENT_SESSION: cerrando contexto anterior para siguiente grupo
2026-04-24 16:46:51,369 | INFO |  Tiempo total del flujo: 30.84 segundos
2026-04-24 16:46:51,369 | INFO |  Resumen: OK=1 | SIN_CUPO=0 | ERROR=0
2026-04-24 16:46:51,369 | INFO | [INFO] Flujo completado.
2026-04-24 16:46:51,370 | INFO |     Duracin final del flujo: 30.84 segundos
2026-04-24 16:46:51,791 | INFO | Navegador cerrado.
2026-04-24 16:46:51,791 | INFO | Pipeline finalizado
2026-04-24 16:46:51,791 | INFO | Log disponible en: C:\Users\fserrano\Desktop\ARMAS-GADSO-1.0\logs\20260424_164608\logs_w1\run_20260424_164608.log
