2026-04-01 00:21:05,467 | INFO | Iniciando pipeline ARMAS-GADSO
2026-04-01 00:21:05,467 | INFO | Modo: scheduled
2026-04-01 00:21:05,467 | INFO | Excel: C:\Users\fserrano\Desktop\ARMAS-GADSO-1.0\logs\.tmp_multihilo_flow_20260401_002105\worker_4_batch_1_idxs_3.xlsx
2026-04-01 00:21:11,295 | INFO | [INFO] INICIANDO SCRIPT SEL - Login Automtico
2026-04-01 00:21:11,295 | INFO | [INFO] PERSISTENT_SESSION activado - navegador se reutilizará entre grupos sin cerrarse
2026-04-01 00:21:12,160 | INFO |    -> Registros con estado 'PENDIENTE': 1
2026-04-01 00:21:12,160 | INFO |    -> Validando fecha de hoy: 01/04/2026
2026-04-01 00:21:12,164 | INFO |    -> Registros despus de filtrar por fecha: 1 (filtrados: 0)
2026-04-01 00:21:12,170 | INFO |  Registros pendientes a procesar: 1
2026-04-01 00:21:12,171 | INFO |  Procesando grupo RUC JV - Registros: 1
2026-04-01 00:21:12,171 | INFO | [INFO] Intento login 1/12 para grupo JV
2026-04-01 00:21:12,171 | INFO | [TILE] Args launch: --window-size=754,468 --window-position=776,486
2026-04-01 00:21:12,171 | INFO | [TILE] Lanzando Chromium con args: ['--disable-infobars', '--window-size=754,468', '--window-position=776,486']
2026-04-01 00:21:13,411 | INFO | [TILE] Geometría aplicada -> xy=(776,486) wh=(754,468) screen_cfg=1536x960 screen_js=1536x912 outer_js=755x470
2026-04-01 00:21:15,364 | INFO | [INFO] Pagina de login cargada
2026-04-01 00:21:15,610 | INFO | [INFO] Pestaña 'Autenticación Tradicional' seleccionada
2026-04-01 00:21:18,188 | INFO | [INFO] Credenciales llenadas para grupo JV
2026-04-01 00:21:18,188 | INFO |  OCR CAPTCHA: intento interno 1/6...
2026-04-01 00:21:19,942 | ERROR | C:\Users\fserrano\AppData\Local\Programs\Python\Python314\Lib\site-packages\torch\utils\data\dataloader.py:775: UserWarning: 'pin_memory' argument is set as true but no accelerator is found, then device pinned memory won't be used.
2026-04-01 00:21:19,942 | ERROR |   super().__init__(loader)
2026-04-01 00:21:20,139 | INFO |    -> Variante 0, Decoder greedy: 'NSRLA' -> 'NSRLA' [INFO]
2026-04-01 00:21:20,139 | INFO |    [INFO] CAPTCHA vlido -> Usando: NSRLA
2026-04-01 00:21:20,323 | INFO | [INFO] Captcha automatico: NSRLA
2026-04-01 00:21:20,323 | INFO | [INFO] Enviando login...
2026-04-01 00:21:21,043 | INFO | [INFO] Validando acceso...
2026-04-01 00:21:21,043 | INFO | [INFO] Acceso exitoso
2026-04-01 00:21:21,043 | INFO |    -> URL: https://www.sucamec.gob.pe/sel/faces/aplicacion/inicio.xhtml
2026-04-01 00:21:21,043 | INFO | [INFO] Tiempo total login: 8.87 segundos
2026-04-01 00:21:21,043 | INFO |  Navegando a CITAS -> RESERVAS DE CITAS...
2026-04-01 00:21:22,575 | INFO |     Fast-path: click directo en 'RESERVAS DE CITAS' (menuid 7_1)
2026-04-01 00:21:24,041 | INFO | [INFO] Navegacin completada (fast-path) -> URL: https://www.sucamec.gob.pe/sel/faces/aplicacion/inicio.xhtml
2026-04-01 00:21:24,042 | INFO |  Seleccionando tipo de cita: EXAMEN PARA POLGONO DE TIRO...
2026-04-01 00:21:24,423 | INFO |    [INFO] Tipo de cita seleccionado: EXAMEN PARA POLÍGONO DE TIRO
2026-04-01 00:21:24,424 | INFO | -------- JV Registro iterativo 1 (idx=3, prioridad=normal, intento=1, en_cola=0) --------
2026-04-01 00:21:25,364 | INFO |  Registro tomado desde Excel:
2026-04-01 00:21:25,365 | INFO |    - id_registro: 4
2026-04-01 00:21:25,366 | INFO |    - sede: LIMA
2026-04-01 00:21:25,367 | INFO |    - fecha: 22/04/2026
2026-04-01 00:21:25,367 | INFO |    - hora_rango: 09:00-09:15
2026-04-01 00:21:25,367 | INFO |    - tipo_operacion: RENOVACIÓN DE LICENCIA DE USO
2026-04-01 00:21:25,367 | INFO |    - doc_vigilante: 75151780
2026-04-01 00:21:25,367 | INFO |    - nro_solicitud: 052332-0
2026-04-01 00:21:25,368 | INFO |    - fecha_programacion: 01/04/2026
2026-04-01 00:21:25,368 | INFO |    - ruc: J & V Resguardo
2026-04-01 00:21:25,368 | INFO |    - prioridad: normal
2026-04-01 00:21:25,368 | INFO |    - siguiente_mismo_doc_y_fecha: False
2026-04-01 00:21:25,368 | INFO |    - indices_relacionados_excel: [3]
2026-04-01 00:21:25,368 | INFO |    - tipo_arma (excel): ['CORTA']
2026-04-01 00:21:25,368 | INFO |    - arma (excel): ['REVOLVER']
2026-04-01 00:21:25,368 | INFO |    - objetivos_arma: [('CORTA', 'REVOLVER')]
2026-04-01 00:21:25,369 | INFO |    - tipos_arma_objetivo: ['CORTA']
2026-04-01 00:21:25,535 | INFO |  Completando Reserva de Cupos con datos del Excel...
2026-04-01 00:21:25,973 | INFO |    [INFO] Sede seleccionado: LIMA
2026-04-01 00:21:27,137 | INFO |    [INFO] Fecha seleccionado: 22/04/2026
2026-04-01 00:21:27,137 | INFO |  Buscando hora en tabla: 09:00-09:15
2026-04-01 00:21:27,893 | INFO |    [INFO] Estrategia horario: vecinos inmediatos (inferior/superior)
2026-04-01 00:21:28,289 | INFO |    [INFO] Click en botn 'Limpiar' por falta de cupos
2026-04-01 00:21:29,243 | INFO | [WARNING] Error en registro idx=3: No hay cupos en horarios candidatos. Objetivo: 09:00-09:15 | Candidatos: 08:45-09:00(0), 09:15-09:30(0)
2026-04-01 00:21:29,283 | INFO |    📝 Excel actualizado: observaciones='No alcanzo cupo para horario 09:00-09:15' en 1 fila(s)
2026-04-01 00:21:29,284 | INFO | [INFO] Registro idx=3 marcado como terminal 'SIN_CUPO' tras 1 confirmaciones
2026-04-01 00:21:29,555 | INFO |    [INFO] Click en 'Limpiar' (recuperación por error)
2026-04-01 00:21:30,556 | INFO | [DEBUG] PERSISTENT_SESSION: cerrando contexto anterior para siguiente grupo
2026-04-01 00:21:30,599 | INFO |  Tiempo total del flujo: 19.30 segundos
2026-04-01 00:21:30,599 | INFO |  Resumen: OK=0 | SIN_CUPO=1 | ERROR=0
2026-04-01 00:21:30,599 | INFO | [INFO] Flujo completado.
2026-04-01 00:21:30,599 | INFO |     Duracin final del flujo: 19.30 segundos
2026-04-01 00:21:31,471 | INFO | Navegador cerrado.
2026-04-01 00:21:31,471 | INFO | Pipeline finalizado
2026-04-01 00:21:31,471 | INFO | Log disponible en: C:\Users\fserrano\Desktop\ARMAS-GADSO-1.0\logs\.tmp_multihilo_flow_20260401_002105\logs_w4\run_20260401_002105.log
