2026-04-24 09:36:01,089 | INFO | Iniciando pipeline ARMAS-GADSO
2026-04-24 09:36:01,090 | INFO | Modo: scheduled
2026-04-24 09:36:01,090 | INFO | Excel: C:\Users\fserrano\Desktop\ARMAS-GADSO-1.0\data\programaciones-armas.xlsx
[INFO] OCR (easyocr) cargado correctamente | langs=['en'] | gpu=False
2026-04-24 09:36:08,269 | INFO | [INFO] INICIANDO SCRIPT SEL - Login Automtico
2026-04-24 09:36:08,270 | INFO | [INFO] SCHEDULED_MULTIWORKER activado | workers=4 | mode=sticky
2026-04-24 09:36:08,270 | INFO | [INFO] Excel origen multihilo: C:\Users\fserrano\Desktop\ARMAS-GADSO-1.0\data\programaciones-armas.xlsx
2026-04-24 09:36:08,543 | INFO |    -> Registros con estado 'PENDIENTE': 2
2026-04-24 09:36:08,543 | INFO |    -> Validando fecha de hoy: 24/04/2026
2026-04-24 09:36:08,547 | INFO |    -> Registros despus de filtrar por fecha: 2 (filtrados: 0)
2026-04-24 09:36:08,563 | INFO |  Registro tomado desde Excel:
2026-04-24 09:36:08,563 | INFO |    - id_registro: 1
2026-04-24 09:36:08,563 | INFO |    - sede: LIMA
2026-04-24 09:36:08,563 | INFO |    - fecha: 15/05/2026
2026-04-24 09:36:08,563 | INFO |    - hora_rango: 12:00-12:15
2026-04-24 09:36:08,563 | INFO |    - tipo_operacion: INICIAL DE LICENCIA DE USO
2026-04-24 09:36:08,563 | INFO |    - doc_vigilante: 76023039
2026-04-24 09:36:08,563 | INFO |    - nro_solicitud: 043793-0
2026-04-24 09:36:08,563 | INFO |    - fecha_programacion: 24/04/2026
2026-04-24 09:36:08,563 | INFO |    - ruc: J & V Resguardo
2026-04-24 09:36:08,563 | INFO |    - prioridad: alta
2026-04-24 09:36:08,563 | INFO |    - siguiente_mismo_doc_y_fecha: False
2026-04-24 09:36:08,563 | INFO |    - indices_relacionados_excel: [0]
2026-04-24 09:36:08,564 | INFO |    - tipo_arma (excel): ['CORTA']
2026-04-24 09:36:08,564 | INFO |    - arma (excel): ['REVOLVER']
2026-04-24 09:36:08,564 | INFO |    - objetivos_arma: [('CORTA', 'REVOLVER')]
2026-04-24 09:36:08,564 | INFO |    - tipos_arma_objetivo: ['CORTA']
2026-04-24 09:36:08,571 | INFO |  Registro tomado desde Excel:
2026-04-24 09:36:08,571 | INFO |    - id_registro: 2
2026-04-24 09:36:08,571 | INFO |    - sede: LIMA
2026-04-24 09:36:08,571 | INFO |    - fecha: 15/05/2026
2026-04-24 09:36:08,571 | INFO |    - hora_rango: 12:00-12:15
2026-04-24 09:36:08,571 | INFO |    - tipo_operacion: RENOVACIÓN DE LICENCIA DE USO
2026-04-24 09:36:08,571 | INFO |    - doc_vigilante: 47694399
2026-04-24 09:36:08,571 | INFO |    - nro_solicitud: 099008-0
2026-04-24 09:36:08,571 | INFO |    - fecha_programacion: 24/04/2026
2026-04-24 09:36:08,571 | INFO |    - ruc: J & V Resguardo
2026-04-24 09:36:08,571 | INFO |    - prioridad: alta
2026-04-24 09:36:08,571 | INFO |    - siguiente_mismo_doc_y_fecha: False
2026-04-24 09:36:08,571 | INFO |    - indices_relacionados_excel: [1]
2026-04-24 09:36:08,571 | INFO |    - tipo_arma (excel): ['CORTA']
2026-04-24 09:36:08,571 | INFO |    - arma (excel): ['REVOLVER']
2026-04-24 09:36:08,571 | INFO |    - objetivos_arma: [('CORTA', 'REVOLVER')]
2026-04-24 09:36:08,571 | INFO |    - tipos_arma_objetivo: ['CORTA']
2026-04-24 09:36:08,572 | INFO | [INFO] Unidades multihilo a procesar: 2
2026-04-24 09:36:08,573 | INFO | [INFO][W1] Lote asignado idx=[0]
2026-04-24 09:36:08,573 | INFO | [INFO][W2] Lote asignado idx=[1]
2026-04-24 09:36:36,048 | INFO | [INFO][W2] Lote idx=[1] finalizo OK en 27.43s
2026-04-24 09:36:45,262 | INFO | [INFO][W1] Lote idx=[0] finalizo OK en 36.64s
2026-04-24 09:36:45,263 | INFO | [INFO] Conteo por worker: [1, 1, 0, 0]
2026-04-24 09:36:45,263 | INFO | [INFO] Unidades procesadas: 2/2
2026-04-24 09:36:45,263 | INFO | [INFO] Tiempo total multihilo: 36.69s
2026-04-24 09:36:45,263 | INFO | [OK] Flujo multihilo scheduled finalizado sin fallos de proceso
2026-04-24 09:36:45,263 | INFO | Pipeline finalizado
2026-04-24 09:36:45,263 | INFO | Log disponible en: C:\Users\fserrano\Desktop\ARMAS-GADSO-1.0\logs\20260424_093600\run_20260424_093600.log
