2026-04-28 10:26:22,486 | INFO | Iniciando pipeline ARMAS-GADSO
2026-04-28 10:26:22,486 | INFO | Modo: scheduled
2026-04-28 10:26:22,486 | INFO | Excel: C:\Users\fserrano\Desktop\ARMAS-GADSO-1.0\logs\20260428_102617\worker_2_batch_1_idxs_1.xlsx
2026-04-28 10:26:22,486 | INFO | Screenshots: C:\Users\fserrano\Desktop\ARMAS-GADSO-1.0\screenshots\20260428_102617\screenshots_w2
2026-04-28 10:26:26,885 | INFO | [INFO] OCR (easyocr) cargado correctamente | langs=['en'] | gpu=False
2026-04-28 10:26:26,911 | INFO | [INFO] INICIANDO SCRIPT SEL - Login Automtico
2026-04-28 10:26:26,912 | INFO | [INFO] PERSISTENT_SESSION activado - navegador se reutilizara entre grupos sin cerrarse
2026-04-28 10:26:27,428 | INFO |    -> Registros con estado 'PENDIENTE': 1
2026-04-28 10:26:27,428 | INFO |    -> Validando fecha de hoy: 28/04/2026
2026-04-28 10:26:27,429 | INFO |    -> Registros despues de filtrar por fecha: 1 (filtrados: 0)
2026-04-28 10:26:27,431 | INFO |  Registros pendientes a procesar: 1
2026-04-28 10:26:27,432 | INFO |  Procesando grupo RUC JV - Registros: 1
2026-04-28 10:26:27,432 | INFO | [INFO] Intento login 1/12 para grupo JV
2026-04-28 10:26:27,432 | INFO | [TILE] Args launch: --window-size=946,588 --window-position=968,6
2026-04-28 10:26:27,432 | INFO | [TILE] Lanzando Chromium con args: ['--disable-infobars', '--window-size=946,588', '--window-position=968,6']
2026-04-28 10:26:28,342 | INFO | [TILE] Geometría aplicada -> xy=(968,6) wh=(946,588) screen_cfg=1920x1200 screen_js=1536x912 outer_js=947x590
2026-04-28 10:26:33,872 | INFO | [INFO] Pagina de login cargada
2026-04-28 10:26:34,073 | INFO | [INFO] Pestaña 'Autenticación Tradicional' seleccionada
2026-04-28 10:26:39,760 | INFO | [INFO] Credenciales llenadas para grupo JV
2026-04-28 10:26:39,760 | INFO |  OCR CAPTCHA: intento interno 1/6...
2026-04-28 10:26:46,406 | ERROR | C:\Users\fserrano\AppData\Local\Programs\Python\Python314\Lib\site-packages\torch\utils\data\dataloader.py:775: UserWarning: 'pin_memory' argument is set as true but no accelerator is found, then device pinned memory won't be used.
2026-04-28 10:26:46,406 | ERROR |   super().__init__(loader)
2026-04-28 10:26:46,450 | INFO |    -> Variante 0, Decoder greedy: 'T4F8' -> 'T4F8' (len=4) [WARNING]
2026-04-28 10:26:46,931 | INFO |    -> Variante 0, Decoder beamsearch: 'T4F8' -> 'T4F8' (len=4) [WARNING]
2026-04-28 10:26:47,270 | INFO |    -> Variante 1, Decoder greedy: 'TL4F8' -> 'TL4F8' [INFO]
2026-04-28 10:26:47,270 | INFO |    [INFO] CAPTCHA valido -> Usando: TL4F8
2026-04-28 10:26:48,918 | INFO | [INFO] Captcha automatico: TL4F8
2026-04-28 10:26:48,918 | INFO | [INFO] Enviando login...
2026-04-28 10:26:52,503 | INFO | [INFO] Validando acceso...
2026-04-28 10:26:52,503 | INFO | [INFO] Acceso exitoso
2026-04-28 10:26:52,503 | INFO |    -> URL: https://www.sucamec.gob.pe/sel/faces/aplicacion/inicio.xhtml
2026-04-28 10:26:52,503 | INFO | [INFO] Tiempo total login: 18.63 segundos
2026-04-28 10:26:52,503 | INFO |  Navegando a RESERVAS DE CITAS...
2026-04-28 10:27:03,015 | INFO |    [INFO] Menu CITAS expandido
2026-04-28 10:27:08,318 | INFO |    [INFO] Click en 'RESERVAS DE CITAS'
2026-04-28 10:27:08,319 | INFO |  Seleccionando tipo de cita: EXAMEN PARA POLIGONO DE TIRO
2026-04-28 10:27:13,125 | INFO |    [INFO] Tipo de cita seleccionado: EXAMEN PARA POLÍGONO DE TIRO
2026-04-28 10:27:13,125 | INFO | -------- JV Registro iterativo 1 (idx=1, prioridad=alta, intento=1, en_cola=0) --------
2026-04-28 10:27:14,529 | INFO |  Registro tomado desde Excel:
2026-04-28 10:27:14,529 | INFO |    - id_registro: 2
2026-04-28 10:27:14,529 | INFO |    - sede: LIMA
2026-04-28 10:27:14,529 | INFO |    - fecha: 19/05/2026
2026-04-28 10:27:14,529 | INFO |    - hora_rango: 12:00-12:15
2026-04-28 10:27:14,529 | INFO |    - tipo_operacion: RENOVACION DE LICENCIA DE USO
2026-04-28 10:27:14,529 | INFO |    - doc_vigilante: 73799884
2026-04-28 10:27:14,529 | INFO |    - nro_solicitud: 037411-0
2026-04-28 10:27:14,529 | INFO |    - fecha_programacion: 28/04/2026
2026-04-28 10:27:14,529 | INFO |    - ruc: J & V Resguardo
2026-04-28 10:27:14,529 | INFO |    - prioridad: alta
2026-04-28 10:27:14,529 | INFO |    - siguiente_mismo_doc_y_fecha: False
2026-04-28 10:27:14,529 | INFO |    - indices_relacionados_excel: [1]
2026-04-28 10:27:14,529 | INFO |    - tipo_arma (excel): ['CORTA']
2026-04-28 10:27:14,529 | INFO |    - arma (excel): ['REVOLVER']
2026-04-28 10:27:14,529 | INFO |    - objetivos_arma: [('CORTA', 'REVOLVER')]
2026-04-28 10:27:14,529 | INFO |    - tipos_arma_objetivo: ['CORTA']
2026-04-28 10:27:14,535 | INFO |  Completando Reserva de Cupos con datos del Excel...
2026-04-28 10:27:14,881 | INFO |    [INFO] Sede seleccionado: LIMA
2026-04-28 10:27:16,808 | INFO |    [INFO] Fecha seleccionado: 19/05/2026
2026-04-28 10:27:16,808 | INFO |  Buscando hora en tabla: 12:00-12:15
2026-04-28 10:27:33,890 | INFO |    [WARNING] No se pudo capturar screenshot de tabla cupos: Locator.screenshot: Target page, context or browser has been closed
2026-04-28 10:27:33,890 | INFO | Call log:
2026-04-28 10:27:33,890 | INFO |   - taking element screenshot
2026-04-28 10:27:33,890 | INFO |   - waiting for fonts to load...
2026-04-28 10:27:33,893 | INFO | Registro idx=1 no procesado: la ventana/contexto del navegador fue cerrada.
2026-04-28 10:27:33,893 | INFO |  Ejecucin interrumpida.
2026-04-28 10:27:33,893 | INFO |    -> Motivo: Ventana del navegador cerrada durante procesamiento
2026-04-28 10:27:33,893 | INFO |     Tiempo transcurrido: 66.98 segundos
2026-04-28 10:27:33,893 | INFO |     Resumen parcial: OK=0 | SIN_CUPO=0 | ERROR=0
2026-04-28 10:27:34,242 | INFO | Navegador cerrado.
2026-04-28 10:27:34,242 | INFO | Pipeline finalizado
2026-04-28 10:27:34,242 | INFO | Log disponible en: C:\Users\fserrano\Desktop\ARMAS-GADSO-1.0\logs\20260428_102617\logs_w2\run_20260428_102617.log
