2026-04-01 00:16:48,348 | INFO | Iniciando pipeline ARMAS-GADSO
2026-04-01 00:16:48,348 | INFO | Modo: scheduled
2026-04-01 00:16:48,349 | INFO | Excel: C:\Users\fserrano\Desktop\ARMAS-GADSO-1.0\logs\.tmp_multihilo_flow_20260401_001648\worker_2_batch_1_idxs_1.xlsx
2026-04-01 00:16:54,414 | INFO | [INFO] INICIANDO SCRIPT SEL - Login Automtico
2026-04-01 00:16:54,415 | INFO | [INFO] PERSISTENT_SESSION activado - navegador se reutilizará entre grupos sin cerrarse
2026-04-01 00:16:55,193 | INFO |    -> Registros con estado 'PENDIENTE': 1
2026-04-01 00:16:55,193 | INFO |    -> Validando fecha de hoy: 01/04/2026
2026-04-01 00:16:55,196 | INFO |    -> Registros despus de filtrar por fecha: 1 (filtrados: 0)
2026-04-01 00:16:55,200 | INFO |  Registros pendientes a procesar: 1
2026-04-01 00:16:55,200 | INFO |  Procesando grupo RUC JV - Registros: 1
2026-04-01 00:16:55,200 | INFO | [INFO] Intento login 1/12 para grupo JV
2026-04-01 00:16:55,200 | INFO | [TILE] Args launch: --window-size=754,468 --window-position=776,6
2026-04-01 00:16:55,200 | INFO | [TILE] Lanzando Chromium con args: ['--disable-infobars', '--window-size=754,468', '--window-position=776,6']
2026-04-01 00:16:56,419 | INFO | [TILE] Geometría aplicada -> xy=(776,6) wh=(754,468) screen_cfg=1536x960 screen_js=1536x912 outer_js=755x470
2026-04-01 00:16:57,734 | INFO | [INFO] Pagina de login cargada
2026-04-01 00:16:58,009 | INFO | [INFO] Pestaña 'Autenticación Tradicional' seleccionada
2026-04-01 00:17:00,309 | INFO | [INFO] Credenciales llenadas para grupo JV
2026-04-01 00:17:00,310 | INFO |  OCR CAPTCHA: intento interno 1/6...
2026-04-01 00:17:02,502 | ERROR | C:\Users\fserrano\AppData\Local\Programs\Python\Python314\Lib\site-packages\torch\utils\data\dataloader.py:775: UserWarning: 'pin_memory' argument is set as true but no accelerator is found, then device pinned memory won't be used.
2026-04-01 00:17:02,503 | ERROR |   super().__init__(loader)
2026-04-01 00:17:02,715 | INFO |    -> Variante 0, Decoder greedy: '9EHXF' -> '9EHXF' [INFO]
2026-04-01 00:17:02,715 | INFO |    [INFO] CAPTCHA vlido -> Usando: 9EHXF
2026-04-01 00:17:02,819 | INFO | [INFO] Captcha automatico: 9EHXF
2026-04-01 00:17:02,819 | INFO | [INFO] Enviando login...
2026-04-01 00:17:03,433 | INFO | [INFO] Validando acceso...
2026-04-01 00:17:03,433 | INFO | [INFO] Acceso exitoso
2026-04-01 00:17:03,433 | INFO |    -> URL: https://www.sucamec.gob.pe/sel/faces/aplicacion/inicio.xhtml
2026-04-01 00:17:03,433 | INFO | [INFO] Tiempo total login: 8.23 segundos
2026-04-01 00:17:03,433 | INFO |  Navegando a CITAS -> RESERVAS DE CITAS...
2026-04-01 00:17:04,425 | INFO |     Fast-path: click directo en 'RESERVAS DE CITAS' (menuid 7_1)
2026-04-01 00:17:06,524 | INFO | [INFO] Navegacin completada (fast-path) -> URL: https://www.sucamec.gob.pe/sel/faces/aplicacion/inicio.xhtml
2026-04-01 00:17:06,525 | INFO |  Seleccionando tipo de cita: EXAMEN PARA POLGONO DE TIRO...
2026-04-01 00:17:06,943 | INFO |    [INFO] Tipo de cita seleccionado: EXAMEN PARA POLÍGONO DE TIRO
2026-04-01 00:17:06,944 | INFO | -------- JV Registro iterativo 1 (idx=1, prioridad=alta, intento=1, en_cola=0) --------
2026-04-01 00:17:07,815 | INFO |  Registro tomado desde Excel:
2026-04-01 00:17:07,816 | INFO |    - id_registro: 2
2026-04-01 00:17:07,816 | INFO |    - sede: LIMA
2026-04-01 00:17:07,816 | INFO |    - fecha: 22/04/2026
2026-04-01 00:17:07,816 | INFO |    - hora_rango: 09:00-09:15
2026-04-01 00:17:07,816 | INFO |    - tipo_operacion: RENOVACIÓN DE LICENCIA DE USO
2026-04-01 00:17:07,816 | INFO |    - doc_vigilante: 43440164
2026-04-01 00:17:07,816 | INFO |    - nro_solicitud: 068399-0
2026-04-01 00:17:07,816 | INFO |    - fecha_programacion: 01/04/2026
2026-04-01 00:17:07,816 | INFO |    - ruc: J & V Resguardo
2026-04-01 00:17:07,816 | INFO |    - prioridad: alta
2026-04-01 00:17:07,816 | INFO |    - siguiente_mismo_doc_y_fecha: False
2026-04-01 00:17:07,816 | INFO |    - indices_relacionados_excel: [1]
2026-04-01 00:17:07,816 | INFO |    - tipo_arma (excel): ['CORTA']
2026-04-01 00:17:07,817 | INFO |    - arma (excel): ['PISTOLA']
2026-04-01 00:17:07,817 | INFO |    - objetivos_arma: [('CORTA', 'PISTOLA')]
2026-04-01 00:17:07,817 | INFO |    - tipos_arma_objetivo: ['CORTA']
2026-04-01 00:17:07,823 | INFO |  Completando Reserva de Cupos con datos del Excel...
2026-04-01 00:17:08,197 | INFO |    [INFO] Sede seleccionado: LIMA
2026-04-01 00:17:09,301 | INFO |    [INFO] Fecha seleccionado: 22/04/2026
2026-04-01 00:17:09,301 | INFO |  Buscando hora en tabla: 09:00-09:15
2026-04-01 00:17:10,495 | INFO |    [INFO] Estrategia horario: vecinos inmediatos (inferior/superior)
2026-04-01 00:17:10,880 | INFO |    [INFO] Click en botn 'Limpiar' por falta de cupos
2026-04-01 00:17:11,785 | INFO | [WARNING] Error en registro idx=1: No hay cupos en horarios candidatos. Objetivo: 09:00-09:15 | Candidatos: 08:45-09:00(0), 09:15-09:30(0)
2026-04-01 00:17:11,808 | INFO |    📝 Excel actualizado: observaciones='No alcanzo cupo para horario 09:00-09:15' en 1 fila(s)
2026-04-01 00:17:11,808 | INFO | [INFO] Registro idx=1 marcado como terminal 'SIN_CUPO' tras 1 confirmaciones
2026-04-01 00:17:12,165 | INFO |    [INFO] Click en 'Limpiar' (recuperación por error)
2026-04-01 00:17:13,165 | INFO | [DEBUG] PERSISTENT_SESSION: cerrando contexto anterior para siguiente grupo
2026-04-01 00:17:13,220 | INFO |  Tiempo total del flujo: 18.81 segundos
2026-04-01 00:17:13,221 | INFO |  Resumen: OK=0 | SIN_CUPO=1 | ERROR=0
2026-04-01 00:17:13,221 | INFO | [INFO] Flujo completado.
2026-04-01 00:17:13,221 | INFO |     Duracin final del flujo: 18.81 segundos
2026-04-01 00:17:13,533 | INFO | Navegador cerrado.
2026-04-01 00:17:13,533 | INFO | Pipeline finalizado
2026-04-01 00:17:13,533 | INFO | Log disponible en: C:\Users\fserrano\Desktop\ARMAS-GADSO-1.0\logs\.tmp_multihilo_flow_20260401_001648\logs_w2\run_20260401_001648.log
