2026-04-28 10:28:16,989 | INFO | Iniciando pipeline ARMAS-GADSO
2026-04-28 10:28:16,989 | INFO | Modo: scheduled
2026-04-28 10:28:16,989 | INFO | Excel: C:\Users\fserrano\Desktop\ARMAS-GADSO-1.0\logs\20260428_102812\worker_1_batch_1_idxs_0.xlsx
2026-04-28 10:28:16,989 | INFO | Screenshots: C:\Users\fserrano\Desktop\ARMAS-GADSO-1.0\screenshots\20260428_102812\screenshots_w1
2026-04-28 10:28:21,373 | INFO | [INFO] OCR (easyocr) cargado correctamente | langs=['en'] | gpu=False
2026-04-28 10:28:21,401 | INFO | [INFO] INICIANDO SCRIPT SEL - Login Automtico
2026-04-28 10:28:21,402 | INFO | [INFO] PERSISTENT_SESSION activado - navegador se reutilizara entre grupos sin cerrarse
2026-04-28 10:28:21,944 | INFO |    -> Registros con estado 'PENDIENTE': 1
2026-04-28 10:28:21,944 | INFO |    -> Validando fecha de hoy: 28/04/2026
2026-04-28 10:28:21,945 | INFO |    -> Registros despues de filtrar por fecha: 1 (filtrados: 0)
2026-04-28 10:28:21,947 | INFO |  Registros pendientes a procesar: 1
2026-04-28 10:28:21,947 | INFO |  Procesando grupo RUC JV - Registros: 1
2026-04-28 10:28:21,947 | INFO | [INFO] Intento login 1/12 para grupo JV
2026-04-28 10:28:21,947 | INFO | [TILE] Lanzando Chromium con args: ['--disable-infobars', '--window-size=1366,900', '--window-position=0,0']
2026-04-28 10:28:45,520 | INFO | [INFO] Pagina de login cargada
2026-04-28 10:28:45,800 | INFO | [INFO] Pestaña 'Autenticación Tradicional' seleccionada
2026-04-28 10:28:47,730 | INFO | [INFO] Credenciales llenadas para grupo JV
2026-04-28 10:28:47,730 | INFO |  OCR CAPTCHA: intento interno 1/6...
2026-04-28 10:28:48,646 | ERROR | C:\Users\fserrano\AppData\Local\Programs\Python\Python314\Lib\site-packages\torch\utils\data\dataloader.py:775: UserWarning: 'pin_memory' argument is set as true but no accelerator is found, then device pinned memory won't be used.
2026-04-28 10:28:48,646 | ERROR |   super().__init__(loader)
2026-04-28 10:28:48,708 | INFO |    -> Variante 0, Decoder greedy: 'DBTU6' -> 'DBTU6' [INFO]
2026-04-28 10:28:48,709 | INFO |    [INFO] CAPTCHA valido -> Usando: DBTU6
2026-04-28 10:28:48,760 | INFO | [INFO] Captcha automatico: DBTU6
2026-04-28 10:28:48,760 | INFO | [INFO] Enviando login...
2026-04-28 10:28:49,670 | INFO | [INFO] Validando acceso...
2026-04-28 10:28:49,670 | INFO | [INFO] Acceso exitoso
2026-04-28 10:28:49,670 | INFO |    -> URL: https://www.sucamec.gob.pe/sel/faces/aplicacion/inicio.xhtml
2026-04-28 10:28:49,670 | INFO | [INFO] Tiempo total login: 4.15 segundos
2026-04-28 10:28:49,670 | INFO |  Navegando a RESERVAS DE CITAS...
2026-04-28 10:28:57,703 | INFO |    [INFO] Menu CITAS expandido
2026-04-28 10:28:59,709 | INFO |    [INFO] Click en 'RESERVAS DE CITAS'
2026-04-28 10:28:59,709 | INFO |  Seleccionando tipo de cita: EXAMEN PARA POLIGONO DE TIRO
2026-04-28 10:29:01,532 | INFO |    [INFO] Tipo de cita seleccionado: EXAMEN PARA POLÍGONO DE TIRO
2026-04-28 10:29:01,532 | INFO | -------- JV Registro iterativo 1 (idx=0, prioridad=alta, intento=1, en_cola=0) --------
2026-04-28 10:29:02,422 | INFO |  Registro tomado desde Excel:
2026-04-28 10:29:02,423 | INFO |    - id_registro: 1
2026-04-28 10:29:02,423 | INFO |    - sede: LIMA
2026-04-28 10:29:02,423 | INFO |    - fecha: 19/05/2026
2026-04-28 10:29:02,423 | INFO |    - hora_rango: 12:00-12:15
2026-04-28 10:29:02,423 | INFO |    - tipo_operacion: RENOVACION DE LICENCIA DE USO
2026-04-28 10:29:02,423 | INFO |    - doc_vigilante: 40598949
2026-04-28 10:29:02,423 | INFO |    - nro_solicitud: 052333-0
2026-04-28 10:29:02,423 | INFO |    - fecha_programacion: 28/04/2026
2026-04-28 10:29:02,423 | INFO |    - ruc: J & V Resguardo
2026-04-28 10:29:02,423 | INFO |    - prioridad: alta
2026-04-28 10:29:02,423 | INFO |    - siguiente_mismo_doc_y_fecha: False
2026-04-28 10:29:02,423 | INFO |    - indices_relacionados_excel: [0]
2026-04-28 10:29:02,423 | INFO |    - tipo_arma (excel): ['CORTA']
2026-04-28 10:29:02,423 | INFO |    - arma (excel): ['REVOLVER']
2026-04-28 10:29:02,423 | INFO |    - objetivos_arma: [('CORTA', 'REVOLVER')]
2026-04-28 10:29:02,423 | INFO |    - tipos_arma_objetivo: ['CORTA']
2026-04-28 10:29:02,431 | INFO |  Completando Reserva de Cupos con datos del Excel...
2026-04-28 10:29:02,802 | INFO |    [INFO] Sede seleccionado: LIMA
2026-04-28 10:29:03,926 | INFO |    [INFO] Fecha seleccionado: 19/05/2026
2026-04-28 10:29:03,926 | INFO |  Buscando hora en tabla: 12:00-12:15
2026-04-28 10:29:34,807 | INFO |    [WARNING] No se pudo capturar screenshot de tabla cupos: Locator.screenshot: Timeout 29997ms exceeded.
2026-04-28 10:29:34,807 | INFO | Call log:
2026-04-28 10:29:34,807 | INFO |   - taking element screenshot
2026-04-28 10:29:34,807 | INFO |   - waiting for fonts to load...
2026-04-28 10:29:35,029 | INFO |    [INFO] Estrategia horario: bloque completo de mediodia (11:45-13:00)
2026-04-28 10:30:05,054 | INFO |    [WARNING] No se pudo capturar screenshot de tabla sin cupo: Locator.screenshot: Timeout 29997ms exceeded.
2026-04-28 10:30:05,054 | INFO | Call log:
2026-04-28 10:30:05,054 | INFO |   - taking element screenshot
2026-04-28 10:30:05,054 | INFO |   - waiting for fonts to load...
2026-04-28 10:30:05,465 | INFO |    [INFO] Click en boton 'Limpiar' por falta de cupos
2026-04-28 10:30:06,466 | INFO | [WARNING] Error en registro idx=0: No hay cupos en horarios candidatos. Objetivo: 12:00-12:15 | Candidatos: 11:45-12:00(0), 12:00-12:15(0), 12:15-12:30(0), 12:30-12:45(0), 12:45-13:00(0)
2026-04-28 10:30:06,483 | INFO |    [INFO] Excel actualizado: observaciones='No alcanzo cupo para horario 12:00-12:15' en 1 fila(s)
2026-04-28 10:30:06,483 | INFO | [INFO] Registro idx=0 marcado como terminal 'SIN_CUPO' tras 1 confirmaciones
2026-04-28 10:30:20,538 | INFO | [DEBUG] PERSISTENT_SESSION: cerrando contexto anterior para siguiente grupo
2026-04-28 10:30:20,564 | INFO |  Tiempo total del flujo: 119.16 segundos
2026-04-28 10:30:20,564 | INFO |  Resumen: OK=0 | SIN_CUPO=1 | ERROR=0
2026-04-28 10:30:20,564 | INFO | [INFO] Flujo completado.
2026-04-28 10:30:20,565 | INFO |     Duracin final del flujo: 119.16 segundos
2026-04-28 10:30:20,967 | INFO | Navegador cerrado.
2026-04-28 10:30:20,967 | INFO | Pipeline finalizado
2026-04-28 10:30:20,967 | INFO | Log disponible en: C:\Users\fserrano\Desktop\ARMAS-GADSO-1.0\logs\20260428_102812\logs_w1\run_20260428_102812.log
