2026-04-28 10:35:47,773 | INFO | Iniciando pipeline ARMAS-GADSO
2026-04-28 10:35:47,773 | INFO | Modo: scheduled
2026-04-28 10:35:47,773 | INFO | Excel: C:\Users\fserrano\Desktop\ARMAS-GADSO-1.0\data\programaciones-armas.xlsx
2026-04-28 10:35:47,773 | INFO | Screenshots: C:\Users\fserrano\Desktop\ARMAS-GADSO-1.0\screenshots\20260428_103547
2026-04-28 10:35:52,068 | INFO | [INFO] OCR (easyocr) cargado correctamente | langs=['en'] | gpu=False
2026-04-28 10:35:52,092 | INFO | [INFO] INICIANDO SCRIPT SEL - Login Automtico
2026-04-28 10:35:52,092 | INFO | [INFO] SCHEDULED_MULTIWORKER activado | workers=4 | mode=sticky
2026-04-28 10:35:52,095 | INFO | [INFO] Excel origen multihilo: C:\Users\fserrano\Desktop\ARMAS-GADSO-1.0\data\programaciones-armas.xlsx
2026-04-28 10:35:52,297 | INFO |    -> Registros con estado 'PENDIENTE': 2
2026-04-28 10:35:52,297 | INFO |    -> Validando fecha de hoy: 28/04/2026
2026-04-28 10:35:52,298 | INFO |    -> Registros despues de filtrar por fecha: 2 (filtrados: 0)
2026-04-28 10:35:52,320 | INFO |  Registro tomado desde Excel:
2026-04-28 10:35:52,320 | INFO |    - id_registro: 1
2026-04-28 10:35:52,320 | INFO |    - sede: LIMA
2026-04-28 10:35:52,320 | INFO |    - fecha: 19/05/2026
2026-04-28 10:35:52,320 | INFO |    - hora_rango: 12:00-12:15
2026-04-28 10:35:52,320 | INFO |    - tipo_operacion: RENOVACION DE LICENCIA DE USO
2026-04-28 10:35:52,320 | INFO |    - doc_vigilante: 40598949
2026-04-28 10:35:52,320 | INFO |    - nro_solicitud: 052333-0
2026-04-28 10:35:52,320 | INFO |    - fecha_programacion: 28/04/2026
2026-04-28 10:35:52,320 | INFO |    - ruc: J & V Resguardo
2026-04-28 10:35:52,320 | INFO |    - prioridad: alta
2026-04-28 10:35:52,320 | INFO |    - siguiente_mismo_doc_y_fecha: False
2026-04-28 10:35:52,320 | INFO |    - indices_relacionados_excel: [0]
2026-04-28 10:35:52,320 | INFO |    - tipo_arma (excel): ['CORTA']
2026-04-28 10:35:52,321 | INFO |    - arma (excel): ['REVOLVER']
2026-04-28 10:35:52,321 | INFO |    - objetivos_arma: [('CORTA', 'REVOLVER')]
2026-04-28 10:35:52,321 | INFO |    - tipos_arma_objetivo: ['CORTA']
2026-04-28 10:35:52,335 | INFO |  Registro tomado desde Excel:
2026-04-28 10:35:52,335 | INFO |    - id_registro: 2
2026-04-28 10:35:52,335 | INFO |    - sede: LIMA
2026-04-28 10:35:52,335 | INFO |    - fecha: 19/05/2026
2026-04-28 10:35:52,336 | INFO |    - hora_rango: 12:00-12:15
2026-04-28 10:35:52,336 | INFO |    - tipo_operacion: RENOVACION DE LICENCIA DE USO
2026-04-28 10:35:52,336 | INFO |    - doc_vigilante: 73799884
2026-04-28 10:35:52,336 | INFO |    - nro_solicitud: 037411-0
2026-04-28 10:35:52,336 | INFO |    - fecha_programacion: 28/04/2026
2026-04-28 10:35:52,336 | INFO |    - ruc: J & V Resguardo
2026-04-28 10:35:52,336 | INFO |    - prioridad: alta
2026-04-28 10:35:52,336 | INFO |    - siguiente_mismo_doc_y_fecha: False
2026-04-28 10:35:52,336 | INFO |    - indices_relacionados_excel: [1]
2026-04-28 10:35:52,336 | INFO |    - tipo_arma (excel): ['CORTA']
2026-04-28 10:35:52,336 | INFO |    - arma (excel): ['REVOLVER']
2026-04-28 10:35:52,336 | INFO |    - objetivos_arma: [('CORTA', 'REVOLVER')]
2026-04-28 10:35:52,336 | INFO |    - tipos_arma_objetivo: ['CORTA']
2026-04-28 10:35:52,336 | INFO | [INFO] Unidades multihilo a procesar: 2
2026-04-28 10:35:52,337 | INFO | [INFO][W1] Lote asignado idx=[0]
2026-04-28 10:35:52,338 | INFO | [INFO][W2] Lote asignado idx=[1]
2026-04-28 10:36:30,436 | INFO | [INFO][W2] Lote idx=[1] finalizo OK en 38.05s
2026-04-28 10:36:34,834 | INFO | [INFO][W1] Lote idx=[0] finalizo OK en 42.45s
2026-04-28 10:36:34,834 | INFO | [INFO] Conteo por worker: [1, 1, 0, 0]
2026-04-28 10:36:34,835 | INFO | [INFO] Unidades procesadas: 2/2
2026-04-28 10:36:34,835 | INFO | [INFO] Tiempo total multihilo: 42.50s
2026-04-28 10:36:34,835 | INFO | [OK] Flujo multihilo scheduled finalizado sin fallos de proceso
2026-04-28 10:36:34,835 | INFO | Pipeline finalizado
2026-04-28 10:36:34,835 | INFO | Log disponible en: C:\Users\fserrano\Desktop\ARMAS-GADSO-1.0\logs\20260428_103547\run_20260428_103547.log
