2026-03-31 15:32:08,213 | INFO | Iniciando pipeline ARMAS-GADSO
2026-03-31 15:32:08,214 | INFO | Modo: scheduled
2026-03-31 15:32:08,214 | INFO | Excel: C:\Users\fserrano\Desktop\ARMAS-GADSO-1.0\logs\.tmp_multihilo_flow_20260331_153207\worker_1_batch_1_idxs_0.xlsx
2026-03-31 15:32:15,716 | INFO | [INFO] INICIANDO SCRIPT SEL - Login Automtico
2026-03-31 15:32:15,716 | INFO | [INFO] PERSISTENT_SESSION activado - navegador se reutilizará entre grupos sin cerrarse
2026-03-31 15:32:16,710 | INFO |    -> Registros con estado 'PENDIENTE': 1
2026-03-31 15:32:16,710 | INFO |    -> Validando fecha de hoy: 31/03/2026
2026-03-31 15:32:16,712 | INFO |    -> Registros despus de filtrar por fecha: 1 (filtrados: 0)
2026-03-31 15:32:16,716 | INFO |  Registros pendientes a procesar: 1
2026-03-31 15:32:16,716 | INFO |  Procesando grupo RUC JV - Registros: 1
2026-03-31 15:32:16,716 | INFO | [INFO] Intento login 1/12 para grupo JV
2026-03-31 15:32:16,716 | INFO | [TILE] Args launch: --window-size=754,468 --window-position=6,6
2026-03-31 15:32:16,716 | INFO | [TILE] Lanzando Chromium con args: ['--disable-infobars', '--window-size=754,468', '--window-position=6,6']
2026-03-31 15:32:18,093 | INFO | [TILE] Geometría aplicada -> xy=(6,6) wh=(754,468) screen_cfg=1536x960 screen_js=1536x912 outer_js=755x470
2026-03-31 15:32:19,817 | INFO | [INFO] Pagina de login cargada
2026-03-31 15:32:19,925 | INFO | [INFO] Pestana 'Autenticacion Tradicional' seleccionada
2026-03-31 15:32:22,736 | INFO | [INFO] Credenciales llenadas para grupo JV
2026-03-31 15:32:22,741 | INFO |  OCR CAPTCHA: intento interno 1/6...
2026-03-31 15:32:25,325 | ERROR | C:\Users\fserrano\AppData\Local\Programs\Python\Python314\Lib\site-packages\torch\utils\data\dataloader.py:775: UserWarning: 'pin_memory' argument is set as true but no accelerator is found, then device pinned memory won't be used.
2026-03-31 15:32:25,325 | ERROR |   super().__init__(loader)
2026-03-31 15:32:25,466 | INFO |    -> Variante 0, Decoder greedy: 'TNY6R' -> 'TNY6R' [INFO]
2026-03-31 15:32:25,467 | INFO |    [INFO] CAPTCHA vlido -> Usando: TNY6R
2026-03-31 15:32:25,575 | INFO | [INFO] Captcha automatico: TNY6R
2026-03-31 15:32:25,576 | INFO | [INFO] Enviando login...
2026-03-31 15:32:26,299 | INFO | [INFO] Validando acceso...
2026-03-31 15:32:26,299 | INFO | [INFO] Acceso exitoso
2026-03-31 15:32:26,299 | INFO |    -> URL: https://www.sucamec.gob.pe/sel/faces/aplicacion/inicio.xhtml
2026-03-31 15:32:26,299 | INFO | [INFO] Tiempo total login: 9.58 segundos
2026-03-31 15:32:26,300 | INFO |  Navegando a CITAS -> RESERVAS DE CITAS...
2026-03-31 15:32:27,922 | INFO |     Fast-path: click directo en 'RESERVAS DE CITAS' (menuid 7_1)
2026-03-31 15:32:29,664 | INFO | [INFO] Navegacin completada (fast-path) -> URL: https://www.sucamec.gob.pe/sel/faces/aplicacion/inicio.xhtml
2026-03-31 15:32:29,664 | INFO |  Seleccionando tipo de cita: EXAMEN PARA POLGONO DE TIRO...
2026-03-31 15:32:30,109 | INFO |    [INFO] Tipo de cita seleccionado: EXAMEN PARA POLÍGONO DE TIRO
2026-03-31 15:32:30,109 | INFO | -------- JV Registro iterativo 1 (idx=0, prioridad=normal, intento=1, en_cola=0) --------
2026-03-31 15:32:30,474 | INFO |  Registro tomado desde Excel:
2026-03-31 15:32:30,475 | INFO |    - id_registro: 1
2026-03-31 15:32:30,475 | INFO |    - sede: LIMA
2026-03-31 15:32:30,475 | INFO |    - fecha: 21/04/2026
2026-03-31 15:32:30,475 | INFO |    - hora_rango: 08:30-08:45
2026-03-31 15:32:30,475 | INFO |    - tipo_operacion: INICIAL DE LICENCIA DE USO
2026-03-31 15:32:30,475 | INFO |    - doc_vigilante: 77095597
2026-03-31 15:32:30,475 | INFO |    - nro_solicitud: 043788-0
2026-03-31 15:32:30,475 | INFO |    - fecha_programacion: 31/03/2026
2026-03-31 15:32:30,475 | INFO |    - ruc: J & V Resguardo
2026-03-31 15:32:30,475 | INFO |    - prioridad: normal
2026-03-31 15:32:30,475 | INFO |    - siguiente_mismo_doc_y_fecha: False
2026-03-31 15:32:30,475 | INFO |    - indices_relacionados_excel: [0]
2026-03-31 15:32:30,476 | INFO |    - tipo_arma (excel): ['CORTA']
2026-03-31 15:32:30,476 | INFO |    - arma (excel): ['REVOLVER']
2026-03-31 15:32:30,476 | INFO |    - objetivos_arma: [('CORTA', 'REVOLVER')]
2026-03-31 15:32:30,476 | INFO |    - tipos_arma_objetivo: ['CORTA']
2026-03-31 15:32:30,487 | INFO |  Completando Reserva de Cupos con datos del Excel...
2026-03-31 15:32:31,112 | INFO |    [INFO] Sede seleccionado: LIMA
2026-03-31 15:32:32,290 | INFO |    [INFO] Fecha seleccionado: 21/04/2026
2026-03-31 15:32:32,290 | INFO |  Buscando hora en tabla: 08:30-08:45
2026-03-31 15:32:32,852 | INFO |    [INFO] Estrategia horario: vecinos inmediatos (inferior/superior)
2026-03-31 15:32:33,230 | INFO |    [INFO] Click en botn 'Limpiar' por falta de cupos
2026-03-31 15:32:34,220 | INFO | [WARNING] Error en registro idx=0: No hay cupos en horarios candidatos. Objetivo: 08:30-08:45 | Candidatos: 08:15-08:30(0), 08:45-09:00(0)
2026-03-31 15:32:34,256 | INFO |    📝 Excel actualizado: observaciones='No alcanzo cupo para horario 08:30-08:45' en 1 fila(s)
2026-03-31 15:32:34,256 | INFO | [INFO] Registro idx=0 marcado como terminal 'SIN_CUPO' tras 1 confirmaciones
2026-03-31 15:32:34,529 | INFO |    [INFO] Click en 'Limpiar' (recuperación por error)
2026-03-31 15:32:35,530 | INFO | [DEBUG] PERSISTENT_SESSION: cerrando contexto anterior para siguiente grupo
2026-03-31 15:32:35,588 | INFO |  Tiempo total del flujo: 19.87 segundos
2026-03-31 15:32:35,588 | INFO |  Resumen: OK=0 | SIN_CUPO=1 | ERROR=0
2026-03-31 15:32:35,588 | INFO | [INFO] Flujo completado.
2026-03-31 15:32:35,588 | INFO |     Duracin final del flujo: 19.87 segundos
2026-03-31 15:32:36,113 | INFO | Navegador cerrado.
2026-03-31 15:32:36,113 | INFO | Pipeline finalizado
2026-03-31 15:32:36,113 | INFO | Log disponible en: C:\Users\fserrano\Desktop\ARMAS-GADSO-1.0\logs\.tmp_multihilo_flow_20260331_153207\logs_w1\run_20260331_153208.log
