2026-04-17 00:00:05,887 | INFO | Iniciando pipeline ARMAS-GADSO
2026-04-17 00:00:05,887 | INFO | Modo: scheduled
2026-04-17 00:00:05,888 | INFO | Excel: C:\Users\fserrano\Desktop\ARMAS-GADSO-1.0\logs\.tmp_multihilo_flow_20260417_000005\worker_2_batch_1_idxs_1.xlsx
2026-04-17 00:00:11,129 | INFO | [INFO] INICIANDO SCRIPT SEL - Login Automtico
2026-04-17 00:00:11,130 | INFO | [INFO] PERSISTENT_SESSION activado - navegador se reutilizará entre grupos sin cerrarse
2026-04-17 00:00:13,424 | INFO |    -> Registros con estado 'PENDIENTE': 1
2026-04-17 00:00:13,424 | INFO |    -> Validando fecha de hoy: 17/04/2026
2026-04-17 00:00:13,427 | INFO |    -> Registros despus de filtrar por fecha: 1 (filtrados: 0)
2026-04-17 00:00:13,433 | INFO |  Registros pendientes a procesar: 1
2026-04-17 00:00:13,433 | INFO |  Procesando grupo RUC JV - Registros: 1
2026-04-17 00:00:13,433 | INFO | [INFO] Intento login 1/12 para grupo JV
2026-04-17 00:00:13,433 | INFO | [TILE] Args launch: --window-size=754,468 --window-position=776,6
2026-04-17 00:00:13,433 | INFO | [TILE] Lanzando Chromium con args: ['--disable-infobars', '--window-size=754,468', '--window-position=776,6']
2026-04-17 00:00:15,786 | INFO | [TILE] Geometría aplicada -> xy=(776,6) wh=(754,468) screen_cfg=1536x960 screen_js=1536x912 outer_js=755x470
2026-04-17 00:00:17,475 | INFO | [INFO] Pagina de login cargada
2026-04-17 00:00:17,844 | INFO | [INFO] Pestaña 'Autenticación Tradicional' seleccionada
2026-04-17 00:00:19,926 | INFO | [INFO] Credenciales llenadas para grupo JV
2026-04-17 00:00:19,926 | INFO |  OCR CAPTCHA: intento interno 1/6...
2026-04-17 00:00:21,645 | ERROR | C:\Users\fserrano\AppData\Local\Programs\Python\Python314\Lib\site-packages\torch\utils\data\dataloader.py:775: UserWarning: 'pin_memory' argument is set as true but no accelerator is found, then device pinned memory won't be used.
2026-04-17 00:00:21,645 | ERROR |   super().__init__(loader)
2026-04-17 00:00:21,807 | INFO |    -> Variante 0, Decoder greedy: 'L3UL5' -> 'L3UL5' [INFO]
2026-04-17 00:00:21,807 | INFO |    [INFO] CAPTCHA vlido -> Usando: L3UL5
2026-04-17 00:00:21,991 | INFO | [INFO] Captcha automatico: L3UL5
2026-04-17 00:00:21,991 | INFO | [INFO] Enviando login...
2026-04-17 00:00:22,740 | INFO | [INFO] Validando acceso...
2026-04-17 00:00:22,740 | INFO | [INFO] Acceso exitoso
2026-04-17 00:00:22,740 | INFO |    -> URL: https://www.sucamec.gob.pe/sel/faces/aplicacion/inicio.xhtml
2026-04-17 00:00:22,740 | INFO | [INFO] Tiempo total login: 9.31 segundos
2026-04-17 00:00:22,740 | INFO |  Navegando a CITAS -> RESERVAS DE CITAS...
2026-04-17 00:00:24,092 | INFO |     Fast-path: click directo en 'RESERVAS DE CITAS' (menuid 7_1)
2026-04-17 00:00:26,566 | INFO | [INFO] Navegacin completada (fast-path) -> URL: https://www.sucamec.gob.pe/sel/faces/aplicacion/inicio.xhtml
2026-04-17 00:00:26,566 | INFO |  Seleccionando tipo de cita: EXAMEN PARA POLGONO DE TIRO...
2026-04-17 00:00:26,941 | INFO |    [INFO] Tipo de cita seleccionado: EXAMEN PARA POLÍGONO DE TIRO
2026-04-17 00:00:26,941 | INFO | -------- JV Registro iterativo 1 (idx=1, prioridad=alta, intento=1, en_cola=0) --------
2026-04-17 00:00:27,839 | INFO |  Registro tomado desde Excel:
2026-04-17 00:00:27,840 | INFO |    - id_registro: 2
2026-04-17 00:00:27,840 | INFO |    - sede: LIMA
2026-04-17 00:00:27,840 | INFO |    - fecha: 08/05/2026
2026-04-17 00:00:27,840 | INFO |    - hora_rango: 12:00-12:15
2026-04-17 00:00:27,840 | INFO |    - tipo_operacion: RENOVACION DE LICENCIA DE USO
2026-04-17 00:00:27,840 | INFO |    - doc_vigilante: 00966547
2026-04-17 00:00:27,840 | INFO |    - nro_solicitud: 098412-0
2026-04-17 00:00:27,840 | INFO |    - fecha_programacion: 17/04/2026
2026-04-17 00:00:27,840 | INFO |    - ruc: J & V Resguardo
2026-04-17 00:00:27,840 | INFO |    - prioridad: alta
2026-04-17 00:00:27,840 | INFO |    - siguiente_mismo_doc_y_fecha: False
2026-04-17 00:00:27,840 | INFO |    - indices_relacionados_excel: [1]
2026-04-17 00:00:27,840 | INFO |    - tipo_arma (excel): ['CORTA']
2026-04-17 00:00:27,840 | INFO |    - arma (excel): ['REVOLVER']
2026-04-17 00:00:27,841 | INFO |    - objetivos_arma: [('CORTA', 'REVOLVER')]
2026-04-17 00:00:27,841 | INFO |    - tipos_arma_objetivo: ['CORTA']
2026-04-17 00:00:27,853 | INFO |  Completando Reserva de Cupos con datos del Excel...
2026-04-17 00:00:28,331 | INFO |    [INFO] Sede seleccionado: LIMA
2026-04-17 00:00:29,444 | INFO |    [INFO] Fecha seleccionado: 08/05/2026
2026-04-17 00:00:29,444 | INFO |  Buscando hora en tabla: 12:00-12:15
2026-04-17 00:00:30,197 | INFO |    [INFO] Estrategia horario: prioridad a hora exacta del Excel
2026-04-17 00:00:30,491 | INFO |    [INFO] Hora seleccionada: 12:00-12:15 (Cupos Libres=3)
2026-04-17 00:00:30,540 | INFO |    [INFO] Click en botn 'Siguiente'
2026-04-17 00:00:30,540 | INFO |  Completando Paso 2 con datos del Excel...
2026-04-17 00:00:31,231 | INFO |    [INFO] Tipo Operacin seleccionado: RENOVACIÓN DE LICENCIA DE USO
2026-04-17 00:00:35,721 | INFO | [WARNING] Error en registro idx=1: No se confirmó el documento vigilante. Esperado contiene '00966547' | Actual ''
2026-04-17 00:00:35,721 | INFO | [INFO] Registro idx=1 con causal terminal 'DOC_VIGILANTE' pendiente de confirmación (1/2). Reencolando...
2026-04-17 00:00:35,952 | INFO |    [INFO] Click en 'Limpiar' (recuperación por error)
2026-04-17 00:00:36,953 | INFO | -------- JV Registro iterativo 2 (idx=1, prioridad=alta, intento=2, en_cola=0) --------
2026-04-17 00:00:37,004 | INFO |  Registro tomado desde Excel:
2026-04-17 00:00:37,004 | INFO |    - id_registro: 2
2026-04-17 00:00:37,004 | INFO |    - sede: LIMA
2026-04-17 00:00:37,004 | INFO |    - fecha: 08/05/2026
2026-04-17 00:00:37,004 | INFO |    - hora_rango: 12:00-12:15
2026-04-17 00:00:37,004 | INFO |    - tipo_operacion: RENOVACION DE LICENCIA DE USO
2026-04-17 00:00:37,004 | INFO |    - doc_vigilante: 00966547
2026-04-17 00:00:37,004 | INFO |    - nro_solicitud: 098412-0
2026-04-17 00:00:37,004 | INFO |    - fecha_programacion: 17/04/2026
2026-04-17 00:00:37,004 | INFO |    - ruc: J & V Resguardo
2026-04-17 00:00:37,004 | INFO |    - prioridad: alta
2026-04-17 00:00:37,004 | INFO |    - siguiente_mismo_doc_y_fecha: False
2026-04-17 00:00:37,004 | INFO |    - indices_relacionados_excel: [1]
2026-04-17 00:00:37,004 | INFO |    - tipo_arma (excel): ['CORTA']
2026-04-17 00:00:37,004 | INFO |    - arma (excel): ['REVOLVER']
2026-04-17 00:00:37,004 | INFO |    - objetivos_arma: [('CORTA', 'REVOLVER')]
2026-04-17 00:00:37,004 | INFO |    - tipos_arma_objetivo: ['CORTA']
2026-04-17 00:00:37,011 | INFO |  Completando Reserva de Cupos con datos del Excel...
2026-04-17 00:00:37,405 | INFO |    [INFO] Sede seleccionado: LIMA
2026-04-17 00:00:38,516 | INFO |    [INFO] Fecha seleccionado: 08/05/2026
2026-04-17 00:00:38,517 | INFO |  Buscando hora en tabla: 12:00-12:15
2026-04-17 00:00:40,172 | INFO |    [INFO] Estrategia horario: prioridad a hora exacta del Excel
2026-04-17 00:00:40,460 | INFO |    [INFO] Hora seleccionada: 12:00-12:15 (Cupos Libres=3)
2026-04-17 00:00:41,373 | INFO |    [INFO] Click en botn 'Siguiente'
2026-04-17 00:00:41,374 | INFO |  Completando Paso 2 con datos del Excel...
2026-04-17 00:00:42,553 | INFO |    [INFO] Tipo Operacin seleccionado: RENOVACIÓN DE LICENCIA DE USO
2026-04-17 00:00:44,885 | INFO |    [INFO] Documento vigilante seleccionado: 00966547
2026-04-17 00:00:46,781 | INFO |    [INFO] Seleccione Solicitud: SI
2026-04-17 00:00:49,096 | INFO |    [INFO] Nro Solicitud seleccionado: TUPA 2022 PA3400C730 - NRO EMPOCE: 98412 - FECHA REGISTRO: 09/04/2026
2026-04-17 00:00:50,085 | INFO |  Completando tabla de tipos de arma (Fase 2)...
2026-04-17 00:00:56,932 | INFO |    [INFO] CORTA: REVOLVER
2026-04-17 00:00:57,041 | INFO |    [INFO] Click en botn 'Siguiente' de Fase 2 (botonSiguiente3)
2026-04-17 00:01:07,654 | INFO |  Completando Fase 3 (Resumen de cita)...
2026-04-17 00:01:07,660 | INFO |  OCR CAPTCHA Fase 3: intento interno 1/∞...
2026-04-17 00:01:08,754 | ERROR | C:\Users\fserrano\AppData\Local\Programs\Python\Python314\Lib\site-packages\torch\utils\data\dataloader.py:775: UserWarning: 'pin_memory' argument is set as true but no accelerator is found, then device pinned memory won't be used.
2026-04-17 00:01:08,754 | ERROR |   super().__init__(loader)
2026-04-17 00:01:08,811 | INFO |    -> Variante 0, Decoder greedy: 'LV2 VD' -> 'LV2VD' [INFO]
2026-04-17 00:01:08,811 | INFO |    [INFO] CAPTCHA vlido -> Usando: LV2VD
2026-04-17 00:01:08,859 | INFO |    [INFO] CAPTCHA Fase 3 escrito: LV2VD
2026-04-17 00:01:09,097 | INFO |    [INFO] Trminos y condiciones marcados
2026-04-17 00:01:10,045 | INFO |  Paso final opcional: Generar Cita (reintento rpido)
2026-04-17 00:01:10,050 | INFO |     Intento generar cita 1/5
2026-04-17 00:01:13,714 | INFO |    [INFO] Sin señal clara tras click en 'Generar Cita'. Aplicando ventana extra de confirmación (2.50s)...
2026-04-17 00:01:15,113 | INFO |    [INFO] Generar Cita confirmado en 5.06s
2026-04-17 00:01:15,113 | INFO |    -> URL: https://www.sucamec.gob.pe/sel/faces/aplicacion/inicio.xhtml
2026-04-17 00:01:15,128 | INFO |    [INFO] Excel actualizado: estado='Cita Programada' en 1 fila(s)
2026-04-17 00:01:15,366 | INFO |    [INFO] Click en 'Limpiar' (fin de flujo)
2026-04-17 00:01:15,367 | INFO | [DEBUG] PERSISTENT_SESSION: cerrando contexto anterior para siguiente grupo
2026-04-17 00:01:15,390 | INFO |  Tiempo total del flujo: 64.26 segundos
2026-04-17 00:01:15,390 | INFO |  Resumen: OK=1 | SIN_CUPO=0 | ERROR=0
2026-04-17 00:01:15,390 | INFO | [INFO] Flujo completado.
2026-04-17 00:01:15,390 | INFO |     Duracin final del flujo: 64.26 segundos
2026-04-17 00:01:15,636 | INFO | Navegador cerrado.
2026-04-17 00:01:15,636 | INFO | Pipeline finalizado
2026-04-17 00:01:15,636 | INFO | Log disponible en: C:\Users\fserrano\Desktop\ARMAS-GADSO-1.0\logs\.tmp_multihilo_flow_20260417_000005\logs_w2\run_20260417_000005.log
