2026-04-28 10:22:55,345 | INFO | Iniciando pipeline ARMAS-GADSO
2026-04-28 10:22:55,345 | INFO | Modo: scheduled
2026-04-28 10:22:55,345 | INFO | Excel: C:\Users\fserrano\Desktop\ARMAS-GADSO-1.0\logs\20260428_102250\worker_1_batch_1_idxs_0.xlsx
2026-04-28 10:22:55,345 | INFO | Screenshots: C:\Users\fserrano\Desktop\ARMAS-GADSO-1.0\screenshots\20260428_102250\screenshots_w1
2026-04-28 10:22:59,812 | INFO | [INFO] OCR (easyocr) cargado correctamente | langs=['en'] | gpu=False
2026-04-28 10:22:59,839 | INFO | [INFO] INICIANDO SCRIPT SEL - Login Automtico
2026-04-28 10:22:59,839 | INFO | [INFO] PERSISTENT_SESSION activado - navegador se reutilizara entre grupos sin cerrarse
2026-04-28 10:23:00,553 | INFO |    -> Registros con estado 'PENDIENTE': 1
2026-04-28 10:23:00,554 | INFO |    -> Validando fecha de hoy: 28/04/2026
2026-04-28 10:23:00,555 | INFO |    -> Registros despues de filtrar por fecha: 1 (filtrados: 0)
2026-04-28 10:23:00,560 | INFO |  Registros pendientes a procesar: 1
2026-04-28 10:23:00,560 | INFO |  Procesando grupo RUC JV - Registros: 1
2026-04-28 10:23:00,560 | INFO | [INFO] Intento login 1/12 para grupo JV
2026-04-28 10:23:00,560 | INFO | [TILE] Lanzando Chromium con args: ['--disable-infobars', '--window-size=1366,900', '--window-position=0,0']
2026-04-28 10:23:14,504 | INFO | [INFO] Pagina de login cargada
2026-04-28 10:23:14,620 | INFO | [INFO] Pestaña 'Autenticación Tradicional' seleccionada
2026-04-28 10:23:16,606 | INFO | [INFO] Credenciales llenadas para grupo JV
2026-04-28 10:23:16,606 | INFO |  OCR CAPTCHA: intento interno 1/6...
2026-04-28 10:23:17,328 | ERROR | C:\Users\fserrano\AppData\Local\Programs\Python\Python314\Lib\site-packages\torch\utils\data\dataloader.py:775: UserWarning: 'pin_memory' argument is set as true but no accelerator is found, then device pinned memory won't be used.
2026-04-28 10:23:17,328 | ERROR |   super().__init__(loader)
2026-04-28 10:23:17,365 | INFO |    -> Variante 0, Decoder greedy: 'QCHIM' -> 'QCHIM' [INFO]
2026-04-28 10:23:17,365 | INFO |    [INFO] CAPTCHA valido -> Usando: QCHIM
2026-04-28 10:23:17,414 | INFO | [INFO] Captcha automatico: QCHIM
2026-04-28 10:23:17,414 | INFO | [INFO] Enviando login...
2026-04-28 10:23:22,856 | INFO | [INFO] Validando acceso...
2026-04-28 10:23:22,857 | INFO | [INFO] Acceso exitoso
2026-04-28 10:23:22,857 | INFO |    -> URL: https://www.sucamec.gob.pe/sel/faces/aplicacion/inicio.xhtml
2026-04-28 10:23:22,857 | INFO | [INFO] Tiempo total login: 8.35 segundos
2026-04-28 10:23:22,857 | INFO |  Navegando a RESERVAS DE CITAS...
2026-04-28 10:23:34,874 | INFO | [ERROR] Intento login 1 para grupo JV fallo: Locator.wait_for: Timeout 12000ms exceeded.
2026-04-28 10:23:34,874 | INFO | Call log:
2026-04-28 10:23:34,874 | INFO |   - waiting for locator("#j_idt11\\:menuPrincipal .ui-panelmenu-header:has(a:text-is(\"CITAS\"))").first to be visible
2026-04-28 10:23:34,874 | INFO |    Reintentando login...
2026-04-28 10:23:36,875 | INFO | [INFO] Intento login 2/12 para grupo JV
2026-04-28 10:23:37,153 | INFO | [TILE] Lanzando Chromium con args: ['--disable-infobars', '--window-size=1366,900', '--window-position=0,0']
2026-04-28 10:23:42,703 | INFO | [INFO] Pagina de login cargada
2026-04-28 10:23:42,819 | INFO | [INFO] Pestaña 'Autenticación Tradicional' seleccionada
2026-04-28 10:23:44,731 | INFO | [INFO] Credenciales llenadas para grupo JV
2026-04-28 10:23:44,732 | INFO |  OCR CAPTCHA: intento interno 1/6...
2026-04-28 10:23:45,519 | INFO |    -> Variante 0, Decoder greedy: 'V5SCN' -> 'V5SCN' [INFO]
2026-04-28 10:23:45,519 | INFO |    [INFO] CAPTCHA valido -> Usando: V5SCN
2026-04-28 10:23:45,571 | INFO | [INFO] Captcha automatico: V5SCN
2026-04-28 10:23:45,572 | INFO | [INFO] Enviando login...
2026-04-28 10:23:45,855 | INFO | [INFO] Validando acceso...
2026-04-28 10:23:45,855 | INFO | [INFO] Acceso exitoso
2026-04-28 10:23:45,855 | INFO |    -> URL: https://www.sucamec.gob.pe/sel/faces/aplicacion/inicio.xhtml
2026-04-28 10:23:45,855 | INFO | [INFO] Tiempo total login: 3.15 segundos
2026-04-28 10:23:45,855 | INFO |  Navegando a RESERVAS DE CITAS...
2026-04-28 10:23:51,862 | INFO |    [INFO] Menu CITAS expandido
2026-04-28 10:23:52,914 | INFO |    [INFO] Click en 'RESERVAS DE CITAS'
2026-04-28 10:23:52,915 | INFO |  Seleccionando tipo de cita: EXAMEN PARA POLIGONO DE TIRO
2026-04-28 10:23:53,382 | INFO |    [INFO] Tipo de cita seleccionado: EXAMEN PARA POLÍGONO DE TIRO
2026-04-28 10:23:53,382 | INFO | -------- JV Registro iterativo 1 (idx=0, prioridad=alta, intento=1, en_cola=0) --------
2026-04-28 10:23:53,638 | INFO |  Registro tomado desde Excel:
2026-04-28 10:23:53,638 | INFO |    - id_registro: 1
2026-04-28 10:23:53,638 | INFO |    - sede: LIMA
2026-04-28 10:23:53,638 | INFO |    - fecha: 19/05/2026
2026-04-28 10:23:53,638 | INFO |    - hora_rango: 12:00-12:15
2026-04-28 10:23:53,638 | INFO |    - tipo_operacion: RENOVACION DE LICENCIA DE USO
2026-04-28 10:23:53,639 | INFO |    - doc_vigilante: 40598949
2026-04-28 10:23:53,639 | INFO |    - nro_solicitud: 052333-0
2026-04-28 10:23:53,639 | INFO |    - fecha_programacion: 28/04/2026
2026-04-28 10:23:53,639 | INFO |    - ruc: J & V Resguardo
2026-04-28 10:23:53,639 | INFO |    - prioridad: alta
2026-04-28 10:23:53,639 | INFO |    - siguiente_mismo_doc_y_fecha: False
2026-04-28 10:23:53,639 | INFO |    - indices_relacionados_excel: [0]
2026-04-28 10:23:53,639 | INFO |    - tipo_arma (excel): ['CORTA']
2026-04-28 10:23:53,639 | INFO |    - arma (excel): ['REVOLVER']
2026-04-28 10:23:53,639 | INFO |    - objetivos_arma: [('CORTA', 'REVOLVER')]
2026-04-28 10:23:53,639 | INFO |    - tipos_arma_objetivo: ['CORTA']
2026-04-28 10:23:53,646 | INFO |  Completando Reserva de Cupos con datos del Excel...
2026-04-28 10:23:54,083 | INFO |    [INFO] Sede seleccionado: LIMA
2026-04-28 10:23:55,169 | INFO |    [INFO] Fecha seleccionado: 19/05/2026
2026-04-28 10:23:55,169 | INFO |  Buscando hora en tabla: 12:00-12:15
2026-04-28 10:24:26,054 | INFO |    [WARNING] No se pudo capturar screenshot de tabla cupos: Locator.screenshot: Timeout 29994ms exceeded.
2026-04-28 10:24:26,054 | INFO | Call log:
2026-04-28 10:24:26,054 | INFO |   - taking element screenshot
2026-04-28 10:24:26,054 | INFO |   - waiting for fonts to load...
2026-04-28 10:24:26,400 | INFO |    [INFO] Estrategia horario: bloque completo de mediodia (11:45-13:00)
2026-04-28 10:24:47,193 | INFO |    [INFO] Screenshot tabla sin cupo: C:\Users\fserrano\Desktop\ARMAS-GADSO-1.0\screenshots\20260428_102250\screenshots_w1\step_1_reserva_cupos\20260428_102426_sin_cupo_candidatos_0_i1_h12_00-12_15.png
2026-04-28 10:24:47,598 | INFO |    [INFO] Click en boton 'Limpiar' por falta de cupos
2026-04-28 10:24:48,517 | INFO | [WARNING] Error en registro idx=0: No hay cupos en horarios candidatos. Objetivo: 12:00-12:15 | Candidatos: 11:45-12:00(0), 12:00-12:15(0), 12:15-12:30(0), 12:30-12:45(0), 12:45-13:00(0)
2026-04-28 10:24:48,556 | INFO |    [INFO] Excel actualizado: observaciones='No alcanzo cupo para horario 12:00-12:15' en 1 fila(s)
2026-04-28 10:24:48,556 | INFO | [INFO] Registro idx=0 marcado como terminal 'SIN_CUPO' tras 1 confirmaciones
2026-04-28 10:24:49,118 | INFO | [INFO] Wizard limpiado para siguiente registro (recuperacion por error)
2026-04-28 10:24:50,119 | INFO | [DEBUG] PERSISTENT_SESSION: cerrando contexto anterior para siguiente grupo
2026-04-28 10:24:50,129 | INFO |  Tiempo total del flujo: 110.29 segundos
2026-04-28 10:24:50,130 | INFO |  Resumen: OK=0 | SIN_CUPO=1 | ERROR=0
2026-04-28 10:24:50,130 | INFO | [INFO] Flujo completado.
2026-04-28 10:24:50,130 | INFO |     Duracin final del flujo: 110.29 segundos
2026-04-28 10:24:50,188 | INFO | Navegador cerrado.
2026-04-28 10:24:50,188 | INFO | Pipeline finalizado
2026-04-28 10:24:50,189 | INFO | Log disponible en: C:\Users\fserrano\Desktop\ARMAS-GADSO-1.0\logs\20260428_102250\logs_w1\run_20260428_102250.log
