2026-04-28 11:47:25,934 | INFO | Iniciando pipeline ARMAS-GADSO
2026-04-28 11:47:25,934 | INFO | Modo: scheduled
2026-04-28 11:47:25,934 | INFO | Excel: C:\Users\fserrano\Desktop\ARMAS-GADSO-1.0\logs\20260428_114719\worker_1_batch_1_idxs_0.xlsx
2026-04-28 11:47:25,934 | INFO | Screenshots: C:\Users\fserrano\Desktop\ARMAS-GADSO-1.0\screenshots\20260428_114719\screenshots_w1
2026-04-28 11:47:31,957 | INFO | [INFO] OCR (easyocr) cargado correctamente | langs=['en'] | gpu=False
2026-04-28 11:47:31,991 | INFO | [INFO] INICIANDO SCRIPT SEL - Login Automtico
2026-04-28 11:47:31,991 | INFO | [INFO] PERSISTENT_SESSION activado - navegador se reutilizara entre grupos sin cerrarse
2026-04-28 11:47:32,765 | INFO |    -> Registros con estado 'PENDIENTE': 1
2026-04-28 11:47:32,766 | INFO |    -> Validando fecha de hoy: 28/04/2026
2026-04-28 11:47:32,766 | INFO |    -> Registros despues de filtrar por fecha: 1 (filtrados: 0)
2026-04-28 11:47:32,772 | INFO |  Registros pendientes a procesar: 1
2026-04-28 11:47:32,772 | INFO |  Procesando grupo RUC JV - Registros: 1
2026-04-28 11:47:32,772 | INFO | [INFO] Intento login 1/12 para grupo JV
2026-04-28 11:47:32,772 | INFO | [TILE] Lanzando Chromium con args: ['--disable-infobars', '--window-size=1366,900', '--window-position=0,0']
2026-04-28 11:47:37,790 | INFO | [INFO] Pagina de login cargada
2026-04-28 11:47:38,082 | INFO | [INFO] Pestaña 'Autenticación Tradicional' seleccionada
2026-04-28 11:47:40,082 | INFO | [INFO] Credenciales llenadas para grupo JV
2026-04-28 11:47:40,082 | INFO |  OCR CAPTCHA: intento interno 1/6...
2026-04-28 11:47:41,043 | ERROR | C:\Users\fserrano\AppData\Local\Programs\Python\Python314\Lib\site-packages\torch\utils\data\dataloader.py:775: UserWarning: 'pin_memory' argument is set as true but no accelerator is found, then device pinned memory won't be used.
2026-04-28 11:47:41,043 | ERROR |   super().__init__(loader)
2026-04-28 11:47:41,093 | INFO |    -> Variante 0, Decoder greedy: '19EDG' -> '19EDG' [INFO]
2026-04-28 11:47:41,093 | INFO |    [INFO] CAPTCHA valido -> Usando: 19EDG
2026-04-28 11:47:41,159 | INFO | [INFO] Captcha automatico: 19EDG
2026-04-28 11:47:41,159 | INFO | [INFO] Enviando login...
2026-04-28 11:47:41,469 | INFO | [INFO] Validando acceso...
2026-04-28 11:47:43,838 | INFO | [ERROR] Login fallo - no se detecto sesion autenticada
2026-04-28 11:47:43,839 | INFO |    -> URL actual: https://www.sucamec.gob.pe/sel/faces/login.xhtml;jsessionid=4fd28b58064e082d8ae97b1eee89
2026-04-28 11:47:43,839 | INFO |    -> Error detectado: Error el captcha es incorrecto
2026-04-28 11:47:43,839 | INFO | [INFO] Tiempo validacion: 2.37 segundos
2026-04-28 11:47:43,839 | INFO | [ERROR] Intento login 1 para grupo JV fallo: CAPTCHA incorrecto o credenciales invalidas
2026-04-28 11:47:43,839 | INFO |    Reintentando login...
2026-04-28 11:47:45,840 | INFO | [INFO] Intento login 2/12 para grupo JV
2026-04-28 11:47:46,147 | INFO | [TILE] Lanzando Chromium con args: ['--disable-infobars', '--window-size=1366,900', '--window-position=0,0']
2026-04-28 11:47:52,784 | INFO | [INFO] Pagina de login cargada
2026-04-28 11:47:53,081 | INFO | [INFO] Pestaña 'Autenticación Tradicional' seleccionada
2026-04-28 11:47:55,065 | INFO | [INFO] Credenciales llenadas para grupo JV
2026-04-28 11:47:55,065 | INFO |  OCR CAPTCHA: intento interno 1/6...
2026-04-28 11:47:55,973 | INFO |    -> Variante 0, Decoder greedy: 'X2VHX' -> 'X2VHX' [INFO]
2026-04-28 11:47:55,973 | INFO |    [INFO] CAPTCHA valido -> Usando: X2VHX
2026-04-28 11:47:56,051 | INFO | [INFO] Captcha automatico: X2VHX
2026-04-28 11:47:56,051 | INFO | [INFO] Enviando login...
2026-04-28 11:47:56,381 | INFO | [INFO] Validando acceso...
2026-04-28 11:47:56,381 | INFO | [INFO] Acceso exitoso
2026-04-28 11:47:56,381 | INFO |    -> URL: https://www.sucamec.gob.pe/sel/faces/aplicacion/inicio.xhtml
2026-04-28 11:47:56,381 | INFO | [INFO] Tiempo total login: 3.60 segundos
2026-04-28 11:47:56,381 | INFO |  Navegando a RESERVAS DE CITAS...
2026-04-28 11:47:58,806 | INFO |    [INFO] Menu CITAS expandido
2026-04-28 11:48:00,205 | INFO |    [INFO] Click en 'RESERVAS DE CITAS'
2026-04-28 11:48:00,205 | INFO |  Seleccionando tipo de cita: EXAMEN PARA POLIGONO DE TIRO
2026-04-28 11:48:00,698 | INFO |    [INFO] Tipo de cita seleccionado: EXAMEN PARA POLÍGONO DE TIRO
2026-04-28 11:48:00,698 | INFO | -------- JV Registro iterativo 1 (idx=0, prioridad=alta, intento=1, en_cola=0) --------
2026-04-28 11:48:01,586 | INFO |  Registro tomado desde Excel:
2026-04-28 11:48:01,586 | INFO |    - id_registro: 1
2026-04-28 11:48:01,586 | INFO |    - sede: LIMA
2026-04-28 11:48:01,587 | INFO |    - fecha: 19/05/2026
2026-04-28 11:48:01,587 | INFO |    - hora_rango: 12:00-12:15
2026-04-28 11:48:01,587 | INFO |    - tipo_operacion: RENOVACION DE LICENCIA DE USO
2026-04-28 11:48:01,587 | INFO |    - doc_vigilante: 40598949
2026-04-28 11:48:01,587 | INFO |    - nro_solicitud: 052333-0
2026-04-28 11:48:01,587 | INFO |    - fecha_programacion: 28/04/2026
2026-04-28 11:48:01,587 | INFO |    - ruc: J & V Resguardo
2026-04-28 11:48:01,587 | INFO |    - prioridad: alta
2026-04-28 11:48:01,587 | INFO |    - siguiente_mismo_doc_y_fecha: False
2026-04-28 11:48:01,587 | INFO |    - indices_relacionados_excel: [0]
2026-04-28 11:48:01,587 | INFO |    - tipo_arma (excel): ['CORTA']
2026-04-28 11:48:01,587 | INFO |    - arma (excel): ['REVOLVER']
2026-04-28 11:48:01,587 | INFO |    - objetivos_arma: [('CORTA', 'REVOLVER')]
2026-04-28 11:48:01,587 | INFO |    - tipos_arma_objetivo: ['CORTA']
2026-04-28 11:48:01,597 | INFO |  Completando Reserva de Cupos con datos del Excel...
2026-04-28 11:48:01,981 | INFO |    [INFO] Sede seleccionado: LIMA
2026-04-28 11:48:04,511 | INFO |    [INFO] Fecha seleccionado: 19/05/2026
2026-04-28 11:48:04,511 | INFO |  Buscando hora en tabla: 12:00-12:15
2026-04-28 11:48:10,053 | INFO |    [INFO] Screenshot tabla cupos: C:\Users\fserrano\Desktop\ARMAS-GADSO-1.0\screenshots\20260428_114719\screenshots_w1\step_1_reserva_cupos\20260428_114804_tabla_inicial_i1_h12_00-12_15.png
2026-04-28 11:48:10,460 | INFO |    [INFO] Estrategia horario: bloque completo de mediodia (11:45-13:00)
2026-04-28 11:48:10,585 | INFO |    [INFO] Screenshot tabla sin cupo: C:\Users\fserrano\Desktop\ARMAS-GADSO-1.0\screenshots\20260428_114719\screenshots_w1\step_1_reserva_cupos\20260428_114810_sin_cupo_candidatos_0_i1_h12_00-12_15.png
2026-04-28 11:48:10,588 | INFO |    [INFO] Correo Graph diferido [MULTIWORKER_DEFERRED] | attachments=20260428_114804_tabla_inicial_i1_h12_00-12_15.png, 20260428_114810_sin_cupo_candidatos_0_i1_h12_00-12_15.png
2026-04-28 11:48:10,987 | INFO |    [INFO] Click en boton 'Limpiar' por falta de cupos
2026-04-28 11:48:11,940 | INFO | [WARNING] Error en registro idx=0: No hay cupos en horarios candidatos. Objetivo: 12:00-12:15 | Candidatos: 11:45-12:00(0), 12:00-12:15(0), 12:15-12:30(0), 12:30-12:45(0), 12:45-13:00(0)
2026-04-28 11:48:11,964 | INFO |    [INFO] Excel actualizado: observaciones='No alcanzo cupo para horario 12:00-12:15' en 1 fila(s)
2026-04-28 11:48:11,964 | INFO | [INFO] Registro idx=0 marcado como terminal 'SIN_CUPO' tras 1 confirmaciones
2026-04-28 11:48:12,568 | INFO | [INFO] Wizard limpiado para siguiente registro (recuperacion por error)
2026-04-28 11:48:13,569 | INFO | [DEBUG] PERSISTENT_SESSION: cerrando contexto anterior para siguiente grupo
2026-04-28 11:48:13,593 | INFO |  Tiempo total del flujo: 41.60 segundos
2026-04-28 11:48:13,593 | INFO |  Resumen: OK=0 | SIN_CUPO=1 | ERROR=0
2026-04-28 11:48:13,594 | INFO | [INFO] Flujo completado.
2026-04-28 11:48:13,594 | INFO |     Duracin final del flujo: 41.60 segundos
2026-04-28 11:48:13,899 | INFO | Navegador cerrado.
2026-04-28 11:48:13,899 | INFO | Pipeline finalizado
2026-04-28 11:48:13,900 | INFO | Log disponible en: C:\Users\fserrano\Desktop\ARMAS-GADSO-1.0\logs\20260428_114719\logs_w1\run_20260428_114719.log
