2026-04-24 00:00:51,254 | INFO | Iniciando pipeline ARMAS-GADSO
2026-04-24 00:00:51,254 | INFO | Modo: scheduled
2026-04-24 00:00:51,254 | INFO | Excel: C:\Users\fserrano\Desktop\ARMAS-GADSO-1.0\logs\.tmp_multihilo_flow_20260424_000051\worker_1_batch_1_idxs_0.xlsx
2026-04-24 00:00:56,974 | INFO | [INFO] INICIANDO SCRIPT SEL - Login Automtico
2026-04-24 00:00:56,975 | INFO | [INFO] PERSISTENT_SESSION activado - navegador se reutilizará entre grupos sin cerrarse
2026-04-24 00:00:57,721 | INFO |    -> Registros con estado 'PENDIENTE': 1
2026-04-24 00:00:57,721 | INFO |    -> Validando fecha de hoy: 24/04/2026
2026-04-24 00:00:57,727 | INFO |    -> Registros despus de filtrar por fecha: 1 (filtrados: 0)
2026-04-24 00:00:57,736 | INFO |  Registros pendientes a procesar: 1
2026-04-24 00:00:57,736 | INFO |  Procesando grupo RUC JV - Registros: 1
2026-04-24 00:00:57,736 | INFO | [INFO] Intento login 1/12 para grupo JV
2026-04-24 00:00:57,736 | INFO | [TILE] Args launch: --window-size=754,468 --window-position=6,6
2026-04-24 00:00:57,737 | INFO | [TILE] Lanzando Chromium con args: ['--disable-infobars', '--window-size=754,468', '--window-position=6,6']
2026-04-24 00:00:58,647 | INFO | [TILE] Geometría aplicada -> xy=(6,6) wh=(754,468) screen_cfg=1536x960 screen_js=1536x912 outer_js=755x470
2026-04-24 00:00:59,194 | INFO | [INFO] Pagina de login cargada
2026-04-24 00:00:59,491 | INFO | [INFO] Pestaña 'Autenticación Tradicional' seleccionada
2026-04-24 00:01:01,586 | INFO | [INFO] Credenciales llenadas para grupo JV
2026-04-24 00:01:01,587 | INFO |  OCR CAPTCHA: intento interno 1/6...
2026-04-24 00:01:02,596 | ERROR | C:\Users\fserrano\AppData\Local\Programs\Python\Python314\Lib\site-packages\torch\utils\data\dataloader.py:775: UserWarning: 'pin_memory' argument is set as true but no accelerator is found, then device pinned memory won't be used.
2026-04-24 00:01:02,597 | ERROR |   super().__init__(loader)
2026-04-24 00:01:02,802 | INFO |    -> Variante 0, Decoder greedy: 'UXPQ' -> 'UXPQ' (len=4) [WARNING]
2026-04-24 00:01:03,303 | INFO |    -> Variante 0, Decoder beamsearch: 'UXPQ' -> 'UXPQ' (len=4) [WARNING]
2026-04-24 00:01:03,615 | INFO |    -> Variante 1, Decoder greedy: 'UZXPQ' -> 'UZXPQ' [INFO]
2026-04-24 00:01:03,615 | INFO |    [INFO] CAPTCHA vlido -> Usando: UZXPQ
2026-04-24 00:01:03,679 | INFO | [INFO] Captcha automatico: UZXPQ
2026-04-24 00:01:03,679 | INFO | [INFO] Enviando login...
2026-04-24 00:01:04,099 | INFO | [INFO] Validando acceso...
2026-04-24 00:01:04,099 | INFO | [INFO] Acceso exitoso
2026-04-24 00:01:04,099 | INFO |    -> URL: https://www.sucamec.gob.pe/sel/faces/aplicacion/inicio.xhtml
2026-04-24 00:01:04,099 | INFO | [INFO] Tiempo total login: 6.36 segundos
2026-04-24 00:01:04,099 | INFO |  Navegando a CITAS -> RESERVAS DE CITAS...
2026-04-24 00:01:04,604 | INFO |     Fast-path: click directo en 'RESERVAS DE CITAS' (menuid 7_1)
2026-04-24 00:01:05,869 | INFO | [INFO] Navegacin completada (fast-path) -> URL: https://www.sucamec.gob.pe/sel/faces/aplicacion/inicio.xhtml
2026-04-24 00:01:05,869 | INFO |  Seleccionando tipo de cita: EXAMEN PARA POLGONO DE TIRO...
2026-04-24 00:01:06,242 | INFO |    [INFO] Tipo de cita seleccionado: EXAMEN PARA POLÍGONO DE TIRO
2026-04-24 00:01:06,242 | INFO | -------- JV Registro iterativo 1 (idx=0, prioridad=alta, intento=1, en_cola=0) --------
2026-04-24 00:01:06,324 | INFO |  Registro tomado desde Excel:
2026-04-24 00:01:06,324 | INFO |    - id_registro: 1
2026-04-24 00:01:06,324 | INFO |    - sede: LIMA
2026-04-24 00:01:06,324 | INFO |    - fecha: 15/05/2026
2026-04-24 00:01:06,324 | INFO |    - hora_rango: 12:00-12:15
2026-04-24 00:01:06,324 | INFO |    - tipo_operacion: INICIAL DE LICENCIA DE USO
2026-04-24 00:01:06,325 | INFO |    - doc_vigilante: 76023039
2026-04-24 00:01:06,325 | INFO |    - nro_solicitud: 043793-0
2026-04-24 00:01:06,325 | INFO |    - fecha_programacion: 24/04/2026
2026-04-24 00:01:06,325 | INFO |    - ruc: J & V Resguardo
2026-04-24 00:01:06,325 | INFO |    - prioridad: alta
2026-04-24 00:01:06,325 | INFO |    - siguiente_mismo_doc_y_fecha: False
2026-04-24 00:01:06,325 | INFO |    - indices_relacionados_excel: [0]
2026-04-24 00:01:06,325 | INFO |    - tipo_arma (excel): ['CORTA']
2026-04-24 00:01:06,325 | INFO |    - arma (excel): ['REVOLVER']
2026-04-24 00:01:06,325 | INFO |    - objetivos_arma: [('CORTA', 'REVOLVER')]
2026-04-24 00:01:06,325 | INFO |    - tipos_arma_objetivo: ['CORTA']
2026-04-24 00:01:06,333 | INFO |  Completando Reserva de Cupos con datos del Excel...
2026-04-24 00:01:06,707 | INFO |    [INFO] Sede seleccionado: LIMA
2026-04-24 00:01:07,847 | INFO |    [INFO] Fecha seleccionado: 15/05/2026
2026-04-24 00:01:07,848 | INFO |  Buscando hora en tabla: 12:00-12:15
2026-04-24 00:01:08,261 | INFO |    [INFO] Estrategia horario: bloque completo de mediodía (11:45-13:00)
2026-04-24 00:01:08,665 | INFO |    [INFO] Click en botn 'Limpiar' por falta de cupos
2026-04-24 00:01:09,688 | INFO | [WARNING] Error en registro idx=0: No hay cupos en horarios candidatos. Objetivo: 12:00-12:15 | Candidatos: 11:45-12:00(0), 12:00-12:15(0), 12:15-12:30(0), 12:30-12:45(0), 12:45-13:00(0)
2026-04-24 00:01:09,713 | INFO |    📝 Excel actualizado: observaciones='No alcanzo cupo para horario 12:00-12:15' en 1 fila(s)
2026-04-24 00:01:09,714 | INFO | [INFO] Registro idx=0 marcado como terminal 'SIN_CUPO' tras 1 confirmaciones
2026-04-24 00:01:09,929 | INFO |    [INFO] Click en 'Limpiar' (recuperación por error)
2026-04-24 00:01:10,929 | INFO | [DEBUG] PERSISTENT_SESSION: cerrando contexto anterior para siguiente grupo
2026-04-24 00:01:10,950 | INFO |  Tiempo total del flujo: 13.98 segundos
2026-04-24 00:01:10,950 | INFO |  Resumen: OK=0 | SIN_CUPO=1 | ERROR=0
2026-04-24 00:01:10,950 | INFO | [INFO] Flujo completado.
2026-04-24 00:01:10,950 | INFO |     Duracin final del flujo: 13.98 segundos
2026-04-24 00:01:11,314 | INFO | Navegador cerrado.
2026-04-24 00:01:11,314 | INFO | Pipeline finalizado
2026-04-24 00:01:11,314 | INFO | Log disponible en: C:\Users\fserrano\Desktop\ARMAS-GADSO-1.0\logs\.tmp_multihilo_flow_20260424_000051\logs_w1\run_20260424_000051.log
