2026-04-22 00:02:06,785 | INFO | Iniciando pipeline ARMAS-GADSO
2026-04-22 00:02:06,785 | INFO | Modo: scheduled
2026-04-22 00:02:06,786 | INFO | Excel: C:\Users\fserrano\Desktop\ARMAS-GADSO-1.0\logs\.tmp_multihilo_flow_20260422_000206\worker_2_batch_2_idxs_1_5.xlsx
2026-04-22 00:02:12,675 | INFO | [INFO] INICIANDO SCRIPT SEL - Login Automtico
2026-04-22 00:02:12,675 | INFO | [INFO] PERSISTENT_SESSION activado - navegador se reutilizará entre grupos sin cerrarse
2026-04-22 00:02:13,504 | INFO |    -> Registros con estado 'PENDIENTE': 2
2026-04-22 00:02:13,505 | INFO |    -> Validando fecha de hoy: 22/04/2026
2026-04-22 00:02:13,511 | INFO |    -> Registros despus de filtrar por fecha: 2 (filtrados: 0)
2026-04-22 00:02:13,518 | INFO |  Registros pendientes a procesar: 2
2026-04-22 00:02:13,518 | INFO |  Procesando grupo RUC JV - Registros: 2
2026-04-22 00:02:13,518 | INFO | [INFO] Intento login 1/12 para grupo JV
2026-04-22 00:02:13,518 | INFO | [TILE] Args launch: --window-size=754,468 --window-position=776,6
2026-04-22 00:02:13,518 | INFO | [TILE] Lanzando Chromium con args: ['--disable-infobars', '--window-size=754,468', '--window-position=776,6']
2026-04-22 00:02:14,540 | INFO | [TILE] Geometría aplicada -> xy=(776,6) wh=(754,468) screen_cfg=1536x960 screen_js=1536x912 outer_js=755x470
2026-04-22 00:02:15,489 | INFO | [INFO] Pagina de login cargada
2026-04-22 00:02:15,686 | INFO | [INFO] Pestaña 'Autenticación Tradicional' seleccionada
2026-04-22 00:02:18,260 | INFO | [INFO] Credenciales llenadas para grupo JV
2026-04-22 00:02:18,260 | INFO |  OCR CAPTCHA: intento interno 1/6...
2026-04-22 00:02:20,959 | ERROR | C:\Users\fserrano\AppData\Local\Programs\Python\Python314\Lib\site-packages\torch\utils\data\dataloader.py:775: UserWarning: 'pin_memory' argument is set as true but no accelerator is found, then device pinned memory won't be used.
2026-04-22 00:02:20,959 | ERROR |   super().__init__(loader)
2026-04-22 00:02:21,191 | INFO |    -> Variante 0, Decoder greedy: 'HK9FH' -> 'HK9FH' [INFO]
2026-04-22 00:02:21,192 | INFO |    [INFO] CAPTCHA vlido -> Usando: HK9FH
2026-04-22 00:02:21,303 | INFO | [INFO] Captcha automatico: HK9FH
2026-04-22 00:02:21,304 | INFO | [INFO] Enviando login...
2026-04-22 00:02:21,874 | INFO | [INFO] Validando acceso...
2026-04-22 00:02:21,874 | INFO | [INFO] Acceso exitoso
2026-04-22 00:02:21,874 | INFO |    -> URL: https://www.sucamec.gob.pe/sel/faces/aplicacion/inicio.xhtml
2026-04-22 00:02:21,874 | INFO | [INFO] Tiempo total login: 8.36 segundos
2026-04-22 00:02:21,874 | INFO |  Navegando a CITAS -> RESERVAS DE CITAS...
2026-04-22 00:02:23,320 | INFO |     Fast-path: click directo en 'RESERVAS DE CITAS' (menuid 7_1)
2026-04-22 00:02:25,014 | INFO | [INFO] Navegacin completada (fast-path) -> URL: https://www.sucamec.gob.pe/sel/faces/aplicacion/inicio.xhtml
2026-04-22 00:02:25,014 | INFO |  Seleccionando tipo de cita: EXAMEN PARA POLGONO DE TIRO...
2026-04-22 00:02:25,425 | INFO |    [INFO] Tipo de cita seleccionado: EXAMEN PARA POLÍGONO DE TIRO
2026-04-22 00:02:25,425 | INFO | -------- JV Registro iterativo 1 (idx=1, prioridad=alta, intento=1, en_cola=1) --------
2026-04-22 00:02:26,807 | INFO |  Registro tomado desde Excel:
2026-04-22 00:02:26,807 | INFO |    - id_registro: 2
2026-04-22 00:02:26,807 | INFO |    - sede: LIMA
2026-04-22 00:02:26,807 | INFO |    - fecha: 13/05/2026
2026-04-22 00:02:26,807 | INFO |    - hora_rango: 08:00-08:15
2026-04-22 00:02:26,807 | INFO |    - tipo_operacion: RENOVACION DE LICENCIA DE USO
2026-04-22 00:02:26,807 | INFO |    - doc_vigilante: 21260481
2026-04-22 00:02:26,807 | INFO |    - nro_solicitud: 090786-0
2026-04-22 00:02:26,807 | INFO |    - fecha_programacion: 22/04/2026
2026-04-22 00:02:26,807 | INFO |    - ruc: J & V Resguardo
2026-04-22 00:02:26,807 | INFO |    - prioridad: alta
2026-04-22 00:02:26,807 | INFO |    - siguiente_mismo_doc_y_fecha: False
2026-04-22 00:02:26,807 | INFO |    - indices_relacionados_excel: [1]
2026-04-22 00:02:26,807 | INFO |    - tipo_arma (excel): ['CORTA']
2026-04-22 00:02:26,807 | INFO |    - arma (excel): ['PISTOLA']
2026-04-22 00:02:26,807 | INFO |    - objetivos_arma: [('CORTA', 'PISTOLA')]
2026-04-22 00:02:26,807 | INFO |    - tipos_arma_objetivo: ['CORTA']
2026-04-22 00:02:26,815 | INFO |  Completando Reserva de Cupos con datos del Excel...
2026-04-22 00:02:27,195 | INFO |    [INFO] Sede seleccionado: LIMA
2026-04-22 00:02:28,309 | INFO |    [INFO] Fecha seleccionado: 13/05/2026
2026-04-22 00:02:28,310 | INFO |  Buscando hora en tabla: 08:00-08:15
2026-04-22 00:02:29,495 | INFO |    [INFO] Estrategia horario: vecinos inmediatos (inferior/superior)
2026-04-22 00:02:29,495 | INFO |    [INFO] Reasignación adaptativa de hora: 08:00-08:15 -> 08:15-08:30 (Cupos=3)
2026-04-22 00:02:29,788 | INFO |    [INFO] Hora seleccionada: 08:15-08:30 (Cupos Libres=3)
2026-04-22 00:02:29,911 | INFO |    [INFO] Click en botn 'Siguiente'
2026-04-22 00:02:29,911 | INFO |  Completando Paso 2 con datos del Excel...
2026-04-22 00:02:31,112 | INFO |    [INFO] Tipo Operacin seleccionado: RENOVACIÓN DE LICENCIA DE USO
2026-04-22 00:02:32,647 | INFO |    [INFO] Documento vigilante seleccionado: 21260481
2026-04-22 00:02:33,174 | INFO |    [INFO] Seleccione Solicitud: SI
2026-04-22 00:02:35,617 | INFO | [WARNING] Error en registro idx=1: No se encontró Nro Solicitud con token '90786'. Opciones: ['Seleccione', 'TUPA 2022 PA3400C730 - Nro Empoce: 99007 - Fecha registro: 21/04/2026', 'TUPA 2022 PA3400C730 - Nro Empoce: 43503 - Fecha registro: 21/04/2026', 'TUPA 2022 PA3400C730 - Nro Empoce: 64138 - Fecha registro: 20/04/2026', 'TUPA 2022 PA3400C730 - Nro Empoce: 90090 - Fecha registro: 06/04/2026', 'TUPA 2022 PA3400C730 - Nro Empoce: 36850 - Fecha registro: 23/03/2026', 'TUPA 2022 PA3400C730 - Nro Empoce: 31885 - Fecha registro: 26/08/2025', 'TUPA 2022 PA3400C730 - Nro Empoce: 16387 - Fecha registro: 14/07/2025', 'TUPA 2022 PA3400C730 - Nro Empoce: 31822 - Fecha registro: 28/04/2025', 'TUPA 2022 PA3400C730 - Nro Empoce: 46248 - Fecha registro: 20/03/2025']
2026-04-22 00:02:35,617 | INFO | [INFO] Registro idx=1 con causal terminal 'NRO_SOLICITUD' pendiente de confirmación (1/2). Reencolando...
2026-04-22 00:02:44,644 | INFO | -------- JV Registro iterativo 2 (idx=5, prioridad=alta, intento=1, en_cola=1) --------
2026-04-22 00:02:44,685 | INFO |  Registro tomado desde Excel:
2026-04-22 00:02:44,685 | INFO |    - id_registro: 6
2026-04-22 00:02:44,685 | INFO |    - sede: LIMA
2026-04-22 00:02:44,685 | INFO |    - fecha: 13/05/2026
2026-04-22 00:02:44,685 | INFO |    - hora_rango: 12:00-12:15
2026-04-22 00:02:44,685 | INFO |    - tipo_operacion: INICIAL DE LICENCIA DE USO
2026-04-22 00:02:44,685 | INFO |    - doc_vigilante: 44209356
2026-04-22 00:02:44,685 | INFO |    - nro_solicitud: 099012-0
2026-04-22 00:02:44,685 | INFO |    - fecha_programacion: 22/04/2026
2026-04-22 00:02:44,685 | INFO |    - ruc: J & V Resguardo
2026-04-22 00:02:44,685 | INFO |    - prioridad: alta
2026-04-22 00:02:44,685 | INFO |    - siguiente_mismo_doc_y_fecha: False
2026-04-22 00:02:44,685 | INFO |    - indices_relacionados_excel: [5]
2026-04-22 00:02:44,685 | INFO |    - tipo_arma (excel): ['CORTA']
2026-04-22 00:02:44,685 | INFO |    - arma (excel): ['PISTOLA']
2026-04-22 00:02:44,685 | INFO |    - objetivos_arma: [('CORTA', 'PISTOLA')]
2026-04-22 00:02:44,685 | INFO |    - tipos_arma_objetivo: ['CORTA']
2026-04-22 00:02:44,691 | INFO |  Completando Reserva de Cupos con datos del Excel...
2026-04-22 00:02:57,679 | INFO | [WARNING] Error en registro idx=5: Locator.wait_for: Timeout 12000ms exceeded.
2026-04-22 00:02:57,679 | INFO | Call log:
2026-04-22 00:02:57,679 | INFO |   - waiting for locator("#tabGestion\\:creaCitaPolJurForm\\:sedeId .ui-selectonemenu-trigger") to be visible
2026-04-22 00:02:57,679 | INFO | [INFO] Error transitorio/no clasificado en idx=5. Reencolando (1/4)...
2026-04-22 00:03:06,690 | INFO | -------- JV Registro iterativo 3 (idx=1, prioridad=alta, intento=2, en_cola=1) --------
2026-04-22 00:03:06,721 | INFO |  Registro tomado desde Excel:
2026-04-22 00:03:06,721 | INFO |    - id_registro: 2
2026-04-22 00:03:06,721 | INFO |    - sede: LIMA
2026-04-22 00:03:06,721 | INFO |    - fecha: 13/05/2026
2026-04-22 00:03:06,721 | INFO |    - hora_rango: 08:00-08:15
2026-04-22 00:03:06,721 | INFO |    - tipo_operacion: RENOVACION DE LICENCIA DE USO
2026-04-22 00:03:06,721 | INFO |    - doc_vigilante: 21260481
2026-04-22 00:03:06,721 | INFO |    - nro_solicitud: 090786-0
2026-04-22 00:03:06,721 | INFO |    - fecha_programacion: 22/04/2026
2026-04-22 00:03:06,721 | INFO |    - ruc: J & V Resguardo
2026-04-22 00:03:06,721 | INFO |    - prioridad: alta
2026-04-22 00:03:06,721 | INFO |    - siguiente_mismo_doc_y_fecha: False
2026-04-22 00:03:06,721 | INFO |    - indices_relacionados_excel: [1]
2026-04-22 00:03:06,721 | INFO |    - tipo_arma (excel): ['CORTA']
2026-04-22 00:03:06,721 | INFO |    - arma (excel): ['PISTOLA']
2026-04-22 00:03:06,721 | INFO |    - objetivos_arma: [('CORTA', 'PISTOLA')]
2026-04-22 00:03:06,721 | INFO |    - tipos_arma_objetivo: ['CORTA']
2026-04-22 00:03:06,725 | INFO |  Completando Reserva de Cupos con datos del Excel...
2026-04-22 00:03:19,699 | INFO | [WARNING] Error en registro idx=1: Locator.wait_for: Timeout 12000ms exceeded.
2026-04-22 00:03:19,699 | INFO | Call log:
2026-04-22 00:03:19,699 | INFO |   - waiting for locator("#tabGestion\\:creaCitaPolJurForm\\:sedeId .ui-selectonemenu-trigger") to be visible
2026-04-22 00:03:19,699 | INFO | [INFO] Error transitorio/no clasificado en idx=1. Reencolando (1/4)...
2026-04-22 00:03:28,712 | INFO | -------- JV Registro iterativo 4 (idx=5, prioridad=alta, intento=2, en_cola=1) --------
2026-04-22 00:03:28,743 | INFO |  Registro tomado desde Excel:
2026-04-22 00:03:28,743 | INFO |    - id_registro: 6
2026-04-22 00:03:28,743 | INFO |    - sede: LIMA
2026-04-22 00:03:28,743 | INFO |    - fecha: 13/05/2026
2026-04-22 00:03:28,743 | INFO |    - hora_rango: 12:00-12:15
2026-04-22 00:03:28,743 | INFO |    - tipo_operacion: INICIAL DE LICENCIA DE USO
2026-04-22 00:03:28,743 | INFO |    - doc_vigilante: 44209356
2026-04-22 00:03:28,743 | INFO |    - nro_solicitud: 099012-0
2026-04-22 00:03:28,743 | INFO |    - fecha_programacion: 22/04/2026
2026-04-22 00:03:28,743 | INFO |    - ruc: J & V Resguardo
2026-04-22 00:03:28,743 | INFO |    - prioridad: alta
2026-04-22 00:03:28,743 | INFO |    - siguiente_mismo_doc_y_fecha: False
2026-04-22 00:03:28,743 | INFO |    - indices_relacionados_excel: [5]
2026-04-22 00:03:28,743 | INFO |    - tipo_arma (excel): ['CORTA']
2026-04-22 00:03:28,743 | INFO |    - arma (excel): ['PISTOLA']
2026-04-22 00:03:28,743 | INFO |    - objetivos_arma: [('CORTA', 'PISTOLA')]
2026-04-22 00:03:28,743 | INFO |    - tipos_arma_objetivo: ['CORTA']
2026-04-22 00:03:28,749 | INFO |  Completando Reserva de Cupos con datos del Excel...
2026-04-22 00:03:41,761 | INFO | [WARNING] Error en registro idx=5: Locator.wait_for: Timeout 12000ms exceeded.
2026-04-22 00:03:41,761 | INFO | Call log:
2026-04-22 00:03:41,761 | INFO |   - waiting for locator("#tabGestion\\:creaCitaPolJurForm\\:sedeId .ui-selectonemenu-trigger") to be visible
2026-04-22 00:03:41,762 | INFO | [INFO] Error transitorio/no clasificado en idx=5. Reencolando (2/4)...
2026-04-22 00:03:50,771 | INFO | -------- JV Registro iterativo 5 (idx=1, prioridad=alta, intento=3, en_cola=1) --------
2026-04-22 00:03:50,816 | INFO |  Registro tomado desde Excel:
2026-04-22 00:03:50,816 | INFO |    - id_registro: 2
2026-04-22 00:03:50,816 | INFO |    - sede: LIMA
2026-04-22 00:03:50,816 | INFO |    - fecha: 13/05/2026
2026-04-22 00:03:50,816 | INFO |    - hora_rango: 08:00-08:15
2026-04-22 00:03:50,816 | INFO |    - tipo_operacion: RENOVACION DE LICENCIA DE USO
2026-04-22 00:03:50,816 | INFO |    - doc_vigilante: 21260481
2026-04-22 00:03:50,817 | INFO |    - nro_solicitud: 090786-0
2026-04-22 00:03:50,817 | INFO |    - fecha_programacion: 22/04/2026
2026-04-22 00:03:50,817 | INFO |    - ruc: J & V Resguardo
2026-04-22 00:03:50,817 | INFO |    - prioridad: alta
2026-04-22 00:03:50,817 | INFO |    - siguiente_mismo_doc_y_fecha: False
2026-04-22 00:03:50,817 | INFO |    - indices_relacionados_excel: [1]
2026-04-22 00:03:50,817 | INFO |    - tipo_arma (excel): ['CORTA']
2026-04-22 00:03:50,817 | INFO |    - arma (excel): ['PISTOLA']
2026-04-22 00:03:50,817 | INFO |    - objetivos_arma: [('CORTA', 'PISTOLA')]
2026-04-22 00:03:50,817 | INFO |    - tipos_arma_objetivo: ['CORTA']
2026-04-22 00:03:50,823 | INFO |  Completando Reserva de Cupos con datos del Excel...
2026-04-22 00:04:00,442 | INFO | 🛑 Registro idx=1 no procesado: la ventana/contexto del navegador fue cerrada.
2026-04-22 00:04:00,442 | INFO |  Ejecucin interrumpida.
2026-04-22 00:04:00,442 | INFO |    -> Motivo: Ventana del navegador cerrada durante procesamiento
2026-04-22 00:04:00,442 | INFO |     Tiempo transcurrido: 107.77 segundos
2026-04-22 00:04:00,442 | INFO |     Resumen parcial: OK=0 | SIN_CUPO=0 | ERROR=0
2026-04-22 00:04:00,673 | INFO | Navegador cerrado.
2026-04-22 00:04:00,673 | INFO | Pipeline finalizado
2026-04-22 00:04:00,673 | INFO | Log disponible en: C:\Users\fserrano\Desktop\ARMAS-GADSO-1.0\logs\.tmp_multihilo_flow_20260422_000206\logs_w2\run_20260422_000206.log
