2026-04-28 10:13:34,498 | INFO | Iniciando pipeline ARMAS-GADSO
2026-04-28 10:13:34,498 | INFO | Modo: scheduled
2026-04-28 10:13:34,498 | INFO | Excel: C:\Users\fserrano\Desktop\ARMAS-GADSO-1.0\data\programaciones-armas.xlsx
2026-04-28 10:13:34,499 | INFO | Screenshots: C:\Users\fserrano\Desktop\ARMAS-GADSO-1.0\screenshots\20260428_101334
2026-04-28 10:13:40,043 | INFO | [INFO] OCR (easyocr) cargado correctamente | langs=['en'] | gpu=False
2026-04-28 10:13:40,058 | INFO | [INFO] INICIANDO SCRIPT SEL - Login Automtico
2026-04-28 10:13:40,059 | INFO | [INFO] SCHEDULED_MULTIWORKER activado | workers=4 | mode=sticky
2026-04-28 10:13:40,060 | INFO | [INFO] Excel origen multihilo: C:\Users\fserrano\Desktop\ARMAS-GADSO-1.0\data\programaciones-armas.xlsx
2026-04-28 10:13:40,260 | INFO |    -> Registros con estado 'PENDIENTE': 2
2026-04-28 10:13:40,260 | INFO |    -> Validando fecha de hoy: 28/04/2026
2026-04-28 10:13:40,261 | INFO |    -> Registros despues de filtrar por fecha: 2 (filtrados: 0)
2026-04-28 10:13:40,279 | INFO |  Registro tomado desde Excel:
2026-04-28 10:13:40,279 | INFO |    - id_registro: 1
2026-04-28 10:13:40,279 | INFO |    - sede: LIMA
2026-04-28 10:13:40,279 | INFO |    - fecha: 19/05/2026
2026-04-28 10:13:40,279 | INFO |    - hora_rango: 12:00-12:15
2026-04-28 10:13:40,279 | INFO |    - tipo_operacion: RENOVACION DE LICENCIA DE USO
2026-04-28 10:13:40,280 | INFO |    - doc_vigilante: 40598949
2026-04-28 10:13:40,280 | INFO |    - nro_solicitud: 052333-0
2026-04-28 10:13:40,280 | INFO |    - fecha_programacion: 28/04/2026
2026-04-28 10:13:40,280 | INFO |    - ruc: J & V Resguardo
2026-04-28 10:13:40,280 | INFO |    - prioridad: alta
2026-04-28 10:13:40,280 | INFO |    - siguiente_mismo_doc_y_fecha: False
2026-04-28 10:13:40,280 | INFO |    - indices_relacionados_excel: [0]
2026-04-28 10:13:40,280 | INFO |    - tipo_arma (excel): ['CORTA']
2026-04-28 10:13:40,280 | INFO |    - arma (excel): ['REVOLVER']
2026-04-28 10:13:40,280 | INFO |    - objetivos_arma: [('CORTA', 'REVOLVER')]
2026-04-28 10:13:40,280 | INFO |    - tipos_arma_objetivo: ['CORTA']
2026-04-28 10:13:40,294 | INFO |  Registro tomado desde Excel:
2026-04-28 10:13:40,294 | INFO |    - id_registro: 2
2026-04-28 10:13:40,294 | INFO |    - sede: LIMA
2026-04-28 10:13:40,294 | INFO |    - fecha: 19/05/2026
2026-04-28 10:13:40,294 | INFO |    - hora_rango: 12:00-12:15
2026-04-28 10:13:40,294 | INFO |    - tipo_operacion: RENOVACION DE LICENCIA DE USO
2026-04-28 10:13:40,294 | INFO |    - doc_vigilante: 73799884
2026-04-28 10:13:40,294 | INFO |    - nro_solicitud: 037411-0
2026-04-28 10:13:40,294 | INFO |    - fecha_programacion: 28/04/2026
2026-04-28 10:13:40,294 | INFO |    - ruc: J & V Resguardo
2026-04-28 10:13:40,294 | INFO |    - prioridad: alta
2026-04-28 10:13:40,294 | INFO |    - siguiente_mismo_doc_y_fecha: False
2026-04-28 10:13:40,295 | INFO |    - indices_relacionados_excel: [1]
2026-04-28 10:13:40,295 | INFO |    - tipo_arma (excel): ['CORTA']
2026-04-28 10:13:40,295 | INFO |    - arma (excel): ['REVOLVER']
2026-04-28 10:13:40,295 | INFO |    - objetivos_arma: [('CORTA', 'REVOLVER')]
2026-04-28 10:13:40,295 | INFO |    - tipos_arma_objetivo: ['CORTA']
2026-04-28 10:13:40,295 | INFO | [INFO] Unidades multihilo a procesar: 2
2026-04-28 10:13:40,296 | INFO | [INFO][W1] Lote asignado idx=[0]
2026-04-28 10:13:40,296 | INFO | [INFO][W2] Lote asignado idx=[1]
2026-04-28 10:14:15,547 | INFO | [INFO][W2] Lote idx=[1] finalizo OK en 35.19s
2026-04-28 10:14:22,652 | INFO | [INFO][W1] Lote idx=[0] finalizo OK en 42.29s
2026-04-28 10:14:22,654 | INFO | [INFO] Conteo por worker: [1, 1, 0, 0]
2026-04-28 10:14:22,654 | INFO | [INFO] Unidades procesadas: 2/2
2026-04-28 10:14:22,654 | INFO | [INFO] Tiempo total multihilo: 42.36s
2026-04-28 10:14:22,654 | INFO | [OK] Flujo multihilo scheduled finalizado sin fallos de proceso
2026-04-28 10:14:22,654 | INFO | Pipeline finalizado
2026-04-28 10:14:22,654 | INFO | Log disponible en: C:\Users\fserrano\Desktop\ARMAS-GADSO-1.0\logs\20260428_101334\run_20260428_101334.log
