2026-04-24 09:36:08,719 | INFO | Iniciando pipeline ARMAS-GADSO
2026-04-24 09:36:08,719 | INFO | Modo: scheduled
2026-04-24 09:36:08,719 | INFO | Excel: C:\Users\fserrano\Desktop\ARMAS-GADSO-1.0\logs\20260424_093600\worker_2_batch_1_idxs_1.xlsx
2026-04-24 09:36:13,281 | INFO | [INFO] INICIANDO SCRIPT SEL - Login Automtico
2026-04-24 09:36:13,281 | INFO | [INFO] PERSISTENT_SESSION activado - navegador se reutilizará entre grupos sin cerrarse
2026-04-24 09:36:13,923 | INFO |    -> Registros con estado 'PENDIENTE': 1
2026-04-24 09:36:13,923 | INFO |    -> Validando fecha de hoy: 24/04/2026
2026-04-24 09:36:13,926 | INFO |    -> Registros despus de filtrar por fecha: 1 (filtrados: 0)
2026-04-24 09:36:13,929 | INFO |  Registros pendientes a procesar: 1
2026-04-24 09:36:13,929 | INFO |  Procesando grupo RUC JV - Registros: 1
2026-04-24 09:36:13,929 | INFO | [INFO] Intento login 1/12 para grupo JV
2026-04-24 09:36:13,929 | INFO | [TILE] Args launch: --window-size=754,468 --window-position=776,6
2026-04-24 09:36:13,929 | INFO | [TILE] Lanzando Chromium con args: ['--disable-infobars', '--window-size=754,468', '--window-position=776,6']
2026-04-24 09:36:14,897 | INFO | [TILE] Geometría aplicada -> xy=(776,6) wh=(754,468) screen_cfg=1536x960 screen_js=1536x912 outer_js=755x470
2026-04-24 09:36:16,044 | INFO | [INFO] Pagina de login cargada
2026-04-24 09:36:16,331 | INFO | [INFO] Pestaña 'Autenticación Tradicional' seleccionada
2026-04-24 09:36:18,364 | INFO | [INFO] Credenciales llenadas para grupo JV
2026-04-24 09:36:18,364 | INFO |  OCR CAPTCHA: intento interno 1/6...
2026-04-24 09:36:19,534 | ERROR | C:\Users\fserrano\AppData\Local\Programs\Python\Python314\Lib\site-packages\torch\utils\data\dataloader.py:775: UserWarning: 'pin_memory' argument is set as true but no accelerator is found, then device pinned memory won't be used.
2026-04-24 09:36:19,534 | ERROR |   super().__init__(loader)
2026-04-24 09:36:19,646 | INFO |    -> Variante 0, Decoder greedy: 'X7 WT' -> 'X7WT' (len=4) [WARNING]
2026-04-24 09:36:20,184 | INFO |    -> Variante 0, Decoder beamsearch: 'X7 WT' -> 'X7WT' (len=4) [WARNING]
2026-04-24 09:36:20,468 | INFO |    -> Variante 1, Decoder greedy: 'X7WT' -> 'X7WT' (len=4) [WARNING]
2026-04-24 09:36:20,726 | INFO |    -> Variante 1, Decoder beamsearch: 'X7WT' -> 'X7WT' (len=4) [WARNING]
2026-04-24 09:36:21,421 | INFO |    -> Variante 2, Decoder greedy: 'X7 WT' -> 'X7WT' (len=4) [WARNING]
2026-04-24 09:36:22,038 | INFO |    -> Variante 2, Decoder beamsearch: 'X7 WT' -> 'X7WT' (len=4) [WARNING]
2026-04-24 09:36:22,038 | INFO |    [WARNING] Ninguna combinacin dio resultado -> Refrescando CAPTCHA...
2026-04-24 09:36:22,039 | INFO | -------------------------------------------
2026-04-24 09:36:22,559 | INFO |  OCR CAPTCHA: intento interno 2/6...
2026-04-24 09:36:23,460 | INFO |    -> Variante 0, Decoder greedy: 'HM8N5' -> 'HM8N5' [INFO]
2026-04-24 09:36:23,460 | INFO |    [INFO] CAPTCHA vlido -> Usando: HM8N5
2026-04-24 09:36:23,526 | INFO | [INFO] Captcha automatico: HM8N5
2026-04-24 09:36:23,527 | INFO | [INFO] Enviando login...
2026-04-24 09:36:23,895 | INFO | [INFO] Validando acceso...
2026-04-24 09:36:23,896 | INFO | [INFO] Acceso exitoso
2026-04-24 09:36:23,896 | INFO |    -> URL: https://www.sucamec.gob.pe/sel/faces/aplicacion/inicio.xhtml
2026-04-24 09:36:23,896 | INFO | [INFO] Tiempo total login: 9.97 segundos
2026-04-24 09:36:23,896 | INFO |  Navegando a CITAS -> RESERVAS DE CITAS...
2026-04-24 09:36:25,987 | INFO |     Fast-path: click directo en 'RESERVAS DE CITAS' (menuid 7_1)
2026-04-24 09:36:27,607 | INFO | [INFO] Navegacin completada (fast-path) -> URL: https://www.sucamec.gob.pe/sel/faces/aplicacion/inicio.xhtml
2026-04-24 09:36:27,607 | INFO |  Seleccionando tipo de cita: EXAMEN PARA POLGONO DE TIRO...
2026-04-24 09:36:27,975 | INFO |    [INFO] Tipo de cita seleccionado: EXAMEN PARA POLÍGONO DE TIRO
2026-04-24 09:36:27,975 | INFO | -------- JV Registro iterativo 1 (idx=1, prioridad=alta, intento=1, en_cola=0) --------
2026-04-24 09:36:28,115 | INFO |  Registro tomado desde Excel:
2026-04-24 09:36:28,115 | INFO |    - id_registro: 2
2026-04-24 09:36:28,115 | INFO |    - sede: LIMA
2026-04-24 09:36:28,115 | INFO |    - fecha: 15/05/2026
2026-04-24 09:36:28,115 | INFO |    - hora_rango: 12:00-12:15
2026-04-24 09:36:28,115 | INFO |    - tipo_operacion: RENOVACIÓN DE LICENCIA DE USO
2026-04-24 09:36:28,115 | INFO |    - doc_vigilante: 47694399
2026-04-24 09:36:28,115 | INFO |    - nro_solicitud: 099008-0
2026-04-24 09:36:28,115 | INFO |    - fecha_programacion: 24/04/2026
2026-04-24 09:36:28,115 | INFO |    - ruc: J & V Resguardo
2026-04-24 09:36:28,115 | INFO |    - prioridad: alta
2026-04-24 09:36:28,115 | INFO |    - siguiente_mismo_doc_y_fecha: False
2026-04-24 09:36:28,115 | INFO |    - indices_relacionados_excel: [1]
2026-04-24 09:36:28,116 | INFO |    - tipo_arma (excel): ['CORTA']
2026-04-24 09:36:28,116 | INFO |    - arma (excel): ['REVOLVER']
2026-04-24 09:36:28,116 | INFO |    - objetivos_arma: [('CORTA', 'REVOLVER')]
2026-04-24 09:36:28,116 | INFO |    - tipos_arma_objetivo: ['CORTA']
2026-04-24 09:36:28,121 | INFO |  Completando Reserva de Cupos con datos del Excel...
2026-04-24 09:36:28,506 | INFO |    [INFO] Sede seleccionado: LIMA
2026-04-24 09:36:29,627 | INFO |    [INFO] Fecha seleccionado: 15/05/2026
2026-04-24 09:36:29,627 | INFO |  Buscando hora en tabla: 12:00-12:15
2026-04-24 09:36:29,971 | INFO |    [INFO] Estrategia horario: bloque completo de mediodía (11:45-13:00)
2026-04-24 09:36:30,356 | INFO |    [INFO] Click en botn 'Limpiar' por falta de cupos
2026-04-24 09:36:31,362 | INFO | [WARNING] Error en registro idx=1: No hay cupos en horarios candidatos. Objetivo: 12:00-12:15 | Candidatos: 11:45-12:00(0), 12:00-12:15(0), 12:15-12:30(0), 12:30-12:45(0), 12:45-13:00(0)
2026-04-24 09:36:31,382 | INFO |    📝 Excel actualizado: observaciones='No alcanzo cupo para horario 12:00-12:15' en 1 fila(s)
2026-04-24 09:36:31,383 | INFO | [INFO] Registro idx=1 marcado como terminal 'SIN_CUPO' tras 1 confirmaciones
2026-04-24 09:36:33,963 | INFO |    [INFO] Click en 'Limpiar' (recuperación por error)
2026-04-24 09:36:34,964 | INFO | [DEBUG] PERSISTENT_SESSION: cerrando contexto anterior para siguiente grupo
2026-04-24 09:36:34,985 | INFO |  Tiempo total del flujo: 21.70 segundos
2026-04-24 09:36:34,985 | INFO |  Resumen: OK=0 | SIN_CUPO=1 | ERROR=0
2026-04-24 09:36:34,985 | INFO | [INFO] Flujo completado.
2026-04-24 09:36:34,985 | INFO |     Duracin final del flujo: 21.70 segundos
2026-04-24 09:36:35,354 | INFO | Navegador cerrado.
2026-04-24 09:36:35,354 | INFO | Pipeline finalizado
2026-04-24 09:36:35,354 | INFO | Log disponible en: C:\Users\fserrano\Desktop\ARMAS-GADSO-1.0\logs\20260424_093600\logs_w2\run_20260424_093600.log
