2026-04-22 00:00:05,874 | INFO | Iniciando pipeline ARMAS-GADSO
2026-04-22 00:00:05,874 | INFO | Modo: scheduled
2026-04-22 00:00:05,874 | INFO | Excel: C:\Users\fserrano\Desktop\ARMAS-GADSO-1.0\logs\.tmp_multihilo_flow_20260422_000005\worker_4_batch_1_idxs_3.xlsx
2026-04-22 00:00:11,604 | INFO | [INFO] INICIANDO SCRIPT SEL - Login Automtico
2026-04-22 00:00:11,605 | INFO | [INFO] PERSISTENT_SESSION activado - navegador se reutilizará entre grupos sin cerrarse
2026-04-22 00:00:13,701 | INFO |    -> Registros con estado 'PENDIENTE': 1
2026-04-22 00:00:13,702 | INFO |    -> Validando fecha de hoy: 22/04/2026
2026-04-22 00:00:13,704 | INFO |    -> Registros despus de filtrar por fecha: 1 (filtrados: 0)
2026-04-22 00:00:13,707 | INFO |  Registros pendientes a procesar: 1
2026-04-22 00:00:13,707 | INFO |  Procesando grupo RUC JV - Registros: 1
2026-04-22 00:00:13,707 | INFO | [INFO] Intento login 1/12 para grupo JV
2026-04-22 00:00:13,707 | INFO | [TILE] Args launch: --window-size=754,468 --window-position=776,486
2026-04-22 00:00:13,708 | INFO | [TILE] Lanzando Chromium con args: ['--disable-infobars', '--window-size=754,468', '--window-position=776,486']
2026-04-22 00:00:15,734 | INFO | [TILE] Geometría aplicada -> xy=(776,486) wh=(754,468) screen_cfg=1536x960 screen_js=1536x912 outer_js=755x470
2026-04-22 00:00:18,388 | INFO | [INFO] Pagina de login cargada
2026-04-22 00:00:19,481 | INFO | [INFO] Pestaña 'Autenticación Tradicional' seleccionada
2026-04-22 00:00:21,760 | INFO | [INFO] Credenciales llenadas para grupo JV
2026-04-22 00:00:21,761 | INFO |  OCR CAPTCHA: intento interno 1/6...
2026-04-22 00:00:23,827 | ERROR | C:\Users\fserrano\AppData\Local\Programs\Python\Python314\Lib\site-packages\torch\utils\data\dataloader.py:775: UserWarning: 'pin_memory' argument is set as true but no accelerator is found, then device pinned memory won't be used.
2026-04-22 00:00:23,827 | ERROR |   super().__init__(loader)
2026-04-22 00:00:24,061 | INFO |    -> Variante 0, Decoder greedy: '1 GZ3R' -> '1GZ3R' [INFO]
2026-04-22 00:00:24,061 | INFO |    [INFO] CAPTCHA vlido -> Usando: 1GZ3R
2026-04-22 00:00:24,460 | INFO | [INFO] Captcha automatico: 1GZ3R
2026-04-22 00:00:24,460 | INFO | [INFO] Enviando login...
2026-04-22 00:00:25,015 | INFO | [INFO] Validando acceso...
2026-04-22 00:00:25,015 | INFO | [INFO] Acceso exitoso
2026-04-22 00:00:25,015 | INFO |    -> URL: https://www.sucamec.gob.pe/sel/faces/aplicacion/inicio.xhtml
2026-04-22 00:00:25,015 | INFO | [INFO] Tiempo total login: 11.31 segundos
2026-04-22 00:00:25,016 | INFO |  Navegando a CITAS -> RESERVAS DE CITAS...
2026-04-22 00:00:26,281 | INFO |     Fast-path: click directo en 'RESERVAS DE CITAS' (menuid 7_1)
2026-04-22 00:00:27,929 | INFO | [INFO] Navegacin completada (fast-path) -> URL: https://www.sucamec.gob.pe/sel/faces/aplicacion/inicio.xhtml
2026-04-22 00:00:27,929 | INFO |  Seleccionando tipo de cita: EXAMEN PARA POLGONO DE TIRO...
2026-04-22 00:00:28,326 | INFO |    [INFO] Tipo de cita seleccionado: EXAMEN PARA POLÍGONO DE TIRO
2026-04-22 00:00:28,327 | INFO | -------- JV Registro iterativo 1 (idx=3, prioridad=alta, intento=1, en_cola=0) --------
2026-04-22 00:00:29,239 | INFO |  Registro tomado desde Excel:
2026-04-22 00:00:29,239 | INFO |    - id_registro: 4
2026-04-22 00:00:29,239 | INFO |    - sede: LIMA
2026-04-22 00:00:29,239 | INFO |    - fecha: 13/05/2026
2026-04-22 00:00:29,239 | INFO |    - hora_rango: 12:00-12:15
2026-04-22 00:00:29,240 | INFO |    - tipo_operacion: INICIAL DE LICENCIA DE USO
2026-04-22 00:00:29,240 | INFO |    - doc_vigilante: 47263443
2026-04-22 00:00:29,240 | INFO |    - nro_solicitud: 099011-0
2026-04-22 00:00:29,240 | INFO |    - fecha_programacion: 22/04/2026
2026-04-22 00:00:29,240 | INFO |    - ruc: J & V Resguardo
2026-04-22 00:00:29,240 | INFO |    - prioridad: alta
2026-04-22 00:00:29,240 | INFO |    - siguiente_mismo_doc_y_fecha: False
2026-04-22 00:00:29,240 | INFO |    - indices_relacionados_excel: [3]
2026-04-22 00:00:29,240 | INFO |    - tipo_arma (excel): ['CORTA']
2026-04-22 00:00:29,241 | INFO |    - arma (excel): ['REVOLVER']
2026-04-22 00:00:29,241 | INFO |    - objetivos_arma: [('CORTA', 'REVOLVER')]
2026-04-22 00:00:29,241 | INFO |    - tipos_arma_objetivo: ['CORTA']
2026-04-22 00:00:29,249 | INFO |  Completando Reserva de Cupos con datos del Excel...
2026-04-22 00:00:29,635 | INFO |    [INFO] Sede seleccionado: LIMA
2026-04-22 00:00:30,832 | INFO |    [INFO] Fecha seleccionado: 13/05/2026
2026-04-22 00:00:30,832 | INFO |  Buscando hora en tabla: 12:00-12:15
2026-04-22 00:00:31,662 | INFO |    [INFO] Estrategia horario: prioridad a hora exacta del Excel
2026-04-22 00:00:31,983 | INFO |    [INFO] Hora seleccionada: 12:00-12:15 (Cupos Libres=3)
2026-04-22 00:00:32,038 | INFO |    [INFO] Click en botn 'Siguiente'
2026-04-22 00:00:32,039 | INFO |  Completando Paso 2 con datos del Excel...
2026-04-22 00:00:32,748 | INFO |    [INFO] Tipo Operacin seleccionado: INICIAL DE LICENCIA DE USO
2026-04-22 00:00:32,748 | INFO |     Flujo INICIAL detectado: primero Tipo de Licencia, luego Documento Vigilante
2026-04-22 00:00:33,315 | INFO |    [INFO] Tipo de Licencia: SEGURIDAD PRIVADA
2026-04-22 00:00:35,413 | INFO |    [INFO] Documento vigilante seleccionado: 47263443
2026-04-22 00:00:35,863 | INFO |    [INFO] Seleccione Solicitud: SI
2026-04-22 00:00:35,863 | INFO |     Flujo INICIAL: tambin se seleccionar Nro Solicitud
2026-04-22 00:00:38,151 | INFO |    [INFO] Nro Solicitud seleccionado: TUPA 2022 PA3400C585 - NRO EMPOCE: 99011 - FECHA REGISTRO: 21/04/2026
2026-04-22 00:00:39,209 | INFO |  Completando tabla de tipos de arma (Fase 2)...
2026-04-22 00:00:44,057 | INFO |    [INFO] CORTA: REVOLVER
2026-04-22 00:00:44,095 | INFO |    [INFO] Click en botn 'Siguiente' de Fase 2 (botonSiguiente3)
2026-04-22 00:00:54,314 | INFO |  Completando Fase 3 (Resumen de cita)...
2026-04-22 00:00:54,321 | INFO |  OCR CAPTCHA Fase 3: intento interno 1/∞...
2026-04-22 00:00:55,716 | ERROR | C:\Users\fserrano\AppData\Local\Programs\Python\Python314\Lib\site-packages\torch\utils\data\dataloader.py:775: UserWarning: 'pin_memory' argument is set as true but no accelerator is found, then device pinned memory won't be used.
2026-04-22 00:00:55,716 | ERROR |   super().__init__(loader)
2026-04-22 00:00:55,789 | INFO |    -> Variante 0, Decoder greedy: '4PHL7' -> '4PHL7' [INFO]
2026-04-22 00:00:55,790 | INFO |    [INFO] CAPTCHA vlido -> Usando: 4PHL7
2026-04-22 00:00:55,853 | INFO |    [INFO] CAPTCHA Fase 3 escrito: 4PHL7
2026-04-22 00:00:56,106 | INFO |    [INFO] Trminos y condiciones marcados
2026-04-22 00:00:57,110 | INFO |  Paso final opcional: Generar Cita (reintento rpido)
2026-04-22 00:00:57,116 | INFO |     Intento generar cita 1/5
2026-04-22 00:00:58,791 | INFO |    [INFO] Generar Cita confirmado en 1.67s
2026-04-22 00:00:58,791 | INFO |    -> URL: https://www.sucamec.gob.pe/sel/faces/aplicacion/inicio.xhtml
2026-04-22 00:00:58,823 | INFO |    [INFO] Excel actualizado: estado='Cita Programada' en 1 fila(s)
2026-04-22 00:00:59,082 | INFO |    [INFO] Click en 'Limpiar' (fin de flujo)
2026-04-22 00:00:59,082 | INFO | [DEBUG] PERSISTENT_SESSION: cerrando contexto anterior para siguiente grupo
2026-04-22 00:00:59,110 | INFO |  Tiempo total del flujo: 47.51 segundos
2026-04-22 00:00:59,110 | INFO |  Resumen: OK=1 | SIN_CUPO=0 | ERROR=0
2026-04-22 00:00:59,110 | INFO | [INFO] Flujo completado.
2026-04-22 00:00:59,111 | INFO |     Duracin final del flujo: 47.51 segundos
2026-04-22 00:00:59,427 | INFO | Navegador cerrado.
2026-04-22 00:00:59,428 | INFO | Pipeline finalizado
2026-04-22 00:00:59,428 | INFO | Log disponible en: C:\Users\fserrano\Desktop\ARMAS-GADSO-1.0\logs\.tmp_multihilo_flow_20260422_000005\logs_w4\run_20260422_000005.log
