2026-04-23 00:00:30,831 | INFO | Iniciando pipeline ARMAS-GADSO
2026-04-23 00:00:30,832 | INFO | Modo: scheduled
2026-04-23 00:00:30,832 | INFO | Excel: C:\Users\fserrano\Desktop\ARMAS-GADSO-1.0\logs\.tmp_multihilo_flow_20260423_000030\worker_2_batch_1_idxs_1.xlsx
2026-04-23 00:00:37,339 | INFO | [INFO] INICIANDO SCRIPT SEL - Login Automtico
2026-04-23 00:00:37,340 | INFO | [INFO] PERSISTENT_SESSION activado - navegador se reutilizará entre grupos sin cerrarse
2026-04-23 00:00:39,528 | INFO |    -> Registros con estado 'PENDIENTE': 1
2026-04-23 00:00:39,528 | INFO |    -> Validando fecha de hoy: 23/04/2026
2026-04-23 00:00:39,531 | INFO |    -> Registros despus de filtrar por fecha: 1 (filtrados: 0)
2026-04-23 00:00:39,535 | INFO |  Registros pendientes a procesar: 1
2026-04-23 00:00:39,535 | INFO |  Procesando grupo RUC JV - Registros: 1
2026-04-23 00:00:39,535 | INFO | [INFO] Intento login 1/12 para grupo JV
2026-04-23 00:00:39,535 | INFO | [TILE] Args launch: --window-size=754,468 --window-position=776,6
2026-04-23 00:00:39,535 | INFO | [TILE] Lanzando Chromium con args: ['--disable-infobars', '--window-size=754,468', '--window-position=776,6']
2026-04-23 00:00:42,064 | INFO | [TILE] Geometría aplicada -> xy=(776,6) wh=(754,468) screen_cfg=1536x960 screen_js=1536x912 outer_js=755x470
2026-04-23 00:00:44,382 | INFO | [INFO] Pagina de login cargada
2026-04-23 00:00:44,932 | INFO | [INFO] Pestaña 'Autenticación Tradicional' seleccionada
2026-04-23 00:00:47,663 | INFO | [INFO] Credenciales llenadas para grupo JV
2026-04-23 00:00:47,664 | INFO |  OCR CAPTCHA: intento interno 1/6...
2026-04-23 00:00:49,800 | ERROR | C:\Users\fserrano\AppData\Local\Programs\Python\Python314\Lib\site-packages\torch\utils\data\dataloader.py:775: UserWarning: 'pin_memory' argument is set as true but no accelerator is found, then device pinned memory won't be used.
2026-04-23 00:00:49,801 | ERROR |   super().__init__(loader)
2026-04-23 00:00:49,968 | INFO |    -> Variante 0, Decoder greedy: '7CF6L' -> '7CF6L' [INFO]
2026-04-23 00:00:49,968 | INFO |    [INFO] CAPTCHA vlido -> Usando: 7CF6L
2026-04-23 00:00:50,374 | INFO | [INFO] Captcha automatico: 7CF6L
2026-04-23 00:00:50,374 | INFO | [INFO] Enviando login...
2026-04-23 00:00:51,571 | INFO | [INFO] Validando acceso...
2026-04-23 00:00:51,571 | INFO | [INFO] Acceso exitoso
2026-04-23 00:00:51,572 | INFO |    -> URL: https://www.sucamec.gob.pe/sel/faces/aplicacion/inicio.xhtml
2026-04-23 00:00:51,572 | INFO | [INFO] Tiempo total login: 12.04 segundos
2026-04-23 00:00:51,572 | INFO |  Navegando a CITAS -> RESERVAS DE CITAS...
2026-04-23 00:00:53,119 | INFO |     Fast-path: click directo en 'RESERVAS DE CITAS' (menuid 7_1)
2026-04-23 00:00:55,652 | INFO | [INFO] Navegacin completada (fast-path) -> URL: https://www.sucamec.gob.pe/sel/faces/aplicacion/inicio.xhtml
2026-04-23 00:00:55,653 | INFO |  Seleccionando tipo de cita: EXAMEN PARA POLGONO DE TIRO...
2026-04-23 00:00:56,036 | INFO |    [INFO] Tipo de cita seleccionado: EXAMEN PARA POLÍGONO DE TIRO
2026-04-23 00:00:56,036 | INFO | -------- JV Registro iterativo 1 (idx=1, prioridad=alta, intento=1, en_cola=0) --------
2026-04-23 00:00:59,501 | INFO |  Registro tomado desde Excel:
2026-04-23 00:00:59,501 | INFO |    - id_registro: 2
2026-04-23 00:00:59,501 | INFO |    - sede: LIMA
2026-04-23 00:00:59,501 | INFO |    - fecha: 14/05/2026
2026-04-23 00:00:59,501 | INFO |    - hora_rango: 11:45-12:00
2026-04-23 00:00:59,502 | INFO |    - tipo_operacion: RENOVACION DE LICENCIA DE USO
2026-04-23 00:00:59,502 | INFO |    - doc_vigilante: 43252376
2026-04-23 00:00:59,502 | INFO |    - nro_solicitud: 099007-0
2026-04-23 00:00:59,502 | INFO |    - fecha_programacion: 23/04/2026
2026-04-23 00:00:59,502 | INFO |    - ruc: J & V Resguardo
2026-04-23 00:00:59,502 | INFO |    - prioridad: alta
2026-04-23 00:00:59,502 | INFO |    - siguiente_mismo_doc_y_fecha: False
2026-04-23 00:00:59,502 | INFO |    - indices_relacionados_excel: [1]
2026-04-23 00:00:59,502 | INFO |    - tipo_arma (excel): ['CORTA']
2026-04-23 00:00:59,502 | INFO |    - arma (excel): ['PISTOLA']
2026-04-23 00:00:59,503 | INFO |    - objetivos_arma: [('CORTA', 'PISTOLA')]
2026-04-23 00:00:59,503 | INFO |    - tipos_arma_objetivo: ['CORTA']
2026-04-23 00:00:59,510 | INFO |  Completando Reserva de Cupos con datos del Excel...
2026-04-23 00:01:00,052 | INFO |    [INFO] Sede seleccionado: LIMA
2026-04-23 00:01:02,552 | INFO |    [INFO] Fecha seleccionado: 14/05/2026
2026-04-23 00:01:02,552 | INFO |  Buscando hora en tabla: 11:45-12:00
2026-04-23 00:01:03,832 | INFO |    [INFO] Estrategia horario: prioridad a hora exacta del Excel
2026-04-23 00:01:04,145 | INFO |    [INFO] Hora seleccionada: 11:45-12:00 (Cupos Libres=3)
2026-04-23 00:01:04,406 | INFO |    [INFO] Click en botn 'Siguiente'
2026-04-23 00:01:04,406 | INFO |  Completando Paso 2 con datos del Excel...
2026-04-23 00:01:05,587 | INFO |    [INFO] Tipo Operacin seleccionado: RENOVACIÓN DE LICENCIA DE USO
2026-04-23 00:01:10,474 | INFO | [WARNING] Error en registro idx=1: No se confirmó el documento vigilante. Esperado contiene '43252376' | Actual ''
2026-04-23 00:01:10,474 | INFO | [INFO] Registro idx=1 con causal terminal 'DOC_VIGILANTE' pendiente de confirmación (1/2). Reencolando...
2026-04-23 00:01:10,686 | INFO |    [INFO] Click en 'Limpiar' (recuperación por error)
2026-04-23 00:01:11,686 | INFO | -------- JV Registro iterativo 2 (idx=1, prioridad=alta, intento=2, en_cola=0) --------
2026-04-23 00:01:11,744 | INFO |  Registro tomado desde Excel:
2026-04-23 00:01:11,745 | INFO |    - id_registro: 2
2026-04-23 00:01:11,745 | INFO |    - sede: LIMA
2026-04-23 00:01:11,745 | INFO |    - fecha: 14/05/2026
2026-04-23 00:01:11,745 | INFO |    - hora_rango: 11:45-12:00
2026-04-23 00:01:11,745 | INFO |    - tipo_operacion: RENOVACION DE LICENCIA DE USO
2026-04-23 00:01:11,745 | INFO |    - doc_vigilante: 43252376
2026-04-23 00:01:11,745 | INFO |    - nro_solicitud: 099007-0
2026-04-23 00:01:11,745 | INFO |    - fecha_programacion: 23/04/2026
2026-04-23 00:01:11,745 | INFO |    - ruc: J & V Resguardo
2026-04-23 00:01:11,745 | INFO |    - prioridad: alta
2026-04-23 00:01:11,745 | INFO |    - siguiente_mismo_doc_y_fecha: False
2026-04-23 00:01:11,745 | INFO |    - indices_relacionados_excel: [1]
2026-04-23 00:01:11,745 | INFO |    - tipo_arma (excel): ['CORTA']
2026-04-23 00:01:11,746 | INFO |    - arma (excel): ['PISTOLA']
2026-04-23 00:01:11,746 | INFO |    - objetivos_arma: [('CORTA', 'PISTOLA')]
2026-04-23 00:01:11,746 | INFO |    - tipos_arma_objetivo: ['CORTA']
2026-04-23 00:01:11,754 | INFO |  Completando Reserva de Cupos con datos del Excel...
2026-04-23 00:01:12,367 | INFO |    [INFO] Sede seleccionado: LIMA
2026-04-23 00:01:13,516 | INFO |    [INFO] Fecha seleccionado: 14/05/2026
2026-04-23 00:01:13,517 | INFO |  Buscando hora en tabla: 11:45-12:00
2026-04-23 00:01:14,671 | INFO |    [INFO] Estrategia horario: prioridad a hora exacta del Excel
2026-04-23 00:01:14,971 | INFO |    [INFO] Hora seleccionada: 11:45-12:00 (Cupos Libres=3)
2026-04-23 00:01:15,019 | INFO |    [INFO] Click en botn 'Siguiente'
2026-04-23 00:01:15,019 | INFO |  Completando Paso 2 con datos del Excel...
2026-04-23 00:01:16,203 | INFO |    [INFO] Tipo Operacin seleccionado: RENOVACIÓN DE LICENCIA DE USO
2026-04-23 00:01:18,020 | INFO |    [INFO] Documento vigilante seleccionado: 43252376
2026-04-23 00:01:18,842 | INFO |    [INFO] Seleccione Solicitud: SI
2026-04-23 00:01:21,600 | INFO |    [INFO] Nro Solicitud seleccionado: TUPA 2022 PA3400C730 - NRO EMPOCE: 99007 - FECHA REGISTRO: 21/04/2026
2026-04-23 00:01:22,606 | INFO |  Completando tabla de tipos de arma (Fase 2)...
2026-04-23 00:01:27,862 | INFO |    [INFO] CORTA: PISTOLA
2026-04-23 00:01:27,884 | INFO |    [INFO] Click en botn 'Siguiente' de Fase 2 (botonSiguiente3)
2026-04-23 00:01:34,908 | INFO |  Completando Fase 3 (Resumen de cita)...
2026-04-23 00:01:34,917 | INFO |  OCR CAPTCHA Fase 3: intento interno 1/∞...
2026-04-23 00:01:36,238 | ERROR | C:\Users\fserrano\AppData\Local\Programs\Python\Python314\Lib\site-packages\torch\utils\data\dataloader.py:775: UserWarning: 'pin_memory' argument is set as true but no accelerator is found, then device pinned memory won't be used.
2026-04-23 00:01:36,238 | ERROR |   super().__init__(loader)
2026-04-23 00:01:36,293 | INFO |    -> Variante 0, Decoder greedy: 'PHNYF' -> 'PHNYF' [INFO]
2026-04-23 00:01:36,293 | INFO |    [INFO] CAPTCHA vlido -> Usando: PHNYF
2026-04-23 00:01:36,421 | INFO |    [INFO] CAPTCHA Fase 3 escrito: PHNYF
2026-04-23 00:01:36,689 | INFO |    [INFO] Trminos y condiciones marcados
2026-04-23 00:01:37,702 | INFO |  Paso final opcional: Generar Cita (reintento rpido)
2026-04-23 00:01:37,706 | INFO |     Intento generar cita 1/5
2026-04-23 00:01:39,172 | INFO |    [INFO] Generar Cita confirmado en 1.47s
2026-04-23 00:01:39,173 | INFO |    -> URL: https://www.sucamec.gob.pe/sel/faces/aplicacion/inicio.xhtml
2026-04-23 00:01:39,199 | INFO |    [INFO] Excel actualizado: estado='Cita Programada' en 1 fila(s)
2026-04-23 00:01:39,436 | INFO |    [INFO] Click en 'Limpiar' (fin de flujo)
2026-04-23 00:01:39,436 | INFO | [DEBUG] PERSISTENT_SESSION: cerrando contexto anterior para siguiente grupo
2026-04-23 00:01:39,459 | INFO |  Tiempo total del flujo: 62.12 segundos
2026-04-23 00:01:39,459 | INFO |  Resumen: OK=1 | SIN_CUPO=0 | ERROR=0
2026-04-23 00:01:39,459 | INFO | [INFO] Flujo completado.
2026-04-23 00:01:39,459 | INFO |     Duracin final del flujo: 62.12 segundos
2026-04-23 00:01:39,717 | INFO | Navegador cerrado.
2026-04-23 00:01:39,717 | INFO | Pipeline finalizado
2026-04-23 00:01:39,717 | INFO | Log disponible en: C:\Users\fserrano\Desktop\ARMAS-GADSO-1.0\logs\.tmp_multihilo_flow_20260423_000030\logs_w2\run_20260423_000030.log
