2026-04-28 12:12:26,105 | INFO | Iniciando pipeline ARMAS-GADSO
2026-04-28 12:12:26,105 | INFO | Modo: scheduled
2026-04-28 12:12:26,105 | INFO | Excel: C:\Users\fserrano\Desktop\ARMAS-GADSO-1.0\logs\20260428_121220\worker_1_batch_1_idxs_0.xlsx
2026-04-28 12:12:26,106 | INFO | Screenshots: C:\Users\fserrano\Desktop\ARMAS-GADSO-1.0\screenshots\20260428_121220\screenshots_w1
2026-04-28 12:12:31,726 | INFO | [INFO] OCR (easyocr) cargado correctamente | langs=['en'] | gpu=False
2026-04-28 12:12:31,767 | INFO | [INFO] INICIANDO SCRIPT SEL - Login Automtico
2026-04-28 12:12:31,767 | INFO | [INFO] PERSISTENT_SESSION activado - navegador se reutilizara entre grupos sin cerrarse
2026-04-28 12:12:32,802 | INFO |    -> Registros con estado 'PENDIENTE': 1
2026-04-28 12:12:32,803 | INFO |    -> Validando fecha de hoy: 28/04/2026
2026-04-28 12:12:32,804 | INFO |    -> Registros despues de filtrar por fecha: 1 (filtrados: 0)
2026-04-28 12:12:32,809 | INFO |  Registros pendientes a procesar: 1
2026-04-28 12:12:32,809 | INFO |  Procesando grupo RUC JV - Registros: 1
2026-04-28 12:12:32,809 | INFO | [INFO] Intento login 1/12 para grupo JV
2026-04-28 12:12:32,809 | INFO | [TILE] Lanzando Chromium con args: ['--disable-infobars', '--window-size=1366,900', '--window-position=0,0']
2026-04-28 12:12:35,081 | INFO | [INFO] Pagina de login cargada
2026-04-28 12:12:35,501 | INFO | [INFO] Pestaña 'Autenticación Tradicional' seleccionada
2026-04-28 12:12:37,581 | INFO | [INFO] Credenciales llenadas para grupo JV
2026-04-28 12:12:37,581 | INFO |  OCR CAPTCHA: intento interno 1/6...
2026-04-28 12:12:38,738 | ERROR | C:\Users\fserrano\AppData\Local\Programs\Python\Python314\Lib\site-packages\torch\utils\data\dataloader.py:775: UserWarning: 'pin_memory' argument is set as true but no accelerator is found, then device pinned memory won't be used.
2026-04-28 12:12:38,738 | ERROR |   super().__init__(loader)
2026-04-28 12:12:38,967 | INFO |    -> Variante 0, Decoder greedy: 'X34UM' -> 'X34UM' [INFO]
2026-04-28 12:12:38,967 | INFO |    [INFO] CAPTCHA valido -> Usando: X34UM
2026-04-28 12:12:39,093 | INFO | [INFO] Captcha automatico: X34UM
2026-04-28 12:12:39,094 | INFO | [INFO] Enviando login...
2026-04-28 12:12:39,645 | INFO | [INFO] Validando acceso...
2026-04-28 12:12:39,645 | INFO | [INFO] Acceso exitoso
2026-04-28 12:12:39,645 | INFO |    -> URL: https://www.sucamec.gob.pe/sel/faces/aplicacion/inicio.xhtml
2026-04-28 12:12:39,645 | INFO | [INFO] Tiempo total login: 4.56 segundos
2026-04-28 12:12:39,645 | INFO |  Navegando a RESERVAS DE CITAS...
2026-04-28 12:12:42,646 | INFO |    [INFO] Menu CITAS expandido
2026-04-28 12:12:44,031 | INFO |    [INFO] Click en 'RESERVAS DE CITAS'
2026-04-28 12:12:44,031 | INFO |  Seleccionando tipo de cita: EXAMEN PARA POLIGONO DE TIRO
2026-04-28 12:12:44,769 | INFO |    [INFO] Tipo de cita seleccionado: EXAMEN PARA POLÍGONO DE TIRO
2026-04-28 12:12:44,769 | INFO | -------- JV Registro iterativo 1 (idx=0, prioridad=alta, intento=1, en_cola=0) --------
2026-04-28 12:12:45,124 | INFO |  Registro tomado desde Excel:
2026-04-28 12:12:45,125 | INFO |    - id_registro: 1
2026-04-28 12:12:45,125 | INFO |    - sede: LIMA
2026-04-28 12:12:45,125 | INFO |    - fecha: 19/05/2026
2026-04-28 12:12:45,125 | INFO |    - hora_rango: 12:00-12:15
2026-04-28 12:12:45,125 | INFO |    - tipo_operacion: RENOVACION DE LICENCIA DE USO
2026-04-28 12:12:45,125 | INFO |    - doc_vigilante: 40598949
2026-04-28 12:12:45,125 | INFO |    - nro_solicitud: 052333-0
2026-04-28 12:12:45,125 | INFO |    - fecha_programacion: 28/04/2026
2026-04-28 12:12:45,125 | INFO |    - ruc: J & V Resguardo
2026-04-28 12:12:45,125 | INFO |    - prioridad: alta
2026-04-28 12:12:45,125 | INFO |    - siguiente_mismo_doc_y_fecha: False
2026-04-28 12:12:45,125 | INFO |    - indices_relacionados_excel: [0]
2026-04-28 12:12:45,125 | INFO |    - tipo_arma (excel): ['CORTA']
2026-04-28 12:12:45,125 | INFO |    - arma (excel): ['REVOLVER']
2026-04-28 12:12:45,125 | INFO |    - objetivos_arma: [('CORTA', 'REVOLVER')]
2026-04-28 12:12:45,126 | INFO |    - tipos_arma_objetivo: ['CORTA']
2026-04-28 12:12:45,133 | INFO |  Completando Reserva de Cupos con datos del Excel...
2026-04-28 12:12:45,719 | INFO |    [INFO] Sede seleccionado: LIMA
2026-04-28 12:12:46,863 | INFO |    [INFO] Fecha seleccionado: 19/05/2026
2026-04-28 12:12:46,863 | INFO |  Buscando hora en tabla: 12:00-12:15
2026-04-28 12:12:47,841 | INFO |    [INFO] Screenshot tabla cupos: C:\Users\fserrano\Desktop\ARMAS-GADSO-1.0\screenshots\20260428_121220\screenshots_w1\step_1_reserva_cupos\20260428_121247_tabla_inicial_i1_h12_00-12_15.png
2026-04-28 12:12:48,168 | INFO |    [INFO] Estrategia horario: bloque completo de mediodia (11:45-13:00)
2026-04-28 12:12:48,292 | INFO |    [INFO] Screenshot tabla sin cupo: C:\Users\fserrano\Desktop\ARMAS-GADSO-1.0\screenshots\20260428_121220\screenshots_w1\step_1_reserva_cupos\20260428_121248_sin_cupo_candidatos_0_i1_h12_00-12_15.png
2026-04-28 12:12:48,293 | INFO |    [INFO] Correo Graph diferido [MULTIWORKER_DEFERRED] | attachments=20260428_121247_tabla_inicial_i1_h12_00-12_15.png, 20260428_121248_sin_cupo_candidatos_0_i1_h12_00-12_15.png
2026-04-28 12:12:48,715 | INFO |    [INFO] Click en boton 'Limpiar' por falta de cupos
2026-04-28 12:12:49,735 | INFO | [WARNING] Error en registro idx=0: No hay cupos en horarios candidatos. Objetivo: 12:00-12:15 | Candidatos: 11:45-12:00(0), 12:00-12:15(0), 12:15-12:30(0), 12:30-12:45(0), 12:45-13:00(0)
2026-04-28 12:12:49,762 | INFO |    [INFO] Excel actualizado: observaciones='No alcanzo cupo para horario 12:00-12:15' en 1 fila(s)
2026-04-28 12:12:49,762 | INFO | [INFO] Registro idx=0 marcado como terminal 'SIN_CUPO' tras 1 confirmaciones
2026-04-28 12:12:50,444 | INFO | [INFO] Wizard limpiado para siguiente registro (recuperacion por error)
2026-04-28 12:12:51,446 | INFO | [DEBUG] PERSISTENT_SESSION: cerrando contexto anterior para siguiente grupo
2026-04-28 12:12:51,485 | INFO |  Tiempo total del flujo: 19.72 segundos
2026-04-28 12:12:51,485 | INFO |  Resumen: OK=0 | SIN_CUPO=1 | ERROR=0
2026-04-28 12:12:51,485 | INFO | [INFO] Flujo completado.
2026-04-28 12:12:51,485 | INFO |     Duracin final del flujo: 19.72 segundos
2026-04-28 12:12:51,721 | INFO | Navegador cerrado.
2026-04-28 12:12:51,721 | INFO | Pipeline finalizado
2026-04-28 12:12:51,721 | INFO | Log disponible en: C:\Users\fserrano\Desktop\ARMAS-GADSO-1.0\logs\20260428_121220\logs_w1\run_20260428_121220.log
