2026-04-22 00:02:06,789 | INFO | Iniciando pipeline ARMAS-GADSO
2026-04-22 00:02:06,789 | INFO | Modo: scheduled
2026-04-22 00:02:06,789 | INFO | Excel: C:\Users\fserrano\Desktop\ARMAS-GADSO-1.0\logs\.tmp_multihilo_flow_20260422_000206\worker_4_batch_1_idxs_3.xlsx
2026-04-22 00:02:13,032 | INFO | [INFO] INICIANDO SCRIPT SEL - Login Automtico
2026-04-22 00:02:13,033 | INFO | [INFO] PERSISTENT_SESSION activado - navegador se reutilizará entre grupos sin cerrarse
2026-04-22 00:02:13,761 | INFO |    -> Registros con estado 'PENDIENTE': 1
2026-04-22 00:02:13,761 | INFO |    -> Validando fecha de hoy: 22/04/2026
2026-04-22 00:02:13,763 | INFO |    -> Registros despus de filtrar por fecha: 1 (filtrados: 0)
2026-04-22 00:02:13,767 | INFO |  Registros pendientes a procesar: 1
2026-04-22 00:02:13,767 | INFO |  Procesando grupo RUC JV - Registros: 1
2026-04-22 00:02:13,767 | INFO | [INFO] Intento login 1/12 para grupo JV
2026-04-22 00:02:13,767 | INFO | [TILE] Args launch: --window-size=754,468 --window-position=776,486
2026-04-22 00:02:13,767 | INFO | [TILE] Lanzando Chromium con args: ['--disable-infobars', '--window-size=754,468', '--window-position=776,486']
2026-04-22 00:02:14,970 | INFO | [TILE] Geometría aplicada -> xy=(776,486) wh=(754,468) screen_cfg=1536x960 screen_js=1536x912 outer_js=755x470
2026-04-22 00:02:16,193 | INFO | [INFO] Pagina de login cargada
2026-04-22 00:02:16,664 | INFO | [INFO] Pestaña 'Autenticación Tradicional' seleccionada
2026-04-22 00:02:19,325 | INFO | [INFO] Credenciales llenadas para grupo JV
2026-04-22 00:02:19,326 | INFO |  OCR CAPTCHA: intento interno 1/6...
2026-04-22 00:02:21,116 | ERROR | C:\Users\fserrano\AppData\Local\Programs\Python\Python314\Lib\site-packages\torch\utils\data\dataloader.py:775: UserWarning: 'pin_memory' argument is set as true but no accelerator is found, then device pinned memory won't be used.
2026-04-22 00:02:21,116 | ERROR |   super().__init__(loader)
2026-04-22 00:02:21,297 | INFO |    -> Variante 0, Decoder greedy: 'C55 MC' -> 'C55MC' [INFO]
2026-04-22 00:02:21,297 | INFO |    [INFO] CAPTCHA vlido -> Usando: C55MC
2026-04-22 00:02:21,488 | INFO | [INFO] Captcha automatico: C55MC
2026-04-22 00:02:21,488 | INFO | [INFO] Enviando login...
2026-04-22 00:02:21,925 | INFO | [INFO] Validando acceso...
2026-04-22 00:02:21,925 | INFO | [INFO] Acceso exitoso
2026-04-22 00:02:21,925 | INFO |    -> URL: https://www.sucamec.gob.pe/sel/faces/aplicacion/inicio.xhtml
2026-04-22 00:02:21,925 | INFO | [INFO] Tiempo total login: 8.16 segundos
2026-04-22 00:02:21,926 | INFO |  Navegando a CITAS -> RESERVAS DE CITAS...
2026-04-22 00:02:22,970 | INFO |     Fast-path: click directo en 'RESERVAS DE CITAS' (menuid 7_1)
2026-04-22 00:02:24,900 | INFO | [INFO] Navegacin completada (fast-path) -> URL: https://www.sucamec.gob.pe/sel/faces/aplicacion/inicio.xhtml
2026-04-22 00:02:24,900 | INFO |  Seleccionando tipo de cita: EXAMEN PARA POLGONO DE TIRO...
2026-04-22 00:02:25,368 | INFO |    [INFO] Tipo de cita seleccionado: EXAMEN PARA POLÍGONO DE TIRO
2026-04-22 00:02:25,368 | INFO | -------- JV Registro iterativo 1 (idx=3, prioridad=alta, intento=1, en_cola=0) --------
2026-04-22 00:02:26,253 | INFO |  Registro tomado desde Excel:
2026-04-22 00:02:26,253 | INFO |    - id_registro: 4
2026-04-22 00:02:26,253 | INFO |    - sede: LIMA
2026-04-22 00:02:26,253 | INFO |    - fecha: 13/05/2026
2026-04-22 00:02:26,253 | INFO |    - hora_rango: 12:00-12:15
2026-04-22 00:02:26,254 | INFO |    - tipo_operacion: INICIAL DE LICENCIA DE USO
2026-04-22 00:02:26,254 | INFO |    - doc_vigilante: 47263443
2026-04-22 00:02:26,254 | INFO |    - nro_solicitud: 099011-0
2026-04-22 00:02:26,254 | INFO |    - fecha_programacion: 22/04/2026
2026-04-22 00:02:26,254 | INFO |    - ruc: J & V Resguardo
2026-04-22 00:02:26,254 | INFO |    - prioridad: alta
2026-04-22 00:02:26,254 | INFO |    - siguiente_mismo_doc_y_fecha: False
2026-04-22 00:02:26,254 | INFO |    - indices_relacionados_excel: [3]
2026-04-22 00:02:26,254 | INFO |    - tipo_arma (excel): ['CORTA']
2026-04-22 00:02:26,254 | INFO |    - arma (excel): ['REVOLVER']
2026-04-22 00:02:26,254 | INFO |    - objetivos_arma: [('CORTA', 'REVOLVER')]
2026-04-22 00:02:26,254 | INFO |    - tipos_arma_objetivo: ['CORTA']
2026-04-22 00:02:26,261 | INFO |  Completando Reserva de Cupos con datos del Excel...
2026-04-22 00:02:26,685 | INFO |    [INFO] Sede seleccionado: LIMA
2026-04-22 00:02:27,801 | INFO |    [INFO] Fecha seleccionado: 13/05/2026
2026-04-22 00:02:27,801 | INFO |  Buscando hora en tabla: 12:00-12:15
2026-04-22 00:02:28,973 | INFO |    [INFO] Estrategia horario: bloque completo de mediodía (11:45-13:00)
2026-04-22 00:02:28,973 | INFO |    [INFO] Reasignación adaptativa de hora: 12:00-12:15 -> 12:15-12:30 (Cupos=2)
2026-04-22 00:02:29,274 | INFO |    [INFO] Hora seleccionada: 12:15-12:30 (Cupos Libres=2)
2026-04-22 00:02:29,310 | INFO |    [INFO] Click en botn 'Siguiente'
2026-04-22 00:02:29,310 | INFO |  Completando Paso 2 con datos del Excel...
2026-04-22 00:02:30,475 | INFO |    [INFO] Tipo Operacin seleccionado: INICIAL DE LICENCIA DE USO
2026-04-22 00:02:30,475 | INFO |     Flujo INICIAL detectado: primero Tipo de Licencia, luego Documento Vigilante
2026-04-22 00:02:30,988 | INFO |    [INFO] Tipo de Licencia: SEGURIDAD PRIVADA
2026-04-22 00:02:35,469 | INFO | [WARNING] Error en registro idx=3: No se confirmó el documento vigilante. Esperado contiene '47263443' | Actual ''
2026-04-22 00:02:35,469 | INFO | [INFO] Registro idx=3 con causal terminal 'DOC_VIGILANTE' pendiente de confirmación (1/2). Reencolando...
2026-04-22 00:02:35,703 | INFO |    [INFO] Click en 'Limpiar' (recuperación por error)
2026-04-22 00:02:36,703 | INFO | -------- JV Registro iterativo 2 (idx=3, prioridad=alta, intento=2, en_cola=0) --------
2026-04-22 00:02:36,759 | INFO |  Registro tomado desde Excel:
2026-04-22 00:02:36,759 | INFO |    - id_registro: 4
2026-04-22 00:02:36,759 | INFO |    - sede: LIMA
2026-04-22 00:02:36,760 | INFO |    - fecha: 13/05/2026
2026-04-22 00:02:36,760 | INFO |    - hora_rango: 12:00-12:15
2026-04-22 00:02:36,760 | INFO |    - tipo_operacion: INICIAL DE LICENCIA DE USO
2026-04-22 00:02:36,760 | INFO |    - doc_vigilante: 47263443
2026-04-22 00:02:36,760 | INFO |    - nro_solicitud: 099011-0
2026-04-22 00:02:36,760 | INFO |    - fecha_programacion: 22/04/2026
2026-04-22 00:02:36,760 | INFO |    - ruc: J & V Resguardo
2026-04-22 00:02:36,760 | INFO |    - prioridad: alta
2026-04-22 00:02:36,760 | INFO |    - siguiente_mismo_doc_y_fecha: False
2026-04-22 00:02:36,760 | INFO |    - indices_relacionados_excel: [3]
2026-04-22 00:02:36,760 | INFO |    - tipo_arma (excel): ['CORTA']
2026-04-22 00:02:36,760 | INFO |    - arma (excel): ['REVOLVER']
2026-04-22 00:02:36,760 | INFO |    - objetivos_arma: [('CORTA', 'REVOLVER')]
2026-04-22 00:02:36,760 | INFO |    - tipos_arma_objetivo: ['CORTA']
2026-04-22 00:02:36,767 | INFO |  Completando Reserva de Cupos con datos del Excel...
2026-04-22 00:02:37,154 | INFO |    [INFO] Sede seleccionado: LIMA
2026-04-22 00:02:38,240 | INFO |    [INFO] Fecha seleccionado: 13/05/2026
2026-04-22 00:02:38,240 | INFO |  Buscando hora en tabla: 12:00-12:15
2026-04-22 00:02:39,320 | INFO |    [INFO] Estrategia horario: bloque completo de mediodía (11:45-13:00)
2026-04-22 00:02:39,321 | INFO |    [INFO] Reasignación adaptativa de hora: 12:00-12:15 -> 12:30-12:45 (Cupos=1)
2026-04-22 00:02:39,643 | INFO |    [INFO] Hora seleccionada: 12:30-12:45 (Cupos Libres=1)
2026-04-22 00:02:39,711 | INFO |    [INFO] Click en botn 'Siguiente'
2026-04-22 00:02:39,711 | INFO |  Completando Paso 2 con datos del Excel...
2026-04-22 00:02:40,901 | INFO |    [INFO] Tipo Operacin seleccionado: INICIAL DE LICENCIA DE USO
2026-04-22 00:02:40,902 | INFO |     Flujo INICIAL detectado: primero Tipo de Licencia, luego Documento Vigilante
2026-04-22 00:02:41,508 | INFO |    [INFO] Tipo de Licencia: SEGURIDAD PRIVADA
2026-04-22 00:02:46,072 | INFO | [WARNING] Error en registro idx=3: No se confirmó el documento vigilante. Esperado contiene '47263443' | Actual ''
2026-04-22 00:02:46,088 | INFO |    📝 Excel actualizado: observaciones='Documento vigilante no disponible para esta razón social/RUC. DNI=47263443 | RUC=J & V Resguardo' en 1 fila(s)
2026-04-22 00:02:46,089 | INFO | [INFO] Registro idx=3 marcado como terminal 'DOC_VIGILANTE' tras 2 confirmaciones
2026-04-22 00:02:46,313 | INFO |    [INFO] Click en 'Limpiar' (recuperación por error)
2026-04-22 00:02:47,313 | INFO | [DEBUG] PERSISTENT_SESSION: cerrando contexto anterior para siguiente grupo
2026-04-22 00:02:47,336 | INFO |  Tiempo total del flujo: 34.30 segundos
2026-04-22 00:02:47,336 | INFO |  Resumen: OK=0 | SIN_CUPO=0 | ERROR=1
2026-04-22 00:02:47,337 | INFO | [INFO] Flujo completado.
2026-04-22 00:02:47,337 | INFO |     Duracin final del flujo: 34.30 segundos
2026-04-22 00:02:47,559 | INFO | Navegador cerrado.
2026-04-22 00:02:47,559 | INFO | Pipeline finalizado
2026-04-22 00:02:47,559 | INFO | Log disponible en: C:\Users\fserrano\Desktop\ARMAS-GADSO-1.0\logs\.tmp_multihilo_flow_20260422_000206\logs_w4\run_20260422_000206.log
