2026-04-28 10:18:59,712 | INFO | Iniciando pipeline ARMAS-GADSO
2026-04-28 10:18:59,712 | INFO | Modo: scheduled
2026-04-28 10:18:59,712 | INFO | Excel: C:\Users\fserrano\Desktop\ARMAS-GADSO-1.0\data\programaciones-armas.xlsx
2026-04-28 10:18:59,712 | INFO | Screenshots: C:\Users\fserrano\Desktop\ARMAS-GADSO-1.0\screenshots\20260428_101859
2026-04-28 10:19:04,607 | INFO | [INFO] OCR (easyocr) cargado correctamente | langs=['en'] | gpu=False
2026-04-28 10:19:04,630 | INFO | [INFO] INICIANDO SCRIPT SEL - Login Automtico
2026-04-28 10:19:04,630 | INFO | [INFO] SCHEDULED_MULTIWORKER activado | workers=4 | mode=sticky
2026-04-28 10:19:04,632 | INFO | [INFO] Excel origen multihilo: C:\Users\fserrano\Desktop\ARMAS-GADSO-1.0\data\programaciones-armas.xlsx
2026-04-28 10:19:04,822 | INFO |    -> Registros con estado 'PENDIENTE': 2
2026-04-28 10:19:04,822 | INFO |    -> Validando fecha de hoy: 28/04/2026
2026-04-28 10:19:04,823 | INFO |    -> Registros despues de filtrar por fecha: 2 (filtrados: 0)
2026-04-28 10:19:04,834 | INFO |  Registro tomado desde Excel:
2026-04-28 10:19:04,834 | INFO |    - id_registro: 1
2026-04-28 10:19:04,834 | INFO |    - sede: LIMA
2026-04-28 10:19:04,834 | INFO |    - fecha: 19/05/2026
2026-04-28 10:19:04,834 | INFO |    - hora_rango: 12:00-12:15
2026-04-28 10:19:04,834 | INFO |    - tipo_operacion: RENOVACION DE LICENCIA DE USO
2026-04-28 10:19:04,834 | INFO |    - doc_vigilante: 40598949
2026-04-28 10:19:04,834 | INFO |    - nro_solicitud: 052333-0
2026-04-28 10:19:04,834 | INFO |    - fecha_programacion: 28/04/2026
2026-04-28 10:19:04,834 | INFO |    - ruc: J & V Resguardo
2026-04-28 10:19:04,834 | INFO |    - prioridad: alta
2026-04-28 10:19:04,834 | INFO |    - siguiente_mismo_doc_y_fecha: False
2026-04-28 10:19:04,834 | INFO |    - indices_relacionados_excel: [0]
2026-04-28 10:19:04,834 | INFO |    - tipo_arma (excel): ['CORTA']
2026-04-28 10:19:04,835 | INFO |    - arma (excel): ['REVOLVER']
2026-04-28 10:19:04,835 | INFO |    - objetivos_arma: [('CORTA', 'REVOLVER')]
2026-04-28 10:19:04,835 | INFO |    - tipos_arma_objetivo: ['CORTA']
2026-04-28 10:19:04,841 | INFO |  Registro tomado desde Excel:
2026-04-28 10:19:04,841 | INFO |    - id_registro: 2
2026-04-28 10:19:04,841 | INFO |    - sede: LIMA
2026-04-28 10:19:04,841 | INFO |    - fecha: 19/05/2026
2026-04-28 10:19:04,841 | INFO |    - hora_rango: 12:00-12:15
2026-04-28 10:19:04,841 | INFO |    - tipo_operacion: RENOVACION DE LICENCIA DE USO
2026-04-28 10:19:04,841 | INFO |    - doc_vigilante: 73799884
2026-04-28 10:19:04,841 | INFO |    - nro_solicitud: 037411-0
2026-04-28 10:19:04,841 | INFO |    - fecha_programacion: 28/04/2026
2026-04-28 10:19:04,841 | INFO |    - ruc: J & V Resguardo
2026-04-28 10:19:04,841 | INFO |    - prioridad: alta
2026-04-28 10:19:04,841 | INFO |    - siguiente_mismo_doc_y_fecha: False
2026-04-28 10:19:04,841 | INFO |    - indices_relacionados_excel: [1]
2026-04-28 10:19:04,842 | INFO |    - tipo_arma (excel): ['CORTA']
2026-04-28 10:19:04,842 | INFO |    - arma (excel): ['REVOLVER']
2026-04-28 10:19:04,842 | INFO |    - objetivos_arma: [('CORTA', 'REVOLVER')]
2026-04-28 10:19:04,842 | INFO |    - tipos_arma_objetivo: ['CORTA']
2026-04-28 10:19:04,842 | INFO | [INFO] Unidades multihilo a procesar: 2
2026-04-28 10:19:04,842 | INFO | [INFO][W1] Lote asignado idx=[0]
2026-04-28 10:19:04,843 | INFO | [INFO][W2] Lote asignado idx=[1]
2026-04-28 10:19:28,879 | INFO | [INFO][W1] Lote idx=[0] finalizo OK en 24.01s
2026-04-28 10:19:28,931 | INFO | [INFO][W2] Lote idx=[1] finalizo OK en 24.05s
2026-04-28 10:19:28,932 | INFO | [INFO] Conteo por worker: [1, 1, 0, 0]
2026-04-28 10:19:28,932 | INFO | [INFO] Unidades procesadas: 2/2
2026-04-28 10:19:28,932 | INFO | [INFO] Tiempo total multihilo: 24.09s
2026-04-28 10:19:28,932 | INFO | [OK] Flujo multihilo scheduled finalizado sin fallos de proceso
2026-04-28 10:19:28,933 | INFO | Pipeline finalizado
2026-04-28 10:19:28,933 | INFO | Log disponible en: C:\Users\fserrano\Desktop\ARMAS-GADSO-1.0\logs\20260428_101859\run_20260428_101859.log
