2026-04-28 11:43:51,889 | INFO | Iniciando pipeline ARMAS-GADSO
2026-04-28 11:43:51,889 | INFO | Modo: scheduled
2026-04-28 11:43:51,889 | INFO | Excel: C:\Users\fserrano\Desktop\ARMAS-GADSO-1.0\logs\20260428_114347\worker_1_batch_1_idxs_0.xlsx
2026-04-28 11:43:51,889 | INFO | Screenshots: C:\Users\fserrano\Desktop\ARMAS-GADSO-1.0\screenshots\20260428_114347\screenshots_w1
2026-04-28 11:43:56,882 | INFO | [INFO] OCR (easyocr) cargado correctamente | langs=['en'] | gpu=False
2026-04-28 11:43:56,911 | INFO | [INFO] INICIANDO SCRIPT SEL - Login Automtico
2026-04-28 11:43:56,911 | INFO | [INFO] PERSISTENT_SESSION activado - navegador se reutilizara entre grupos sin cerrarse
2026-04-28 11:43:57,475 | INFO |    -> Registros con estado 'PENDIENTE': 1
2026-04-28 11:43:57,475 | INFO |    -> Validando fecha de hoy: 28/04/2026
2026-04-28 11:43:57,476 | INFO |    -> Registros despues de filtrar por fecha: 1 (filtrados: 0)
2026-04-28 11:43:57,479 | INFO |  Registros pendientes a procesar: 1
2026-04-28 11:43:57,479 | INFO |  Procesando grupo RUC JV - Registros: 1
2026-04-28 11:43:57,479 | INFO | [INFO] Intento login 1/12 para grupo JV
2026-04-28 11:43:57,479 | INFO | [TILE] Lanzando Chromium con args: ['--disable-infobars', '--window-size=1366,900', '--window-position=0,0']
2026-04-28 11:43:59,997 | INFO | [INFO] Pagina de login cargada
2026-04-28 11:44:00,276 | INFO | [INFO] Pestaña 'Autenticación Tradicional' seleccionada
2026-04-28 11:44:02,269 | INFO | [INFO] Credenciales llenadas para grupo JV
2026-04-28 11:44:02,270 | INFO |  OCR CAPTCHA: intento interno 1/6...
2026-04-28 11:44:03,289 | ERROR | C:\Users\fserrano\AppData\Local\Programs\Python\Python314\Lib\site-packages\torch\utils\data\dataloader.py:775: UserWarning: 'pin_memory' argument is set as true but no accelerator is found, then device pinned memory won't be used.
2026-04-28 11:44:03,289 | ERROR |   super().__init__(loader)
2026-04-28 11:44:03,361 | INFO |    -> Variante 0, Decoder greedy: 'LN8 QW' -> 'LN8QW' [INFO]
2026-04-28 11:44:03,361 | INFO |    [INFO] CAPTCHA valido -> Usando: LN8QW
2026-04-28 11:44:03,410 | INFO | [INFO] Captcha automatico: LN8QW
2026-04-28 11:44:03,411 | INFO | [INFO] Enviando login...
2026-04-28 11:44:04,169 | INFO | [INFO] Validando acceso...
2026-04-28 11:44:04,169 | INFO | [INFO] Acceso exitoso
2026-04-28 11:44:04,169 | INFO |    -> URL: https://www.sucamec.gob.pe/sel/faces/aplicacion/inicio.xhtml
2026-04-28 11:44:04,169 | INFO | [INFO] Tiempo total login: 4.17 segundos
2026-04-28 11:44:04,170 | INFO |  Navegando a RESERVAS DE CITAS...
2026-04-28 11:44:07,118 | INFO |    [INFO] Menu CITAS expandido
2026-04-28 11:44:08,367 | INFO |    [INFO] Click en 'RESERVAS DE CITAS'
2026-04-28 11:44:08,367 | INFO |  Seleccionando tipo de cita: EXAMEN PARA POLIGONO DE TIRO
2026-04-28 11:44:08,820 | INFO |    [INFO] Tipo de cita seleccionado: EXAMEN PARA POLÍGONO DE TIRO
2026-04-28 11:44:08,820 | INFO | -------- JV Registro iterativo 1 (idx=0, prioridad=alta, intento=1, en_cola=0) --------
2026-04-28 11:44:08,961 | INFO |  Registro tomado desde Excel:
2026-04-28 11:44:08,961 | INFO |    - id_registro: 1
2026-04-28 11:44:08,961 | INFO |    - sede: LIMA
2026-04-28 11:44:08,962 | INFO |    - fecha: 19/05/2026
2026-04-28 11:44:08,962 | INFO |    - hora_rango: 12:00-12:15
2026-04-28 11:44:08,962 | INFO |    - tipo_operacion: RENOVACION DE LICENCIA DE USO
2026-04-28 11:44:08,962 | INFO |    - doc_vigilante: 40598949
2026-04-28 11:44:08,962 | INFO |    - nro_solicitud: 052333-0
2026-04-28 11:44:08,962 | INFO |    - fecha_programacion: 28/04/2026
2026-04-28 11:44:08,962 | INFO |    - ruc: J & V Resguardo
2026-04-28 11:44:08,962 | INFO |    - prioridad: alta
2026-04-28 11:44:08,962 | INFO |    - siguiente_mismo_doc_y_fecha: False
2026-04-28 11:44:08,963 | INFO |    - indices_relacionados_excel: [0]
2026-04-28 11:44:08,963 | INFO |    - tipo_arma (excel): ['CORTA']
2026-04-28 11:44:08,963 | INFO |    - arma (excel): ['REVOLVER']
2026-04-28 11:44:08,963 | INFO |    - objetivos_arma: [('CORTA', 'REVOLVER')]
2026-04-28 11:44:08,963 | INFO |    - tipos_arma_objetivo: ['CORTA']
2026-04-28 11:44:08,970 | INFO |  Completando Reserva de Cupos con datos del Excel...
2026-04-28 11:44:09,348 | INFO |    [INFO] Sede seleccionado: LIMA
2026-04-28 11:44:10,479 | INFO |    [INFO] Fecha seleccionado: 19/05/2026
2026-04-28 11:44:10,479 | INFO |  Buscando hora en tabla: 12:00-12:15
2026-04-28 11:44:29,288 | INFO |    [INFO] Screenshot tabla cupos: C:\Users\fserrano\Desktop\ARMAS-GADSO-1.0\screenshots\20260428_114347\screenshots_w1\step_1_reserva_cupos\20260428_114411_tabla_inicial_i1_h12_00-12_15.png
2026-04-28 11:44:29,604 | INFO |    [INFO] Estrategia horario: bloque completo de mediodia (11:45-13:00)
2026-04-28 11:44:29,737 | INFO |    [INFO] Screenshot tabla sin cupo: C:\Users\fserrano\Desktop\ARMAS-GADSO-1.0\screenshots\20260428_114347\screenshots_w1\step_1_reserva_cupos\20260428_114429_sin_cupo_candidatos_0_i1_h12_00-12_15.png
2026-04-28 11:44:29,738 | INFO |    [INFO] Correo Graph diferido [MULTIWORKER_DEFERRED] | attachments=20260428_114411_tabla_inicial_i1_h12_00-12_15.png, 20260428_114429_sin_cupo_candidatos_0_i1_h12_00-12_15.png
2026-04-28 11:44:30,130 | INFO |    [INFO] Click en boton 'Limpiar' por falta de cupos
2026-04-28 11:44:31,063 | INFO | [WARNING] Error en registro idx=0: No hay cupos en horarios candidatos. Objetivo: 12:00-12:15 | Candidatos: 11:45-12:00(0), 12:00-12:15(0), 12:15-12:30(0), 12:30-12:45(0), 12:45-13:00(0)
2026-04-28 11:44:31,084 | INFO |    [INFO] Excel actualizado: observaciones='No alcanzo cupo para horario 12:00-12:15' en 1 fila(s)
2026-04-28 11:44:31,084 | INFO | [INFO] Registro idx=0 marcado como terminal 'SIN_CUPO' tras 1 confirmaciones
2026-04-28 11:44:31,652 | INFO | [INFO] Wizard limpiado para siguiente registro (recuperacion por error)
2026-04-28 11:44:32,653 | INFO | [DEBUG] PERSISTENT_SESSION: cerrando contexto anterior para siguiente grupo
2026-04-28 11:44:32,680 | INFO |  Tiempo total del flujo: 35.77 segundos
2026-04-28 11:44:32,681 | INFO |  Resumen: OK=0 | SIN_CUPO=1 | ERROR=0
2026-04-28 11:44:32,681 | INFO | [INFO] Flujo completado.
2026-04-28 11:44:32,681 | INFO |     Duracin final del flujo: 35.77 segundos
2026-04-28 11:44:33,029 | INFO | Navegador cerrado.
2026-04-28 11:44:33,030 | INFO | Pipeline finalizado
2026-04-28 11:44:33,030 | INFO | Log disponible en: C:\Users\fserrano\Desktop\ARMAS-GADSO-1.0\logs\20260428_114347\logs_w1\run_20260428_114347.log
