2026-04-14 00:00:07,091 | INFO | Iniciando pipeline ARMAS-GADSO
2026-04-14 00:00:07,091 | INFO | Modo: scheduled
2026-04-14 00:00:07,091 | INFO | Excel: C:\Users\fserrano\Desktop\ARMAS-GADSO-1.0\logs\.tmp_multihilo_flow_20260414_000006\worker_1_batch_1_idxs_0.xlsx
2026-04-14 00:00:12,815 | INFO | [INFO] INICIANDO SCRIPT SEL - Login Automtico
2026-04-14 00:00:12,815 | INFO | [INFO] PERSISTENT_SESSION activado - navegador se reutilizará entre grupos sin cerrarse
2026-04-14 00:00:13,526 | INFO |    -> Registros con estado 'PENDIENTE': 2
2026-04-14 00:00:13,527 | INFO |    -> Validando fecha de hoy: 14/04/2026
2026-04-14 00:00:13,530 | INFO |    -> Registros despus de filtrar por fecha: 2 (filtrados: 0)
2026-04-14 00:00:13,537 | INFO |  Registros pendientes a procesar: 1
2026-04-14 00:00:13,537 | INFO |  Procesando grupo RUC JV - Registros: 1
2026-04-14 00:00:13,538 | INFO | [INFO] Intento login 1/12 para grupo JV
2026-04-14 00:00:13,538 | INFO | [TILE] Args launch: --window-size=754,468 --window-position=6,6
2026-04-14 00:00:13,538 | INFO | [TILE] Lanzando Chromium con args: ['--disable-infobars', '--window-size=754,468', '--window-position=6,6']
2026-04-14 00:00:14,638 | INFO | [TILE] Geometría aplicada -> xy=(6,6) wh=(754,468) screen_cfg=1536x960 screen_js=1536x912 outer_js=755x470
2026-04-14 00:00:15,832 | INFO | [INFO] Pagina de login cargada
2026-04-14 00:00:15,974 | INFO | [INFO] Pestaña 'Autenticación Tradicional' seleccionada
2026-04-14 00:00:18,249 | INFO | [INFO] Credenciales llenadas para grupo JV
2026-04-14 00:00:18,249 | INFO |  OCR CAPTCHA: intento interno 1/6...
2026-04-14 00:00:19,515 | ERROR | C:\Users\fserrano\AppData\Local\Programs\Python\Python314\Lib\site-packages\torch\utils\data\dataloader.py:775: UserWarning: 'pin_memory' argument is set as true but no accelerator is found, then device pinned memory won't be used.
2026-04-14 00:00:19,515 | ERROR |   super().__init__(loader)
2026-04-14 00:00:19,768 | INFO |    -> Variante 0, Decoder greedy: '8PRBZ' -> '8PRBZ' [INFO]
2026-04-14 00:00:19,768 | INFO |    [INFO] CAPTCHA vlido -> Usando: 8PRBZ
2026-04-14 00:00:19,844 | INFO | [INFO] Captcha automatico: 8PRBZ
2026-04-14 00:00:19,845 | INFO | [INFO] Enviando login...
2026-04-14 00:00:20,251 | INFO | [INFO] Validando acceso...
2026-04-14 00:00:20,251 | INFO | [INFO] Acceso exitoso
2026-04-14 00:00:20,251 | INFO |    -> URL: https://www.sucamec.gob.pe/sel/faces/aplicacion/inicio.xhtml
2026-04-14 00:00:20,251 | INFO | [INFO] Tiempo total login: 6.71 segundos
2026-04-14 00:00:20,252 | INFO |  Navegando a CITAS -> RESERVAS DE CITAS...
2026-04-14 00:00:20,869 | INFO |     Fast-path: click directo en 'RESERVAS DE CITAS' (menuid 7_1)
2026-04-14 00:00:22,669 | INFO | [INFO] Navegacin completada (fast-path) -> URL: https://www.sucamec.gob.pe/sel/faces/aplicacion/inicio.xhtml
2026-04-14 00:00:22,669 | INFO |  Seleccionando tipo de cita: EXAMEN PARA POLGONO DE TIRO...
2026-04-14 00:00:23,051 | INFO |    [INFO] Tipo de cita seleccionado: EXAMEN PARA POLÍGONO DE TIRO
2026-04-14 00:00:23,052 | INFO | -------- JV Registro iterativo 1 (idx=0, prioridad=alta, intento=1, en_cola=0) --------
2026-04-14 00:00:24,456 | INFO |  Registro tomado desde Excel:
2026-04-14 00:00:24,456 | INFO |    - id_registro: 1
2026-04-14 00:00:24,456 | INFO |    - sede: LIMA
2026-04-14 00:00:24,456 | INFO |    - fecha: 06/05/2026
2026-04-14 00:00:24,457 | INFO |    - hora_rango: 12:00-12:15
2026-04-14 00:00:24,457 | INFO |    - tipo_operacion: INICIAL DE LICENCIA DE USO
2026-04-14 00:00:24,457 | INFO |    - doc_vigilante: 76477494
2026-04-14 00:00:24,457 | INFO |    - nro_solicitud: 075029-0
2026-04-14 00:00:24,457 | INFO |    - fecha_programacion: 14/04/2026
2026-04-14 00:00:24,457 | INFO |    - ruc: J & V Resguardo
2026-04-14 00:00:24,457 | INFO |    - prioridad: alta
2026-04-14 00:00:24,457 | INFO |    - siguiente_mismo_doc_y_fecha: True
2026-04-14 00:00:24,457 | INFO |    - indices_relacionados_excel: [0, 1]
2026-04-14 00:00:24,457 | INFO |    - tipo_arma (excel): ['CORTA', 'LARGA']
2026-04-14 00:00:24,458 | INFO |    - arma (excel): ['REVOLVER', 'ESCOPETA']
2026-04-14 00:00:24,458 | INFO |    - objetivos_arma: [('CORTA', 'REVOLVER'), ('LARGA', 'ESCOPETA')]
2026-04-14 00:00:24,458 | INFO |    - tipos_arma_objetivo: ['CORTA', 'LARGA']
2026-04-14 00:00:24,467 | INFO |  Completando Reserva de Cupos con datos del Excel...
2026-04-14 00:00:24,847 | INFO |    [INFO] Sede seleccionado: LIMA
2026-04-14 00:00:26,692 | INFO | [WARNING] Error en registro idx=0: Fecha '06/05/2026' no disponible en combo. Opciones actuales: ['Seleccione Fecha', '14/04/2026', '15/04/2026', '16/04/2026', '17/04/2026', '20/04/2026', '21/04/2026', '22/04/2026', '23/04/2026', '24/04/2026', '27/04/2026', '28/04/2026', '29/04/2026', '30/04/2026', '04/05/2026', '05/05/2026']
2026-04-14 00:00:26,692 | INFO | [INFO] Registro idx=0 con causal terminal 'FECHA_NO_DISPONIBLE' pendiente de confirmación (1/2). Reencolando...
2026-04-14 00:00:26,930 | INFO |    [INFO] Click en 'Limpiar' (recuperación por error)
2026-04-14 00:00:27,930 | INFO | -------- JV Registro iterativo 2 (idx=0, prioridad=alta, intento=2, en_cola=0) --------
2026-04-14 00:00:27,968 | INFO |  Registro tomado desde Excel:
2026-04-14 00:00:27,968 | INFO |    - id_registro: 1
2026-04-14 00:00:27,968 | INFO |    - sede: LIMA
2026-04-14 00:00:27,968 | INFO |    - fecha: 06/05/2026
2026-04-14 00:00:27,968 | INFO |    - hora_rango: 12:00-12:15
2026-04-14 00:00:27,968 | INFO |    - tipo_operacion: INICIAL DE LICENCIA DE USO
2026-04-14 00:00:27,968 | INFO |    - doc_vigilante: 76477494
2026-04-14 00:00:27,968 | INFO |    - nro_solicitud: 075029-0
2026-04-14 00:00:27,968 | INFO |    - fecha_programacion: 14/04/2026
2026-04-14 00:00:27,968 | INFO |    - ruc: J & V Resguardo
2026-04-14 00:00:27,968 | INFO |    - prioridad: alta
2026-04-14 00:00:27,968 | INFO |    - siguiente_mismo_doc_y_fecha: True
2026-04-14 00:00:27,968 | INFO |    - indices_relacionados_excel: [0, 1]
2026-04-14 00:00:27,968 | INFO |    - tipo_arma (excel): ['CORTA', 'LARGA']
2026-04-14 00:00:27,968 | INFO |    - arma (excel): ['REVOLVER', 'ESCOPETA']
2026-04-14 00:00:27,968 | INFO |    - objetivos_arma: [('CORTA', 'REVOLVER'), ('LARGA', 'ESCOPETA')]
2026-04-14 00:00:27,968 | INFO |    - tipos_arma_objetivo: ['CORTA', 'LARGA']
2026-04-14 00:00:27,975 | INFO |  Completando Reserva de Cupos con datos del Excel...
2026-04-14 00:00:28,321 | INFO |    [INFO] Sede seleccionado: LIMA
2026-04-14 00:00:30,061 | INFO | [WARNING] Error en registro idx=0: Fecha '06/05/2026' no disponible en combo. Opciones actuales: ['Seleccione Fecha', '14/04/2026', '15/04/2026', '16/04/2026', '17/04/2026', '20/04/2026', '21/04/2026', '22/04/2026', '23/04/2026', '24/04/2026', '27/04/2026', '28/04/2026', '29/04/2026', '30/04/2026', '04/05/2026', '05/05/2026']
2026-04-14 00:00:30,078 | INFO |    📝 Excel actualizado: observaciones='Fecha no disponible en combo de Reserva de Cupos: 06/05/2026' en 2 fila(s)
2026-04-14 00:00:30,078 | INFO | [INFO] Registro idx=0 marcado como terminal 'FECHA_NO_DISPONIBLE' tras 2 confirmaciones
2026-04-14 00:00:30,295 | INFO |    [INFO] Click en 'Limpiar' (recuperación por error)
2026-04-14 00:00:31,295 | INFO | [DEBUG] PERSISTENT_SESSION: cerrando contexto anterior para siguiente grupo
2026-04-14 00:00:31,317 | INFO |  Tiempo total del flujo: 18.50 segundos
2026-04-14 00:00:31,318 | INFO |  Resumen: OK=0 | SIN_CUPO=0 | ERROR=1
2026-04-14 00:00:31,318 | INFO | [INFO] Flujo completado.
2026-04-14 00:00:31,318 | INFO |     Duracin final del flujo: 18.50 segundos
2026-04-14 00:00:31,554 | INFO | Navegador cerrado.
2026-04-14 00:00:31,554 | INFO | Pipeline finalizado
2026-04-14 00:00:31,554 | INFO | Log disponible en: C:\Users\fserrano\Desktop\ARMAS-GADSO-1.0\logs\.tmp_multihilo_flow_20260414_000006\logs_w1\run_20260414_000007.log
