2026-04-28 10:26:22,486 | INFO | Iniciando pipeline ARMAS-GADSO
2026-04-28 10:26:22,486 | INFO | Modo: scheduled
2026-04-28 10:26:22,486 | INFO | Excel: C:\Users\fserrano\Desktop\ARMAS-GADSO-1.0\logs\20260428_102617\worker_1_batch_1_idxs_0.xlsx
2026-04-28 10:26:22,486 | INFO | Screenshots: C:\Users\fserrano\Desktop\ARMAS-GADSO-1.0\screenshots\20260428_102617\screenshots_w1
2026-04-28 10:26:26,884 | INFO | [INFO] OCR (easyocr) cargado correctamente | langs=['en'] | gpu=False
2026-04-28 10:26:26,910 | INFO | [INFO] INICIANDO SCRIPT SEL - Login Automtico
2026-04-28 10:26:26,910 | INFO | [INFO] PERSISTENT_SESSION activado - navegador se reutilizara entre grupos sin cerrarse
2026-04-28 10:26:27,433 | INFO |    -> Registros con estado 'PENDIENTE': 1
2026-04-28 10:26:27,433 | INFO |    -> Validando fecha de hoy: 28/04/2026
2026-04-28 10:26:27,434 | INFO |    -> Registros despues de filtrar por fecha: 1 (filtrados: 0)
2026-04-28 10:26:27,436 | INFO |  Registros pendientes a procesar: 1
2026-04-28 10:26:27,436 | INFO |  Procesando grupo RUC JV - Registros: 1
2026-04-28 10:26:27,436 | INFO | [INFO] Intento login 1/12 para grupo JV
2026-04-28 10:26:27,436 | INFO | [TILE] Args launch: --window-size=946,588 --window-position=6,6
2026-04-28 10:26:27,436 | INFO | [TILE] Lanzando Chromium con args: ['--disable-infobars', '--window-size=946,588', '--window-position=6,6']
2026-04-28 10:26:28,342 | INFO | [TILE] Geometría aplicada -> xy=(6,6) wh=(946,588) screen_cfg=1920x1200 screen_js=1536x912 outer_js=947x590
2026-04-28 10:26:48,381 | INFO | [INFO] Pagina de login cargada
2026-04-28 10:26:48,487 | INFO | [INFO] Pestaña 'Autenticación Tradicional' seleccionada
2026-04-28 10:26:55,954 | INFO | [INFO] Credenciales llenadas para grupo JV
2026-04-28 10:26:55,955 | INFO |  OCR CAPTCHA: intento interno 1/6...
2026-04-28 10:27:02,587 | ERROR | C:\Users\fserrano\AppData\Local\Programs\Python\Python314\Lib\site-packages\torch\utils\data\dataloader.py:775: UserWarning: 'pin_memory' argument is set as true but no accelerator is found, then device pinned memory won't be used.
2026-04-28 10:27:02,587 | ERROR |   super().__init__(loader)
2026-04-28 10:27:02,641 | INFO |    -> Variante 0, Decoder greedy: 'SUSDH' -> 'SUSDH' [INFO]
2026-04-28 10:27:02,641 | INFO |    [INFO] CAPTCHA valido -> Usando: SUSDH
2026-04-28 10:27:04,294 | INFO | [INFO] Captcha automatico: SUSDH
2026-04-28 10:27:04,294 | INFO | [INFO] Enviando login...
2026-04-28 10:27:07,625 | INFO | [INFO] Validando acceso...
2026-04-28 10:27:07,625 | INFO | [INFO] Acceso exitoso
2026-04-28 10:27:07,625 | INFO |    -> URL: https://www.sucamec.gob.pe/sel/faces/aplicacion/inicio.xhtml
2026-04-28 10:27:07,625 | INFO | [INFO] Tiempo total login: 19.24 segundos
2026-04-28 10:27:07,625 | INFO |  Navegando a RESERVAS DE CITAS...
2026-04-28 10:27:19,642 | INFO | [ERROR] Intento login 1 para grupo JV fallo: Locator.wait_for: Timeout 12000ms exceeded.
2026-04-28 10:27:19,642 | INFO | Call log:
2026-04-28 10:27:19,642 | INFO |   - waiting for locator("#j_idt11\\:menuPrincipal .ui-panelmenu-header:has(a:text-is(\"CITAS\"))").first to be visible
2026-04-28 10:27:19,643 | INFO |    Reintentando login...
2026-04-28 10:27:21,644 | INFO | [INFO] Intento login 2/12 para grupo JV
2026-04-28 10:27:22,042 | INFO | [TILE] Args launch: --window-size=946,588 --window-position=6,6
2026-04-28 10:27:22,042 | INFO | [TILE] Lanzando Chromium con args: ['--disable-infobars', '--window-size=946,588', '--window-position=6,6']
2026-04-28 10:27:22,814 | INFO | [TILE] Geometría aplicada -> xy=(6,6) wh=(946,588) screen_cfg=1920x1200 screen_js=1536x912 outer_js=947x590
2026-04-28 10:27:30,295 | INFO | [INFO] Pagina de login cargada
2026-04-28 10:27:30,449 | INFO | [INFO] Pestaña 'Autenticación Tradicional' seleccionada
2026-04-28 10:27:32,362 | INFO | [INFO] Credenciales llenadas para grupo JV
2026-04-28 10:27:32,362 | INFO |  OCR CAPTCHA: intento interno 1/6...
2026-04-28 10:27:33,077 | INFO |    -> Variante 0, Decoder greedy: 'DRV9B' -> 'DRV9B' [INFO]
2026-04-28 10:27:33,077 | INFO |    [INFO] CAPTCHA valido -> Usando: DRV9B
2026-04-28 10:27:33,124 | INFO | [INFO] Captcha automatico: DRV9B
2026-04-28 10:27:33,124 | INFO | [INFO] Enviando login...
2026-04-28 10:27:33,331 | INFO | [INFO] Validando acceso...
2026-04-28 10:27:33,352 | INFO | Proceso detenido: se cerro la ventana/contexto del navegador durante el login del grupo JV.
2026-04-28 10:27:33,352 | INFO |  Ejecucin interrumpida.
2026-04-28 10:27:33,352 | INFO |    -> Motivo: Ventana del navegador cerrada
2026-04-28 10:27:33,352 | INFO |     Tiempo transcurrido: 66.44 segundos
2026-04-28 10:27:33,352 | INFO |     Resumen parcial: OK=0 | SIN_CUPO=0 | ERROR=0
2026-04-28 10:27:33,740 | INFO | Navegador cerrado.
2026-04-28 10:27:33,740 | INFO | Pipeline finalizado
2026-04-28 10:27:33,740 | INFO | Log disponible en: C:\Users\fserrano\Desktop\ARMAS-GADSO-1.0\logs\20260428_102617\logs_w1\run_20260428_102617.log
