2026-04-15 00:00:06,843 | INFO | Iniciando pipeline ARMAS-GADSO
2026-04-15 00:00:06,843 | INFO | Modo: scheduled
2026-04-15 00:00:06,843 | INFO | Excel: C:\Users\fserrano\Desktop\ARMAS-GADSO-1.0\logs\.tmp_multihilo_flow_20260415_000006\worker_1_batch_1_idxs_0.xlsx
2026-04-15 00:00:12,358 | INFO | [INFO] INICIANDO SCRIPT SEL - Login Automtico
2026-04-15 00:00:12,358 | INFO | [INFO] PERSISTENT_SESSION activado - navegador se reutilizará entre grupos sin cerrarse
2026-04-15 00:00:16,046 | INFO |    -> Registros con estado 'PENDIENTE': 2
2026-04-15 00:00:16,046 | INFO |    -> Validando fecha de hoy: 15/04/2026
2026-04-15 00:00:16,049 | INFO |    -> Registros despus de filtrar por fecha: 2 (filtrados: 0)
2026-04-15 00:00:16,052 | INFO |  Registros pendientes a procesar: 1
2026-04-15 00:00:16,052 | INFO |  Procesando grupo RUC JV - Registros: 1
2026-04-15 00:00:16,052 | INFO | [INFO] Intento login 1/12 para grupo JV
2026-04-15 00:00:16,052 | INFO | [TILE] Args launch: --window-size=754,468 --window-position=6,6
2026-04-15 00:00:16,052 | INFO | [TILE] Lanzando Chromium con args: ['--disable-infobars', '--window-size=754,468', '--window-position=6,6']
2026-04-15 00:00:18,019 | INFO | [TILE] Geometría aplicada -> xy=(6,6) wh=(754,468) screen_cfg=1536x960 screen_js=1536x912 outer_js=755x470
2026-04-15 00:00:20,706 | INFO | [INFO] Pagina de login cargada
2026-04-15 00:00:21,212 | INFO | [INFO] Pestaña 'Autenticación Tradicional' seleccionada
2026-04-15 00:00:24,550 | INFO | [INFO] Credenciales llenadas para grupo JV
2026-04-15 00:00:24,552 | INFO |  OCR CAPTCHA: intento interno 1/6...
2026-04-15 00:00:29,773 | ERROR | C:\Users\fserrano\AppData\Local\Programs\Python\Python314\Lib\site-packages\torch\utils\data\dataloader.py:775: UserWarning: 'pin_memory' argument is set as true but no accelerator is found, then device pinned memory won't be used.
2026-04-15 00:00:29,773 | ERROR |   super().__init__(loader)
2026-04-15 00:00:30,783 | INFO |    -> Variante 0, Decoder greedy: 'UDQH5' -> 'UDQH5' [INFO]
2026-04-15 00:00:30,783 | INFO |    [INFO] CAPTCHA vlido -> Usando: UDQH5
2026-04-15 00:00:30,954 | INFO | [INFO] Captcha automatico: UDQH5
2026-04-15 00:00:30,954 | INFO | [INFO] Enviando login...
2026-04-15 00:00:31,628 | INFO | [INFO] Validando acceso...
2026-04-15 00:00:31,629 | INFO | [INFO] Acceso exitoso
2026-04-15 00:00:31,629 | INFO |    -> URL: https://www.sucamec.gob.pe/sel/faces/aplicacion/inicio.xhtml
2026-04-15 00:00:31,629 | INFO | [INFO] Tiempo total login: 15.58 segundos
2026-04-15 00:00:31,629 | INFO |  Navegando a CITAS -> RESERVAS DE CITAS...
2026-04-15 00:00:33,337 | INFO |     Fast-path: click directo en 'RESERVAS DE CITAS' (menuid 7_1)
2026-04-15 00:00:35,033 | INFO | [INFO] Navegacin completada (fast-path) -> URL: https://www.sucamec.gob.pe/sel/faces/aplicacion/inicio.xhtml
2026-04-15 00:00:35,033 | INFO |  Seleccionando tipo de cita: EXAMEN PARA POLGONO DE TIRO...
2026-04-15 00:00:35,405 | INFO |    [INFO] Tipo de cita seleccionado: EXAMEN PARA POLÍGONO DE TIRO
2026-04-15 00:00:35,407 | INFO | -------- JV Registro iterativo 1 (idx=0, prioridad=alta, intento=1, en_cola=0) --------
2026-04-15 00:00:37,161 | INFO |  Registro tomado desde Excel:
2026-04-15 00:00:37,161 | INFO |    - id_registro: 1
2026-04-15 00:00:37,161 | INFO |    - sede: LIMA
2026-04-15 00:00:37,161 | INFO |    - fecha: 06/05/2026
2026-04-15 00:00:37,161 | INFO |    - hora_rango: 12:00-12:15
2026-04-15 00:00:37,161 | INFO |    - tipo_operacion: INICIAL DE LICENCIA DE USO
2026-04-15 00:00:37,161 | INFO |    - doc_vigilante: 76477494
2026-04-15 00:00:37,161 | INFO |    - nro_solicitud: 075029-0
2026-04-15 00:00:37,161 | INFO |    - fecha_programacion: 15/04/2026
2026-04-15 00:00:37,161 | INFO |    - ruc: J & V Resguardo
2026-04-15 00:00:37,161 | INFO |    - prioridad: alta
2026-04-15 00:00:37,161 | INFO |    - siguiente_mismo_doc_y_fecha: True
2026-04-15 00:00:37,161 | INFO |    - indices_relacionados_excel: [0, 1]
2026-04-15 00:00:37,161 | INFO |    - tipo_arma (excel): ['CORTA', 'LARGA']
2026-04-15 00:00:37,161 | INFO |    - arma (excel): ['REVOLVER', 'ESCOPETA']
2026-04-15 00:00:37,162 | INFO |    - objetivos_arma: [('CORTA', 'REVOLVER'), ('LARGA', 'ESCOPETA')]
2026-04-15 00:00:37,162 | INFO |    - tipos_arma_objetivo: ['CORTA', 'LARGA']
2026-04-15 00:00:37,167 | INFO |  Completando Reserva de Cupos con datos del Excel...
2026-04-15 00:00:37,704 | INFO |    [INFO] Sede seleccionado: LIMA
2026-04-15 00:00:38,952 | INFO |    [INFO] Fecha seleccionado: 06/05/2026
2026-04-15 00:00:38,953 | INFO |  Buscando hora en tabla: 12:00-12:15
2026-04-15 00:00:40,777 | INFO |    [INFO] Estrategia horario: prioridad a hora exacta del Excel
2026-04-15 00:00:41,079 | INFO |    [INFO] Hora seleccionada: 12:00-12:15 (Cupos Libres=3)
2026-04-15 00:00:41,338 | INFO |    [INFO] Click en botn 'Siguiente'
2026-04-15 00:00:41,339 | INFO |  Completando Paso 2 con datos del Excel...
2026-04-15 00:00:42,560 | INFO |    [INFO] Tipo Operacin seleccionado: INICIAL DE LICENCIA DE USO
2026-04-15 00:00:42,561 | INFO |     Flujo INICIAL detectado: primero Tipo de Licencia, luego Documento Vigilante
2026-04-15 00:00:43,222 | INFO |    [INFO] Tipo de Licencia: SEGURIDAD PRIVADA
2026-04-15 00:00:45,078 | INFO |    [INFO] Documento vigilante seleccionado: 76477494
2026-04-15 00:00:45,856 | INFO |    [INFO] Seleccione Solicitud: SI
2026-04-15 00:00:45,856 | INFO |     Flujo INICIAL: tambin se seleccionar Nro Solicitud
2026-04-15 00:00:49,234 | INFO |    [INFO] Nro Solicitud seleccionado: TUPA 2022 PA3400C585 - NRO EMPOCE: 75029 - FECHA REGISTRO: 27/03/2026
2026-04-15 00:00:50,285 | INFO |  Completando tabla de tipos de arma (Fase 2)...
2026-04-15 00:00:54,512 | INFO |    [INFO] CORTA: REVOLVER
2026-04-15 00:00:55,197 | INFO |    [INFO] LARGA: ESCOPETA
2026-04-15 00:00:55,237 | INFO |    [INFO] Click en botn 'Siguiente' de Fase 2 (botonSiguiente3)
2026-04-15 00:01:02,973 | INFO |  Completando Fase 3 (Resumen de cita)...
2026-04-15 00:01:03,056 | INFO |  OCR CAPTCHA Fase 3: intento interno 1/∞...
2026-04-15 00:01:05,335 | ERROR | C:\Users\fserrano\AppData\Local\Programs\Python\Python314\Lib\site-packages\torch\utils\data\dataloader.py:775: UserWarning: 'pin_memory' argument is set as true but no accelerator is found, then device pinned memory won't be used.
2026-04-15 00:01:05,335 | ERROR |   super().__init__(loader)
2026-04-15 00:01:05,444 | INFO |    -> Variante 0, Decoder greedy: 'XM6K3' -> 'XM6K3' [INFO]
2026-04-15 00:01:05,444 | INFO |    [INFO] CAPTCHA vlido -> Usando: XM6K3
2026-04-15 00:01:05,527 | INFO |    [INFO] CAPTCHA Fase 3 escrito: XM6K3
2026-04-15 00:01:05,787 | INFO |    [INFO] Trminos y condiciones marcados
2026-04-15 00:01:06,692 | INFO |  Paso final opcional: Generar Cita (reintento rpido)
2026-04-15 00:01:06,699 | INFO |     Intento generar cita 1/5
2026-04-15 00:01:07,753 | INFO |    [INFO] Generar Cita confirmado en 1.05s
2026-04-15 00:01:07,753 | INFO |    -> URL: https://www.sucamec.gob.pe/sel/faces/aplicacion/inicio.xhtml
2026-04-15 00:01:07,826 | INFO |    [INFO] Excel actualizado: estado='Cita Programada' en 2 fila(s)
2026-04-15 00:01:08,053 | INFO |    [INFO] Click en 'Limpiar' (fin de flujo)
2026-04-15 00:01:08,054 | INFO | [DEBUG] PERSISTENT_SESSION: cerrando contexto anterior para siguiente grupo
2026-04-15 00:01:08,174 | INFO |  Tiempo total del flujo: 55.82 segundos
2026-04-15 00:01:08,174 | INFO |  Resumen: OK=1 | SIN_CUPO=0 | ERROR=0
2026-04-15 00:01:08,174 | INFO | [INFO] Flujo completado.
2026-04-15 00:01:08,174 | INFO |     Duracin final del flujo: 55.82 segundos
2026-04-15 00:01:08,564 | INFO | Navegador cerrado.
2026-04-15 00:01:08,565 | INFO | Pipeline finalizado
2026-04-15 00:01:08,565 | INFO | Log disponible en: C:\Users\fserrano\Desktop\ARMAS-GADSO-1.0\logs\.tmp_multihilo_flow_20260415_000006\logs_w1\run_20260415_000006.log
