2026-04-24 09:42:08,705 | INFO | Iniciando pipeline ARMAS-GADSO
2026-04-24 09:42:08,705 | INFO | Modo: scheduled
2026-04-24 09:42:08,705 | INFO | Excel: C:\Users\fserrano\Desktop\ARMAS-GADSO-1.0\logs\20260424_094202\worker_1_batch_1_idxs_0.xlsx
2026-04-24 09:42:08,705 | INFO | Screenshots: C:\Users\fserrano\Desktop\ARMAS-GADSO-1.0\screenshots\20260424_094202\screenshots_w1
2026-04-24 09:42:14,401 | INFO | [INFO] INICIANDO SCRIPT SEL - Login Automtico
2026-04-24 09:42:14,402 | INFO | [INFO] PERSISTENT_SESSION activado - navegador se reutilizará entre grupos sin cerrarse
2026-04-24 09:42:15,074 | INFO |    -> Registros con estado 'PENDIENTE': 1
2026-04-24 09:42:15,076 | INFO |    -> Validando fecha de hoy: 24/04/2026
2026-04-24 09:42:15,078 | INFO |    -> Registros despus de filtrar por fecha: 1 (filtrados: 0)
2026-04-24 09:42:15,083 | INFO |  Registros pendientes a procesar: 1
2026-04-24 09:42:15,083 | INFO |  Procesando grupo RUC JV - Registros: 1
2026-04-24 09:42:15,083 | INFO | [INFO] Intento login 1/12 para grupo JV
2026-04-24 09:42:15,083 | INFO | [TILE] Args launch: --window-size=754,468 --window-position=6,6
2026-04-24 09:42:15,083 | INFO | [TILE] Lanzando Chromium con args: ['--disable-infobars', '--window-size=754,468', '--window-position=6,6']
2026-04-24 09:42:16,100 | INFO | [TILE] Geometría aplicada -> xy=(6,6) wh=(754,468) screen_cfg=1536x960 screen_js=1536x912 outer_js=755x470
2026-04-24 09:42:16,958 | INFO | [INFO] Pagina de login cargada
2026-04-24 09:42:17,214 | INFO | [INFO] Pestaña 'Autenticación Tradicional' seleccionada
2026-04-24 09:42:19,525 | INFO | [INFO] Credenciales llenadas para grupo JV
2026-04-24 09:42:19,525 | INFO |  OCR CAPTCHA: intento interno 1/6...
2026-04-24 09:42:20,415 | ERROR | C:\Users\fserrano\AppData\Local\Programs\Python\Python314\Lib\site-packages\torch\utils\data\dataloader.py:775: UserWarning: 'pin_memory' argument is set as true but no accelerator is found, then device pinned memory won't be used.
2026-04-24 09:42:20,415 | ERROR |   super().__init__(loader)
2026-04-24 09:42:20,495 | INFO |    -> Variante 0, Decoder greedy: '47868U' -> '47868U' (len=6) [WARNING]
2026-04-24 09:42:21,025 | INFO |    -> Variante 0, Decoder beamsearch: '47868U' -> '47868U' (len=6) [WARNING]
2026-04-24 09:42:21,361 | INFO |    -> Variante 1, Decoder greedy: '47868U' -> '47868U' (len=6) [WARNING]
2026-04-24 09:42:21,711 | INFO |    -> Variante 1, Decoder beamsearch: '47868U' -> '47868U' (len=6) [WARNING]
2026-04-24 09:42:22,527 | INFO |    -> Variante 2, Decoder greedy: '4768U' -> '4768U' [INFO]
2026-04-24 09:42:22,527 | INFO |    [INFO] CAPTCHA vlido -> Usando: 4768U
2026-04-24 09:42:22,585 | INFO | [INFO] Captcha automatico: 4768U
2026-04-24 09:42:22,585 | INFO | [INFO] Enviando login...
2026-04-24 09:42:22,887 | INFO | [INFO] Validando acceso...
2026-04-24 09:42:22,887 | INFO | [INFO] Acceso exitoso
2026-04-24 09:42:22,887 | INFO |    -> URL: https://www.sucamec.gob.pe/sel/faces/aplicacion/inicio.xhtml
2026-04-24 09:42:22,887 | INFO | [INFO] Tiempo total login: 7.80 segundos
2026-04-24 09:42:22,887 | INFO |  Navegando a CITAS -> RESERVAS DE CITAS...
2026-04-24 09:42:23,520 | INFO |     Fast-path: click directo en 'RESERVAS DE CITAS' (menuid 7_1)
2026-04-24 09:42:30,576 | INFO | [INFO] Navegacin completada (fast-path) -> URL: https://www.sucamec.gob.pe/sel/faces/aplicacion/inicio.xhtml
2026-04-24 09:42:30,576 | INFO |  Seleccionando tipo de cita: EXAMEN PARA POLGONO DE TIRO...
2026-04-24 09:42:30,979 | INFO |    [INFO] Tipo de cita seleccionado: EXAMEN PARA POLÍGONO DE TIRO
2026-04-24 09:42:30,980 | INFO | -------- JV Registro iterativo 1 (idx=0, prioridad=alta, intento=1, en_cola=0) --------
2026-04-24 09:42:31,358 | INFO |  Registro tomado desde Excel:
2026-04-24 09:42:31,358 | INFO |    - id_registro: 1
2026-04-24 09:42:31,358 | INFO |    - sede: LIMA
2026-04-24 09:42:31,358 | INFO |    - fecha: 15/05/2026
2026-04-24 09:42:31,358 | INFO |    - hora_rango: 12:00-12:15
2026-04-24 09:42:31,358 | INFO |    - tipo_operacion: INICIAL DE LICENCIA DE USO
2026-04-24 09:42:31,359 | INFO |    - doc_vigilante: 76023039
2026-04-24 09:42:31,359 | INFO |    - nro_solicitud: 043793-0
2026-04-24 09:42:31,359 | INFO |    - fecha_programacion: 24/04/2026
2026-04-24 09:42:31,359 | INFO |    - ruc: J & V Resguardo
2026-04-24 09:42:31,359 | INFO |    - prioridad: alta
2026-04-24 09:42:31,359 | INFO |    - siguiente_mismo_doc_y_fecha: False
2026-04-24 09:42:31,359 | INFO |    - indices_relacionados_excel: [0]
2026-04-24 09:42:31,359 | INFO |    - tipo_arma (excel): ['CORTA']
2026-04-24 09:42:31,359 | INFO |    - arma (excel): ['REVOLVER']
2026-04-24 09:42:31,359 | INFO |    - objetivos_arma: [('CORTA', 'REVOLVER')]
2026-04-24 09:42:31,359 | INFO |    - tipos_arma_objetivo: ['CORTA']
2026-04-24 09:42:31,376 | INFO |  Completando Reserva de Cupos con datos del Excel...
2026-04-24 09:42:31,758 | INFO |    [INFO] Sede seleccionado: LIMA
2026-04-24 09:42:32,885 | INFO |    [INFO] Fecha seleccionado: 15/05/2026
2026-04-24 09:42:32,885 | INFO |  Buscando hora en tabla: 12:00-12:15
2026-04-24 09:42:33,183 | INFO |    [INFO] Estrategia horario: bloque completo de mediodía (11:45-13:00)
2026-04-24 09:42:33,847 | INFO |    [INFO] Screenshot tabla sin cupo: C:\Users\fserrano\Desktop\ARMAS-GADSO-1.0\screenshots\20260424_094202\screenshots_w1\20260424_094233_sin_cupo_idx_0_doc_76023039_12_00-12_15_candidatos_0.png
2026-04-24 09:42:34,255 | INFO |    [INFO] Click en botn 'Limpiar' por falta de cupos
2026-04-24 09:42:35,172 | INFO | [WARNING] Error en registro idx=0: No hay cupos en horarios candidatos. Objetivo: 12:00-12:15 | Candidatos: 11:45-12:00(0), 12:00-12:15(0), 12:15-12:30(0), 12:30-12:45(0), 12:45-13:00(0)
2026-04-24 09:42:35,210 | INFO |    📝 Excel actualizado: observaciones='No alcanzo cupo para horario 12:00-12:15' en 1 fila(s)
2026-04-24 09:42:35,211 | INFO | [INFO] Registro idx=0 marcado como terminal 'SIN_CUPO' tras 1 confirmaciones
2026-04-24 09:42:35,436 | INFO |    [INFO] Click en 'Limpiar' (recuperación por error)
2026-04-24 09:42:36,437 | INFO | [DEBUG] PERSISTENT_SESSION: cerrando contexto anterior para siguiente grupo
2026-04-24 09:42:36,460 | INFO |  Tiempo total del flujo: 22.06 segundos
2026-04-24 09:42:36,460 | INFO |  Resumen: OK=0 | SIN_CUPO=1 | ERROR=0
2026-04-24 09:42:36,460 | INFO | [INFO] Flujo completado.
2026-04-24 09:42:36,460 | INFO |     Duracin final del flujo: 22.06 segundos
2026-04-24 09:42:36,872 | INFO | Navegador cerrado.
2026-04-24 09:42:36,872 | INFO | Pipeline finalizado
2026-04-24 09:42:36,873 | INFO | Log disponible en: C:\Users\fserrano\Desktop\ARMAS-GADSO-1.0\logs\20260424_094202\logs_w1\run_20260424_094202.log
