2026-04-28 10:11:10,178 | INFO | Iniciando pipeline ARMAS-GADSO
2026-04-28 10:11:10,178 | INFO | Modo: scheduled
2026-04-28 10:11:10,178 | INFO | Excel: C:\Users\fserrano\Desktop\ARMAS-GADSO-1.0\data\programaciones-armas.xlsx
2026-04-28 10:11:10,178 | INFO | Screenshots: C:\Users\fserrano\Desktop\ARMAS-GADSO-1.0\screenshots\20260428_101110
2026-04-28 10:11:16,073 | INFO | [INFO] OCR (easyocr) cargado correctamente | langs=['en'] | gpu=False
2026-04-28 10:11:16,097 | INFO | [INFO] INICIANDO SCRIPT SEL - Login Automtico
2026-04-28 10:11:16,098 | INFO | [INFO] SCHEDULED_MULTIWORKER activado | workers=4 | mode=sticky
2026-04-28 10:11:16,098 | INFO | [INFO] Excel origen multihilo: C:\Users\fserrano\Desktop\ARMAS-GADSO-1.0\data\programaciones-armas.xlsx
2026-04-28 10:11:16,291 | INFO |    -> Registros con estado 'PENDIENTE': 2
2026-04-28 10:11:16,291 | INFO |    -> Validando fecha de hoy: 28/04/2026
2026-04-28 10:11:16,292 | INFO |    -> Registros despues de filtrar por fecha: 2 (filtrados: 0)
2026-04-28 10:11:16,310 | INFO |  Registro tomado desde Excel:
2026-04-28 10:11:16,310 | INFO |    - id_registro: 1
2026-04-28 10:11:16,310 | INFO |    - sede: LIMA
2026-04-28 10:11:16,310 | INFO |    - fecha: 19/05/2026
2026-04-28 10:11:16,310 | INFO |    - hora_rango: 12:00-12:15
2026-04-28 10:11:16,310 | INFO |    - tipo_operacion: RENOVACION DE LICENCIA DE USO
2026-04-28 10:11:16,310 | INFO |    - doc_vigilante: 40598949
2026-04-28 10:11:16,310 | INFO |    - nro_solicitud: 052333-0
2026-04-28 10:11:16,310 | INFO |    - fecha_programacion: 28/04/2026
2026-04-28 10:11:16,310 | INFO |    - ruc: J & V Resguardo
2026-04-28 10:11:16,310 | INFO |    - prioridad: alta
2026-04-28 10:11:16,311 | INFO |    - siguiente_mismo_doc_y_fecha: False
2026-04-28 10:11:16,311 | INFO |    - indices_relacionados_excel: [0]
2026-04-28 10:11:16,311 | INFO |    - tipo_arma (excel): ['CORTA']
2026-04-28 10:11:16,311 | INFO |    - arma (excel): ['REVOLVER']
2026-04-28 10:11:16,311 | INFO |    - objetivos_arma: [('CORTA', 'REVOLVER')]
2026-04-28 10:11:16,311 | INFO |    - tipos_arma_objetivo: ['CORTA']
2026-04-28 10:11:16,323 | INFO |  Registro tomado desde Excel:
2026-04-28 10:11:16,324 | INFO |    - id_registro: 2
2026-04-28 10:11:16,324 | INFO |    - sede: LIMA
2026-04-28 10:11:16,324 | INFO |    - fecha: 19/05/2026
2026-04-28 10:11:16,324 | INFO |    - hora_rango: 12:00-12:15
2026-04-28 10:11:16,324 | INFO |    - tipo_operacion: RENOVACION DE LICENCIA DE USO
2026-04-28 10:11:16,324 | INFO |    - doc_vigilante: 73799884
2026-04-28 10:11:16,324 | INFO |    - nro_solicitud: 037411-0
2026-04-28 10:11:16,324 | INFO |    - fecha_programacion: 28/04/2026
2026-04-28 10:11:16,324 | INFO |    - ruc: J & V Resguardo
2026-04-28 10:11:16,324 | INFO |    - prioridad: alta
2026-04-28 10:11:16,324 | INFO |    - siguiente_mismo_doc_y_fecha: False
2026-04-28 10:11:16,324 | INFO |    - indices_relacionados_excel: [1]
2026-04-28 10:11:16,324 | INFO |    - tipo_arma (excel): ['CORTA']
2026-04-28 10:11:16,324 | INFO |    - arma (excel): ['REVOLVER']
2026-04-28 10:11:16,324 | INFO |    - objetivos_arma: [('CORTA', 'REVOLVER')]
2026-04-28 10:11:16,324 | INFO |    - tipos_arma_objetivo: ['CORTA']
2026-04-28 10:11:16,325 | INFO | [INFO] Unidades multihilo a procesar: 2
2026-04-28 10:11:16,325 | INFO | [INFO][W1] Lote asignado idx=[0]
2026-04-28 10:11:16,326 | INFO | [INFO][W2] Lote asignado idx=[1]
2026-04-28 10:11:39,959 | INFO | [INFO][W2] Lote idx=[1] finalizo OK en 23.57s
2026-04-28 10:11:40,435 | INFO | [INFO][W1] Lote idx=[0] finalizo OK en 24.04s
2026-04-28 10:11:40,436 | INFO | [INFO] Conteo por worker: [1, 1, 0, 0]
2026-04-28 10:11:40,436 | INFO | [INFO] Unidades procesadas: 2/2
2026-04-28 10:11:40,436 | INFO | [INFO] Tiempo total multihilo: 24.11s
2026-04-28 10:11:40,436 | INFO | [OK] Flujo multihilo scheduled finalizado sin fallos de proceso
2026-04-28 10:11:40,436 | INFO | Pipeline finalizado
2026-04-28 10:11:40,436 | INFO | Log disponible en: C:\Users\fserrano\Desktop\ARMAS-GADSO-1.0\logs\20260428_101110\run_20260428_101110.log
