2026-04-24 16:26:49,973 | INFO | Iniciando pipeline ARMAS-GADSO
2026-04-24 16:26:49,973 | INFO | Modo: scheduled
2026-04-24 16:26:49,973 | INFO | Excel: C:\Users\fserrano\Desktop\ARMAS-GADSO-1.0\logs\20260424_162643\worker_1_batch_1_idxs_0.xlsx
2026-04-24 16:26:49,973 | INFO | Screenshots: C:\Users\fserrano\Desktop\ARMAS-GADSO-1.0\screenshots\20260424_162643\screenshots_w1
2026-04-24 16:26:55,945 | INFO | [INFO] OCR (easyocr) cargado correctamente | langs=['en'] | gpu=False
2026-04-24 16:26:55,965 | INFO | [INFO] INICIANDO SCRIPT SEL - Login Automtico
2026-04-24 16:26:55,966 | INFO | [INFO] PERSISTENT_SESSION activado - navegador se reutilizara entre grupos sin cerrarse
2026-04-24 16:26:56,594 | INFO |    -> Registros con estado 'PENDIENTE': 1
2026-04-24 16:26:56,594 | INFO |    -> Validando fecha de hoy: 24/04/2026
2026-04-24 16:26:56,595 | INFO |    -> Registros despues de filtrar por fecha: 1 (filtrados: 0)
2026-04-24 16:26:56,600 | INFO |  Registros pendientes a procesar: 1
2026-04-24 16:26:56,600 | INFO |  Procesando grupo RUC JV - Registros: 1
2026-04-24 16:26:56,600 | INFO | [INFO] Intento login 1/12 para grupo JV
2026-04-24 16:26:56,601 | INFO | [TILE] Lanzando Chromium con args: ['--disable-infobars', '--start-maximized', '--window-size=1920,1080', '--window-position=0,0']
2026-04-24 16:26:58,520 | INFO | [INFO] Pagina de login cargada
2026-04-24 16:26:58,797 | INFO | [INFO] Pestaña 'Autenticación Tradicional' seleccionada
2026-04-24 16:27:01,483 | INFO | [INFO] Credenciales llenadas para grupo JV
2026-04-24 16:27:01,484 | INFO |  OCR CAPTCHA: intento interno 1/6...
2026-04-24 16:27:03,044 | ERROR | C:\Users\fserrano\AppData\Local\Programs\Python\Python314\Lib\site-packages\torch\utils\data\dataloader.py:775: UserWarning: 'pin_memory' argument is set as true but no accelerator is found, then device pinned memory won't be used.
2026-04-24 16:27:03,044 | ERROR |   super().__init__(loader)
2026-04-24 16:27:03,168 | INFO |    -> Variante 0, Decoder greedy: 'L41CF' -> 'L41CF' [INFO]
2026-04-24 16:27:03,168 | INFO |    [INFO] CAPTCHA valido -> Usando: L41CF
2026-04-24 16:27:03,329 | INFO | [INFO] Captcha automatico: L41CF
2026-04-24 16:27:03,330 | INFO | [INFO] Enviando login...
2026-04-24 16:27:03,704 | INFO | [INFO] Validando acceso...
2026-04-24 16:27:04,947 | INFO | [ERROR] Login fallo - no se detecto sesion autenticada
2026-04-24 16:27:04,947 | INFO |    -> URL actual: https://www.sucamec.gob.pe/sel/faces/login.xhtml;jsessionid=1638561ff5f58247908471d7d591
2026-04-24 16:27:04,948 | INFO |    -> Error detectado: Error el captcha es incorrecto
2026-04-24 16:27:04,948 | INFO | [INFO] Tiempo validacion: 1.24 segundos
2026-04-24 16:27:04,948 | INFO | [ERROR] Intento login 1 para grupo JV fallo: CAPTCHA incorrecto o credenciales invalidas
2026-04-24 16:27:04,948 | INFO |    Reintentando login...
2026-04-24 16:27:06,948 | INFO | [INFO] Intento login 2/12 para grupo JV
2026-04-24 16:27:07,389 | INFO | [TILE] Lanzando Chromium con args: ['--disable-infobars', '--start-maximized', '--window-size=1920,1080', '--window-position=0,0']
2026-04-24 16:27:09,181 | INFO | [INFO] Pagina de login cargada
2026-04-24 16:27:09,515 | INFO | [INFO] Pestaña 'Autenticación Tradicional' seleccionada
2026-04-24 16:27:11,642 | INFO | [INFO] Credenciales llenadas para grupo JV
2026-04-24 16:27:11,642 | INFO |  OCR CAPTCHA: intento interno 1/6...
2026-04-24 16:27:12,541 | INFO |    -> Variante 0, Decoder greedy: 'AB697' -> 'AB697' [INFO]
2026-04-24 16:27:12,541 | INFO |    [INFO] CAPTCHA valido -> Usando: AB697
2026-04-24 16:27:12,611 | INFO | [INFO] Captcha automatico: AB697
2026-04-24 16:27:12,612 | INFO | [INFO] Enviando login...
2026-04-24 16:27:13,055 | INFO | [INFO] Validando acceso...
2026-04-24 16:27:13,055 | INFO | [INFO] Acceso exitoso
2026-04-24 16:27:13,055 | INFO |    -> URL: https://www.sucamec.gob.pe/sel/faces/aplicacion/inicio.xhtml
2026-04-24 16:27:13,055 | INFO | [INFO] Tiempo total login: 3.87 segundos
2026-04-24 16:27:13,055 | INFO |  Navegando a RESERVAS DE CITAS...
2026-04-24 16:27:13,987 | INFO |    [INFO] Menu CITAS expandido
2026-04-24 16:27:15,202 | INFO |    [INFO] Click en 'RESERVAS DE CITAS'
2026-04-24 16:27:15,203 | INFO |  Seleccionando tipo de cita: EXAMEN PARA POLIGONO DE TIRO
2026-04-24 16:27:15,690 | INFO |    [INFO] Tipo de cita seleccionado: EXAMEN PARA POLÍGONO DE TIRO
2026-04-24 16:27:15,690 | INFO | -------- JV Registro iterativo 1 (idx=0, prioridad=alta, intento=1, en_cola=0) --------
2026-04-24 16:27:15,758 | INFO |  Registro tomado desde Excel:
2026-04-24 16:27:15,759 | INFO |    - id_registro: 1
2026-04-24 16:27:15,759 | INFO |    - sede: JEFATURA ZONAL DE JUNIN
2026-04-24 16:27:15,759 | INFO |    - fecha: 30/04/2026
2026-04-24 16:27:15,759 | INFO |    - hora_rango: 10:00-10:15
2026-04-24 16:27:15,759 | INFO |    - tipo_operacion: INICIAL DE LICENCIA DE USO
2026-04-24 16:27:15,759 | INFO |    - doc_vigilante: 74474128
2026-04-24 16:27:15,759 | INFO |    - nro_solicitud: 085093-0
2026-04-24 16:27:15,759 | INFO |    - fecha_programacion: 24/04/2026
2026-04-24 16:27:15,759 | INFO |    - ruc: J & V Resguardo
2026-04-24 16:27:15,759 | INFO |    - prioridad: alta
2026-04-24 16:27:15,759 | INFO |    - siguiente_mismo_doc_y_fecha: False
2026-04-24 16:27:15,759 | INFO |    - indices_relacionados_excel: [0]
2026-04-24 16:27:15,759 | INFO |    - tipo_arma (excel): ['CORTA']
2026-04-24 16:27:15,759 | INFO |    - arma (excel): ['REVOLVER']
2026-04-24 16:27:15,760 | INFO |    - objetivos_arma: [('CORTA', 'REVOLVER')]
2026-04-24 16:27:15,760 | INFO |    - tipos_arma_objetivo: ['CORTA']
2026-04-24 16:27:15,767 | INFO |  Completando Reserva de Cupos con datos del Excel...
2026-04-24 16:27:16,155 | INFO |    [INFO] Sede seleccionado: JEFATURA ZONAL DE JUNIN
2026-04-24 16:27:17,253 | INFO |    [INFO] Fecha seleccionado: 30/04/2026
2026-04-24 16:27:17,253 | INFO |  Buscando hora en tabla: 10:00-10:15
2026-04-24 16:27:17,495 | INFO |    [INFO] Screenshot tabla cupos: C:\Users\fserrano\Desktop\ARMAS-GADSO-1.0\screenshots\20260424_162643\screenshots_w1\step_1_reserva_cupos\20260424_162717_tabla_inicial_i1_h10_00-10_15.png
2026-04-24 16:27:17,859 | INFO |    [INFO] Estrategia horario: prioridad a hora exacta del Excel
2026-04-24 16:27:18,151 | INFO |    [INFO] Hora seleccionada: 10:00-10:15 (Cupos Libres=1)
2026-04-24 16:27:18,193 | INFO |    [INFO] Click en boton 'Siguiente'
2026-04-24 16:27:18,194 | INFO |  Completando Paso 2 con datos del Excel...
2026-04-24 16:27:18,782 | INFO |    [INFO] Tipo Operacion seleccionado: INICIAL DE LICENCIA DE USO
2026-04-24 16:27:18,782 | INFO |     Flujo INICIAL detectado: primero Tipo de Licencia, luego Documento Vigilante
2026-04-24 16:27:19,260 | INFO |    [INFO] Tipo de Licencia: SEGURIDAD PRIVADA
2026-04-24 16:27:20,770 | INFO |    [INFO] Documento vigilante seleccionado: 74474128
2026-04-24 16:27:21,223 | INFO |    [INFO] Seleccione Solicitud: SI
2026-04-24 16:27:21,223 | INFO |     Flujo INICIAL: tambien se seleccionara Nro Solicitud
2026-04-24 16:27:22,988 | INFO |    [INFO] Screenshot paso 2: C:\Users\fserrano\Desktop\ARMAS-GADSO-1.0\screenshots\20260424_162643\screenshots_w1\step_2_datos_tramite\20260424_162721_nro_solicitud_i1_h10_00-10_15.png
2026-04-24 16:27:23,989 | INFO | [WARNING] Error en registro idx=0: No se encontro Nro Solicitud con token '85093'. Opciones: ['Seleccione']
2026-04-24 16:27:23,989 | INFO | [INFO] Registro idx=0 con causal terminal 'NRO_SOLICITUD' pendiente de confirmacion (1/2). Reencolando...
2026-04-24 16:27:24,909 | INFO | [INFO] Wizard limpiado para siguiente registro (recuperacion por error)
2026-04-24 16:27:25,909 | INFO | -------- JV Registro iterativo 2 (idx=0, prioridad=alta, intento=2, en_cola=0) --------
2026-04-24 16:27:25,964 | INFO |  Registro tomado desde Excel:
2026-04-24 16:27:25,964 | INFO |    - id_registro: 1
2026-04-24 16:27:25,965 | INFO |    - sede: JEFATURA ZONAL DE JUNIN
2026-04-24 16:27:25,965 | INFO |    - fecha: 30/04/2026
2026-04-24 16:27:25,965 | INFO |    - hora_rango: 10:00-10:15
2026-04-24 16:27:25,965 | INFO |    - tipo_operacion: INICIAL DE LICENCIA DE USO
2026-04-24 16:27:25,965 | INFO |    - doc_vigilante: 74474128
2026-04-24 16:27:25,965 | INFO |    - nro_solicitud: 085093-0
2026-04-24 16:27:25,965 | INFO |    - fecha_programacion: 24/04/2026
2026-04-24 16:27:25,965 | INFO |    - ruc: J & V Resguardo
2026-04-24 16:27:25,965 | INFO |    - prioridad: alta
2026-04-24 16:27:25,965 | INFO |    - siguiente_mismo_doc_y_fecha: False
2026-04-24 16:27:25,965 | INFO |    - indices_relacionados_excel: [0]
2026-04-24 16:27:25,965 | INFO |    - tipo_arma (excel): ['CORTA']
2026-04-24 16:27:25,965 | INFO |    - arma (excel): ['REVOLVER']
2026-04-24 16:27:25,965 | INFO |    - objetivos_arma: [('CORTA', 'REVOLVER')]
2026-04-24 16:27:25,966 | INFO |    - tipos_arma_objetivo: ['CORTA']
2026-04-24 16:27:25,972 | INFO |  Completando Reserva de Cupos con datos del Excel...
2026-04-24 16:27:26,336 | INFO |    [INFO] Sede seleccionado: JEFATURA ZONAL DE JUNIN
2026-04-24 16:27:27,468 | INFO |    [INFO] Fecha seleccionado: 30/04/2026
2026-04-24 16:27:27,468 | INFO |  Buscando hora en tabla: 10:00-10:15
2026-04-24 16:27:28,463 | INFO |    [INFO] Screenshot tabla cupos: C:\Users\fserrano\Desktop\ARMAS-GADSO-1.0\screenshots\20260424_162643\screenshots_w1\step_1_reserva_cupos\20260424_162728_tabla_inicial_i1_h10_00-10_15.png
2026-04-24 16:27:28,757 | INFO |    [INFO] Estrategia horario: prioridad a hora exacta del Excel
2026-04-24 16:27:29,050 | INFO |    [INFO] Hora seleccionada: 10:00-10:15 (Cupos Libres=1)
2026-04-24 16:27:29,095 | INFO |    [INFO] Click en boton 'Siguiente'
2026-04-24 16:27:29,096 | INFO |  Completando Paso 2 con datos del Excel...
2026-04-24 16:27:29,688 | INFO |    [INFO] Tipo Operacion seleccionado: INICIAL DE LICENCIA DE USO
2026-04-24 16:27:29,688 | INFO |     Flujo INICIAL detectado: primero Tipo de Licencia, luego Documento Vigilante
2026-04-24 16:27:30,147 | INFO |    [INFO] Tipo de Licencia: SEGURIDAD PRIVADA
2026-04-24 16:27:31,649 | INFO |    [INFO] Documento vigilante seleccionado: 74474128
2026-04-24 16:27:32,090 | INFO |    [INFO] Seleccione Solicitud: SI
2026-04-24 16:27:32,090 | INFO |     Flujo INICIAL: tambien se seleccionara Nro Solicitud
2026-04-24 16:27:34,345 | INFO |    [INFO] Screenshot paso 2: C:\Users\fserrano\Desktop\ARMAS-GADSO-1.0\screenshots\20260424_162643\screenshots_w1\step_2_datos_tramite\20260424_162732_nro_solicitud_i1_h10_00-10_15.png
2026-04-24 16:27:35,383 | INFO | [WARNING] Error en registro idx=0: No se encontro Nro Solicitud con token '85093'. Opciones: ['Seleccione']
2026-04-24 16:27:35,417 | INFO |    [INFO] Excel actualizado: observaciones='No se encontró Nro Solicitud/Código de pago para token de 085093-0' en 1 fila(s)
2026-04-24 16:27:35,418 | INFO | [INFO] Registro idx=0 marcado como terminal 'NRO_SOLICITUD' tras 2 confirmaciones
2026-04-24 16:27:35,990 | INFO | [INFO] Wizard limpiado para siguiente registro (recuperacion por error)
2026-04-24 16:27:36,991 | INFO | [DEBUG] PERSISTENT_SESSION: cerrando contexto anterior para siguiente grupo
2026-04-24 16:27:37,015 | INFO |  Tiempo total del flujo: 41.05 segundos
2026-04-24 16:27:37,016 | INFO |  Resumen: OK=0 | SIN_CUPO=0 | ERROR=1
2026-04-24 16:27:37,016 | INFO | [INFO] Flujo completado.
2026-04-24 16:27:37,016 | INFO |     Duracin final del flujo: 41.05 segundos
2026-04-24 16:27:37,418 | INFO | Navegador cerrado.
2026-04-24 16:27:37,418 | INFO | Pipeline finalizado
2026-04-24 16:27:37,418 | INFO | Log disponible en: C:\Users\fserrano\Desktop\ARMAS-GADSO-1.0\logs\20260424_162643\logs_w1\run_20260424_162643.log
