2026-04-24 00:00:51,254 | INFO | Iniciando pipeline ARMAS-GADSO
2026-04-24 00:00:51,254 | INFO | Modo: scheduled
2026-04-24 00:00:51,254 | INFO | Excel: C:\Users\fserrano\Desktop\ARMAS-GADSO-1.0\logs\.tmp_multihilo_flow_20260424_000051\worker_2_batch_1_idxs_1.xlsx
2026-04-24 00:00:57,050 | INFO | [INFO] INICIANDO SCRIPT SEL - Login Automtico
2026-04-24 00:00:57,050 | INFO | [INFO] PERSISTENT_SESSION activado - navegador se reutilizará entre grupos sin cerrarse
2026-04-24 00:00:57,754 | INFO |    -> Registros con estado 'PENDIENTE': 1
2026-04-24 00:00:57,754 | INFO |    -> Validando fecha de hoy: 24/04/2026
2026-04-24 00:00:57,759 | INFO |    -> Registros despus de filtrar por fecha: 1 (filtrados: 0)
2026-04-24 00:00:57,767 | INFO |  Registros pendientes a procesar: 1
2026-04-24 00:00:57,767 | INFO |  Procesando grupo RUC JV - Registros: 1
2026-04-24 00:00:57,767 | INFO | [INFO] Intento login 1/12 para grupo JV
2026-04-24 00:00:57,767 | INFO | [TILE] Args launch: --window-size=754,468 --window-position=776,6
2026-04-24 00:00:57,767 | INFO | [TILE] Lanzando Chromium con args: ['--disable-infobars', '--window-size=754,468', '--window-position=776,6']
2026-04-24 00:00:58,680 | INFO | [TILE] Geometría aplicada -> xy=(776,6) wh=(754,468) screen_cfg=1536x960 screen_js=1536x912 outer_js=755x470
2026-04-24 00:00:59,533 | INFO | [INFO] Pagina de login cargada
2026-04-24 00:00:59,746 | INFO | [INFO] Pestaña 'Autenticación Tradicional' seleccionada
2026-04-24 00:01:01,879 | INFO | [INFO] Credenciales llenadas para grupo JV
2026-04-24 00:01:01,880 | INFO |  OCR CAPTCHA: intento interno 1/6...
2026-04-24 00:01:02,780 | ERROR | C:\Users\fserrano\AppData\Local\Programs\Python\Python314\Lib\site-packages\torch\utils\data\dataloader.py:775: UserWarning: 'pin_memory' argument is set as true but no accelerator is found, then device pinned memory won't be used.
2026-04-24 00:01:02,780 | ERROR |   super().__init__(loader)
2026-04-24 00:01:02,984 | INFO |    -> Variante 0, Decoder greedy: 'R208A' -> 'R208A' [INFO]
2026-04-24 00:01:02,985 | INFO |    [INFO] CAPTCHA vlido -> Usando: R208A
2026-04-24 00:01:03,063 | INFO | [INFO] Captcha automatico: R208A
2026-04-24 00:01:03,063 | INFO | [INFO] Enviando login...
2026-04-24 00:01:03,297 | INFO | [INFO] Validando acceso...
2026-04-24 00:01:04,111 | INFO | [ERROR] Login fallo - no se detecto sesion autenticada
2026-04-24 00:01:04,112 | INFO |    -> URL actual: https://www.sucamec.gob.pe/sel/faces/login.xhtml;jsessionid=ddcd57acf6b777d7356d9955a2b5
2026-04-24 00:01:04,112 | INFO |    -> Error detectado: Error el captcha es incorrecto
2026-04-24 00:01:04,112 | INFO | [INFO] Tiempo validacion: 0.81 segundos
2026-04-24 00:01:04,112 | INFO | [ERROR] Intento login 1 para grupo JV fall: CAPTCHA incorrecto o credenciales inválidas
2026-04-24 00:01:04,112 | INFO |    Reintentando login...
2026-04-24 00:01:06,112 | INFO | [INFO] Intento login 2/12 para grupo JV
2026-04-24 00:01:06,519 | INFO | [TILE] Args launch: --window-size=754,468 --window-position=776,6
2026-04-24 00:01:06,520 | INFO | [TILE] Lanzando Chromium con args: ['--disable-infobars', '--window-size=754,468', '--window-position=776,6']
2026-04-24 00:01:07,250 | INFO | [TILE] Geometría aplicada -> xy=(776,6) wh=(754,468) screen_cfg=1536x960 screen_js=1536x912 outer_js=755x470
2026-04-24 00:01:07,767 | INFO | [INFO] Pagina de login cargada
2026-04-24 00:01:08,011 | INFO | [INFO] Pestaña 'Autenticación Tradicional' seleccionada
2026-04-24 00:01:10,208 | INFO | [INFO] Credenciales llenadas para grupo JV
2026-04-24 00:01:10,208 | INFO |  OCR CAPTCHA: intento interno 1/6...
2026-04-24 00:01:10,942 | INFO |    -> Variante 0, Decoder greedy: 'AYHPV' -> 'AYHPV' [INFO]
2026-04-24 00:01:10,942 | INFO |    [INFO] CAPTCHA vlido -> Usando: AYHPV
2026-04-24 00:01:11,034 | INFO | [INFO] Captcha automatico: AYHPV
2026-04-24 00:01:11,034 | INFO | [INFO] Enviando login...
2026-04-24 00:01:11,467 | INFO | [INFO] Validando acceso...
2026-04-24 00:01:11,467 | INFO | [INFO] Acceso exitoso
2026-04-24 00:01:11,467 | INFO |    -> URL: https://www.sucamec.gob.pe/sel/faces/aplicacion/inicio.xhtml
2026-04-24 00:01:11,468 | INFO | [INFO] Tiempo total login: 5.36 segundos
2026-04-24 00:01:11,468 | INFO |  Navegando a CITAS -> RESERVAS DE CITAS...
2026-04-24 00:01:11,940 | INFO |     Fast-path: click directo en 'RESERVAS DE CITAS' (menuid 7_1)
2026-04-24 00:01:13,309 | INFO | [INFO] Navegacin completada (fast-path) -> URL: https://www.sucamec.gob.pe/sel/faces/aplicacion/inicio.xhtml
2026-04-24 00:01:13,309 | INFO |  Seleccionando tipo de cita: EXAMEN PARA POLGONO DE TIRO...
2026-04-24 00:01:13,665 | INFO |    [INFO] Tipo de cita seleccionado: EXAMEN PARA POLÍGONO DE TIRO
2026-04-24 00:01:13,665 | INFO | -------- JV Registro iterativo 1 (idx=1, prioridad=alta, intento=1, en_cola=0) --------
2026-04-24 00:01:13,751 | INFO |  Registro tomado desde Excel:
2026-04-24 00:01:13,751 | INFO |    - id_registro: 2
2026-04-24 00:01:13,751 | INFO |    - sede: LIMA
2026-04-24 00:01:13,751 | INFO |    - fecha: 15/05/2026
2026-04-24 00:01:13,752 | INFO |    - hora_rango: 12:00-12:15
2026-04-24 00:01:13,752 | INFO |    - tipo_operacion: RENOVACIÓN DE LICENCIA DE USO
2026-04-24 00:01:13,752 | INFO |    - doc_vigilante: 47694399
2026-04-24 00:01:13,752 | INFO |    - nro_solicitud: 099008-0
2026-04-24 00:01:13,752 | INFO |    - fecha_programacion: 24/04/2026
2026-04-24 00:01:13,752 | INFO |    - ruc: J & V Resguardo
2026-04-24 00:01:13,752 | INFO |    - prioridad: alta
2026-04-24 00:01:13,752 | INFO |    - siguiente_mismo_doc_y_fecha: False
2026-04-24 00:01:13,752 | INFO |    - indices_relacionados_excel: [1]
2026-04-24 00:01:13,752 | INFO |    - tipo_arma (excel): ['CORTA']
2026-04-24 00:01:13,752 | INFO |    - arma (excel): ['REVOLVER']
2026-04-24 00:01:13,752 | INFO |    - objetivos_arma: [('CORTA', 'REVOLVER')]
2026-04-24 00:01:13,752 | INFO |    - tipos_arma_objetivo: ['CORTA']
2026-04-24 00:01:13,759 | INFO |  Completando Reserva de Cupos con datos del Excel...
2026-04-24 00:01:14,146 | INFO |    [INFO] Sede seleccionado: LIMA
2026-04-24 00:01:15,265 | INFO |    [INFO] Fecha seleccionado: 15/05/2026
2026-04-24 00:01:15,265 | INFO |  Buscando hora en tabla: 12:00-12:15
2026-04-24 00:01:15,522 | INFO |    [INFO] Estrategia horario: bloque completo de mediodía (11:45-13:00)
2026-04-24 00:01:15,929 | INFO |    [INFO] Click en botn 'Limpiar' por falta de cupos
2026-04-24 00:01:16,923 | INFO | [WARNING] Error en registro idx=1: No hay cupos en horarios candidatos. Objetivo: 12:00-12:15 | Candidatos: 11:45-12:00(0), 12:00-12:15(0), 12:15-12:30(0), 12:30-12:45(0), 12:45-13:00(0)
2026-04-24 00:01:16,944 | INFO |    📝 Excel actualizado: observaciones='No alcanzo cupo para horario 12:00-12:15' en 1 fila(s)
2026-04-24 00:01:16,944 | INFO | [INFO] Registro idx=1 marcado como terminal 'SIN_CUPO' tras 1 confirmaciones
2026-04-24 00:01:17,178 | INFO |    [INFO] Click en 'Limpiar' (recuperación por error)
2026-04-24 00:01:18,178 | INFO | [DEBUG] PERSISTENT_SESSION: cerrando contexto anterior para siguiente grupo
2026-04-24 00:01:18,198 | INFO |  Tiempo total del flujo: 21.15 segundos
2026-04-24 00:01:18,198 | INFO |  Resumen: OK=0 | SIN_CUPO=1 | ERROR=0
2026-04-24 00:01:18,198 | INFO | [INFO] Flujo completado.
2026-04-24 00:01:18,198 | INFO |     Duracin final del flujo: 21.15 segundos
2026-04-24 00:01:18,557 | INFO | Navegador cerrado.
2026-04-24 00:01:18,557 | INFO | Pipeline finalizado
2026-04-24 00:01:18,557 | INFO | Log disponible en: C:\Users\fserrano\Desktop\ARMAS-GADSO-1.0\logs\.tmp_multihilo_flow_20260424_000051\logs_w2\run_20260424_000051.log
