2026-04-28 11:31:16,739 | INFO | Iniciando pipeline ARMAS-GADSO
2026-04-28 11:31:16,739 | INFO | Modo: scheduled
2026-04-28 11:31:16,739 | INFO | Excel: C:\Users\fserrano\Desktop\ARMAS-GADSO-1.0\logs\20260428_113101\worker_1_batch_1_idxs_0.xlsx
2026-04-28 11:31:16,740 | INFO | Screenshots: C:\Users\fserrano\Desktop\ARMAS-GADSO-1.0\screenshots\20260428_113101\screenshots_w1
2026-04-28 11:31:22,048 | INFO | [INFO] OCR (easyocr) cargado correctamente | langs=['en'] | gpu=False
2026-04-28 11:31:22,079 | INFO | [INFO] INICIANDO SCRIPT SEL - Login Automtico
2026-04-28 11:31:22,079 | INFO | [INFO] PERSISTENT_SESSION activado - navegador se reutilizara entre grupos sin cerrarse
2026-04-28 11:31:23,660 | INFO |    -> Registros con estado 'PENDIENTE': 1
2026-04-28 11:31:23,660 | INFO |    -> Validando fecha de hoy: 28/04/2026
2026-04-28 11:31:23,661 | INFO |    -> Registros despues de filtrar por fecha: 1 (filtrados: 0)
2026-04-28 11:31:23,665 | INFO |  Registros pendientes a procesar: 1
2026-04-28 11:31:23,665 | INFO |  Procesando grupo RUC JV - Registros: 1
2026-04-28 11:31:23,665 | INFO | [INFO] Intento login 1/12 para grupo JV
2026-04-28 11:31:23,665 | INFO | [TILE] Lanzando Chromium con args: ['--disable-infobars', '--window-size=1366,900', '--window-position=0,0']
2026-04-28 11:31:25,990 | INFO | [INFO] Pagina de login cargada
2026-04-28 11:31:26,364 | INFO | [INFO] Pestaña 'Autenticación Tradicional' seleccionada
2026-04-28 11:31:28,468 | INFO | [INFO] Credenciales llenadas para grupo JV
2026-04-28 11:31:28,469 | INFO |  OCR CAPTCHA: intento interno 1/6...
2026-04-28 11:31:29,795 | ERROR | C:\Users\fserrano\AppData\Local\Programs\Python\Python314\Lib\site-packages\torch\utils\data\dataloader.py:775: UserWarning: 'pin_memory' argument is set as true but no accelerator is found, then device pinned memory won't be used.
2026-04-28 11:31:29,795 | ERROR |   super().__init__(loader)
2026-04-28 11:31:29,872 | INFO |    -> Variante 0, Decoder greedy: 'U8V6V' -> 'U8V6V' [INFO]
2026-04-28 11:31:29,872 | INFO |    [INFO] CAPTCHA valido -> Usando: U8V6V
2026-04-28 11:31:29,960 | INFO | [INFO] Captcha automatico: U8V6V
2026-04-28 11:31:29,960 | INFO | [INFO] Enviando login...
2026-04-28 11:31:30,424 | INFO | [INFO] Validando acceso...
2026-04-28 11:31:30,424 | INFO | [INFO] Acceso exitoso
2026-04-28 11:31:30,424 | INFO |    -> URL: https://www.sucamec.gob.pe/sel/faces/aplicacion/inicio.xhtml
2026-04-28 11:31:30,424 | INFO | [INFO] Tiempo total login: 4.43 segundos
2026-04-28 11:31:30,424 | INFO |  Navegando a RESERVAS DE CITAS...
2026-04-28 11:31:32,365 | INFO |    [INFO] Menu CITAS expandido
2026-04-28 11:31:34,914 | INFO |    [INFO] Click en 'RESERVAS DE CITAS'
2026-04-28 11:31:34,914 | INFO |  Seleccionando tipo de cita: EXAMEN PARA POLIGONO DE TIRO
2026-04-28 11:31:38,964 | INFO |    [INFO] Tipo de cita seleccionado: EXAMEN PARA POLÍGONO DE TIRO
2026-04-28 11:31:38,964 | INFO | -------- JV Registro iterativo 1 (idx=0, prioridad=alta, intento=1, en_cola=0) --------
2026-04-28 11:31:39,103 | INFO |  Registro tomado desde Excel:
2026-04-28 11:31:39,103 | INFO |    - id_registro: 1
2026-04-28 11:31:39,103 | INFO |    - sede: LIMA
2026-04-28 11:31:39,103 | INFO |    - fecha: 19/05/2026
2026-04-28 11:31:39,103 | INFO |    - hora_rango: 12:00-12:15
2026-04-28 11:31:39,103 | INFO |    - tipo_operacion: RENOVACION DE LICENCIA DE USO
2026-04-28 11:31:39,103 | INFO |    - doc_vigilante: 40598949
2026-04-28 11:31:39,103 | INFO |    - nro_solicitud: 052333-0
2026-04-28 11:31:39,103 | INFO |    - fecha_programacion: 28/04/2026
2026-04-28 11:31:39,103 | INFO |    - ruc: J & V Resguardo
2026-04-28 11:31:39,103 | INFO |    - prioridad: alta
2026-04-28 11:31:39,103 | INFO |    - siguiente_mismo_doc_y_fecha: False
2026-04-28 11:31:39,103 | INFO |    - indices_relacionados_excel: [0]
2026-04-28 11:31:39,103 | INFO |    - tipo_arma (excel): ['CORTA']
2026-04-28 11:31:39,103 | INFO |    - arma (excel): ['REVOLVER']
2026-04-28 11:31:39,103 | INFO |    - objetivos_arma: [('CORTA', 'REVOLVER')]
2026-04-28 11:31:39,103 | INFO |    - tipos_arma_objetivo: ['CORTA']
2026-04-28 11:31:39,110 | INFO |  Completando Reserva de Cupos con datos del Excel...
2026-04-28 11:31:39,477 | INFO |    [INFO] Sede seleccionado: LIMA
2026-04-28 11:31:40,591 | INFO |    [INFO] Fecha seleccionado: 19/05/2026
2026-04-28 11:31:40,592 | INFO |  Buscando hora en tabla: 12:00-12:15
2026-04-28 11:31:41,045 | INFO |    [INFO] Screenshot tabla cupos: C:\Users\fserrano\Desktop\ARMAS-GADSO-1.0\screenshots\20260428_113101\screenshots_w1\step_1_reserva_cupos\20260428_113140_tabla_inicial_i1_h12_00-12_15.png
2026-04-28 11:31:41,329 | INFO |    [INFO] Estrategia horario: bloque completo de mediodia (11:45-13:00)
2026-04-28 11:31:41,453 | INFO |    [INFO] Screenshot tabla sin cupo: C:\Users\fserrano\Desktop\ARMAS-GADSO-1.0\screenshots\20260428_113101\screenshots_w1\step_1_reserva_cupos\20260428_113141_sin_cupo_candidatos_0_i1_h12_00-12_15.png
2026-04-28 11:31:41,455 | INFO |    [INFO] Correo Graph diferido [MULTIWORKER_DEFERRED] | attachments=20260428_113140_tabla_inicial_i1_h12_00-12_15.png, 20260428_113141_sin_cupo_candidatos_0_i1_h12_00-12_15.png
2026-04-28 11:31:41,855 | INFO |    [INFO] Click en boton 'Limpiar' por falta de cupos
2026-04-28 11:31:42,834 | INFO | [WARNING] Error en registro idx=0: No hay cupos en horarios candidatos. Objetivo: 12:00-12:15 | Candidatos: 11:45-12:00(0), 12:00-12:15(0), 12:15-12:30(0), 12:30-12:45(0), 12:45-13:00(0)
2026-04-28 11:31:42,856 | INFO |    [INFO] Excel actualizado: observaciones='No alcanzo cupo para horario 12:00-12:15' en 1 fila(s)
2026-04-28 11:31:42,856 | INFO | [INFO] Registro idx=0 marcado como terminal 'SIN_CUPO' tras 1 confirmaciones
2026-04-28 11:31:43,731 | INFO | [INFO] Wizard limpiado para siguiente registro (recuperacion por error)
2026-04-28 11:31:44,732 | INFO | [DEBUG] PERSISTENT_SESSION: cerrando contexto anterior para siguiente grupo
2026-04-28 11:31:44,757 | INFO |  Tiempo total del flujo: 22.68 segundos
2026-04-28 11:31:44,757 | INFO |  Resumen: OK=0 | SIN_CUPO=1 | ERROR=0
2026-04-28 11:31:44,757 | INFO | [INFO] Flujo completado.
2026-04-28 11:31:44,757 | INFO |     Duracin final del flujo: 22.68 segundos
2026-04-28 11:31:45,188 | INFO | Navegador cerrado.
2026-04-28 11:31:45,189 | INFO | Pipeline finalizado
2026-04-28 11:31:45,189 | INFO | Log disponible en: C:\Users\fserrano\Desktop\ARMAS-GADSO-1.0\logs\20260428_113101\logs_w1\run_20260428_113101.log
