2026-04-24 16:14:54,254 | INFO | Iniciando pipeline ARMAS-GADSO
2026-04-24 16:14:54,254 | INFO | Modo: scheduled
2026-04-24 16:14:54,254 | INFO | Excel: C:\Users\fserrano\Desktop\ARMAS-GADSO-1.0\logs\20260424_161449\worker_1_batch_1_idxs_0.xlsx
2026-04-24 16:14:54,254 | INFO | Screenshots: C:\Users\fserrano\Desktop\ARMAS-GADSO-1.0\screenshots\20260424_161449\screenshots_w1
2026-04-24 16:15:00,248 | INFO | [INFO] OCR (easyocr) cargado correctamente | langs=['en'] | gpu=False
2026-04-24 16:15:00,274 | INFO | [INFO] INICIANDO SCRIPT SEL - Login Automtico
2026-04-24 16:15:00,274 | INFO | [INFO] PERSISTENT_SESSION activado - navegador se reutilizara entre grupos sin cerrarse
2026-04-24 16:15:00,904 | INFO |    -> Registros con estado 'PENDIENTE': 1
2026-04-24 16:15:00,904 | INFO |    -> Validando fecha de hoy: 24/04/2026
2026-04-24 16:15:00,904 | INFO |    -> Registros despues de filtrar por fecha: 1 (filtrados: 0)
2026-04-24 16:15:00,907 | INFO |  Registros pendientes a procesar: 1
2026-04-24 16:15:00,907 | INFO |  Procesando grupo RUC JV - Registros: 1
2026-04-24 16:15:00,907 | INFO | [INFO] Intento login 1/12 para grupo JV
2026-04-24 16:15:00,907 | INFO | [TILE] Lanzando Chromium con args: ['--disable-infobars', '--start-maximized', '--window-size=1920,1080', '--window-position=0,0']
2026-04-24 16:15:02,646 | INFO | [INFO] Pagina de login cargada
2026-04-24 16:15:03,046 | INFO | [INFO] Pestaña 'Autenticación Tradicional' seleccionada
2026-04-24 16:15:05,126 | INFO | [INFO] Credenciales llenadas para grupo JV
2026-04-24 16:15:05,127 | INFO |  OCR CAPTCHA: intento interno 1/6...
2026-04-24 16:15:06,266 | ERROR | C:\Users\fserrano\AppData\Local\Programs\Python\Python314\Lib\site-packages\torch\utils\data\dataloader.py:775: UserWarning: 'pin_memory' argument is set as true but no accelerator is found, then device pinned memory won't be used.
2026-04-24 16:15:06,266 | ERROR |   super().__init__(loader)
2026-04-24 16:15:06,350 | INFO |    -> Variante 0, Decoder greedy: 'K5GPJ' -> 'K5GPJ' [INFO]
2026-04-24 16:15:06,351 | INFO |    [INFO] CAPTCHA valido -> Usando: K5GPJ
2026-04-24 16:15:06,432 | INFO | [INFO] Captcha automatico: K5GPJ
2026-04-24 16:15:06,432 | INFO | [INFO] Enviando login...
2026-04-24 16:15:06,952 | INFO | [INFO] Validando acceso...
2026-04-24 16:15:06,952 | INFO | [INFO] Acceso exitoso
2026-04-24 16:15:06,952 | INFO |    -> URL: https://www.sucamec.gob.pe/sel/faces/aplicacion/inicio.xhtml
2026-04-24 16:15:06,952 | INFO | [INFO] Tiempo total login: 4.31 segundos
2026-04-24 16:15:06,952 | INFO |  Navegando a RESERVAS DE CITAS...
2026-04-24 16:15:08,363 | INFO |    [INFO] Menu CITAS expandido
2026-04-24 16:15:09,740 | INFO |    [INFO] Click en 'RESERVAS DE CITAS'
2026-04-24 16:15:09,741 | INFO |  Seleccionando tipo de cita: EXAMEN PARA POLIGONO DE TIRO
2026-04-24 16:15:10,213 | INFO |    [INFO] Tipo de cita seleccionado: EXAMEN PARA POLÍGONO DE TIRO
2026-04-24 16:15:10,214 | INFO | -------- JV Registro iterativo 1 (idx=0, prioridad=alta, intento=1, en_cola=0) --------
2026-04-24 16:15:10,363 | INFO |  Registro tomado desde Excel:
2026-04-24 16:15:10,363 | INFO |    - id_registro: 1
2026-04-24 16:15:10,363 | INFO |    - sede: JEFATURA ZONAL DE JUNIN
2026-04-24 16:15:10,364 | INFO |    - fecha: 30/04/2026
2026-04-24 16:15:10,364 | INFO |    - hora_rango: 10:00-10:15
2026-04-24 16:15:10,364 | INFO |    - tipo_operacion: INICIAL DE LICENCIA DE USO
2026-04-24 16:15:10,364 | INFO |    - doc_vigilante: 74474128
2026-04-24 16:15:10,364 | INFO |    - nro_solicitud: 085093-0
2026-04-24 16:15:10,364 | INFO |    - fecha_programacion: 24/04/2026
2026-04-24 16:15:10,364 | INFO |    - ruc: J & V Resguardo
2026-04-24 16:15:10,364 | INFO |    - prioridad: alta
2026-04-24 16:15:10,364 | INFO |    - siguiente_mismo_doc_y_fecha: False
2026-04-24 16:15:10,364 | INFO |    - indices_relacionados_excel: [0]
2026-04-24 16:15:10,364 | INFO |    - tipo_arma (excel): ['CORTA']
2026-04-24 16:15:10,365 | INFO |    - arma (excel): ['REVOLVER']
2026-04-24 16:15:10,365 | INFO |    - objetivos_arma: [('CORTA', 'REVOLVER')]
2026-04-24 16:15:10,365 | INFO |    - tipos_arma_objetivo: ['CORTA']
2026-04-24 16:15:10,372 | INFO |  Completando Reserva de Cupos con datos del Excel...
2026-04-24 16:15:10,735 | INFO |    [INFO] Sede seleccionado: JEFATURA ZONAL DE JUNIN
2026-04-24 16:15:11,813 | INFO |    [INFO] Fecha seleccionado: 30/04/2026
2026-04-24 16:15:11,813 | INFO |  Buscando hora en tabla: 10:00-10:15
2026-04-24 16:15:12,288 | INFO |    [INFO] Estrategia horario: prioridad a hora exacta del Excel
2026-04-24 16:15:12,605 | INFO |    [INFO] Hora seleccionada: 10:00-10:15 (Cupos Libres=1)
2026-04-24 16:15:12,635 | INFO |    [INFO] Click en boton 'Siguiente'
2026-04-24 16:15:12,635 | INFO |  Completando Paso 2 con datos del Excel...
2026-04-24 16:15:13,239 | INFO |    [INFO] Tipo Operacion seleccionado: INICIAL DE LICENCIA DE USO
2026-04-24 16:15:13,239 | INFO |     Flujo INICIAL detectado: primero Tipo de Licencia, luego Documento Vigilante
2026-04-24 16:15:13,713 | INFO |    [INFO] Tipo de Licencia: SEGURIDAD PRIVADA
2026-04-24 16:15:15,211 | INFO |    [INFO] Documento vigilante seleccionado: 74474128
2026-04-24 16:15:15,632 | INFO |    [INFO] Seleccione Solicitud: SI
2026-04-24 16:15:15,633 | INFO |     Flujo INICIAL: tambien se seleccionara Nro Solicitud
2026-04-24 16:15:39,084 | INFO |    [INFO] Screenshot paso 2: C:\Users\fserrano\Desktop\ARMAS-GADSO-1.0\screenshots\20260424_161449\screenshots_w1\step_2_datos_tramite\20260424_161516_nro_solicitud_i1_h10_00-10_15.png
2026-04-24 16:15:40,118 | INFO | [WARNING] Error en registro idx=0: No se encontro Nro Solicitud con token '85093'. Opciones: ['Seleccione']
2026-04-24 16:15:40,118 | INFO | [INFO] Registro idx=0 con causal terminal 'NRO_SOLICITUD' pendiente de confirmacion (1/2). Reencolando...
2026-04-24 16:15:40,752 | INFO | [INFO] Wizard limpiado para siguiente registro (recuperacion por error)
2026-04-24 16:15:41,753 | INFO | -------- JV Registro iterativo 2 (idx=0, prioridad=alta, intento=2, en_cola=0) --------
2026-04-24 16:15:41,793 | INFO |  Registro tomado desde Excel:
2026-04-24 16:15:41,793 | INFO |    - id_registro: 1
2026-04-24 16:15:41,793 | INFO |    - sede: JEFATURA ZONAL DE JUNIN
2026-04-24 16:15:41,793 | INFO |    - fecha: 30/04/2026
2026-04-24 16:15:41,793 | INFO |    - hora_rango: 10:00-10:15
2026-04-24 16:15:41,793 | INFO |    - tipo_operacion: INICIAL DE LICENCIA DE USO
2026-04-24 16:15:41,793 | INFO |    - doc_vigilante: 74474128
2026-04-24 16:15:41,793 | INFO |    - nro_solicitud: 085093-0
2026-04-24 16:15:41,793 | INFO |    - fecha_programacion: 24/04/2026
2026-04-24 16:15:41,793 | INFO |    - ruc: J & V Resguardo
2026-04-24 16:15:41,793 | INFO |    - prioridad: alta
2026-04-24 16:15:41,793 | INFO |    - siguiente_mismo_doc_y_fecha: False
2026-04-24 16:15:41,794 | INFO |    - indices_relacionados_excel: [0]
2026-04-24 16:15:41,794 | INFO |    - tipo_arma (excel): ['CORTA']
2026-04-24 16:15:41,794 | INFO |    - arma (excel): ['REVOLVER']
2026-04-24 16:15:41,794 | INFO |    - objetivos_arma: [('CORTA', 'REVOLVER')]
2026-04-24 16:15:41,794 | INFO |    - tipos_arma_objetivo: ['CORTA']
2026-04-24 16:15:41,798 | INFO |  Completando Reserva de Cupos con datos del Excel...
2026-04-24 16:15:42,160 | INFO |    [INFO] Sede seleccionado: JEFATURA ZONAL DE JUNIN
2026-04-24 16:15:43,312 | INFO |    [INFO] Fecha seleccionado: 30/04/2026
2026-04-24 16:15:43,312 | INFO |  Buscando hora en tabla: 10:00-10:15
2026-04-24 16:15:44,429 | INFO |    [INFO] Estrategia horario: prioridad a hora exacta del Excel
2026-04-24 16:15:44,713 | INFO |    [INFO] Hora seleccionada: 10:00-10:15 (Cupos Libres=1)
2026-04-24 16:15:44,750 | INFO |    [INFO] Click en boton 'Siguiente'
2026-04-24 16:15:44,750 | INFO |  Completando Paso 2 con datos del Excel...
2026-04-24 16:15:45,437 | INFO |    [INFO] Tipo Operacion seleccionado: INICIAL DE LICENCIA DE USO
2026-04-24 16:15:45,437 | INFO |     Flujo INICIAL detectado: primero Tipo de Licencia, luego Documento Vigilante
2026-04-24 16:15:46,232 | INFO |    [INFO] Tipo de Licencia: SEGURIDAD PRIVADA
2026-04-24 16:15:47,864 | INFO |    [INFO] Documento vigilante seleccionado: 74474128
2026-04-24 16:15:48,342 | INFO |    [INFO] Seleccione Solicitud: SI
2026-04-24 16:15:48,342 | INFO |     Flujo INICIAL: tambien se seleccionara Nro Solicitud
2026-04-24 16:15:48,832 | INFO |    [INFO] Screenshot paso 2: C:\Users\fserrano\Desktop\ARMAS-GADSO-1.0\screenshots\20260424_161449\screenshots_w1\step_2_datos_tramite\20260424_161548_nro_solicitud_i1_h10_00-10_15.png
2026-04-24 16:15:49,808 | INFO | [WARNING] Error en registro idx=0: No se encontro Nro Solicitud con token '85093'. Opciones: ['Seleccione']
2026-04-24 16:15:49,823 | INFO |    [INFO] Excel actualizado: observaciones='No se encontró Nro Solicitud/Código de pago para token de 085093-0' en 1 fila(s)
2026-04-24 16:15:49,823 | INFO | [INFO] Registro idx=0 marcado como terminal 'NRO_SOLICITUD' tras 2 confirmaciones
2026-04-24 16:15:50,366 | INFO | [INFO] Wizard limpiado para siguiente registro (recuperacion por error)
2026-04-24 16:15:51,368 | INFO | [DEBUG] PERSISTENT_SESSION: cerrando contexto anterior para siguiente grupo
2026-04-24 16:15:51,405 | INFO |  Tiempo total del flujo: 51.13 segundos
2026-04-24 16:15:51,405 | INFO |  Resumen: OK=0 | SIN_CUPO=0 | ERROR=1
2026-04-24 16:15:51,405 | INFO | [INFO] Flujo completado.
2026-04-24 16:15:51,406 | INFO |     Duracin final del flujo: 51.13 segundos
2026-04-24 16:15:51,809 | INFO | Navegador cerrado.
2026-04-24 16:15:51,809 | INFO | Pipeline finalizado
2026-04-24 16:15:51,809 | INFO | Log disponible en: C:\Users\fserrano\Desktop\ARMAS-GADSO-1.0\logs\20260424_161449\logs_w1\run_20260424_161449.log
