2026-04-28 11:58:45,616 | INFO | Iniciando pipeline ARMAS-GADSO
2026-04-28 11:58:45,617 | INFO | Modo: scheduled
2026-04-28 11:58:45,617 | INFO | Excel: C:\Users\fserrano\Desktop\ARMAS-GADSO-1.0\logs\20260428_115838\worker_2_batch_1_idxs_1.xlsx
2026-04-28 11:58:45,617 | INFO | Screenshots: C:\Users\fserrano\Desktop\ARMAS-GADSO-1.0\screenshots\20260428_115838\screenshots_w2
2026-04-28 11:58:53,931 | INFO | [INFO] OCR (easyocr) cargado correctamente | langs=['en'] | gpu=False
2026-04-28 11:58:53,976 | INFO | [INFO] INICIANDO SCRIPT SEL - Login Automtico
2026-04-28 11:58:53,976 | INFO | [INFO] PERSISTENT_SESSION activado - navegador se reutilizara entre grupos sin cerrarse
2026-04-28 11:58:54,851 | INFO |    -> Registros con estado 'PENDIENTE': 1
2026-04-28 11:58:54,851 | INFO |    -> Validando fecha de hoy: 28/04/2026
2026-04-28 11:58:54,853 | INFO |    -> Registros despues de filtrar por fecha: 1 (filtrados: 0)
2026-04-28 11:58:54,860 | INFO |  Registros pendientes a procesar: 1
2026-04-28 11:58:54,861 | INFO |  Procesando grupo RUC JV - Registros: 1
2026-04-28 11:58:54,861 | INFO | [INFO] Intento login 1/12 para grupo JV
2026-04-28 11:58:54,861 | INFO | [TILE] Lanzando Chromium con args: ['--disable-infobars', '--window-size=1366,900', '--window-position=0,0']
2026-04-28 11:58:59,411 | INFO | [INFO] Pagina de login cargada
2026-04-28 11:59:00,127 | INFO | [INFO] Pestaña 'Autenticación Tradicional' seleccionada
2026-04-28 11:59:02,860 | INFO | [INFO] Credenciales llenadas para grupo JV
2026-04-28 11:59:02,860 | INFO |  OCR CAPTCHA: intento interno 1/6...
2026-04-28 11:59:05,327 | ERROR | C:\Users\fserrano\AppData\Local\Programs\Python\Python314\Lib\site-packages\torch\utils\data\dataloader.py:775: UserWarning: 'pin_memory' argument is set as true but no accelerator is found, then device pinned memory won't be used.
2026-04-28 11:59:05,327 | ERROR |   super().__init__(loader)
2026-04-28 11:59:05,594 | INFO |    -> Variante 0, Decoder greedy: 'PMVIB' -> 'PMVIB' [INFO]
2026-04-28 11:59:05,595 | INFO |    [INFO] CAPTCHA valido -> Usando: PMVIB
2026-04-28 11:59:05,778 | INFO | [INFO] Captcha automatico: PMVIB
2026-04-28 11:59:05,778 | INFO | [INFO] Enviando login...
2026-04-28 11:59:06,534 | INFO | [INFO] Validando acceso...
2026-04-28 11:59:06,535 | INFO | [INFO] Acceso exitoso
2026-04-28 11:59:06,536 | INFO |    -> URL: https://www.sucamec.gob.pe/sel/faces/aplicacion/inicio.xhtml
2026-04-28 11:59:06,536 | INFO | [INFO] Tiempo total login: 7.12 segundos
2026-04-28 11:59:06,537 | INFO |  Navegando a RESERVAS DE CITAS...
2026-04-28 11:59:13,186 | INFO |    [INFO] Menu CITAS expandido
2026-04-28 11:59:14,530 | INFO |    [INFO] Click en 'RESERVAS DE CITAS'
2026-04-28 11:59:14,530 | INFO |  Seleccionando tipo de cita: EXAMEN PARA POLIGONO DE TIRO
2026-04-28 11:59:26,546 | INFO | [ERROR] Intento login 1 para grupo JV fallo: Locator.wait_for: Timeout 12000ms exceeded.
2026-04-28 11:59:26,547 | INFO | Call log:
2026-04-28 11:59:26,547 | INFO |   - waiting for locator("#gestionCitasForm\\:j_idt32 .ui-selectonemenu-trigger").first to be visible
2026-04-28 11:59:26,547 | INFO |    Reintentando login...
2026-04-28 11:59:28,548 | INFO | [INFO] Intento login 2/12 para grupo JV
2026-04-28 11:59:28,929 | INFO | [TILE] Lanzando Chromium con args: ['--disable-infobars', '--window-size=1366,900', '--window-position=0,0']
2026-04-28 11:59:35,924 | INFO | [INFO] Pagina de login cargada
2026-04-28 11:59:36,061 | INFO | [INFO] Pestaña 'Autenticación Tradicional' seleccionada
2026-04-28 11:59:38,292 | INFO | [INFO] Credenciales llenadas para grupo JV
2026-04-28 11:59:38,292 | INFO |  OCR CAPTCHA: intento interno 1/6...
2026-04-28 11:59:39,470 | INFO |    -> Variante 0, Decoder greedy: 'AGQQ0' -> 'AGQQ0' [INFO]
2026-04-28 11:59:39,470 | INFO |    [INFO] CAPTCHA valido -> Usando: AGQQ0
2026-04-28 11:59:39,562 | INFO | [INFO] Captcha automatico: AGQQ0
2026-04-28 11:59:39,562 | INFO | [INFO] Enviando login...
2026-04-28 11:59:40,577 | INFO | [INFO] Validando acceso...
2026-04-28 11:59:46,238 | INFO | [ERROR] Login fallo - no se detecto sesion autenticada
2026-04-28 11:59:46,239 | INFO |    -> URL actual: https://www.sucamec.gob.pe/sel/faces/login.xhtml;jsessionid=50817e9cad52c380271ee8ed3dd1
2026-04-28 11:59:46,239 | INFO |    -> Error detectado: Error el captcha es incorrecto
2026-04-28 11:59:46,239 | INFO | [INFO] Tiempo validacion: 5.66 segundos
2026-04-28 11:59:46,239 | INFO | [ERROR] Intento login 2 para grupo JV fallo: CAPTCHA incorrecto o credenciales invalidas
2026-04-28 11:59:46,239 | INFO |    Reintentando login...
2026-04-28 11:59:49,240 | INFO | [INFO] Intento login 3/12 para grupo JV
2026-04-28 11:59:49,737 | INFO | [TILE] Lanzando Chromium con args: ['--disable-infobars', '--window-size=1366,900', '--window-position=0,0']
2026-04-28 11:59:58,042 | INFO | [INFO] Pagina de login cargada
2026-04-28 11:59:58,454 | INFO | [INFO] Pestaña 'Autenticación Tradicional' seleccionada
2026-04-28 12:00:03,705 | INFO | [INFO] Credenciales llenadas para grupo JV
2026-04-28 12:00:03,705 | INFO |  OCR CAPTCHA: intento interno 1/6...
2026-04-28 12:00:04,894 | INFO |    -> Variante 0, Decoder greedy: 'BUFLL' -> 'BUFLL' [INFO]
2026-04-28 12:00:04,894 | INFO |    [INFO] CAPTCHA valido -> Usando: BUFLL
2026-04-28 12:00:05,007 | INFO | [INFO] Captcha automatico: BUFLL
2026-04-28 12:00:05,007 | INFO | [INFO] Enviando login...
2026-04-28 12:00:05,671 | INFO | [INFO] Validando acceso...
2026-04-28 12:00:05,671 | INFO | [INFO] Acceso exitoso
2026-04-28 12:00:05,671 | INFO |    -> URL: https://www.sucamec.gob.pe/sel/faces/aplicacion/inicio.xhtml
2026-04-28 12:00:05,671 | INFO | [INFO] Tiempo total login: 7.63 segundos
2026-04-28 12:00:05,671 | INFO |  Navegando a RESERVAS DE CITAS...
2026-04-28 12:00:08,156 | INFO |    [INFO] Menu CITAS expandido
2026-04-28 12:00:10,660 | INFO |    [INFO] Click en 'RESERVAS DE CITAS'
2026-04-28 12:00:10,660 | INFO |  Seleccionando tipo de cita: EXAMEN PARA POLIGONO DE TIRO
2026-04-28 12:00:11,997 | INFO |    [INFO] Tipo de cita seleccionado: EXAMEN PARA POLÍGONO DE TIRO
2026-04-28 12:00:11,997 | INFO | -------- JV Registro iterativo 1 (idx=1, prioridad=alta, intento=1, en_cola=0) --------
2026-04-28 12:00:12,321 | INFO |  Registro tomado desde Excel:
2026-04-28 12:00:12,321 | INFO |    - id_registro: 2
2026-04-28 12:00:12,321 | INFO |    - sede: LIMA
2026-04-28 12:00:12,321 | INFO |    - fecha: 19/05/2026
2026-04-28 12:00:12,321 | INFO |    - hora_rango: 12:00-12:15
2026-04-28 12:00:12,321 | INFO |    - tipo_operacion: RENOVACION DE LICENCIA DE USO
2026-04-28 12:00:12,321 | INFO |    - doc_vigilante: 73799884
2026-04-28 12:00:12,321 | INFO |    - nro_solicitud: 037411-0
2026-04-28 12:00:12,321 | INFO |    - fecha_programacion: 28/04/2026
2026-04-28 12:00:12,321 | INFO |    - ruc: J & V Resguardo
2026-04-28 12:00:12,321 | INFO |    - prioridad: alta
2026-04-28 12:00:12,321 | INFO |    - siguiente_mismo_doc_y_fecha: False
2026-04-28 12:00:12,321 | INFO |    - indices_relacionados_excel: [1]
2026-04-28 12:00:12,322 | INFO |    - tipo_arma (excel): ['CORTA']
2026-04-28 12:00:12,322 | INFO |    - arma (excel): ['REVOLVER']
2026-04-28 12:00:12,322 | INFO |    - objetivos_arma: [('CORTA', 'REVOLVER')]
2026-04-28 12:00:12,322 | INFO |    - tipos_arma_objetivo: ['CORTA']
2026-04-28 12:00:12,339 | INFO |  Completando Reserva de Cupos con datos del Excel...
2026-04-28 12:00:12,796 | INFO |    [INFO] Sede seleccionado: LIMA
2026-04-28 12:00:14,851 | INFO |    [INFO] Fecha seleccionado: 19/05/2026
2026-04-28 12:00:14,852 | INFO |  Buscando hora en tabla: 12:00-12:15
2026-04-28 12:00:45,216 | INFO |    [WARNING] No se pudo capturar screenshot de tabla cupos: Locator.screenshot: Timeout 29993ms exceeded.
2026-04-28 12:00:45,216 | INFO | Call log:
2026-04-28 12:00:45,217 | INFO |   - taking element screenshot
2026-04-28 12:00:45,217 | INFO |   - waiting for fonts to load...
2026-04-28 12:00:45,723 | INFO |    [INFO] Estrategia horario: bloque completo de mediodia (11:45-13:00)
2026-04-28 12:01:09,804 | INFO |    [INFO] Screenshot tabla sin cupo: C:\Users\fserrano\Desktop\ARMAS-GADSO-1.0\screenshots\20260428_115838\screenshots_w2\step_1_reserva_cupos\20260428_120045_sin_cupo_candidatos_0_i1_h12_00-12_15.png
2026-04-28 12:01:09,806 | INFO |    [INFO] Correo Graph diferido [MULTIWORKER_DEFERRED] | attachments=20260428_120045_sin_cupo_candidatos_0_i1_h12_00-12_15.png
2026-04-28 12:01:10,237 | INFO |    [INFO] Click en boton 'Limpiar' por falta de cupos
2026-04-28 12:01:11,143 | INFO | [WARNING] Error en registro idx=1: No hay cupos en horarios candidatos. Objetivo: 12:00-12:15 | Candidatos: 11:45-12:00(0), 12:00-12:15(0), 12:15-12:30(0), 12:30-12:45(0), 12:45-13:00(0)
2026-04-28 12:01:11,180 | INFO |    [INFO] Excel actualizado: observaciones='No alcanzo cupo para horario 12:00-12:15' en 1 fila(s)
2026-04-28 12:01:11,181 | INFO | [INFO] Registro idx=1 marcado como terminal 'SIN_CUPO' tras 1 confirmaciones
2026-04-28 12:01:11,840 | INFO | [INFO] Wizard limpiado para siguiente registro (recuperacion por error)
2026-04-28 12:01:12,841 | INFO | [DEBUG] PERSISTENT_SESSION: cerrando contexto anterior para siguiente grupo
2026-04-28 12:01:12,886 | INFO |  Tiempo total del flujo: 138.91 segundos
2026-04-28 12:01:12,886 | INFO |  Resumen: OK=0 | SIN_CUPO=1 | ERROR=0
2026-04-28 12:01:12,886 | INFO | [INFO] Flujo completado.
2026-04-28 12:01:12,887 | INFO |     Duracin final del flujo: 138.91 segundos
2026-04-28 12:01:13,454 | INFO | Navegador cerrado.
2026-04-28 12:01:13,454 | INFO | Pipeline finalizado
2026-04-28 12:01:13,454 | INFO | Log disponible en: C:\Users\fserrano\Desktop\ARMAS-GADSO-1.0\logs\20260428_115838\logs_w2\run_20260428_115838.log
