2026-04-28 10:38:13,685 | INFO | Iniciando pipeline ARMAS-GADSO
2026-04-28 10:38:13,685 | INFO | Modo: scheduled
2026-04-28 10:38:13,685 | INFO | Excel: C:\Users\fserrano\Desktop\ARMAS-GADSO-1.0\logs\20260428_103809\worker_1_batch_1_idxs_0.xlsx
2026-04-28 10:38:13,685 | INFO | Screenshots: C:\Users\fserrano\Desktop\ARMAS-GADSO-1.0\screenshots\20260428_103809\screenshots_w1
2026-04-28 10:38:18,149 | INFO | [INFO] OCR (easyocr) cargado correctamente | langs=['en'] | gpu=False
2026-04-28 10:38:18,178 | INFO | [INFO] INICIANDO SCRIPT SEL - Login Automtico
2026-04-28 10:38:18,179 | INFO | [INFO] PERSISTENT_SESSION activado - navegador se reutilizara entre grupos sin cerrarse
2026-04-28 10:38:18,714 | INFO |    -> Registros con estado 'PENDIENTE': 1
2026-04-28 10:38:18,714 | INFO |    -> Validando fecha de hoy: 28/04/2026
2026-04-28 10:38:18,715 | INFO |    -> Registros despues de filtrar por fecha: 1 (filtrados: 0)
2026-04-28 10:38:18,717 | INFO |  Registros pendientes a procesar: 1
2026-04-28 10:38:18,718 | INFO |  Procesando grupo RUC JV - Registros: 1
2026-04-28 10:38:18,718 | INFO | [INFO] Intento login 1/12 para grupo JV
2026-04-28 10:38:18,718 | INFO | [TILE] Lanzando Chromium con args: ['--disable-infobars', '--window-size=1366,900', '--window-position=0,0']
2026-04-28 10:38:21,708 | INFO | [INFO] Pagina de login cargada
2026-04-28 10:38:22,155 | INFO | [INFO] Pestaña 'Autenticación Tradicional' seleccionada
2026-04-28 10:38:24,597 | INFO | [INFO] Credenciales llenadas para grupo JV
2026-04-28 10:38:24,597 | INFO |  OCR CAPTCHA: intento interno 1/6...
2026-04-28 10:38:25,840 | ERROR | C:\Users\fserrano\AppData\Local\Programs\Python\Python314\Lib\site-packages\torch\utils\data\dataloader.py:775: UserWarning: 'pin_memory' argument is set as true but no accelerator is found, then device pinned memory won't be used.
2026-04-28 10:38:25,840 | ERROR |   super().__init__(loader)
2026-04-28 10:38:25,919 | INFO |    -> Variante 0, Decoder greedy: 'AX5KT' -> 'AX5KT' [INFO]
2026-04-28 10:38:25,919 | INFO |    [INFO] CAPTCHA valido -> Usando: AX5KT
2026-04-28 10:38:25,971 | INFO | [INFO] Captcha automatico: AX5KT
2026-04-28 10:38:25,971 | INFO | [INFO] Enviando login...
2026-04-28 10:38:26,346 | INFO | [INFO] Validando acceso...
2026-04-28 10:38:26,346 | INFO | [INFO] Acceso exitoso
2026-04-28 10:38:26,346 | INFO |    -> URL: https://www.sucamec.gob.pe/sel/faces/aplicacion/inicio.xhtml
2026-04-28 10:38:26,347 | INFO | [INFO] Tiempo total login: 4.64 segundos
2026-04-28 10:38:26,347 | INFO |  Navegando a RESERVAS DE CITAS...
2026-04-28 10:38:27,754 | INFO |    [INFO] Menu CITAS expandido
2026-04-28 10:38:29,077 | INFO |    [INFO] Click en 'RESERVAS DE CITAS'
2026-04-28 10:38:29,077 | INFO |  Seleccionando tipo de cita: EXAMEN PARA POLIGONO DE TIRO
2026-04-28 10:38:29,564 | INFO |    [INFO] Tipo de cita seleccionado: EXAMEN PARA POLÍGONO DE TIRO
2026-04-28 10:38:29,565 | INFO | -------- JV Registro iterativo 1 (idx=0, prioridad=alta, intento=1, en_cola=0) --------
2026-04-28 10:38:29,979 | INFO |  Registro tomado desde Excel:
2026-04-28 10:38:29,979 | INFO |    - id_registro: 1
2026-04-28 10:38:29,979 | INFO |    - sede: LIMA
2026-04-28 10:38:29,979 | INFO |    - fecha: 19/05/2026
2026-04-28 10:38:29,979 | INFO |    - hora_rango: 12:00-12:15
2026-04-28 10:38:29,980 | INFO |    - tipo_operacion: RENOVACION DE LICENCIA DE USO
2026-04-28 10:38:29,980 | INFO |    - doc_vigilante: 40598949
2026-04-28 10:38:29,980 | INFO |    - nro_solicitud: 052333-0
2026-04-28 10:38:29,980 | INFO |    - fecha_programacion: 28/04/2026
2026-04-28 10:38:29,980 | INFO |    - ruc: J & V Resguardo
2026-04-28 10:38:29,980 | INFO |    - prioridad: alta
2026-04-28 10:38:29,980 | INFO |    - siguiente_mismo_doc_y_fecha: False
2026-04-28 10:38:29,980 | INFO |    - indices_relacionados_excel: [0]
2026-04-28 10:38:29,980 | INFO |    - tipo_arma (excel): ['CORTA']
2026-04-28 10:38:29,980 | INFO |    - arma (excel): ['REVOLVER']
2026-04-28 10:38:29,980 | INFO |    - objetivos_arma: [('CORTA', 'REVOLVER')]
2026-04-28 10:38:29,980 | INFO |    - tipos_arma_objetivo: ['CORTA']
2026-04-28 10:38:29,988 | INFO |  Completando Reserva de Cupos con datos del Excel...
2026-04-28 10:38:30,369 | INFO |    [INFO] Sede seleccionado: LIMA
2026-04-28 10:38:31,481 | INFO |    [INFO] Fecha seleccionado: 19/05/2026
2026-04-28 10:38:31,481 | INFO |  Buscando hora en tabla: 12:00-12:15
2026-04-28 10:38:31,828 | INFO |    [INFO] Screenshot tabla cupos: C:\Users\fserrano\Desktop\ARMAS-GADSO-1.0\screenshots\20260428_103809\screenshots_w1\step_1_reserva_cupos\20260428_103831_tabla_inicial_i1_h12_00-12_15.png
2026-04-28 10:38:31,828 | INFO |    [INFO] Correo Graph preparado | sender=fserrano@liderman.com.pe | to=fserrano@liderman.com.pe | attachment=20260428_103831_tabla_inicial_i1_h12_00-12_15.png | client_id=d7a40f3a-d0c0-4360-9c49-f4ffe160badb | tenant_id=93649bc8-8277-40ea-ad16-e299bc964aa9 | secret=U6Y8...xcS3
2026-04-28 10:38:33,395 | INFO |    [INFO] Correo Graph enviado [SEND_OK] | sender=fserrano@liderman.com.pe | to=fserrano@liderman.com.pe | attachment=20260428_103831_tabla_inicial_i1_h12_00-12_15.png
2026-04-28 10:38:33,646 | INFO |    [INFO] Estrategia horario: bloque completo de mediodia (11:45-13:00)
2026-04-28 10:38:33,766 | INFO |    [INFO] Screenshot tabla sin cupo: C:\Users\fserrano\Desktop\ARMAS-GADSO-1.0\screenshots\20260428_103809\screenshots_w1\step_1_reserva_cupos\20260428_103833_sin_cupo_candidatos_0_i1_h12_00-12_15.png
2026-04-28 10:38:34,162 | INFO |    [INFO] Click en boton 'Limpiar' por falta de cupos
2026-04-28 10:38:35,220 | INFO | [WARNING] Error en registro idx=0: No hay cupos en horarios candidatos. Objetivo: 12:00-12:15 | Candidatos: 11:45-12:00(0), 12:00-12:15(0), 12:15-12:30(0), 12:30-12:45(0), 12:45-13:00(0)
2026-04-28 10:38:35,245 | INFO |    [INFO] Excel actualizado: observaciones='No alcanzo cupo para horario 12:00-12:15' en 1 fila(s)
2026-04-28 10:38:35,246 | INFO | [INFO] Registro idx=0 marcado como terminal 'SIN_CUPO' tras 1 confirmaciones
2026-04-28 10:38:35,826 | INFO | [INFO] Wizard limpiado para siguiente registro (recuperacion por error)
2026-04-28 10:38:36,826 | INFO | [DEBUG] PERSISTENT_SESSION: cerrando contexto anterior para siguiente grupo
2026-04-28 10:38:36,853 | INFO |  Tiempo total del flujo: 18.67 segundos
2026-04-28 10:38:36,853 | INFO |  Resumen: OK=0 | SIN_CUPO=1 | ERROR=0
2026-04-28 10:38:36,854 | INFO | [INFO] Flujo completado.
2026-04-28 10:38:36,854 | INFO |     Duracin final del flujo: 18.67 segundos
2026-04-28 10:38:37,157 | INFO | Navegador cerrado.
2026-04-28 10:38:37,158 | INFO | Pipeline finalizado
2026-04-28 10:38:37,158 | INFO | Log disponible en: C:\Users\fserrano\Desktop\ARMAS-GADSO-1.0\logs\20260428_103809\logs_w1\run_20260428_103809.log
