2026-04-28 12:20:15,614 | INFO | Iniciando pipeline ARMAS-GADSO
2026-04-28 12:20:15,614 | INFO | Modo: scheduled
2026-04-28 12:20:15,614 | INFO | Excel: C:\Users\fserrano\Desktop\ARMAS-GADSO-1.0\logs\20260428_122010\worker_1_batch_1_idxs_0.xlsx
2026-04-28 12:20:15,614 | INFO | Screenshots: C:\Users\fserrano\Desktop\ARMAS-GADSO-1.0\screenshots\20260428_122010\screenshots_w1
2026-04-28 12:20:20,568 | INFO | [INFO] OCR (easyocr) cargado correctamente | langs=['en'] | gpu=False
2026-04-28 12:20:20,598 | INFO | [INFO] INICIANDO SCRIPT SEL - Login Automtico
2026-04-28 12:20:20,599 | INFO | [INFO] PERSISTENT_SESSION activado - navegador se reutilizara entre grupos sin cerrarse
2026-04-28 12:20:21,165 | INFO |    -> Registros con estado 'PENDIENTE': 1
2026-04-28 12:20:21,165 | INFO |    -> Validando fecha de hoy: 28/04/2026
2026-04-28 12:20:21,166 | INFO |    -> Registros despues de filtrar por fecha: 1 (filtrados: 0)
2026-04-28 12:20:21,168 | INFO |  Registros pendientes a procesar: 1
2026-04-28 12:20:21,168 | INFO |  Procesando grupo RUC JV - Registros: 1
2026-04-28 12:20:21,168 | INFO | [INFO] Intento login 1/12 para grupo JV
2026-04-28 12:20:21,168 | INFO | [TILE] Lanzando Chromium con args: ['--disable-infobars', '--window-size=1366,900', '--window-position=0,0']
2026-04-28 12:20:23,511 | INFO | [INFO] Pagina de login cargada
2026-04-28 12:20:23,848 | INFO | [INFO] Pestaña 'Autenticación Tradicional' seleccionada
2026-04-28 12:20:25,923 | INFO | [INFO] Credenciales llenadas para grupo JV
2026-04-28 12:20:25,923 | INFO |  OCR CAPTCHA: intento interno 1/6...
2026-04-28 12:20:27,279 | ERROR | C:\Users\fserrano\AppData\Local\Programs\Python\Python314\Lib\site-packages\torch\utils\data\dataloader.py:775: UserWarning: 'pin_memory' argument is set as true but no accelerator is found, then device pinned memory won't be used.
2026-04-28 12:20:27,280 | ERROR |   super().__init__(loader)
2026-04-28 12:20:27,370 | INFO |    -> Variante 0, Decoder greedy: 'PSXT' -> 'PSXT' (len=4) [WARNING]
2026-04-28 12:20:28,136 | INFO |    -> Variante 0, Decoder beamsearch: 'PSXT' -> 'PSXT' (len=4) [WARNING]
2026-04-28 12:20:28,527 | INFO |    -> Variante 1, Decoder greedy: '1PSXT' -> '1PSXT' [INFO]
2026-04-28 12:20:28,527 | INFO |    [INFO] CAPTCHA valido -> Usando: 1PSXT
2026-04-28 12:20:28,573 | INFO | [INFO] Captcha automatico: 1PSXT
2026-04-28 12:20:28,573 | INFO | [INFO] Enviando login...
2026-04-28 12:20:28,888 | INFO | [INFO] Validando acceso...
2026-04-28 12:20:29,940 | INFO | [ERROR] Login fallo - no se detecto sesion autenticada
2026-04-28 12:20:29,940 | INFO |    -> URL actual: https://www.sucamec.gob.pe/sel/faces/login.xhtml;jsessionid=51b314238fc78a891f25f91163f6
2026-04-28 12:20:29,940 | INFO |    -> Error detectado: Error el captcha es incorrecto
2026-04-28 12:20:29,940 | INFO | [INFO] Tiempo validacion: 1.05 segundos
2026-04-28 12:20:29,940 | INFO | [ERROR] Intento login 1 para grupo JV fallo: CAPTCHA incorrecto o credenciales invalidas
2026-04-28 12:20:29,940 | INFO |    Reintentando login...
2026-04-28 12:20:31,941 | INFO | [INFO] Intento login 2/12 para grupo JV
2026-04-28 12:20:32,579 | INFO | [TILE] Lanzando Chromium con args: ['--disable-infobars', '--window-size=1366,900', '--window-position=0,0']
2026-04-28 12:20:34,226 | INFO | [INFO] Pagina de login cargada
2026-04-28 12:20:34,502 | INFO | [INFO] Pestaña 'Autenticación Tradicional' seleccionada
2026-04-28 12:20:36,620 | INFO | [INFO] Credenciales llenadas para grupo JV
2026-04-28 12:20:36,620 | INFO |  OCR CAPTCHA: intento interno 1/6...
2026-04-28 12:20:37,670 | INFO |    -> Variante 0, Decoder greedy: 'VCX7Q' -> 'VCX7Q' [INFO]
2026-04-28 12:20:37,670 | INFO |    [INFO] CAPTCHA valido -> Usando: VCX7Q
2026-04-28 12:20:37,751 | INFO | [INFO] Captcha automatico: VCX7Q
2026-04-28 12:20:37,751 | INFO | [INFO] Enviando login...
2026-04-28 12:20:38,203 | INFO | [INFO] Validando acceso...
2026-04-28 12:20:38,203 | INFO | [INFO] Acceso exitoso
2026-04-28 12:20:38,203 | INFO |    -> URL: https://www.sucamec.gob.pe/sel/faces/aplicacion/inicio.xhtml
2026-04-28 12:20:38,203 | INFO | [INFO] Tiempo total login: 3.98 segundos
2026-04-28 12:20:38,203 | INFO |  Navegando a RESERVAS DE CITAS...
2026-04-28 12:20:39,159 | INFO |    [INFO] Menu CITAS expandido
2026-04-28 12:20:40,410 | INFO |    [INFO] Click en 'RESERVAS DE CITAS'
2026-04-28 12:20:40,410 | INFO |  Seleccionando tipo de cita: EXAMEN PARA POLIGONO DE TIRO
2026-04-28 12:20:40,896 | INFO |    [INFO] Tipo de cita seleccionado: EXAMEN PARA POLÍGONO DE TIRO
2026-04-28 12:20:40,896 | INFO | -------- JV Registro iterativo 1 (idx=0, prioridad=alta, intento=1, en_cola=0) --------
2026-04-28 12:20:41,054 | INFO |  Registro tomado desde Excel:
2026-04-28 12:20:41,054 | INFO |    - id_registro: 1
2026-04-28 12:20:41,054 | INFO |    - sede: LIMA
2026-04-28 12:20:41,054 | INFO |    - fecha: 19/05/2026
2026-04-28 12:20:41,054 | INFO |    - hora_rango: 12:00-12:15
2026-04-28 12:20:41,054 | INFO |    - tipo_operacion: RENOVACION DE LICENCIA DE USO
2026-04-28 12:20:41,054 | INFO |    - doc_vigilante: 40598949
2026-04-28 12:20:41,054 | INFO |    - nro_solicitud: 052333-0
2026-04-28 12:20:41,054 | INFO |    - fecha_programacion: 28/04/2026
2026-04-28 12:20:41,054 | INFO |    - ruc: J & V Resguardo
2026-04-28 12:20:41,054 | INFO |    - prioridad: alta
2026-04-28 12:20:41,054 | INFO |    - siguiente_mismo_doc_y_fecha: False
2026-04-28 12:20:41,054 | INFO |    - indices_relacionados_excel: [0]
2026-04-28 12:20:41,054 | INFO |    - tipo_arma (excel): ['CORTA']
2026-04-28 12:20:41,054 | INFO |    - arma (excel): ['REVOLVER']
2026-04-28 12:20:41,054 | INFO |    - objetivos_arma: [('CORTA', 'REVOLVER')]
2026-04-28 12:20:41,054 | INFO |    - tipos_arma_objetivo: ['CORTA']
2026-04-28 12:20:41,062 | INFO |  Completando Reserva de Cupos con datos del Excel...
2026-04-28 12:20:41,432 | INFO |    [INFO] Sede seleccionado: LIMA
2026-04-28 12:20:42,557 | INFO |    [INFO] Fecha seleccionado: 19/05/2026
2026-04-28 12:20:42,557 | INFO |  Buscando hora en tabla: 12:00-12:15
2026-04-28 12:20:42,883 | INFO |    [INFO] Screenshot tabla cupos: C:\Users\fserrano\Desktop\ARMAS-GADSO-1.0\screenshots\20260428_122010\screenshots_w1\step_1_reserva_cupos\20260428_122042_tabla_inicial_i1_h12_00-12_15.png
2026-04-28 12:20:43,121 | INFO |    [INFO] Estrategia horario: bloque completo de mediodia (11:45-13:00)
2026-04-28 12:20:43,217 | INFO |    [INFO] Screenshot tabla sin cupo: C:\Users\fserrano\Desktop\ARMAS-GADSO-1.0\screenshots\20260428_122010\screenshots_w1\step_1_reserva_cupos\20260428_122043_sin_cupo_candidatos_0_i1_h12_00-12_15.png
2026-04-28 12:20:43,218 | INFO |    [INFO] Correo Graph diferido [MULTIWORKER_DEFERRED] | attachments=20260428_122042_tabla_inicial_i1_h12_00-12_15.png, 20260428_122043_sin_cupo_candidatos_0_i1_h12_00-12_15.png
2026-04-28 12:20:43,623 | INFO |    [INFO] Click en boton 'Limpiar' por falta de cupos
2026-04-28 12:20:44,547 | INFO | [WARNING] Error en registro idx=0: No hay cupos en horarios candidatos. Objetivo: 12:00-12:15 | Candidatos: 11:45-12:00(0), 12:00-12:15(0), 12:15-12:30(0), 12:30-12:45(0), 12:45-13:00(0)
2026-04-28 12:20:44,607 | INFO |    [INFO] Excel actualizado: observaciones='No alcanzo cupo para horario 12:00-12:15' en 1 fila(s)
2026-04-28 12:20:44,607 | INFO | [INFO] Registro idx=0 marcado como terminal 'SIN_CUPO' tras 1 confirmaciones
2026-04-28 12:20:45,147 | INFO | [INFO] Wizard limpiado para siguiente registro (recuperacion por error)
2026-04-28 12:20:46,148 | INFO | [DEBUG] PERSISTENT_SESSION: cerrando contexto anterior para siguiente grupo
2026-04-28 12:20:46,173 | INFO |  Tiempo total del flujo: 25.57 segundos
2026-04-28 12:20:46,174 | INFO |  Resumen: OK=0 | SIN_CUPO=1 | ERROR=0
2026-04-28 12:20:46,174 | INFO | [INFO] Flujo completado.
2026-04-28 12:20:46,174 | INFO |     Duracin final del flujo: 25.57 segundos
2026-04-28 12:20:46,600 | INFO | Navegador cerrado.
2026-04-28 12:20:46,601 | INFO | Pipeline finalizado
2026-04-28 12:20:46,601 | INFO | Log disponible en: C:\Users\fserrano\Desktop\ARMAS-GADSO-1.0\logs\20260428_122010\logs_w1\run_20260428_122010.log
