2026-04-28 10:25:40,620 | INFO | Iniciando pipeline ARMAS-GADSO
2026-04-28 10:25:40,620 | INFO | Modo: scheduled
2026-04-28 10:25:40,620 | INFO | Excel: C:\Users\fserrano\Desktop\ARMAS-GADSO-1.0\data\programaciones-armas.xlsx
2026-04-28 10:25:40,620 | INFO | Screenshots: C:\Users\fserrano\Desktop\ARMAS-GADSO-1.0\screenshots\20260428_102540
2026-04-28 10:25:47,043 | INFO | [INFO] OCR (easyocr) cargado correctamente | langs=['en'] | gpu=False
2026-04-28 10:25:47,080 | INFO | [INFO] INICIANDO SCRIPT SEL - Login Automtico
2026-04-28 10:25:47,080 | INFO | [INFO] SCHEDULED_MULTIWORKER activado | workers=4 | mode=sticky
2026-04-28 10:25:47,089 | INFO | [INFO] Excel origen multihilo: C:\Users\fserrano\Desktop\ARMAS-GADSO-1.0\data\programaciones-armas.xlsx
2026-04-28 10:25:47,311 | INFO |    -> Registros con estado 'PENDIENTE': 2
2026-04-28 10:25:47,311 | INFO |    -> Validando fecha de hoy: 28/04/2026
2026-04-28 10:25:47,312 | INFO |    -> Registros despues de filtrar por fecha: 2 (filtrados: 0)
2026-04-28 10:25:47,330 | INFO |  Registro tomado desde Excel:
2026-04-28 10:25:47,330 | INFO |    - id_registro: 1
2026-04-28 10:25:47,330 | INFO |    - sede: LIMA
2026-04-28 10:25:47,330 | INFO |    - fecha: 19/05/2026
2026-04-28 10:25:47,331 | INFO |    - hora_rango: 12:00-12:15
2026-04-28 10:25:47,331 | INFO |    - tipo_operacion: RENOVACION DE LICENCIA DE USO
2026-04-28 10:25:47,331 | INFO |    - doc_vigilante: 40598949
2026-04-28 10:25:47,331 | INFO |    - nro_solicitud: 052333-0
2026-04-28 10:25:47,331 | INFO |    - fecha_programacion: 28/04/2026
2026-04-28 10:25:47,331 | INFO |    - ruc: J & V Resguardo
2026-04-28 10:25:47,331 | INFO |    - prioridad: alta
2026-04-28 10:25:47,331 | INFO |    - siguiente_mismo_doc_y_fecha: False
2026-04-28 10:25:47,331 | INFO |    - indices_relacionados_excel: [0]
2026-04-28 10:25:47,331 | INFO |    - tipo_arma (excel): ['CORTA']
2026-04-28 10:25:47,331 | INFO |    - arma (excel): ['REVOLVER']
2026-04-28 10:25:47,331 | INFO |    - objetivos_arma: [('CORTA', 'REVOLVER')]
2026-04-28 10:25:47,331 | INFO |    - tipos_arma_objetivo: ['CORTA']
2026-04-28 10:25:47,344 | INFO |  Registro tomado desde Excel:
2026-04-28 10:25:47,345 | INFO |    - id_registro: 2
2026-04-28 10:25:47,345 | INFO |    - sede: LIMA
2026-04-28 10:25:47,345 | INFO |    - fecha: 19/05/2026
2026-04-28 10:25:47,345 | INFO |    - hora_rango: 12:00-12:15
2026-04-28 10:25:47,345 | INFO |    - tipo_operacion: RENOVACION DE LICENCIA DE USO
2026-04-28 10:25:47,345 | INFO |    - doc_vigilante: 73799884
2026-04-28 10:25:47,345 | INFO |    - nro_solicitud: 037411-0
2026-04-28 10:25:47,345 | INFO |    - fecha_programacion: 28/04/2026
2026-04-28 10:25:47,345 | INFO |    - ruc: J & V Resguardo
2026-04-28 10:25:47,345 | INFO |    - prioridad: alta
2026-04-28 10:25:47,345 | INFO |    - siguiente_mismo_doc_y_fecha: False
2026-04-28 10:25:47,345 | INFO |    - indices_relacionados_excel: [1]
2026-04-28 10:25:47,345 | INFO |    - tipo_arma (excel): ['CORTA']
2026-04-28 10:25:47,345 | INFO |    - arma (excel): ['REVOLVER']
2026-04-28 10:25:47,345 | INFO |    - objetivos_arma: [('CORTA', 'REVOLVER')]
2026-04-28 10:25:47,345 | INFO |    - tipos_arma_objetivo: ['CORTA']
2026-04-28 10:25:47,346 | INFO | [INFO] Unidades multihilo a procesar: 2
2026-04-28 10:25:47,347 | INFO | [INFO][W1] Lote asignado idx=[0]
2026-04-28 10:25:47,347 | INFO | [INFO][W2] Lote asignado idx=[1]
2026-04-28 10:26:10,288 | INFO | [INFO][W1] Lote idx=[0] finalizo OK en 22.88s
2026-04-28 10:26:10,299 | INFO | [INFO][W2] Lote idx=[1] finalizo OK en 22.89s
2026-04-28 10:26:10,300 | INFO | Log disponible en: C:\Users\fserrano\Desktop\ARMAS-GADSO-1.0\logs\20260428_102540\run_20260428_102540.log
Traceback (most recent call last):
  File "C:\Users\fserrano\Desktop\ARMAS-GADSO-1.0\run_pipeline.py", line 5, in <module>
    raise SystemExit(main())
                     ~~~~^^
  File "C:\Users\fserrano\Desktop\ARMAS-GADSO-1.0\armas_gadso\main.py", line 51, in main
    ejecutar_flujo_principal()
    ~~~~~~~~~~~~~~~~~~~~~~~~^^
  File "C:\Users\fserrano\Desktop\ARMAS-GADSO-1.0\armas_gadso\flows\orchestration_flow\pipeline.py", line 8, in ejecutar_flujo_principal
    legacy_pipeline.llenar_login_sel()
    ~~~~~~~~~~~~~~~~~~~~~~~~~~~~~~~~^^
  File "C:\Users\fserrano\Desktop\ARMAS-GADSO-1.0\armas_gadso\flows\orchestration_flow\legacy_pipeline.py", line 297, in llenar_login_sel
    ejecutar_scheduled_multihilo_orquestador(
    ~~~~~~~~~~~~~~~~~~~~~~~~~~~~~~~~~~~~~~~~^
        excel_path=EXCEL_PATH,
        ^^^^^^^^^^^^^^^^^^^^^^
        project_root=project_root,
        ^^^^^^^^^^^^^^^^^^^^^^^^^^
    )
    ^
  File "C:\Users\fserrano\Desktop\ARMAS-GADSO-1.0\armas_gadso\flows\orchestration_flow\workers.py", line 289, in ejecutar_scheduled_multihilo_orquestador
    counts = [f.result() for f in futures]
              ~~~~~~~~^^
  File "C:\Users\fserrano\AppData\Local\Programs\Python\Python314\Lib\concurrent\futures\_base.py", line 445, in result
    self._condition.wait(timeout)
    ~~~~~~~~~~~~~~~~~~~~^^^^^^^^^
  File "C:\Users\fserrano\AppData\Local\Programs\Python\Python314\Lib\threading.py", line 369, in wait
    waiter.acquire()
    ~~~~~~~~~~~~~~^^
KeyboardInterrupt
^C