2026-04-28 10:26:18,018 | INFO | Iniciando pipeline ARMAS-GADSO
2026-04-28 10:26:18,018 | INFO | Modo: scheduled
2026-04-28 10:26:18,018 | INFO | Excel: C:\Users\fserrano\Desktop\ARMAS-GADSO-1.0\data\programaciones-armas.xlsx
2026-04-28 10:26:18,018 | INFO | Screenshots: C:\Users\fserrano\Desktop\ARMAS-GADSO-1.0\screenshots\20260428_102617
2026-04-28 10:26:22,178 | INFO | [INFO] OCR (easyocr) cargado correctamente | langs=['en'] | gpu=False
2026-04-28 10:26:22,201 | INFO | [INFO] INICIANDO SCRIPT SEL - Login Automtico
2026-04-28 10:26:22,202 | INFO | [INFO] SCHEDULED_MULTIWORKER activado | workers=4 | mode=sticky
2026-04-28 10:26:22,204 | INFO | [INFO] Excel origen multihilo: C:\Users\fserrano\Desktop\ARMAS-GADSO-1.0\data\programaciones-armas.xlsx
2026-04-28 10:26:22,329 | INFO |    -> Registros con estado 'PENDIENTE': 2
2026-04-28 10:26:22,329 | INFO |    -> Validando fecha de hoy: 28/04/2026
2026-04-28 10:26:22,330 | INFO |    -> Registros despues de filtrar por fecha: 2 (filtrados: 0)
2026-04-28 10:26:22,346 | INFO |  Registro tomado desde Excel:
2026-04-28 10:26:22,346 | INFO |    - id_registro: 1
2026-04-28 10:26:22,346 | INFO |    - sede: LIMA
2026-04-28 10:26:22,346 | INFO |    - fecha: 19/05/2026
2026-04-28 10:26:22,346 | INFO |    - hora_rango: 12:00-12:15
2026-04-28 10:26:22,346 | INFO |    - tipo_operacion: RENOVACION DE LICENCIA DE USO
2026-04-28 10:26:22,346 | INFO |    - doc_vigilante: 40598949
2026-04-28 10:26:22,346 | INFO |    - nro_solicitud: 052333-0
2026-04-28 10:26:22,346 | INFO |    - fecha_programacion: 28/04/2026
2026-04-28 10:26:22,347 | INFO |    - ruc: J & V Resguardo
2026-04-28 10:26:22,347 | INFO |    - prioridad: alta
2026-04-28 10:26:22,347 | INFO |    - siguiente_mismo_doc_y_fecha: False
2026-04-28 10:26:22,347 | INFO |    - indices_relacionados_excel: [0]
2026-04-28 10:26:22,347 | INFO |    - tipo_arma (excel): ['CORTA']
2026-04-28 10:26:22,347 | INFO |    - arma (excel): ['REVOLVER']
2026-04-28 10:26:22,347 | INFO |    - objetivos_arma: [('CORTA', 'REVOLVER')]
2026-04-28 10:26:22,347 | INFO |    - tipos_arma_objetivo: ['CORTA']
2026-04-28 10:26:22,360 | INFO |  Registro tomado desde Excel:
2026-04-28 10:26:22,360 | INFO |    - id_registro: 2
2026-04-28 10:26:22,360 | INFO |    - sede: LIMA
2026-04-28 10:26:22,360 | INFO |    - fecha: 19/05/2026
2026-04-28 10:26:22,360 | INFO |    - hora_rango: 12:00-12:15
2026-04-28 10:26:22,360 | INFO |    - tipo_operacion: RENOVACION DE LICENCIA DE USO
2026-04-28 10:26:22,360 | INFO |    - doc_vigilante: 73799884
2026-04-28 10:26:22,360 | INFO |    - nro_solicitud: 037411-0
2026-04-28 10:26:22,360 | INFO |    - fecha_programacion: 28/04/2026
2026-04-28 10:26:22,360 | INFO |    - ruc: J & V Resguardo
2026-04-28 10:26:22,360 | INFO |    - prioridad: alta
2026-04-28 10:26:22,360 | INFO |    - siguiente_mismo_doc_y_fecha: False
2026-04-28 10:26:22,360 | INFO |    - indices_relacionados_excel: [1]
2026-04-28 10:26:22,360 | INFO |    - tipo_arma (excel): ['CORTA']
2026-04-28 10:26:22,360 | INFO |    - arma (excel): ['REVOLVER']
2026-04-28 10:26:22,361 | INFO |    - objetivos_arma: [('CORTA', 'REVOLVER')]
2026-04-28 10:26:22,361 | INFO |    - tipos_arma_objetivo: ['CORTA']
2026-04-28 10:26:22,361 | INFO | [INFO] Unidades multihilo a procesar: 2
2026-04-28 10:26:22,362 | INFO | [INFO][W1] Lote asignado idx=[0]
2026-04-28 10:26:22,362 | INFO | [INFO][W2] Lote asignado idx=[1]
2026-04-28 10:27:34,650 | INFO | [INFO][W1] Lote idx=[0] finalizo OK en 72.26s
2026-04-28 10:27:34,910 | INFO | [INFO][W2] Lote idx=[1] finalizo OK en 72.52s
2026-04-28 10:27:34,911 | INFO | [INFO] Conteo por worker: [1, 1, 0, 0]
2026-04-28 10:27:34,911 | INFO | [INFO] Unidades procesadas: 2/2
2026-04-28 10:27:34,911 | INFO | [INFO] Tiempo total multihilo: 72.55s
2026-04-28 10:27:34,911 | INFO | [OK] Flujo multihilo scheduled finalizado sin fallos de proceso
2026-04-28 10:27:34,911 | INFO | Pipeline finalizado
2026-04-28 10:27:34,911 | INFO | Log disponible en: C:\Users\fserrano\Desktop\ARMAS-GADSO-1.0\logs\20260428_102617\run_20260428_102617.log
