2026-04-28 11:53:16,825 | INFO | Iniciando pipeline ARMAS-GADSO
2026-04-28 11:53:16,825 | INFO | Modo: scheduled
2026-04-28 11:53:16,825 | INFO | Excel: C:\Users\fserrano\Desktop\ARMAS-GADSO-1.0\logs\20260428_115310\worker_1_batch_1_idxs_0.xlsx
2026-04-28 11:53:16,825 | INFO | Screenshots: C:\Users\fserrano\Desktop\ARMAS-GADSO-1.0\screenshots\20260428_115310\screenshots_w1
2026-04-28 11:53:22,950 | INFO | [INFO] OCR (easyocr) cargado correctamente | langs=['en'] | gpu=False
2026-04-28 11:53:22,979 | INFO | [INFO] INICIANDO SCRIPT SEL - Login Automtico
2026-04-28 11:53:22,980 | INFO | [INFO] PERSISTENT_SESSION activado - navegador se reutilizara entre grupos sin cerrarse
2026-04-28 11:53:23,601 | INFO |    -> Registros con estado 'PENDIENTE': 1
2026-04-28 11:53:23,602 | INFO |    -> Validando fecha de hoy: 28/04/2026
2026-04-28 11:53:23,602 | INFO |    -> Registros despues de filtrar por fecha: 1 (filtrados: 0)
2026-04-28 11:53:23,606 | INFO |  Registros pendientes a procesar: 1
2026-04-28 11:53:23,607 | INFO |  Procesando grupo RUC JV - Registros: 1
2026-04-28 11:53:23,607 | INFO | [INFO] Intento login 1/12 para grupo JV
2026-04-28 11:53:23,607 | INFO | [TILE] Lanzando Chromium con args: ['--disable-infobars', '--window-size=1366,900', '--window-position=0,0']
2026-04-28 11:53:29,213 | INFO | [INFO] Pagina de login cargada
2026-04-28 11:53:29,524 | INFO | [INFO] Pestaña 'Autenticación Tradicional' seleccionada
2026-04-28 11:53:31,645 | INFO | [INFO] Credenciales llenadas para grupo JV
2026-04-28 11:53:31,645 | INFO |  OCR CAPTCHA: intento interno 1/6...
2026-04-28 11:53:32,630 | ERROR | C:\Users\fserrano\AppData\Local\Programs\Python\Python314\Lib\site-packages\torch\utils\data\dataloader.py:775: UserWarning: 'pin_memory' argument is set as true but no accelerator is found, then device pinned memory won't be used.
2026-04-28 11:53:32,630 | ERROR |   super().__init__(loader)
2026-04-28 11:53:32,681 | INFO |    -> Variante 0, Decoder greedy: '5FSTA' -> '5FSTA' [INFO]
2026-04-28 11:53:32,681 | INFO |    [INFO] CAPTCHA valido -> Usando: 5FSTA
2026-04-28 11:53:32,761 | INFO | [INFO] Captcha automatico: 5FSTA
2026-04-28 11:53:32,761 | INFO | [INFO] Enviando login...
2026-04-28 11:53:34,457 | INFO | [INFO] Validando acceso...
2026-04-28 11:53:34,457 | INFO | [INFO] Acceso exitoso
2026-04-28 11:53:34,458 | INFO |    -> URL: https://www.sucamec.gob.pe/sel/faces/aplicacion/inicio.xhtml
2026-04-28 11:53:34,458 | INFO | [INFO] Tiempo total login: 5.24 segundos
2026-04-28 11:53:34,458 | INFO |  Navegando a RESERVAS DE CITAS...
2026-04-28 11:53:37,396 | INFO |    [INFO] Menu CITAS expandido
2026-04-28 11:53:38,707 | INFO |    [INFO] Click en 'RESERVAS DE CITAS'
2026-04-28 11:53:38,707 | INFO |  Seleccionando tipo de cita: EXAMEN PARA POLIGONO DE TIRO
2026-04-28 11:53:40,014 | INFO |    [INFO] Tipo de cita seleccionado: EXAMEN PARA POLÍGONO DE TIRO
2026-04-28 11:53:40,014 | INFO | -------- JV Registro iterativo 1 (idx=0, prioridad=alta, intento=1, en_cola=0) --------
2026-04-28 11:53:40,305 | INFO |  Registro tomado desde Excel:
2026-04-28 11:53:40,305 | INFO |    - id_registro: 1
2026-04-28 11:53:40,305 | INFO |    - sede: LIMA
2026-04-28 11:53:40,305 | INFO |    - fecha: 19/05/2026
2026-04-28 11:53:40,306 | INFO |    - hora_rango: 12:00-12:15
2026-04-28 11:53:40,306 | INFO |    - tipo_operacion: RENOVACION DE LICENCIA DE USO
2026-04-28 11:53:40,306 | INFO |    - doc_vigilante: 40598949
2026-04-28 11:53:40,306 | INFO |    - nro_solicitud: 052333-0
2026-04-28 11:53:40,306 | INFO |    - fecha_programacion: 28/04/2026
2026-04-28 11:53:40,306 | INFO |    - ruc: J & V Resguardo
2026-04-28 11:53:40,306 | INFO |    - prioridad: alta
2026-04-28 11:53:40,307 | INFO |    - siguiente_mismo_doc_y_fecha: False
2026-04-28 11:53:40,307 | INFO |    - indices_relacionados_excel: [0]
2026-04-28 11:53:40,307 | INFO |    - tipo_arma (excel): ['CORTA']
2026-04-28 11:53:40,307 | INFO |    - arma (excel): ['REVOLVER']
2026-04-28 11:53:40,307 | INFO |    - objetivos_arma: [('CORTA', 'REVOLVER')]
2026-04-28 11:53:40,307 | INFO |    - tipos_arma_objetivo: ['CORTA']
2026-04-28 11:53:40,316 | INFO |  Completando Reserva de Cupos con datos del Excel...
2026-04-28 11:53:40,838 | INFO |    [INFO] Sede seleccionado: LIMA
2026-04-28 11:53:41,958 | INFO |    [INFO] Fecha seleccionado: 19/05/2026
2026-04-28 11:53:41,959 | INFO |  Buscando hora en tabla: 12:00-12:15
2026-04-28 11:54:04,040 | INFO |    [INFO] Screenshot tabla cupos: C:\Users\fserrano\Desktop\ARMAS-GADSO-1.0\screenshots\20260428_115310\screenshots_w1\step_1_reserva_cupos\20260428_115342_tabla_inicial_i1_h12_00-12_15.png
2026-04-28 11:54:04,434 | INFO |    [INFO] Estrategia horario: bloque completo de mediodia (11:45-13:00)
2026-04-28 11:54:04,551 | INFO |    [INFO] Screenshot tabla sin cupo: C:\Users\fserrano\Desktop\ARMAS-GADSO-1.0\screenshots\20260428_115310\screenshots_w1\step_1_reserva_cupos\20260428_115404_sin_cupo_candidatos_0_i1_h12_00-12_15.png
2026-04-28 11:54:04,553 | INFO |    [INFO] Correo Graph diferido [MULTIWORKER_DEFERRED] | attachments=20260428_115342_tabla_inicial_i1_h12_00-12_15.png, 20260428_115404_sin_cupo_candidatos_0_i1_h12_00-12_15.png
2026-04-28 11:54:04,958 | INFO |    [INFO] Click en boton 'Limpiar' por falta de cupos
2026-04-28 11:54:05,971 | INFO | [WARNING] Error en registro idx=0: No hay cupos en horarios candidatos. Objetivo: 12:00-12:15 | Candidatos: 11:45-12:00(0), 12:00-12:15(0), 12:15-12:30(0), 12:30-12:45(0), 12:45-13:00(0)
2026-04-28 11:54:05,994 | INFO |    [INFO] Excel actualizado: observaciones='No alcanzo cupo para horario 12:00-12:15' en 1 fila(s)
2026-04-28 11:54:05,994 | INFO | [INFO] Registro idx=0 marcado como terminal 'SIN_CUPO' tras 1 confirmaciones
2026-04-28 11:54:08,412 | INFO | [INFO] Wizard limpiado para siguiente registro (recuperacion por error)
2026-04-28 11:54:09,413 | INFO | [DEBUG] PERSISTENT_SESSION: cerrando contexto anterior para siguiente grupo
2026-04-28 11:54:09,433 | INFO |  Tiempo total del flujo: 46.45 segundos
2026-04-28 11:54:09,434 | INFO |  Resumen: OK=0 | SIN_CUPO=1 | ERROR=0
2026-04-28 11:54:09,434 | INFO | [INFO] Flujo completado.
2026-04-28 11:54:09,434 | INFO |     Duracin final del flujo: 46.45 segundos
2026-04-28 11:54:09,706 | INFO | Navegador cerrado.
2026-04-28 11:54:09,706 | INFO | Pipeline finalizado
2026-04-28 11:54:09,706 | INFO | Log disponible en: C:\Users\fserrano\Desktop\ARMAS-GADSO-1.0\logs\20260428_115310\logs_w1\run_20260428_115310.log
