2026-04-24 16:18:03,490 | INFO | Iniciando pipeline ARMAS-GADSO
2026-04-24 16:18:03,491 | INFO | Modo: scheduled
2026-04-24 16:18:03,491 | INFO | Excel: C:\Users\fserrano\Desktop\ARMAS-GADSO-1.0\data\programaciones-armas.xlsx
2026-04-24 16:18:03,491 | INFO | Screenshots: C:\Users\fserrano\Desktop\ARMAS-GADSO-1.0\screenshots\20260424_161803
2026-04-24 16:18:09,776 | INFO | [INFO] OCR (easyocr) cargado correctamente | langs=['en'] | gpu=False
2026-04-24 16:18:09,797 | INFO | [INFO] INICIANDO SCRIPT SEL - Login Automtico
2026-04-24 16:18:09,798 | INFO | [INFO] SCHEDULED_MULTIWORKER activado | workers=4 | mode=sticky
2026-04-24 16:18:09,799 | INFO | [INFO] Excel origen multihilo: C:\Users\fserrano\Desktop\ARMAS-GADSO-1.0\data\programaciones-armas.xlsx
2026-04-24 16:18:10,005 | INFO |    -> Registros con estado 'PENDIENTE': 1
2026-04-24 16:18:10,005 | INFO |    -> Validando fecha de hoy: 24/04/2026
2026-04-24 16:18:10,006 | INFO |    -> Registros despues de filtrar por fecha: 1 (filtrados: 0)
2026-04-24 16:18:10,026 | INFO |  Registro tomado desde Excel:
2026-04-24 16:18:10,026 | INFO |    - id_registro: 1
2026-04-24 16:18:10,026 | INFO |    - sede: JEFATURA ZONAL DE JUNIN
2026-04-24 16:18:10,026 | INFO |    - fecha: 30/04/2026
2026-04-24 16:18:10,026 | INFO |    - hora_rango: 10:00-10:15
2026-04-24 16:18:10,027 | INFO |    - tipo_operacion: INICIAL DE LICENCIA DE USO
2026-04-24 16:18:10,027 | INFO |    - doc_vigilante: 74474128
2026-04-24 16:18:10,027 | INFO |    - nro_solicitud: 085093-0
2026-04-24 16:18:10,027 | INFO |    - fecha_programacion: 24/04/2026
2026-04-24 16:18:10,027 | INFO |    - ruc: J & V Resguardo
2026-04-24 16:18:10,027 | INFO |    - prioridad: alta
2026-04-24 16:18:10,027 | INFO |    - siguiente_mismo_doc_y_fecha: False
2026-04-24 16:18:10,027 | INFO |    - indices_relacionados_excel: [0]
2026-04-24 16:18:10,027 | INFO |    - tipo_arma (excel): ['CORTA']
2026-04-24 16:18:10,027 | INFO |    - arma (excel): ['REVOLVER']
2026-04-24 16:18:10,027 | INFO |    - objetivos_arma: [('CORTA', 'REVOLVER')]
2026-04-24 16:18:10,027 | INFO |    - tipos_arma_objetivo: ['CORTA']
2026-04-24 16:18:10,027 | INFO | [INFO] Unidades multihilo a procesar: 1
2026-04-24 16:18:10,028 | INFO | [INFO][W1] Lote asignado idx=[0]
2026-04-24 16:18:43,020 | INFO | [INFO][W1] Lote idx=[0] finalizo OK en 32.97s
2026-04-24 16:18:43,021 | INFO | [INFO] Conteo por worker: [1, 0, 0, 0]
2026-04-24 16:18:43,021 | INFO | [INFO] Unidades procesadas: 1/1
2026-04-24 16:18:43,021 | INFO | [INFO] Tiempo total multihilo: 32.99s
2026-04-24 16:18:43,021 | INFO | [OK] Flujo multihilo scheduled finalizado sin fallos de proceso
2026-04-24 16:18:43,021 | INFO | Pipeline finalizado
2026-04-24 16:18:43,021 | INFO | Log disponible en: C:\Users\fserrano\Desktop\ARMAS-GADSO-1.0\logs\20260424_161803\run_20260424_161803.log
