2026-04-01 00:16:48,346 | INFO | Iniciando pipeline ARMAS-GADSO
2026-04-01 00:16:48,346 | INFO | Modo: scheduled
2026-04-01 00:16:48,347 | INFO | Excel: C:\Users\fserrano\Desktop\ARMAS-GADSO-1.0\logs\.tmp_multihilo_flow_20260401_001648\worker_3_batch_1_idxs_2.xlsx
2026-04-01 00:16:54,445 | INFO | [INFO] INICIANDO SCRIPT SEL - Login Automtico
2026-04-01 00:16:54,445 | INFO | [INFO] PERSISTENT_SESSION activado - navegador se reutilizará entre grupos sin cerrarse
2026-04-01 00:16:55,282 | INFO |    -> Registros con estado 'PENDIENTE': 1
2026-04-01 00:16:55,282 | INFO |    -> Validando fecha de hoy: 01/04/2026
2026-04-01 00:16:55,285 | INFO |    -> Registros despus de filtrar por fecha: 1 (filtrados: 0)
2026-04-01 00:16:55,291 | INFO |  Registros pendientes a procesar: 1
2026-04-01 00:16:55,291 | INFO |  Procesando grupo RUC JV - Registros: 1
2026-04-01 00:16:55,291 | INFO | [INFO] Intento login 1/12 para grupo JV
2026-04-01 00:16:55,291 | INFO | [TILE] Args launch: --window-size=754,468 --window-position=6,486
2026-04-01 00:16:55,291 | INFO | [TILE] Lanzando Chromium con args: ['--disable-infobars', '--window-size=754,468', '--window-position=6,486']
2026-04-01 00:16:56,589 | INFO | [TILE] Geometría aplicada -> xy=(6,486) wh=(754,468) screen_cfg=1536x960 screen_js=1536x912 outer_js=755x470
2026-04-01 00:16:57,908 | INFO | [INFO] Pagina de login cargada
2026-04-01 00:16:58,225 | INFO | [INFO] Pestaña 'Autenticación Tradicional' seleccionada
2026-04-01 00:17:00,614 | INFO | [INFO] Credenciales llenadas para grupo JV
2026-04-01 00:17:00,614 | INFO |  OCR CAPTCHA: intento interno 1/6...
2026-04-01 00:17:02,508 | ERROR | C:\Users\fserrano\AppData\Local\Programs\Python\Python314\Lib\site-packages\torch\utils\data\dataloader.py:775: UserWarning: 'pin_memory' argument is set as true but no accelerator is found, then device pinned memory won't be used.
2026-04-01 00:17:02,508 | ERROR |   super().__init__(loader)
2026-04-01 00:17:02,711 | INFO |    -> Variante 0, Decoder greedy: 'WFCSJ' -> 'WFCSJ' [INFO]
2026-04-01 00:17:02,711 | INFO |    [INFO] CAPTCHA vlido -> Usando: WFCSJ
2026-04-01 00:17:02,774 | INFO | [INFO] Captcha automatico: WFCSJ
2026-04-01 00:17:02,774 | INFO | [INFO] Enviando login...
2026-04-01 00:17:03,354 | INFO | [INFO] Validando acceso...
2026-04-01 00:17:03,355 | INFO | [INFO] Acceso exitoso
2026-04-01 00:17:03,355 | INFO |    -> URL: https://www.sucamec.gob.pe/sel/faces/aplicacion/inicio.xhtml
2026-04-01 00:17:03,355 | INFO | [INFO] Tiempo total login: 8.06 segundos
2026-04-01 00:17:03,356 | INFO |  Navegando a CITAS -> RESERVAS DE CITAS...
2026-04-01 00:17:04,437 | INFO |     Fast-path: click directo en 'RESERVAS DE CITAS' (menuid 7_1)
2026-04-01 00:17:06,476 | INFO | [INFO] Navegacin completada (fast-path) -> URL: https://www.sucamec.gob.pe/sel/faces/aplicacion/inicio.xhtml
2026-04-01 00:17:06,476 | INFO |  Seleccionando tipo de cita: EXAMEN PARA POLGONO DE TIRO...
2026-04-01 00:17:06,913 | INFO |    [INFO] Tipo de cita seleccionado: EXAMEN PARA POLÍGONO DE TIRO
2026-04-01 00:17:06,914 | INFO | -------- JV Registro iterativo 1 (idx=2, prioridad=normal, intento=1, en_cola=0) --------
2026-04-01 00:17:07,800 | INFO |  Registro tomado desde Excel:
2026-04-01 00:17:07,800 | INFO |    - id_registro: 3
2026-04-01 00:17:07,800 | INFO |    - sede: LIMA
2026-04-01 00:17:07,801 | INFO |    - fecha: 22/04/2026
2026-04-01 00:17:07,801 | INFO |    - hora_rango: 08:00-08:15
2026-04-01 00:17:07,801 | INFO |    - tipo_operacion: RENOVACIÓN DE LICENCIA DE USO
2026-04-01 00:17:07,801 | INFO |    - doc_vigilante: 60274318
2026-04-01 00:17:07,801 | INFO |    - nro_solicitud: 094587-0
2026-04-01 00:17:07,801 | INFO |    - fecha_programacion: 01/04/2026
2026-04-01 00:17:07,801 | INFO |    - ruc: J & V Resguardo
2026-04-01 00:17:07,801 | INFO |    - prioridad: normal
2026-04-01 00:17:07,801 | INFO |    - siguiente_mismo_doc_y_fecha: False
2026-04-01 00:17:07,801 | INFO |    - indices_relacionados_excel: [2]
2026-04-01 00:17:07,801 | INFO |    - tipo_arma (excel): ['CORTA']
2026-04-01 00:17:07,802 | INFO |    - arma (excel): ['REVOLVER']
2026-04-01 00:17:07,802 | INFO |    - objetivos_arma: [('CORTA', 'REVOLVER')]
2026-04-01 00:17:07,802 | INFO |    - tipos_arma_objetivo: ['CORTA']
2026-04-01 00:17:07,809 | INFO |  Completando Reserva de Cupos con datos del Excel...
2026-04-01 00:17:08,197 | INFO |    [INFO] Sede seleccionado: LIMA
2026-04-01 00:17:09,301 | INFO |    [INFO] Fecha seleccionado: 22/04/2026
2026-04-01 00:17:09,301 | INFO |  Buscando hora en tabla: 08:00-08:15
2026-04-01 00:17:10,494 | INFO |    [INFO] Estrategia horario: vecinos inmediatos (inferior/superior)
2026-04-01 00:17:10,880 | INFO |    [INFO] Click en botn 'Limpiar' por falta de cupos
2026-04-01 00:17:11,899 | INFO | [WARNING] Error en registro idx=2: No hay cupos en horarios candidatos. Objetivo: 08:00-08:15 | Candidatos: 08:00-08:15(0), 08:15-08:30(0)
2026-04-01 00:17:11,917 | INFO |    📝 Excel actualizado: observaciones='No alcanzo cupo para horario 08:00-08:15' en 1 fila(s)
2026-04-01 00:17:11,917 | INFO | [INFO] Registro idx=2 marcado como terminal 'SIN_CUPO' tras 1 confirmaciones
2026-04-01 00:17:12,184 | INFO |    [INFO] Click en 'Limpiar' (recuperación por error)
2026-04-01 00:17:13,185 | INFO | [DEBUG] PERSISTENT_SESSION: cerrando contexto anterior para siguiente grupo
2026-04-01 00:17:13,259 | INFO |  Tiempo total del flujo: 18.81 segundos
2026-04-01 00:17:13,259 | INFO |  Resumen: OK=0 | SIN_CUPO=1 | ERROR=0
2026-04-01 00:17:13,259 | INFO | [INFO] Flujo completado.
2026-04-01 00:17:13,260 | INFO |     Duracin final del flujo: 18.81 segundos
2026-04-01 00:17:13,596 | INFO | Navegador cerrado.
2026-04-01 00:17:13,597 | INFO | Pipeline finalizado
2026-04-01 00:17:13,597 | INFO | Log disponible en: C:\Users\fserrano\Desktop\ARMAS-GADSO-1.0\logs\.tmp_multihilo_flow_20260401_001648\logs_w3\run_20260401_001648.log
