2026-04-21 00:00:05,721 | INFO | Iniciando pipeline ARMAS-GADSO
2026-04-21 00:00:05,721 | INFO | Modo: scheduled
2026-04-21 00:00:05,721 | INFO | Excel: C:\Users\fserrano\Desktop\ARMAS-GADSO-1.0\logs\.tmp_multihilo_flow_20260421_000005\worker_2_batch_1_idxs_1.xlsx
2026-04-21 00:00:10,441 | INFO | [INFO] INICIANDO SCRIPT SEL - Login Automtico
2026-04-21 00:00:10,442 | INFO | [INFO] PERSISTENT_SESSION activado - navegador se reutilizará entre grupos sin cerrarse
2026-04-21 00:00:12,737 | INFO |    -> Registros con estado 'PENDIENTE': 1
2026-04-21 00:00:12,737 | INFO |    -> Validando fecha de hoy: 21/04/2026
2026-04-21 00:00:12,740 | INFO |    -> Registros despus de filtrar por fecha: 1 (filtrados: 0)
2026-04-21 00:00:12,743 | INFO |  Registros pendientes a procesar: 1
2026-04-21 00:00:12,743 | INFO |  Procesando grupo RUC JV - Registros: 1
2026-04-21 00:00:12,743 | INFO | [INFO] Intento login 1/12 para grupo JV
2026-04-21 00:00:12,743 | INFO | [TILE] Args launch: --window-size=754,468 --window-position=776,6
2026-04-21 00:00:12,743 | INFO | [TILE] Lanzando Chromium con args: ['--disable-infobars', '--window-size=754,468', '--window-position=776,6']
2026-04-21 00:00:14,495 | INFO | [TILE] Geometría aplicada -> xy=(776,6) wh=(754,468) screen_cfg=1536x960 screen_js=1536x912 outer_js=755x470
2026-04-21 00:00:16,789 | INFO | [INFO] Pagina de login cargada
2026-04-21 00:00:17,162 | INFO | [INFO] Pestaña 'Autenticación Tradicional' seleccionada
2026-04-21 00:00:19,832 | INFO | [INFO] Credenciales llenadas para grupo JV
2026-04-21 00:00:19,833 | INFO |  OCR CAPTCHA: intento interno 1/6...
2026-04-21 00:00:21,542 | ERROR | C:\Users\fserrano\AppData\Local\Programs\Python\Python314\Lib\site-packages\torch\utils\data\dataloader.py:775: UserWarning: 'pin_memory' argument is set as true but no accelerator is found, then device pinned memory won't be used.
2026-04-21 00:00:21,542 | ERROR |   super().__init__(loader)
2026-04-21 00:00:22,059 | INFO |    -> Variante 0, Decoder greedy: 'S2VXY' -> 'S2VXY' [INFO]
2026-04-21 00:00:22,059 | INFO |    [INFO] CAPTCHA vlido -> Usando: S2VXY
2026-04-21 00:00:22,207 | INFO | [INFO] Captcha automatico: S2VXY
2026-04-21 00:00:22,208 | INFO | [INFO] Enviando login...
2026-04-21 00:00:22,751 | INFO | [INFO] Validando acceso...
2026-04-21 00:00:22,751 | INFO | [INFO] Acceso exitoso
2026-04-21 00:00:22,751 | INFO |    -> URL: https://www.sucamec.gob.pe/sel/faces/aplicacion/inicio.xhtml
2026-04-21 00:00:22,751 | INFO | [INFO] Tiempo total login: 10.01 segundos
2026-04-21 00:00:22,751 | INFO |  Navegando a CITAS -> RESERVAS DE CITAS...
2026-04-21 00:00:23,755 | INFO |     Fast-path: click directo en 'RESERVAS DE CITAS' (menuid 7_1)
2026-04-21 00:00:25,089 | INFO | [INFO] Navegacin completada (fast-path) -> URL: https://www.sucamec.gob.pe/sel/faces/aplicacion/inicio.xhtml
2026-04-21 00:00:25,090 | INFO |  Seleccionando tipo de cita: EXAMEN PARA POLGONO DE TIRO...
2026-04-21 00:00:25,497 | INFO |    [INFO] Tipo de cita seleccionado: EXAMEN PARA POLÍGONO DE TIRO
2026-04-21 00:00:25,497 | INFO | -------- JV Registro iterativo 1 (idx=1, prioridad=alta, intento=1, en_cola=0) --------
2026-04-21 00:00:26,424 | INFO |  Registro tomado desde Excel:
2026-04-21 00:00:26,424 | INFO |    - id_registro: 2
2026-04-21 00:00:26,424 | INFO |    - sede: LIMA
2026-04-21 00:00:26,424 | INFO |    - fecha: 12/05/2026
2026-04-21 00:00:26,424 | INFO |    - hora_rango: 12:00-12:15
2026-04-21 00:00:26,424 | INFO |    - tipo_operacion: RENOVACIÓN DE LICENCIA DE USO
2026-04-21 00:00:26,424 | INFO |    - doc_vigilante: 77209212
2026-04-21 00:00:26,424 | INFO |    - nro_solicitud: 090784-0
2026-04-21 00:00:26,424 | INFO |    - fecha_programacion: 21/04/2026
2026-04-21 00:00:26,424 | INFO |    - ruc: J & V Resguardo
2026-04-21 00:00:26,424 | INFO |    - prioridad: alta
2026-04-21 00:00:26,424 | INFO |    - siguiente_mismo_doc_y_fecha: False
2026-04-21 00:00:26,424 | INFO |    - indices_relacionados_excel: [1]
2026-04-21 00:00:26,424 | INFO |    - tipo_arma (excel): ['CORTA']
2026-04-21 00:00:26,424 | INFO |    - arma (excel): ['REVOLVER']
2026-04-21 00:00:26,424 | INFO |    - objetivos_arma: [('CORTA', 'REVOLVER')]
2026-04-21 00:00:26,424 | INFO |    - tipos_arma_objetivo: ['CORTA']
2026-04-21 00:00:26,432 | INFO |  Completando Reserva de Cupos con datos del Excel...
2026-04-21 00:00:26,808 | INFO |    [INFO] Sede seleccionado: LIMA
2026-04-21 00:00:27,938 | INFO |    [INFO] Fecha seleccionado: 12/05/2026
2026-04-21 00:00:27,938 | INFO |  Buscando hora en tabla: 12:00-12:15
2026-04-21 00:00:29,167 | INFO |    [INFO] Estrategia horario: prioridad a hora exacta del Excel
2026-04-21 00:00:29,471 | INFO |    [INFO] Hora seleccionada: 12:00-12:15 (Cupos Libres=3)
2026-04-21 00:00:29,585 | INFO |    [INFO] Click en botn 'Siguiente'
2026-04-21 00:00:29,585 | INFO |  Completando Paso 2 con datos del Excel...
2026-04-21 00:00:30,289 | INFO |    [INFO] Tipo Operacin seleccionado: RENOVACIÓN DE LICENCIA DE USO
2026-04-21 00:00:32,636 | INFO |    [INFO] Documento vigilante seleccionado: 77209212
2026-04-21 00:00:33,957 | INFO |    [INFO] Seleccione Solicitud: SI
2026-04-21 00:00:36,229 | INFO |    [INFO] Nro Solicitud seleccionado: TUPA 2022 PA3400C730 - NRO EMPOCE: 90784 - FECHA REGISTRO: 16/04/2026
2026-04-21 00:00:37,206 | INFO |  Completando tabla de tipos de arma (Fase 2)...
2026-04-21 00:00:41,416 | INFO |    [INFO] CORTA: REVOLVER
2026-04-21 00:00:42,867 | INFO |    [INFO] Click en botn 'Siguiente' de Fase 2 (botonSiguiente3)
2026-04-21 00:00:51,839 | INFO |  Completando Fase 3 (Resumen de cita)...
2026-04-21 00:00:51,847 | INFO |  OCR CAPTCHA Fase 3: intento interno 1/∞...
2026-04-21 00:00:52,944 | ERROR | C:\Users\fserrano\AppData\Local\Programs\Python\Python314\Lib\site-packages\torch\utils\data\dataloader.py:775: UserWarning: 'pin_memory' argument is set as true but no accelerator is found, then device pinned memory won't be used.
2026-04-21 00:00:52,944 | ERROR |   super().__init__(loader)
2026-04-21 00:00:52,976 | INFO |    -> Variante 0, Decoder greedy: '47QVH' -> '47QVH' [INFO]
2026-04-21 00:00:52,976 | INFO |    [INFO] CAPTCHA vlido -> Usando: 47QVH
2026-04-21 00:00:53,026 | INFO |    [INFO] CAPTCHA Fase 3 escrito: 47QVH
2026-04-21 00:00:53,269 | INFO |    [INFO] Trminos y condiciones marcados
2026-04-21 00:00:54,222 | INFO |  Paso final opcional: Generar Cita (reintento rpido)
2026-04-21 00:00:54,226 | INFO |     Intento generar cita 1/5
2026-04-21 00:00:55,949 | INFO |    [INFO] Generar Cita confirmado en 1.72s
2026-04-21 00:00:55,949 | INFO |    -> URL: https://www.sucamec.gob.pe/sel/faces/aplicacion/inicio.xhtml
2026-04-21 00:00:55,968 | INFO |    [INFO] Excel actualizado: estado='Cita Programada' en 1 fila(s)
2026-04-21 00:00:56,210 | INFO |    [INFO] Click en 'Limpiar' (fin de flujo)
2026-04-21 00:00:56,210 | INFO | [DEBUG] PERSISTENT_SESSION: cerrando contexto anterior para siguiente grupo
2026-04-21 00:00:56,267 | INFO |  Tiempo total del flujo: 45.83 segundos
2026-04-21 00:00:56,268 | INFO |  Resumen: OK=1 | SIN_CUPO=0 | ERROR=0
2026-04-21 00:00:56,268 | INFO | [INFO] Flujo completado.
2026-04-21 00:00:56,268 | INFO |     Duracin final del flujo: 45.83 segundos
2026-04-21 00:00:56,979 | INFO | Navegador cerrado.
2026-04-21 00:00:56,979 | INFO | Pipeline finalizado
2026-04-21 00:00:56,979 | INFO | Log disponible en: C:\Users\fserrano\Desktop\ARMAS-GADSO-1.0\logs\.tmp_multihilo_flow_20260421_000005\logs_w2\run_20260421_000005.log
