2026-04-24 09:42:08,706 | INFO | Iniciando pipeline ARMAS-GADSO
2026-04-24 09:42:08,706 | INFO | Modo: scheduled
2026-04-24 09:42:08,706 | INFO | Excel: C:\Users\fserrano\Desktop\ARMAS-GADSO-1.0\logs\20260424_094202\worker_2_batch_1_idxs_1.xlsx
2026-04-24 09:42:08,706 | INFO | Screenshots: C:\Users\fserrano\Desktop\ARMAS-GADSO-1.0\screenshots\20260424_094202\screenshots_w2
2026-04-24 09:42:14,293 | INFO | [INFO] INICIANDO SCRIPT SEL - Login Automtico
2026-04-24 09:42:14,294 | INFO | [INFO] PERSISTENT_SESSION activado - navegador se reutilizará entre grupos sin cerrarse
2026-04-24 09:42:15,025 | INFO |    -> Registros con estado 'PENDIENTE': 1
2026-04-24 09:42:15,026 | INFO |    -> Validando fecha de hoy: 24/04/2026
2026-04-24 09:42:15,028 | INFO |    -> Registros despus de filtrar por fecha: 1 (filtrados: 0)
2026-04-24 09:42:15,033 | INFO |  Registros pendientes a procesar: 1
2026-04-24 09:42:15,033 | INFO |  Procesando grupo RUC JV - Registros: 1
2026-04-24 09:42:15,033 | INFO | [INFO] Intento login 1/12 para grupo JV
2026-04-24 09:42:15,033 | INFO | [TILE] Args launch: --window-size=754,468 --window-position=776,6
2026-04-24 09:42:15,033 | INFO | [TILE] Lanzando Chromium con args: ['--disable-infobars', '--window-size=754,468', '--window-position=776,6']
2026-04-24 09:42:15,929 | INFO | [TILE] Geometría aplicada -> xy=(776,6) wh=(754,468) screen_cfg=1536x960 screen_js=1536x912 outer_js=755x470
2026-04-24 09:42:16,642 | INFO | [INFO] Pagina de login cargada
2026-04-24 09:42:16,864 | INFO | [INFO] Pestaña 'Autenticación Tradicional' seleccionada
2026-04-24 09:42:19,192 | INFO | [INFO] Credenciales llenadas para grupo JV
2026-04-24 09:42:19,193 | INFO |  OCR CAPTCHA: intento interno 1/6...
2026-04-24 09:42:20,145 | ERROR | C:\Users\fserrano\AppData\Local\Programs\Python\Python314\Lib\site-packages\torch\utils\data\dataloader.py:775: UserWarning: 'pin_memory' argument is set as true but no accelerator is found, then device pinned memory won't be used.
2026-04-24 09:42:20,145 | ERROR |   super().__init__(loader)
2026-04-24 09:42:20,342 | INFO |    -> Variante 0, Decoder greedy: '3 G4F5' -> '3G4F5' [INFO]
2026-04-24 09:42:20,342 | INFO |    [INFO] CAPTCHA vlido -> Usando: 3G4F5
2026-04-24 09:42:20,424 | INFO | [INFO] Captcha automatico: 3G4F5
2026-04-24 09:42:20,425 | INFO | [INFO] Enviando login...
2026-04-24 09:42:20,826 | INFO | [INFO] Validando acceso...
2026-04-24 09:42:20,826 | INFO | [INFO] Acceso exitoso
2026-04-24 09:42:20,826 | INFO |    -> URL: https://www.sucamec.gob.pe/sel/faces/aplicacion/inicio.xhtml
2026-04-24 09:42:20,826 | INFO | [INFO] Tiempo total login: 5.79 segundos
2026-04-24 09:42:20,826 | INFO |  Navegando a CITAS -> RESERVAS DE CITAS...
2026-04-24 09:42:21,586 | INFO |     Fast-path: click directo en 'RESERVAS DE CITAS' (menuid 7_1)
2026-04-24 09:42:23,397 | INFO | [INFO] Navegacin completada (fast-path) -> URL: https://www.sucamec.gob.pe/sel/faces/aplicacion/inicio.xhtml
2026-04-24 09:42:23,397 | INFO |  Seleccionando tipo de cita: EXAMEN PARA POLGONO DE TIRO...
2026-04-24 09:42:23,775 | INFO |    [INFO] Tipo de cita seleccionado: EXAMEN PARA POLÍGONO DE TIRO
2026-04-24 09:42:23,776 | INFO | -------- JV Registro iterativo 1 (idx=1, prioridad=alta, intento=1, en_cola=0) --------
2026-04-24 09:42:23,919 | INFO |  Registro tomado desde Excel:
2026-04-24 09:42:23,919 | INFO |    - id_registro: 2
2026-04-24 09:42:23,919 | INFO |    - sede: LIMA
2026-04-24 09:42:23,919 | INFO |    - fecha: 15/05/2026
2026-04-24 09:42:23,919 | INFO |    - hora_rango: 12:00-12:15
2026-04-24 09:42:23,919 | INFO |    - tipo_operacion: RENOVACIÓN DE LICENCIA DE USO
2026-04-24 09:42:23,919 | INFO |    - doc_vigilante: 47694399
2026-04-24 09:42:23,920 | INFO |    - nro_solicitud: 099008-0
2026-04-24 09:42:23,920 | INFO |    - fecha_programacion: 24/04/2026
2026-04-24 09:42:23,920 | INFO |    - ruc: J & V Resguardo
2026-04-24 09:42:23,920 | INFO |    - prioridad: alta
2026-04-24 09:42:23,920 | INFO |    - siguiente_mismo_doc_y_fecha: False
2026-04-24 09:42:23,920 | INFO |    - indices_relacionados_excel: [1]
2026-04-24 09:42:23,920 | INFO |    - tipo_arma (excel): ['CORTA']
2026-04-24 09:42:23,920 | INFO |    - arma (excel): ['REVOLVER']
2026-04-24 09:42:23,920 | INFO |    - objetivos_arma: [('CORTA', 'REVOLVER')]
2026-04-24 09:42:23,920 | INFO |    - tipos_arma_objetivo: ['CORTA']
2026-04-24 09:42:23,930 | INFO |  Completando Reserva de Cupos con datos del Excel...
2026-04-24 09:42:24,564 | INFO |    [INFO] Sede seleccionado: LIMA
2026-04-24 09:42:25,773 | INFO |    [INFO] Fecha seleccionado: 15/05/2026
2026-04-24 09:42:25,773 | INFO |  Buscando hora en tabla: 12:00-12:15
2026-04-24 09:42:26,145 | INFO |    [INFO] Estrategia horario: bloque completo de mediodía (11:45-13:00)
2026-04-24 09:42:26,282 | INFO |    [INFO] Screenshot tabla sin cupo: C:\Users\fserrano\Desktop\ARMAS-GADSO-1.0\screenshots\20260424_094202\screenshots_w2\20260424_094226_sin_cupo_idx_1_doc_47694399_12_00-12_15_candidatos_0.png
2026-04-24 09:42:26,677 | INFO |    [INFO] Click en botn 'Limpiar' por falta de cupos
2026-04-24 09:42:27,596 | INFO | [WARNING] Error en registro idx=1: No hay cupos en horarios candidatos. Objetivo: 12:00-12:15 | Candidatos: 11:45-12:00(0), 12:00-12:15(0), 12:15-12:30(0), 12:30-12:45(0), 12:45-13:00(0)
2026-04-24 09:42:27,618 | INFO |    📝 Excel actualizado: observaciones='No alcanzo cupo para horario 12:00-12:15' en 1 fila(s)
2026-04-24 09:42:27,618 | INFO | [INFO] Registro idx=1 marcado como terminal 'SIN_CUPO' tras 1 confirmaciones
2026-04-24 09:42:27,870 | INFO |    [INFO] Click en 'Limpiar' (recuperación por error)
2026-04-24 09:42:28,870 | INFO | [DEBUG] PERSISTENT_SESSION: cerrando contexto anterior para siguiente grupo
2026-04-24 09:42:28,906 | INFO |  Tiempo total del flujo: 14.61 segundos
2026-04-24 09:42:28,906 | INFO |  Resumen: OK=0 | SIN_CUPO=1 | ERROR=0
2026-04-24 09:42:28,906 | INFO | [INFO] Flujo completado.
2026-04-24 09:42:28,906 | INFO |     Duracin final del flujo: 14.61 segundos
2026-04-24 09:42:29,282 | INFO | Navegador cerrado.
2026-04-24 09:42:29,283 | INFO | Pipeline finalizado
2026-04-24 09:42:29,283 | INFO | Log disponible en: C:\Users\fserrano\Desktop\ARMAS-GADSO-1.0\logs\20260424_094202\logs_w2\run_20260424_094202.log
