2026-04-28 11:35:26,480 | INFO | Iniciando pipeline ARMAS-GADSO
2026-04-28 11:35:26,480 | INFO | Modo: scheduled
2026-04-28 11:35:26,480 | INFO | Excel: C:\Users\fserrano\Desktop\ARMAS-GADSO-1.0\logs\20260428_113521\worker_1_batch_1_idxs_0.xlsx
2026-04-28 11:35:26,480 | INFO | Screenshots: C:\Users\fserrano\Desktop\ARMAS-GADSO-1.0\screenshots\20260428_113521\screenshots_w1
2026-04-28 11:35:32,705 | INFO | [INFO] OCR (easyocr) cargado correctamente | langs=['en'] | gpu=False
2026-04-28 11:35:32,741 | INFO | [INFO] INICIANDO SCRIPT SEL - Login Automtico
2026-04-28 11:35:32,741 | INFO | [INFO] PERSISTENT_SESSION activado - navegador se reutilizara entre grupos sin cerrarse
2026-04-28 11:35:33,492 | INFO |    -> Registros con estado 'PENDIENTE': 1
2026-04-28 11:35:33,493 | INFO |    -> Validando fecha de hoy: 28/04/2026
2026-04-28 11:35:33,493 | INFO |    -> Registros despues de filtrar por fecha: 1 (filtrados: 0)
2026-04-28 11:35:33,499 | INFO |  Registros pendientes a procesar: 1
2026-04-28 11:35:33,499 | INFO |  Procesando grupo RUC JV - Registros: 1
2026-04-28 11:35:33,499 | INFO | [INFO] Intento login 1/12 para grupo JV
2026-04-28 11:35:33,499 | INFO | [TILE] Lanzando Chromium con args: ['--disable-infobars', '--window-size=1366,900', '--window-position=0,0']
2026-04-28 11:35:36,705 | INFO | [INFO] Pagina de login cargada
2026-04-28 11:35:37,268 | INFO | [INFO] Pestaña 'Autenticación Tradicional' seleccionada
2026-04-28 11:35:39,527 | INFO | [INFO] Credenciales llenadas para grupo JV
2026-04-28 11:35:39,527 | INFO |  OCR CAPTCHA: intento interno 1/6...
2026-04-28 11:35:41,045 | ERROR | C:\Users\fserrano\AppData\Local\Programs\Python\Python314\Lib\site-packages\torch\utils\data\dataloader.py:775: UserWarning: 'pin_memory' argument is set as true but no accelerator is found, then device pinned memory won't be used.
2026-04-28 11:35:41,045 | ERROR |   super().__init__(loader)
2026-04-28 11:35:41,351 | INFO |    -> Variante 0, Decoder greedy: 'YHFAW' -> 'YHFAW' [INFO]
2026-04-28 11:35:41,352 | INFO |    [INFO] CAPTCHA valido -> Usando: YHFAW
2026-04-28 11:35:41,462 | INFO | [INFO] Captcha automatico: YHFAW
2026-04-28 11:35:41,462 | INFO | [INFO] Enviando login...
2026-04-28 11:35:42,157 | INFO | [INFO] Validando acceso...
2026-04-28 11:35:42,157 | INFO | [INFO] Acceso exitoso
2026-04-28 11:35:42,157 | INFO |    -> URL: https://www.sucamec.gob.pe/sel/faces/aplicacion/inicio.xhtml
2026-04-28 11:35:42,157 | INFO | [INFO] Tiempo total login: 5.45 segundos
2026-04-28 11:35:42,157 | INFO |  Navegando a RESERVAS DE CITAS...
2026-04-28 11:35:44,655 | INFO |    [INFO] Menu CITAS expandido
2026-04-28 11:35:45,946 | INFO |    [INFO] Click en 'RESERVAS DE CITAS'
2026-04-28 11:35:45,946 | INFO |  Seleccionando tipo de cita: EXAMEN PARA POLIGONO DE TIRO
2026-04-28 11:35:46,563 | INFO |    [INFO] Tipo de cita seleccionado: EXAMEN PARA POLÍGONO DE TIRO
2026-04-28 11:35:46,564 | INFO | -------- JV Registro iterativo 1 (idx=0, prioridad=alta, intento=1, en_cola=0) --------
2026-04-28 11:35:46,668 | INFO |  Registro tomado desde Excel:
2026-04-28 11:35:46,668 | INFO |    - id_registro: 1
2026-04-28 11:35:46,668 | INFO |    - sede: LIMA
2026-04-28 11:35:46,668 | INFO |    - fecha: 19/05/2026
2026-04-28 11:35:46,668 | INFO |    - hora_rango: 12:00-12:15
2026-04-28 11:35:46,668 | INFO |    - tipo_operacion: RENOVACION DE LICENCIA DE USO
2026-04-28 11:35:46,668 | INFO |    - doc_vigilante: 40598949
2026-04-28 11:35:46,668 | INFO |    - nro_solicitud: 052333-0
2026-04-28 11:35:46,669 | INFO |    - fecha_programacion: 28/04/2026
2026-04-28 11:35:46,669 | INFO |    - ruc: J & V Resguardo
2026-04-28 11:35:46,669 | INFO |    - prioridad: alta
2026-04-28 11:35:46,669 | INFO |    - siguiente_mismo_doc_y_fecha: False
2026-04-28 11:35:46,669 | INFO |    - indices_relacionados_excel: [0]
2026-04-28 11:35:46,669 | INFO |    - tipo_arma (excel): ['CORTA']
2026-04-28 11:35:46,669 | INFO |    - arma (excel): ['REVOLVER']
2026-04-28 11:35:46,669 | INFO |    - objetivos_arma: [('CORTA', 'REVOLVER')]
2026-04-28 11:35:46,669 | INFO |    - tipos_arma_objetivo: ['CORTA']
2026-04-28 11:35:46,678 | INFO |  Completando Reserva de Cupos con datos del Excel...
2026-04-28 11:35:47,160 | INFO |    [INFO] Sede seleccionado: LIMA
2026-04-28 11:35:48,369 | INFO |    [INFO] Fecha seleccionado: 19/05/2026
2026-04-28 11:35:48,369 | INFO |  Buscando hora en tabla: 12:00-12:15
2026-04-28 11:35:48,661 | INFO |    [INFO] Screenshot tabla cupos: C:\Users\fserrano\Desktop\ARMAS-GADSO-1.0\screenshots\20260428_113521\screenshots_w1\step_1_reserva_cupos\20260428_113548_tabla_inicial_i1_h12_00-12_15.png
2026-04-28 11:35:49,341 | INFO |    [INFO] Estrategia horario: bloque completo de mediodia (11:45-13:00)
2026-04-28 11:35:49,498 | INFO |    [INFO] Screenshot tabla sin cupo: C:\Users\fserrano\Desktop\ARMAS-GADSO-1.0\screenshots\20260428_113521\screenshots_w1\step_1_reserva_cupos\20260428_113549_sin_cupo_candidatos_0_i1_h12_00-12_15.png
2026-04-28 11:35:49,500 | INFO |    [INFO] Correo Graph diferido [MULTIWORKER_DEFERRED] | attachments=20260428_113548_tabla_inicial_i1_h12_00-12_15.png, 20260428_113549_sin_cupo_candidatos_0_i1_h12_00-12_15.png
2026-04-28 11:35:49,945 | INFO |    [INFO] Click en boton 'Limpiar' por falta de cupos
2026-04-28 11:35:50,867 | INFO | [WARNING] Error en registro idx=0: No hay cupos en horarios candidatos. Objetivo: 12:00-12:15 | Candidatos: 11:45-12:00(0), 12:00-12:15(0), 12:15-12:30(0), 12:30-12:45(0), 12:45-13:00(0)
2026-04-28 11:35:50,894 | INFO |    [INFO] Excel actualizado: observaciones='No alcanzo cupo para horario 12:00-12:15' en 1 fila(s)
2026-04-28 11:35:50,894 | INFO | [INFO] Registro idx=0 marcado como terminal 'SIN_CUPO' tras 1 confirmaciones
2026-04-28 11:35:51,494 | INFO | [INFO] Wizard limpiado para siguiente registro (recuperacion por error)
2026-04-28 11:35:52,494 | INFO | [DEBUG] PERSISTENT_SESSION: cerrando contexto anterior para siguiente grupo
2026-04-28 11:35:52,523 | INFO |  Tiempo total del flujo: 19.78 segundos
2026-04-28 11:35:52,523 | INFO |  Resumen: OK=0 | SIN_CUPO=1 | ERROR=0
2026-04-28 11:35:52,523 | INFO | [INFO] Flujo completado.
2026-04-28 11:35:52,523 | INFO |     Duracin final del flujo: 19.78 segundos
2026-04-28 11:35:52,834 | INFO | Navegador cerrado.
2026-04-28 11:35:52,834 | INFO | Pipeline finalizado
2026-04-28 11:35:52,834 | INFO | Log disponible en: C:\Users\fserrano\Desktop\ARMAS-GADSO-1.0\logs\20260428_113521\logs_w1\run_20260428_113521.log
