2026-04-24 16:16:54,935 | INFO | Iniciando pipeline ARMAS-GADSO
2026-04-24 16:16:54,935 | INFO | Modo: scheduled
2026-04-24 16:16:54,935 | INFO | Excel: C:\Users\fserrano\Desktop\ARMAS-GADSO-1.0\logs\20260424_161649\worker_1_batch_1_idxs_0.xlsx
2026-04-24 16:16:54,935 | INFO | Screenshots: C:\Users\fserrano\Desktop\ARMAS-GADSO-1.0\screenshots\20260424_161649\screenshots_w1
2026-04-24 16:16:59,417 | INFO | [INFO] OCR (easyocr) cargado correctamente | langs=['en'] | gpu=False
2026-04-24 16:16:59,430 | INFO | [INFO] INICIANDO SCRIPT SEL - Login Automtico
2026-04-24 16:16:59,430 | INFO | [INFO] PERSISTENT_SESSION activado - navegador se reutilizara entre grupos sin cerrarse
2026-04-24 16:16:59,918 | INFO |    -> Registros con estado 'PENDIENTE': 1
2026-04-24 16:16:59,918 | INFO |    -> Validando fecha de hoy: 24/04/2026
2026-04-24 16:16:59,919 | INFO |    -> Registros despues de filtrar por fecha: 1 (filtrados: 0)
2026-04-24 16:16:59,921 | INFO |  Registros pendientes a procesar: 1
2026-04-24 16:16:59,921 | INFO |  Procesando grupo RUC JV - Registros: 1
2026-04-24 16:16:59,921 | INFO | [INFO] Intento login 1/12 para grupo JV
2026-04-24 16:16:59,921 | INFO | [TILE] Lanzando Chromium con args: ['--disable-infobars', '--start-maximized', '--window-size=1920,1080', '--window-position=0,0']
2026-04-24 16:17:09,886 | INFO | [INFO] Pagina de login cargada
2026-04-24 16:17:10,176 | INFO | [INFO] Pestaña 'Autenticación Tradicional' seleccionada
2026-04-24 16:17:12,291 | INFO | [INFO] Credenciales llenadas para grupo JV
2026-04-24 16:17:12,291 | INFO |  OCR CAPTCHA: intento interno 1/6...
2026-04-24 16:17:13,274 | ERROR | C:\Users\fserrano\AppData\Local\Programs\Python\Python314\Lib\site-packages\torch\utils\data\dataloader.py:775: UserWarning: 'pin_memory' argument is set as true but no accelerator is found, then device pinned memory won't be used.
2026-04-24 16:17:13,274 | ERROR |   super().__init__(loader)
2026-04-24 16:17:13,316 | INFO |    -> Variante 0, Decoder greedy: '42EDL' -> '42EDL' [INFO]
2026-04-24 16:17:13,316 | INFO |    [INFO] CAPTCHA valido -> Usando: 42EDL
2026-04-24 16:17:13,372 | INFO | [INFO] Captcha automatico: 42EDL
2026-04-24 16:17:13,372 | INFO | [INFO] Enviando login...
2026-04-24 16:17:14,265 | INFO | [INFO] Validando acceso...
2026-04-24 16:17:18,362 | INFO | [ERROR] Login fallo - no se detecto sesion autenticada
2026-04-24 16:17:18,362 | INFO |    -> URL actual: https://www.sucamec.gob.pe/sel/faces/login.xhtml;jsessionid=15a6a8ac75de49da00760339c9f4
2026-04-24 16:17:18,362 | INFO |    -> Error detectado: Número de Documento:*
2026-04-24 16:17:18,362 | INFO | [INFO] Tiempo validacion: 4.10 segundos
2026-04-24 16:17:18,362 | INFO | [ERROR] Intento login 1 para grupo JV fallo: CAPTCHA incorrecto o credenciales invalidas
2026-04-24 16:17:18,362 | INFO |    Reintentando login...
2026-04-24 16:17:20,362 | INFO | [INFO] Intento login 2/12 para grupo JV
2026-04-24 16:17:20,746 | INFO | [TILE] Lanzando Chromium con args: ['--disable-infobars', '--start-maximized', '--window-size=1920,1080', '--window-position=0,0']
2026-04-24 16:17:25,225 | INFO | [INFO] Pagina de login cargada
2026-04-24 16:17:25,508 | INFO | [INFO] Pestaña 'Autenticación Tradicional' seleccionada
2026-04-24 16:17:27,403 | INFO | [INFO] Credenciales llenadas para grupo JV
2026-04-24 16:17:27,403 | INFO |  OCR CAPTCHA: intento interno 1/6...
2026-04-24 16:17:28,368 | INFO |    -> Variante 0, Decoder greedy: 'CUI9C' -> 'CUI9C' [INFO]
2026-04-24 16:17:28,368 | INFO |    [INFO] CAPTCHA valido -> Usando: CUI9C
2026-04-24 16:17:28,447 | INFO | [INFO] Captcha automatico: CUI9C
2026-04-24 16:17:28,447 | INFO | [INFO] Enviando login...
2026-04-24 16:17:28,870 | INFO | [INFO] Validando acceso...
2026-04-24 16:17:28,870 | INFO | [INFO] Acceso exitoso
2026-04-24 16:17:28,870 | INFO |    -> URL: https://www.sucamec.gob.pe/sel/faces/aplicacion/inicio.xhtml
2026-04-24 16:17:28,870 | INFO | [INFO] Tiempo total login: 3.64 segundos
2026-04-24 16:17:28,870 | INFO |  Navegando a RESERVAS DE CITAS...
2026-04-24 16:17:32,801 | INFO |    [INFO] Menu CITAS expandido
2026-04-24 16:17:34,451 | INFO |    [INFO] Click en 'RESERVAS DE CITAS'
2026-04-24 16:17:34,452 | INFO |  Seleccionando tipo de cita: EXAMEN PARA POLIGONO DE TIRO
2026-04-24 16:17:34,916 | INFO |    [INFO] Tipo de cita seleccionado: EXAMEN PARA POLÍGONO DE TIRO
2026-04-24 16:17:34,916 | INFO | -------- JV Registro iterativo 1 (idx=0, prioridad=alta, intento=1, en_cola=0) --------
2026-04-24 16:17:35,301 | INFO |  Registro tomado desde Excel:
2026-04-24 16:17:35,301 | INFO |    - id_registro: 1
2026-04-24 16:17:35,302 | INFO |    - sede: JEFATURA ZONAL DE JUNIN
2026-04-24 16:17:35,302 | INFO |    - fecha: 30/04/2026
2026-04-24 16:17:35,302 | INFO |    - hora_rango: 10:00-10:15
2026-04-24 16:17:35,302 | INFO |    - tipo_operacion: INICIAL DE LICENCIA DE USO
2026-04-24 16:17:35,302 | INFO |    - doc_vigilante: 74474128
2026-04-24 16:17:35,302 | INFO |    - nro_solicitud: 085093-0
2026-04-24 16:17:35,302 | INFO |    - fecha_programacion: 24/04/2026
2026-04-24 16:17:35,302 | INFO |    - ruc: J & V Resguardo
2026-04-24 16:17:35,302 | INFO |    - prioridad: alta
2026-04-24 16:17:35,302 | INFO |    - siguiente_mismo_doc_y_fecha: False
2026-04-24 16:17:35,302 | INFO |    - indices_relacionados_excel: [0]
2026-04-24 16:17:35,302 | INFO |    - tipo_arma (excel): ['CORTA']
2026-04-24 16:17:35,303 | INFO |    - arma (excel): ['REVOLVER']
2026-04-24 16:17:35,303 | INFO |    - objetivos_arma: [('CORTA', 'REVOLVER')]
2026-04-24 16:17:35,303 | INFO |    - tipos_arma_objetivo: ['CORTA']
2026-04-24 16:17:35,313 | INFO |  Completando Reserva de Cupos con datos del Excel...
2026-04-24 16:17:35,664 | INFO |    [INFO] Sede seleccionado: JEFATURA ZONAL DE JUNIN
2026-04-24 16:17:36,803 | INFO |    [INFO] Fecha seleccionado: 30/04/2026
2026-04-24 16:17:36,804 | INFO |  Buscando hora en tabla: 10:00-10:15
2026-04-24 16:17:37,474 | INFO |    [INFO] Estrategia horario: prioridad a hora exacta del Excel
2026-04-24 16:17:37,762 | INFO |    [INFO] Hora seleccionada: 10:00-10:15 (Cupos Libres=1)
2026-04-24 16:17:37,798 | INFO |    [INFO] Click en boton 'Siguiente'
2026-04-24 16:17:37,798 | INFO |  Completando Paso 2 con datos del Excel...
2026-04-24 16:17:38,433 | INFO |    [INFO] Tipo Operacion seleccionado: INICIAL DE LICENCIA DE USO
2026-04-24 16:17:38,433 | INFO |     Flujo INICIAL detectado: primero Tipo de Licencia, luego Documento Vigilante
2026-04-24 16:17:38,916 | INFO |    [INFO] Tipo de Licencia: SEGURIDAD PRIVADA
2026-04-24 16:17:40,393 | INFO |    [INFO] Documento vigilante seleccionado: 74474128
2026-04-24 16:17:40,846 | INFO |    [INFO] Seleccione Solicitud: SI
2026-04-24 16:17:40,846 | INFO |     Flujo INICIAL: tambien se seleccionara Nro Solicitud
2026-04-24 16:17:41,365 | INFO |    [INFO] Screenshot paso 2: C:\Users\fserrano\Desktop\ARMAS-GADSO-1.0\screenshots\20260424_161649\screenshots_w1\step_2_datos_tramite\20260424_161741_nro_solicitud_i1_h10_00-10_15.png
2026-04-24 16:17:42,367 | INFO | [WARNING] Error en registro idx=0: No se encontro Nro Solicitud con token '85093'. Opciones: ['Seleccione']
2026-04-24 16:17:42,367 | INFO | [INFO] Registro idx=0 con causal terminal 'NRO_SOLICITUD' pendiente de confirmacion (1/2). Reencolando...
2026-04-24 16:17:42,917 | INFO | [INFO] Wizard limpiado para siguiente registro (recuperacion por error)
2026-04-24 16:17:43,919 | INFO | -------- JV Registro iterativo 2 (idx=0, prioridad=alta, intento=2, en_cola=0) --------
2026-04-24 16:17:43,961 | INFO |  Registro tomado desde Excel:
2026-04-24 16:17:43,961 | INFO |    - id_registro: 1
2026-04-24 16:17:43,961 | INFO |    - sede: JEFATURA ZONAL DE JUNIN
2026-04-24 16:17:43,961 | INFO |    - fecha: 30/04/2026
2026-04-24 16:17:43,962 | INFO |    - hora_rango: 10:00-10:15
2026-04-24 16:17:43,962 | INFO |    - tipo_operacion: INICIAL DE LICENCIA DE USO
2026-04-24 16:17:43,962 | INFO |    - doc_vigilante: 74474128
2026-04-24 16:17:43,962 | INFO |    - nro_solicitud: 085093-0
2026-04-24 16:17:43,962 | INFO |    - fecha_programacion: 24/04/2026
2026-04-24 16:17:43,962 | INFO |    - ruc: J & V Resguardo
2026-04-24 16:17:43,962 | INFO |    - prioridad: alta
2026-04-24 16:17:43,962 | INFO |    - siguiente_mismo_doc_y_fecha: False
2026-04-24 16:17:43,962 | INFO |    - indices_relacionados_excel: [0]
2026-04-24 16:17:43,962 | INFO |    - tipo_arma (excel): ['CORTA']
2026-04-24 16:17:43,962 | INFO |    - arma (excel): ['REVOLVER']
2026-04-24 16:17:43,962 | INFO |    - objetivos_arma: [('CORTA', 'REVOLVER')]
2026-04-24 16:17:43,962 | INFO |    - tipos_arma_objetivo: ['CORTA']
2026-04-24 16:17:43,969 | INFO |  Completando Reserva de Cupos con datos del Excel...
2026-04-24 16:17:44,310 | INFO |    [INFO] Sede seleccionado: JEFATURA ZONAL DE JUNIN
2026-04-24 16:17:45,400 | INFO |    [INFO] Fecha seleccionado: 30/04/2026
2026-04-24 16:17:45,400 | INFO |  Buscando hora en tabla: 10:00-10:15
2026-04-24 16:17:46,009 | INFO |    [INFO] Estrategia horario: prioridad a hora exacta del Excel
2026-04-24 16:17:46,297 | INFO |    [INFO] Hora seleccionada: 10:00-10:15 (Cupos Libres=1)
2026-04-24 16:17:46,329 | INFO |    [INFO] Click en boton 'Siguiente'
2026-04-24 16:17:46,329 | INFO |  Completando Paso 2 con datos del Excel...
2026-04-24 16:17:46,901 | INFO |    [INFO] Tipo Operacion seleccionado: INICIAL DE LICENCIA DE USO
2026-04-24 16:17:46,901 | INFO |     Flujo INICIAL detectado: primero Tipo de Licencia, luego Documento Vigilante
2026-04-24 16:17:47,578 | INFO |    [INFO] Tipo de Licencia: SEGURIDAD PRIVADA
2026-04-24 16:17:49,089 | INFO |    [INFO] Documento vigilante seleccionado: 74474128
2026-04-24 16:17:49,524 | INFO |    [INFO] Seleccione Solicitud: SI
2026-04-24 16:17:49,525 | INFO |     Flujo INICIAL: tambien se seleccionara Nro Solicitud
2026-04-24 16:17:50,529 | INFO |    [INFO] Screenshot paso 2: C:\Users\fserrano\Desktop\ARMAS-GADSO-1.0\screenshots\20260424_161649\screenshots_w1\step_2_datos_tramite\20260424_161750_nro_solicitud_i1_h10_00-10_15.png
2026-04-24 16:17:51,567 | INFO | [WARNING] Error en registro idx=0: No se encontro Nro Solicitud con token '85093'. Opciones: ['Seleccione']
2026-04-24 16:17:51,593 | INFO |    [INFO] Excel actualizado: observaciones='No se encontró Nro Solicitud/Código de pago para token de 085093-0' en 1 fila(s)
2026-04-24 16:17:51,593 | INFO | [INFO] Registro idx=0 marcado como terminal 'NRO_SOLICITUD' tras 2 confirmaciones
2026-04-24 16:17:52,260 | INFO | [INFO] Wizard limpiado para siguiente registro (recuperacion por error)
2026-04-24 16:17:53,261 | INFO | [DEBUG] PERSISTENT_SESSION: cerrando contexto anterior para siguiente grupo
2026-04-24 16:17:53,300 | INFO |  Tiempo total del flujo: 53.87 segundos
2026-04-24 16:17:53,300 | INFO |  Resumen: OK=0 | SIN_CUPO=0 | ERROR=1
2026-04-24 16:17:53,301 | INFO | [INFO] Flujo completado.
2026-04-24 16:17:53,301 | INFO |     Duracin final del flujo: 53.87 segundos
2026-04-24 16:17:54,323 | INFO | Navegador cerrado.
2026-04-24 16:17:54,324 | INFO | Pipeline finalizado
2026-04-24 16:17:54,324 | INFO | Log disponible en: C:\Users\fserrano\Desktop\ARMAS-GADSO-1.0\logs\20260424_161649\logs_w1\run_20260424_161649.log
